[ 2015-12-21T10:15:24+08:00 ] ::1 /tp/index.php/Home/index/lists.html
INFO: [ app_init ] --START--
INFO: Run Behavior\BuildLiteBehavior [ RunTime:0.000000s ]
INFO: [ app_init ] --END-- [ RunTime:0.028001s ]
INFO: [ app_begin ] --START--
INFO: Run Behavior\ReadHtmlCacheBehavior [ RunTime:0.005000s ]
INFO: [ app_begin ] --END-- [ RunTime:0.005000s ]
SQL: SHOW COLUMNS FROM `problems` [ RunTime:0.0640s ]
SQL: SELECT COUNT(*) AS tp_count FROM `problems` LIMIT 1   [ RunTime:0.0030s ]
SQL: SELECT * FROM `problems` LIMIT 0,20   [ RunTime:0.0010s ]
INFO: [ view_parse ] --START--
INFO: [ template_filter ] --START--
INFO: Run Behavior\ContentReplaceBehavior [ RunTime:0.000000s ]
INFO: [ template_filter ] --END-- [ RunTime:0.000000s ]
NOTIC: [8] Undefined variable: count D:\xampp\htdocs\tp\Application\Runtime\Cache\Home\72653c5b98bacce026832b51aa92934a.php 第 119 行.
INFO: Run Behavior\ParseTemplateBehavior [ RunTime:0.080004s ]
INFO: [ view_parse ] --END-- [ RunTime:0.080004s ]
INFO: [ view_filter ] --START--
INFO: Run Behavior\WriteHtmlCacheBehavior [ RunTime:0.010001s ]
INFO: [ view_filter ] --END-- [ RunTime:0.010001s ]
INFO: [ app_end ] --START--
INFO: Run Behavior\ShowPageTraceBehavior [ RunTime:0.007000s ]
INFO: [ app_end ] --END-- [ RunTime:0.007000s ]

[ 2015-12-21T10:15:28+08:00 ] ::1 /tp/index.php/Home/index/detail.html?id=1
INFO: [ app_init ] --START--
INFO: Run Behavior\BuildLiteBehavior [ RunTime:0.000000s ]
INFO: [ app_init ] --END-- [ RunTime:0.001000s ]
INFO: [ app_begin ] --START--
INFO: Run Behavior\ReadHtmlCacheBehavior [ RunTime:0.000000s ]
INFO: [ app_begin ] --END-- [ RunTime:0.000000s ]
SQL: SHOW COLUMNS FROM `problems` [ RunTime:0.0020s ]
SQL: SELECT * FROM `problems` WHERE ( id>=1 ) LIMIT 1   [ RunTime:0.0330s ]
INFO: [ view_parse ] --START--
INFO: [ template_filter ] --START--
INFO: Run Behavior\ContentReplaceBehavior [ RunTime:0.000000s ]
INFO: [ template_filter ] --END-- [ RunTime:0.001000s ]
INFO: Run Behavior\ParseTemplateBehavior [ RunTime:0.010001s ]
INFO: [ view_parse ] --END-- [ RunTime:0.010001s ]
INFO: [ view_filter ] --START--
INFO: Run Behavior\WriteHtmlCacheBehavior [ RunTime:0.000000s ]
INFO: [ view_filter ] --END-- [ RunTime:0.000000s ]
INFO: [ app_end ] --START--
INFO: Run Behavior\ShowPageTraceBehavior [ RunTime:0.001000s ]
INFO: [ app_end ] --END-- [ RunTime:0.001000s ]

[ 2015-12-21T10:15:34+08:00 ] ::1 /tp/index.php/Home/user/login.html
INFO: [ app_init ] --START--
INFO: Run Behavior\BuildLiteBehavior [ RunTime:0.000000s ]
INFO: [ app_init ] --END-- [ RunTime:0.001000s ]
INFO: [ app_begin ] --START--
INFO: Run Behavior\ReadHtmlCacheBehavior [ RunTime:0.001000s ]
INFO: [ app_begin ] --END-- [ RunTime:0.001000s ]
SQL: SHOW COLUMNS FROM `users` [ RunTime:0.0390s ]
SQL: SELECT * FROM `users` WHERE `username` = 'chrisdowson' AND `password` = 'e10adc3949ba59abbe56e057f20f883e' LIMIT 1   [ RunTime:0.0010s ]
INFO: [ app_end ] --START--
INFO: Run Behavior\ShowPageTraceBehavior [ RunTime:0.001000s ]
INFO: [ app_end ] --END-- [ RunTime:0.001000s ]

[ 2015-12-21T10:15:34+08:00 ] ::1 /tp/index.php/Home/index/index.html
INFO: [ app_init ] --START--
INFO: Run Behavior\BuildLiteBehavior [ RunTime:0.000000s ]
INFO: [ app_init ] --END-- [ RunTime:0.001000s ]
INFO: [ app_begin ] --START--
INFO: Run Behavior\ReadHtmlCacheBehavior [ RunTime:0.001000s ]
INFO: [ app_begin ] --END-- [ RunTime:0.001000s ]
INFO: [ view_parse ] --START--
INFO: [ template_filter ] --START--
INFO: Run Behavior\ContentReplaceBehavior [ RunTime:0.000000s ]
INFO: [ template_filter ] --END-- [ RunTime:0.000000s ]
INFO: Run Behavior\ParseTemplateBehavior [ RunTime:0.005000s ]
INFO: [ view_parse ] --END-- [ RunTime:0.005000s ]
INFO: [ view_filter ] --START--
INFO: Run Behavior\WriteHtmlCacheBehavior [ RunTime:0.000000s ]
INFO: [ view_filter ] --END-- [ RunTime:0.000000s ]
INFO: [ app_end ] --START--
INFO: Run Behavior\ShowPageTraceBehavior [ RunTime:0.001000s ]
INFO: [ app_end ] --END-- [ RunTime:0.001000s ]

[ 2015-12-21T10:16:13+08:00 ] ::1 /tp/index.php/Home/index/lists.html
INFO: [ app_init ] --START--
INFO: Run Behavior\BuildLiteBehavior [ RunTime:0.000000s ]
INFO: [ app_init ] --END-- [ RunTime:0.000000s ]
INFO: [ app_begin ] --START--
INFO: Run Behavior\ReadHtmlCacheBehavior [ RunTime:0.001001s ]
INFO: [ app_begin ] --END-- [ RunTime:0.001001s ]
SQL: SHOW COLUMNS FROM `problems` [ RunTime:0.0020s ]
SQL: SELECT COUNT(*) AS tp_count FROM `problems` LIMIT 1   [ RunTime:0.0000s ]
SQL: SELECT * FROM `problems` LIMIT 0,20   [ RunTime:0.0000s ]
INFO: [ view_parse ] --START--
INFO: [ template_filter ] --START--
INFO: Run Behavior\ContentReplaceBehavior [ RunTime:0.000000s ]
INFO: [ template_filter ] --END-- [ RunTime:0.000000s ]
NOTIC: [8] Undefined variable: count D:\xampp\htdocs\tp\Application\Runtime\Cache\Home\72653c5b98bacce026832b51aa92934a.php 第 119 行.
INFO: Run Behavior\ParseTemplateBehavior [ RunTime:0.006001s ]
INFO: [ view_parse ] --END-- [ RunTime:0.006001s ]
INFO: [ view_filter ] --START--
INFO: Run Behavior\WriteHtmlCacheBehavior [ RunTime:0.000000s ]
INFO: [ view_filter ] --END-- [ RunTime:0.000000s ]
INFO: [ app_end ] --START--
INFO: Run Behavior\ShowPageTraceBehavior [ RunTime:0.000000s ]
INFO: [ app_end ] --END-- [ RunTime:0.000000s ]

[ 2015-12-21T10:16:14+08:00 ] ::1 /tp/index.php/Home/index/detail.html?id=1
INFO: [ app_init ] --START--
INFO: Run Behavior\BuildLiteBehavior [ RunTime:0.000000s ]
INFO: [ app_init ] --END-- [ RunTime:0.000000s ]
INFO: [ app_begin ] --START--
INFO: Run Behavior\ReadHtmlCacheBehavior [ RunTime:0.001000s ]
INFO: [ app_begin ] --END-- [ RunTime:0.001000s ]
SQL: SHOW COLUMNS FROM `problems` [ RunTime:0.0020s ]
SQL: SELECT * FROM `problems` WHERE ( id>=1 ) LIMIT 1   [ RunTime:0.0000s ]
INFO: [ view_parse ] --START--
INFO: [ template_filter ] --START--
INFO: Run Behavior\ContentReplaceBehavior [ RunTime:0.000000s ]
INFO: [ template_filter ] --END-- [ RunTime:0.000000s ]
INFO: Run Behavior\ParseTemplateBehavior [ RunTime:0.008001s ]
INFO: [ view_parse ] --END-- [ RunTime:0.008001s ]
INFO: [ view_filter ] --START--
INFO: Run Behavior\WriteHtmlCacheBehavior [ RunTime:0.001000s ]
INFO: [ view_filter ] --END-- [ RunTime:0.001000s ]
INFO: [ app_end ] --START--
INFO: Run Behavior\ShowPageTraceBehavior [ RunTime:0.001000s ]
INFO: [ app_end ] --END-- [ RunTime:0.001000s ]

[ 2015-12-21T10:24:42+08:00 ] ::1 /tp/index.php/Home/index/detail.html?id=1
INFO: [ app_init ] --START--
INFO: Run Behavior\BuildLiteBehavior [ RunTime:0.000000s ]
INFO: [ app_init ] --END-- [ RunTime:0.001000s ]
INFO: [ app_begin ] --START--
INFO: Run Behavior\ReadHtmlCacheBehavior [ RunTime:0.001000s ]
INFO: [ app_begin ] --END-- [ RunTime:0.001000s ]
SQL: SHOW COLUMNS FROM `problems` [ RunTime:0.0010s ]
SQL: SELECT * FROM `problems` WHERE ( id>=1 ) LIMIT 1   [ RunTime:0.0000s ]
INFO: [ view_parse ] --START--
INFO: [ template_filter ] --START--
INFO: Run Behavior\ContentReplaceBehavior [ RunTime:0.000000s ]
INFO: [ template_filter ] --END-- [ RunTime:0.000000s ]
INFO: Run Behavior\ParseTemplateBehavior [ RunTime:0.006001s ]
INFO: [ view_parse ] --END-- [ RunTime:0.006001s ]
INFO: [ view_filter ] --START--
INFO: Run Behavior\WriteHtmlCacheBehavior [ RunTime:0.000000s ]
INFO: [ view_filter ] --END-- [ RunTime:0.000000s ]
INFO: [ app_end ] --START--
INFO: Run Behavior\ShowPageTraceBehavior [ RunTime:0.001000s ]
INFO: [ app_end ] --END-- [ RunTime:0.001000s ]

[ 2015-12-21T10:24:59+08:00 ] ::1 /tp/index.php/Home/index/detail.html?id=1
INFO: [ app_init ] --START--
INFO: Run Behavior\BuildLiteBehavior [ RunTime:0.000000s ]
INFO: [ app_init ] --END-- [ RunTime:0.000000s ]
INFO: [ app_begin ] --START--
INFO: Run Behavior\ReadHtmlCacheBehavior [ RunTime:0.001000s ]
INFO: [ app_begin ] --END-- [ RunTime:0.001000s ]
SQL: SHOW COLUMNS FROM `problems` [ RunTime:0.0030s ]
SQL: SELECT * FROM `problems` WHERE ( id>=1 ) LIMIT 1   [ RunTime:0.0000s ]
INFO: [ view_parse ] --START--
INFO: [ template_filter ] --START--
INFO: Run Behavior\ContentReplaceBehavior [ RunTime:0.000000s ]
INFO: [ template_filter ] --END-- [ RunTime:0.000000s ]
INFO: Run Behavior\ParseTemplateBehavior [ RunTime:0.012000s ]
INFO: [ view_parse ] --END-- [ RunTime:0.012000s ]
INFO: [ view_filter ] --START--
INFO: Run Behavior\WriteHtmlCacheBehavior [ RunTime:0.000000s ]
INFO: [ view_filter ] --END-- [ RunTime:0.000000s ]
INFO: [ app_end ] --START--
INFO: Run Behavior\ShowPageTraceBehavior [ RunTime:0.000000s ]
INFO: [ app_end ] --END-- [ RunTime:0.000000s ]

[ 2015-12-21T10:29:33+08:00 ] ::1 /tp/index.php/Home/index/detail.html?id=1
INFO: [ app_init ] --START--
INFO: Run Behavior\BuildLiteBehavior [ RunTime:0.000000s ]
INFO: [ app_init ] --END-- [ RunTime:0.000000s ]
INFO: [ app_begin ] --START--
INFO: Run Behavior\ReadHtmlCacheBehavior [ RunTime:0.000000s ]
INFO: [ app_begin ] --END-- [ RunTime:0.000000s ]
SQL: SHOW COLUMNS FROM `problems` [ RunTime:0.0020s ]
SQL: SELECT * FROM `problems` WHERE ( id>=1 ) LIMIT 1   [ RunTime:0.0000s ]
INFO: [ view_parse ] --START--
INFO: [ template_filter ] --START--
INFO: Run Behavior\ContentReplaceBehavior [ RunTime:0.000000s ]
INFO: [ template_filter ] --END-- [ RunTime:0.000000s ]
INFO: Run Behavior\ParseTemplateBehavior [ RunTime:0.006000s ]
INFO: [ view_parse ] --END-- [ RunTime:0.006000s ]
INFO: [ view_filter ] --START--
INFO: Run Behavior\WriteHtmlCacheBehavior [ RunTime:0.000000s ]
INFO: [ view_filter ] --END-- [ RunTime:0.000000s ]
INFO: [ app_end ] --START--
INFO: Run Behavior\ShowPageTraceBehavior [ RunTime:0.001000s ]
INFO: [ app_end ] --END-- [ RunTime:0.001000s ]

[ 2015-12-21T10:29:38+08:00 ] ::1 /tp/index.php/Home/index/detail.html?id=1
INFO: [ app_init ] --START--
INFO: Run Behavior\BuildLiteBehavior [ RunTime:0.000000s ]
INFO: [ app_init ] --END-- [ RunTime:0.000000s ]
INFO: [ app_begin ] --START--
INFO: Run Behavior\ReadHtmlCacheBehavior [ RunTime:0.001000s ]
INFO: [ app_begin ] --END-- [ RunTime:0.001000s ]
SQL: SHOW COLUMNS FROM `problems` [ RunTime:0.0010s ]
SQL: SELECT * FROM `problems` WHERE ( id>=1 ) LIMIT 1   [ RunTime:0.0000s ]
INFO: [ view_parse ] --START--
INFO: [ template_filter ] --START--
INFO: Run Behavior\ContentReplaceBehavior [ RunTime:0.000000s ]
INFO: [ template_filter ] --END-- [ RunTime:0.000000s ]
INFO: Run Behavior\ParseTemplateBehavior [ RunTime:0.006001s ]
INFO: [ view_parse ] --END-- [ RunTime:0.006001s ]
INFO: [ view_filter ] --START--
INFO: Run Behavior\WriteHtmlCacheBehavior [ RunTime:0.000000s ]
INFO: [ view_filter ] --END-- [ RunTime:0.000000s ]
INFO: [ app_end ] --START--
INFO: Run Behavior\ShowPageTraceBehavior [ RunTime:0.000000s ]
INFO: [ app_end ] --END-- [ RunTime:0.000000s ]

[ 2015-12-21T10:32:59+08:00 ] ::1 /tp/index.php/Home/index/detail.html?id=1
INFO: [ app_init ] --START--
INFO: Run Behavior\BuildLiteBehavior [ RunTime:0.000000s ]
INFO: [ app_init ] --END-- [ RunTime:0.001000s ]
INFO: [ app_begin ] --START--
INFO: Run Behavior\ReadHtmlCacheBehavior [ RunTime:0.000000s ]
INFO: [ app_begin ] --END-- [ RunTime:0.000000s ]
SQL: SHOW COLUMNS FROM `problems` [ RunTime:0.0020s ]
SQL: SELECT * FROM `problems` WHERE ( id>=1 ) LIMIT 1   [ RunTime:0.0000s ]
INFO: [ view_parse ] --START--
INFO: [ template_filter ] --START--
INFO: Run Behavior\ContentReplaceBehavior [ RunTime:0.000000s ]
INFO: [ template_filter ] --END-- [ RunTime:0.000000s ]
INFO: Run Behavior\ParseTemplateBehavior [ RunTime:0.008000s ]
INFO: [ view_parse ] --END-- [ RunTime:0.008000s ]
INFO: [ view_filter ] --START--
INFO: Run Behavior\WriteHtmlCacheBehavior [ RunTime:0.000000s ]
INFO: [ view_filter ] --END-- [ RunTime:0.000000s ]
INFO: [ app_end ] --START--
INFO: Run Behavior\ShowPageTraceBehavior [ RunTime:0.001000s ]
INFO: [ app_end ] --END-- [ RunTime:0.001000s ]

[ 2015-12-21T10:34:51+08:00 ] ::1 /tp/index.php/Home/index/detail.html?id=1
INFO: [ app_init ] --START--
INFO: Run Behavior\BuildLiteBehavior [ RunTime:0.000000s ]
INFO: [ app_init ] --END-- [ RunTime:0.000000s ]
INFO: [ app_begin ] --START--
INFO: Run Behavior\ReadHtmlCacheBehavior [ RunTime:0.001001s ]
INFO: [ app_begin ] --END-- [ RunTime:0.001001s ]
SQL: SHOW COLUMNS FROM `problems` [ RunTime:0.0020s ]
SQL: SELECT * FROM `problems` WHERE ( id>=1 ) LIMIT 1   [ RunTime:0.0000s ]
INFO: [ view_parse ] --START--
INFO: [ template_filter ] --START--
INFO: Run Behavior\ContentReplaceBehavior [ RunTime:0.000000s ]
INFO: [ template_filter ] --END-- [ RunTime:0.000000s ]
INFO: Run Behavior\ParseTemplateBehavior [ RunTime:0.007001s ]
INFO: [ view_parse ] --END-- [ RunTime:0.007001s ]
INFO: [ view_filter ] --START--
INFO: Run Behavior\WriteHtmlCacheBehavior [ RunTime:0.001000s ]
INFO: [ view_filter ] --END-- [ RunTime:0.001000s ]
INFO: [ app_end ] --START--
INFO: Run Behavior\ShowPageTraceBehavior [ RunTime:0.000000s ]
INFO: [ app_end ] --END-- [ RunTime:0.000000s ]

[ 2015-12-21T10:35:26+08:00 ] ::1 /tp/index.php/Home/index/detail.html?id=1
INFO: [ app_init ] --START--
INFO: Run Behavior\BuildLiteBehavior [ RunTime:0.000000s ]
INFO: [ app_init ] --END-- [ RunTime:0.000000s ]
INFO: [ app_begin ] --START--
INFO: Run Behavior\ReadHtmlCacheBehavior [ RunTime:0.001000s ]
INFO: [ app_begin ] --END-- [ RunTime:0.001000s ]
SQL: SHOW COLUMNS FROM `problems` [ RunTime:0.0010s ]
SQL: SELECT * FROM `problems` WHERE ( id>=1 ) LIMIT 1   [ RunTime:0.0010s ]
INFO: [ view_parse ] --START--
INFO: [ template_filter ] --START--
INFO: Run Behavior\ContentReplaceBehavior [ RunTime:0.000000s ]
INFO: [ template_filter ] --END-- [ RunTime:0.000000s ]
INFO: Run Behavior\ParseTemplateBehavior [ RunTime:0.006000s ]
INFO: [ view_parse ] --END-- [ RunTime:0.006000s ]
INFO: [ view_filter ] --START--
INFO: Run Behavior\WriteHtmlCacheBehavior [ RunTime:0.000000s ]
INFO: [ view_filter ] --END-- [ RunTime:0.001000s ]
INFO: [ app_end ] --START--
INFO: Run Behavior\ShowPageTraceBehavior [ RunTime:0.000000s ]
INFO: [ app_end ] --END-- [ RunTime:0.000000s ]

[ 2015-12-21T10:35:31+08:00 ] ::1 /tp/index.php/Home/index/detail.html?id=1
INFO: [ app_init ] --START--
INFO: Run Behavior\BuildLiteBehavior [ RunTime:0.000000s ]
INFO: [ app_init ] --END-- [ RunTime:0.000000s ]
INFO: [ app_begin ] --START--
INFO: Run Behavior\ReadHtmlCacheBehavior [ RunTime:0.001000s ]
INFO: [ app_begin ] --END-- [ RunTime:0.001000s ]
SQL: SHOW COLUMNS FROM `problems` [ RunTime:0.0010s ]
SQL: SELECT * FROM `problems` WHERE ( id>=1 ) LIMIT 1   [ RunTime:0.0010s ]
INFO: [ view_parse ] --START--
INFO: [ template_filter ] --START--
INFO: Run Behavior\ContentReplaceBehavior [ RunTime:0.000000s ]
INFO: [ template_filter ] --END-- [ RunTime:0.000000s ]
INFO: Run Behavior\ParseTemplateBehavior [ RunTime:0.005000s ]
INFO: [ view_parse ] --END-- [ RunTime:0.005000s ]
INFO: [ view_filter ] --START--
INFO: Run Behavior\WriteHtmlCacheBehavior [ RunTime:0.001000s ]
INFO: [ view_filter ] --END-- [ RunTime:0.001000s ]
INFO: [ app_end ] --START--
INFO: Run Behavior\ShowPageTraceBehavior [ RunTime:0.000000s ]
INFO: [ app_end ] --END-- [ RunTime:0.000000s ]

[ 2015-12-21T10:37:50+08:00 ] ::1 /tp/index.php/Home/index/detail.html?id=1
INFO: [ app_init ] --START--
INFO: Run Behavior\BuildLiteBehavior [ RunTime:0.000000s ]
INFO: [ app_init ] --END-- [ RunTime:0.001000s ]
INFO: [ app_begin ] --START--
INFO: Run Behavior\ReadHtmlCacheBehavior [ RunTime:0.001000s ]
INFO: [ app_begin ] --END-- [ RunTime:0.001000s ]
SQL: SHOW COLUMNS FROM `problems` [ RunTime:0.0020s ]
SQL: SELECT * FROM `problems` WHERE ( id>=1 ) LIMIT 1   [ RunTime:0.0010s ]
INFO: [ view_parse ] --START--
INFO: [ template_filter ] --START--
INFO: Run Behavior\ContentReplaceBehavior [ RunTime:0.000000s ]
INFO: [ template_filter ] --END-- [ RunTime:0.000000s ]
INFO: Run Behavior\ParseTemplateBehavior [ RunTime:0.009000s ]
INFO: [ view_parse ] --END-- [ RunTime:0.009000s ]
INFO: [ view_filter ] --START--
INFO: Run Behavior\WriteHtmlCacheBehavior [ RunTime:0.001000s ]
INFO: [ view_filter ] --END-- [ RunTime:0.001000s ]
INFO: [ app_end ] --START--
INFO: Run Behavior\ShowPageTraceBehavior [ RunTime:0.001000s ]
INFO: [ app_end ] --END-- [ RunTime:0.001000s ]

[ 2015-12-21T10:38:19+08:00 ] ::1 /tp/index.php/
INFO: [ app_init ] --START--
INFO: Run Behavior\BuildLiteBehavior [ RunTime:0.000000s ]
INFO: [ app_init ] --END-- [ RunTime:0.001000s ]
INFO: [ app_begin ] --START--
INFO: Run Behavior\ReadHtmlCacheBehavior [ RunTime:0.001000s ]
INFO: [ app_begin ] --END-- [ RunTime:0.001000s ]
INFO: [ view_parse ] --START--
INFO: [ template_filter ] --START--
INFO: Run Behavior\ContentReplaceBehavior [ RunTime:0.000000s ]
INFO: [ template_filter ] --END-- [ RunTime:0.000000s ]
INFO: Run Behavior\ParseTemplateBehavior [ RunTime:0.005001s ]
INFO: [ view_parse ] --END-- [ RunTime:0.005001s ]
INFO: [ view_filter ] --START--
INFO: Run Behavior\WriteHtmlCacheBehavior [ RunTime:0.000000s ]
INFO: [ view_filter ] --END-- [ RunTime:0.000000s ]
INFO: [ app_end ] --START--
INFO: Run Behavior\ShowPageTraceBehavior [ RunTime:0.001000s ]
INFO: [ app_end ] --END-- [ RunTime:0.001000s ]

[ 2015-12-21T10:39:40+08:00 ] ::1 /tp/index.php/Home/index/detail.html?id=1
INFO: [ app_init ] --START--
INFO: Run Behavior\BuildLiteBehavior [ RunTime:0.000000s ]
INFO: [ app_init ] --END-- [ RunTime:0.000000s ]
INFO: [ app_begin ] --START--
INFO: Run Behavior\ReadHtmlCacheBehavior [ RunTime:0.001000s ]
INFO: [ app_begin ] --END-- [ RunTime:0.001000s ]
SQL: SHOW COLUMNS FROM `problems` [ RunTime:0.0020s ]
SQL: SELECT * FROM `problems` WHERE ( id>=1 ) LIMIT 1   [ RunTime:0.0000s ]
INFO: [ view_parse ] --START--
INFO: [ template_filter ] --START--
INFO: Run Behavior\ContentReplaceBehavior [ RunTime:0.000000s ]
INFO: [ template_filter ] --END-- [ RunTime:0.000000s ]
INFO: Run Behavior\ParseTemplateBehavior [ RunTime:0.008000s ]
INFO: [ view_parse ] --END-- [ RunTime:0.008000s ]
INFO: [ view_filter ] --START--
INFO: Run Behavior\WriteHtmlCacheBehavior [ RunTime:0.000000s ]
INFO: [ view_filter ] --END-- [ RunTime:0.000000s ]
INFO: [ app_end ] --START--
INFO: Run Behavior\ShowPageTraceBehavior [ RunTime:0.000000s ]
INFO: [ app_end ] --END-- [ RunTime:0.000000s ]

[ 2015-12-21T10:40:48+08:00 ] ::1 /tp/index.php/Home/index/detail.html?id=1
INFO: [ app_init ] --START--
INFO: Run Behavior\BuildLiteBehavior [ RunTime:0.000000s ]
INFO: [ app_init ] --END-- [ RunTime:0.000000s ]
INFO: [ app_begin ] --START--
INFO: Run Behavior\ReadHtmlCacheBehavior [ RunTime:0.001000s ]
INFO: [ app_begin ] --END-- [ RunTime:0.001000s ]
SQL: SHOW COLUMNS FROM `problems` [ RunTime:0.0010s ]
SQL: SELECT * FROM `problems` WHERE ( id>=1 ) LIMIT 1   [ RunTime:0.0000s ]
INFO: [ view_parse ] --START--
INFO: [ template_filter ] --START--
INFO: Run Behavior\ContentReplaceBehavior [ RunTime:0.000000s ]
INFO: [ template_filter ] --END-- [ RunTime:0.000000s ]
INFO: Run Behavior\ParseTemplateBehavior [ RunTime:0.006000s ]
INFO: [ view_parse ] --END-- [ RunTime:0.006000s ]
INFO: [ view_filter ] --START--
INFO: Run Behavior\WriteHtmlCacheBehavior [ RunTime:0.001000s ]
INFO: [ view_filter ] --END-- [ RunTime:0.001000s ]
INFO: [ app_end ] --START--
INFO: Run Behavior\ShowPageTraceBehavior [ RunTime:0.000000s ]
INFO: [ app_end ] --END-- [ RunTime:0.000000s ]

[ 2015-12-21T10:43:24+08:00 ] ::1 /tp/index.php/Home/index/lists.html
INFO: [ app_init ] --START--
INFO: Run Behavior\BuildLiteBehavior [ RunTime:0.000000s ]
INFO: [ app_init ] --END-- [ RunTime:0.001001s ]
INFO: [ app_begin ] --START--
INFO: Run Behavior\ReadHtmlCacheBehavior [ RunTime:0.000000s ]
INFO: [ app_begin ] --END-- [ RunTime:0.000000s ]
SQL: SHOW COLUMNS FROM `problems` [ RunTime:0.0020s ]
SQL: SELECT COUNT(*) AS tp_count FROM `problems` LIMIT 1   [ RunTime:0.0010s ]
SQL: SELECT * FROM `problems` LIMIT 0,20   [ RunTime:0.0000s ]
INFO: [ view_parse ] --START--
INFO: [ template_filter ] --START--
INFO: Run Behavior\ContentReplaceBehavior [ RunTime:0.000000s ]
INFO: [ template_filter ] --END-- [ RunTime:0.000000s ]
NOTIC: [8] Undefined variable: count D:\xampp\htdocs\tp\Application\Runtime\Cache\Home\72653c5b98bacce026832b51aa92934a.php 第 119 行.
INFO: Run Behavior\ParseTemplateBehavior [ RunTime:0.007001s ]
INFO: [ view_parse ] --END-- [ RunTime:0.007001s ]
INFO: [ view_filter ] --START--
INFO: Run Behavior\WriteHtmlCacheBehavior [ RunTime:0.000000s ]
INFO: [ view_filter ] --END-- [ RunTime:0.000000s ]
INFO: [ app_end ] --START--
INFO: Run Behavior\ShowPageTraceBehavior [ RunTime:0.000000s ]
INFO: [ app_end ] --END-- [ RunTime:0.000000s ]

[ 2015-12-21T10:43:26+08:00 ] ::1 /tp/index.php/Home/index/detail.html?id=1
INFO: [ app_init ] --START--
INFO: Run Behavior\BuildLiteBehavior [ RunTime:0.000000s ]
INFO: [ app_init ] --END-- [ RunTime:0.000000s ]
INFO: [ app_begin ] --START--
INFO: Run Behavior\ReadHtmlCacheBehavior [ RunTime:0.001001s ]
INFO: [ app_begin ] --END-- [ RunTime:0.001001s ]
SQL: SHOW COLUMNS FROM `problems` [ RunTime:0.0010s ]
SQL: SELECT * FROM `problems` WHERE ( id>=1 ) LIMIT 1   [ RunTime:0.0010s ]
INFO: [ view_parse ] --START--
INFO: [ template_filter ] --START--
INFO: Run Behavior\ContentReplaceBehavior [ RunTime:0.000000s ]
INFO: [ template_filter ] --END-- [ RunTime:0.000000s ]
INFO: Run Behavior\ParseTemplateBehavior [ RunTime:0.006001s ]
INFO: [ view_parse ] --END-- [ RunTime:0.006001s ]
INFO: [ view_filter ] --START--
INFO: Run Behavior\WriteHtmlCacheBehavior [ RunTime:0.000000s ]
INFO: [ view_filter ] --END-- [ RunTime:0.000000s ]
INFO: [ app_end ] --START--
INFO: Run Behavior\ShowPageTraceBehavior [ RunTime:0.001000s ]
INFO: [ app_end ] --END-- [ RunTime:0.001000s ]

[ 2015-12-21T10:56:43+08:00 ] ::1 /tp/index.php/Home/index/index.html
INFO: [ app_init ] --START--
INFO: Run Behavior\BuildLiteBehavior [ RunTime:0.000000s ]
INFO: [ app_init ] --END-- [ RunTime:0.000000s ]
INFO: [ app_begin ] --START--
INFO: Run Behavior\ReadHtmlCacheBehavior [ RunTime:0.001000s ]
INFO: [ app_begin ] --END-- [ RunTime:0.001000s ]
INFO: [ view_parse ] --START--
INFO: [ template_filter ] --START--
INFO: Run Behavior\ContentReplaceBehavior [ RunTime:0.000000s ]
INFO: [ template_filter ] --END-- [ RunTime:0.000000s ]
INFO: Run Behavior\ParseTemplateBehavior [ RunTime:0.007001s ]
INFO: [ view_parse ] --END-- [ RunTime:0.007001s ]
INFO: [ view_filter ] --START--
INFO: Run Behavior\WriteHtmlCacheBehavior [ RunTime:0.000000s ]
INFO: [ view_filter ] --END-- [ RunTime:0.000000s ]
INFO: [ app_end ] --START--
INFO: Run Behavior\ShowPageTraceBehavior [ RunTime:0.001000s ]
INFO: [ app_end ] --END-- [ RunTime:0.001000s ]

[ 2015-12-21T10:56:45+08:00 ] ::1 /tp/index.php/Home/index/lists.html
INFO: [ app_init ] --START--
INFO: Run Behavior\BuildLiteBehavior [ RunTime:0.000000s ]
INFO: [ app_init ] --END-- [ RunTime:0.001000s ]
INFO: [ app_begin ] --START--
INFO: Run Behavior\ReadHtmlCacheBehavior [ RunTime:0.001000s ]
INFO: [ app_begin ] --END-- [ RunTime:0.001000s ]
SQL: SHOW COLUMNS FROM `problems` [ RunTime:0.0020s ]
SQL: SELECT COUNT(*) AS tp_count FROM `problems` LIMIT 1   [ RunTime:0.0010s ]
SQL: SELECT * FROM `problems` LIMIT 0,20   [ RunTime:0.0000s ]
INFO: [ view_parse ] --START--
INFO: [ template_filter ] --START--
INFO: Run Behavior\ContentReplaceBehavior [ RunTime:0.000000s ]
INFO: [ template_filter ] --END-- [ RunTime:0.001000s ]
NOTIC: [8] Undefined variable: count D:\xampp\htdocs\tp\Application\Runtime\Cache\Home\72653c5b98bacce026832b51aa92934a.php 第 119 行.
INFO: Run Behavior\ParseTemplateBehavior [ RunTime:0.007000s ]
INFO: [ view_parse ] --END-- [ RunTime:0.007000s ]
INFO: [ view_filter ] --START--
INFO: Run Behavior\WriteHtmlCacheBehavior [ RunTime:0.001000s ]
INFO: [ view_filter ] --END-- [ RunTime:0.001000s ]
INFO: [ app_end ] --START--
INFO: Run Behavior\ShowPageTraceBehavior [ RunTime:0.000000s ]
INFO: [ app_end ] --END-- [ RunTime:0.000000s ]

[ 2015-12-21T10:56:46+08:00 ] ::1 /tp/index.php/Home/index/index.html
INFO: [ app_init ] --START--
INFO: Run Behavior\BuildLiteBehavior [ RunTime:0.000000s ]
INFO: [ app_init ] --END-- [ RunTime:0.001000s ]
INFO: [ app_begin ] --START--
INFO: Run Behavior\ReadHtmlCacheBehavior [ RunTime:0.002000s ]
INFO: [ app_begin ] --END-- [ RunTime:0.002000s ]
INFO: [ view_parse ] --START--
INFO: [ template_filter ] --START--
INFO: Run Behavior\ContentReplaceBehavior [ RunTime:0.000000s ]
INFO: [ template_filter ] --END-- [ RunTime:0.000000s ]
INFO: Run Behavior\ParseTemplateBehavior [ RunTime:0.011001s ]
INFO: [ view_parse ] --END-- [ RunTime:0.011001s ]
INFO: [ view_filter ] --START--
INFO: Run Behavior\WriteHtmlCacheBehavior [ RunTime:0.000000s ]
INFO: [ view_filter ] --END-- [ RunTime:0.000000s ]
INFO: [ app_end ] --START--
INFO: Run Behavior\ShowPageTraceBehavior [ RunTime:0.001000s ]
INFO: [ app_end ] --END-- [ RunTime:0.001000s ]

[ 2015-12-21T11:23:53+08:00 ] ::1 /tp/index.php/Home/index/lists.html
INFO: [ app_init ] --START--
INFO: Run Behavior\BuildLiteBehavior [ RunTime:0.000000s ]
INFO: [ app_init ] --END-- [ RunTime:0.000000s ]
INFO: [ app_begin ] --START--
INFO: Run Behavior\ReadHtmlCacheBehavior [ RunTime:0.000000s ]
INFO: [ app_begin ] --END-- [ RunTime:0.000000s ]
SQL: SHOW COLUMNS FROM `problems` [ RunTime:0.0010s ]
SQL: SELECT COUNT(*) AS tp_count FROM `problems` LIMIT 1   [ RunTime:0.0000s ]
SQL: SELECT * FROM `problems` LIMIT 0,20   [ RunTime:0.0000s ]
INFO: [ view_parse ] --START--
INFO: [ template_filter ] --START--
INFO: Run Behavior\ContentReplaceBehavior [ RunTime:0.000000s ]
INFO: [ template_filter ] --END-- [ RunTime:0.000000s ]
NOTIC: [8] Undefined variable: count D:\xampp\htdocs\tp\Application\Runtime\Cache\Home\72653c5b98bacce026832b51aa92934a.php 第 119 行.
INFO: Run Behavior\ParseTemplateBehavior [ RunTime:0.007001s ]
INFO: [ view_parse ] --END-- [ RunTime:0.007001s ]
INFO: [ view_filter ] --START--
INFO: Run Behavior\WriteHtmlCacheBehavior [ RunTime:0.001000s ]
INFO: [ view_filter ] --END-- [ RunTime:0.001000s ]
INFO: [ app_end ] --START--
INFO: Run Behavior\ShowPageTraceBehavior [ RunTime:0.000000s ]
INFO: [ app_end ] --END-- [ RunTime:0.000000s ]

[ 2015-12-21T11:24:55+08:00 ] ::1 /tp/index.php/Home/user/center.html?id=1
INFO: [ app_init ] --START--
INFO: Run Behavior\BuildLiteBehavior [ RunTime:0.000000s ]
INFO: [ app_init ] --END-- [ RunTime:0.002000s ]
INFO: [ app_begin ] --START--
INFO: Run Behavior\ReadHtmlCacheBehavior [ RunTime:0.000000s ]
INFO: [ app_begin ] --END-- [ RunTime:0.001000s ]
INFO: [ view_parse ] --START--
INFO: [ template_filter ] --START--
INFO: Run Behavior\ContentReplaceBehavior [ RunTime:0.000000s ]
INFO: [ template_filter ] --END-- [ RunTime:0.000000s ]
INFO: Run Behavior\ParseTemplateBehavior [ RunTime:0.009001s ]
INFO: [ view_parse ] --END-- [ RunTime:0.010001s ]
INFO: [ view_filter ] --START--
INFO: Run Behavior\WriteHtmlCacheBehavior [ RunTime:0.001000s ]
INFO: [ view_filter ] --END-- [ RunTime:0.001000s ]
INFO: [ app_end ] --START--
INFO: Run Behavior\ShowPageTraceBehavior [ RunTime:0.001000s ]
INFO: [ app_end ] --END-- [ RunTime:0.001000s ]

[ 2015-12-21T11:26:31+08:00 ] ::1 /tp/index.php/Home/user/center.html?id=1
INFO: [ app_init ] --START--
INFO: Run Behavior\BuildLiteBehavior [ RunTime:0.000000s ]
INFO: [ app_init ] --END-- [ RunTime:0.000000s ]
INFO: [ app_begin ] --START--
INFO: Run Behavior\ReadHtmlCacheBehavior [ RunTime:0.001001s ]
INFO: [ app_begin ] --END-- [ RunTime:0.001001s ]
INFO: [ view_parse ] --START--
INFO: [ template_filter ] --START--
INFO: Run Behavior\ContentReplaceBehavior [ RunTime:0.000000s ]
INFO: [ template_filter ] --END-- [ RunTime:0.000000s ]
INFO: Run Behavior\ParseTemplateBehavior [ RunTime:0.008000s ]
INFO: [ view_parse ] --END-- [ RunTime:0.008000s ]
INFO: [ view_filter ] --START--
INFO: Run Behavior\WriteHtmlCacheBehavior [ RunTime:0.001000s ]
INFO: [ view_filter ] --END-- [ RunTime:0.001000s ]
INFO: [ app_end ] --START--
INFO: Run Behavior\ShowPageTraceBehavior [ RunTime:0.000000s ]
INFO: [ app_end ] --END-- [ RunTime:0.000000s ]

[ 2015-12-21T11:27:22+08:00 ] ::1 /tp/index.php/Home/user/center.html?id=1
INFO: [ app_init ] --START--
INFO: Run Behavior\BuildLiteBehavior [ RunTime:0.000000s ]
INFO: [ app_init ] --END-- [ RunTime:0.001000s ]
INFO: [ app_begin ] --START--
INFO: Run Behavior\ReadHtmlCacheBehavior [ RunTime:0.001000s ]
INFO: [ app_begin ] --END-- [ RunTime:0.001000s ]
INFO: [ view_parse ] --START--
INFO: [ template_filter ] --START--
INFO: Run Behavior\ContentReplaceBehavior [ RunTime:0.000000s ]
INFO: [ template_filter ] --END-- [ RunTime:0.000000s ]
INFO: Run Behavior\ParseTemplateBehavior [ RunTime:0.008000s ]
INFO: [ view_parse ] --END-- [ RunTime:0.008000s ]
INFO: [ view_filter ] --START--
INFO: Run Behavior\WriteHtmlCacheBehavior [ RunTime:0.000000s ]
INFO: [ view_filter ] --END-- [ RunTime:0.000000s ]
INFO: [ app_end ] --START--
INFO: Run Behavior\ShowPageTraceBehavior [ RunTime:0.001001s ]
INFO: [ app_end ] --END-- [ RunTime:0.001001s ]

[ 2015-12-21T11:27:52+08:00 ] ::1 /tp/index.php/Home/user/center.html?id=1
INFO: [ app_init ] --START--
INFO: Run Behavior\BuildLiteBehavior [ RunTime:0.000000s ]
INFO: [ app_init ] --END-- [ RunTime:0.000000s ]
INFO: [ app_begin ] --START--
INFO: Run Behavior\ReadHtmlCacheBehavior [ RunTime:0.001001s ]
INFO: [ app_begin ] --END-- [ RunTime:0.001001s ]
INFO: [ view_parse ] --START--
INFO: [ template_filter ] --START--
INFO: Run Behavior\ContentReplaceBehavior [ RunTime:0.000000s ]
INFO: [ template_filter ] --END-- [ RunTime:0.000000s ]
INFO: Run Behavior\ParseTemplateBehavior [ RunTime:0.012000s ]
INFO: [ view_parse ] --END-- [ RunTime:0.012000s ]
INFO: [ view_filter ] --START--
INFO: Run Behavior\WriteHtmlCacheBehavior [ RunTime:0.001000s ]
INFO: [ view_filter ] --END-- [ RunTime:0.001000s ]
INFO: [ app_end ] --START--
INFO: Run Behavior\ShowPageTraceBehavior [ RunTime:0.001000s ]
INFO: [ app_end ] --END-- [ RunTime:0.001000s ]

[ 2015-12-21T11:28:15+08:00 ] ::1 /tp/index.php/Home/user/center.html?id=1
INFO: [ app_init ] --START--
INFO: Run Behavior\BuildLiteBehavior [ RunTime:0.000000s ]
INFO: [ app_init ] --END-- [ RunTime:0.000000s ]
INFO: [ app_begin ] --START--
INFO: Run Behavior\ReadHtmlCacheBehavior [ RunTime:0.001000s ]
INFO: [ app_begin ] --END-- [ RunTime:0.001000s ]
INFO: [ view_parse ] --START--
INFO: [ template_filter ] --START--
INFO: Run Behavior\ContentReplaceBehavior [ RunTime:0.000000s ]
INFO: [ template_filter ] --END-- [ RunTime:0.000000s ]
INFO: Run Behavior\ParseTemplateBehavior [ RunTime:0.007001s ]
INFO: [ view_parse ] --END-- [ RunTime:0.007001s ]
INFO: [ view_filter ] --START--
INFO: Run Behavior\WriteHtmlCacheBehavior [ RunTime:0.001000s ]
INFO: [ view_filter ] --END-- [ RunTime:0.001000s ]
INFO: [ app_end ] --START--
INFO: Run Behavior\ShowPageTraceBehavior [ RunTime:0.001000s ]
INFO: [ app_end ] --END-- [ RunTime:0.001000s ]

[ 2015-12-21T11:28:54+08:00 ] ::1 /tp/index.php/Home/user/center.html?id=1
INFO: [ app_init ] --START--
INFO: Run Behavior\BuildLiteBehavior [ RunTime:0.000000s ]
INFO: [ app_init ] --END-- [ RunTime:0.001000s ]
INFO: [ app_begin ] --START--
INFO: Run Behavior\ReadHtmlCacheBehavior [ RunTime:0.001000s ]
INFO: [ app_begin ] --END-- [ RunTime:0.001000s ]
INFO: [ view_parse ] --START--
INFO: [ template_filter ] --START--
INFO: Run Behavior\ContentReplaceBehavior [ RunTime:0.000000s ]
INFO: [ template_filter ] --END-- [ RunTime:0.000000s ]
INFO: Run Behavior\ParseTemplateBehavior [ RunTime:0.010001s ]
INFO: [ view_parse ] --END-- [ RunTime:0.010001s ]
INFO: [ view_filter ] --START--
INFO: Run Behavior\WriteHtmlCacheBehavior [ RunTime:0.001000s ]
INFO: [ view_filter ] --END-- [ RunTime:0.001000s ]
INFO: [ app_end ] --START--
INFO: Run Behavior\ShowPageTraceBehavior [ RunTime:0.000000s ]
INFO: [ app_end ] --END-- [ RunTime:0.000000s ]

[ 2015-12-21T14:46:18+08:00 ] ::1 /tp/index.php/Home/index/index.html
INFO: [ app_init ] --START--
INFO: Run Behavior\BuildLiteBehavior [ RunTime:0.000000s ]
INFO: [ app_init ] --END-- [ RunTime:0.000000s ]
INFO: [ app_begin ] --START--
INFO: Run Behavior\ReadHtmlCacheBehavior [ RunTime:0.002000s ]
INFO: [ app_begin ] --END-- [ RunTime:0.002000s ]
INFO: [ view_parse ] --START--
INFO: [ template_filter ] --START--
INFO: Run Behavior\ContentReplaceBehavior [ RunTime:0.000000s ]
INFO: [ template_filter ] --END-- [ RunTime:0.000000s ]
INFO: Run Behavior\ParseTemplateBehavior [ RunTime:0.006000s ]
INFO: [ view_parse ] --END-- [ RunTime:0.006000s ]
INFO: [ view_filter ] --START--
INFO: Run Behavior\WriteHtmlCacheBehavior [ RunTime:0.000000s ]
INFO: [ view_filter ] --END-- [ RunTime:0.000000s ]
INFO: [ app_end ] --START--
INFO: Run Behavior\ShowPageTraceBehavior [ RunTime:0.001000s ]
INFO: [ app_end ] --END-- [ RunTime:0.002000s ]

[ 2015-12-21T14:46:32+08:00 ] ::1 /tp/index.php/Home/index/lists.html
INFO: [ app_init ] --START--
INFO: Run Behavior\BuildLiteBehavior [ RunTime:0.001000s ]
INFO: [ app_init ] --END-- [ RunTime:0.001000s ]
INFO: [ app_begin ] --START--
INFO: Run Behavior\ReadHtmlCacheBehavior [ RunTime:0.000000s ]
INFO: [ app_begin ] --END-- [ RunTime:0.000000s ]
SQL: SHOW COLUMNS FROM `problems` [ RunTime:0.0020s ]
SQL: SELECT COUNT(*) AS tp_count FROM `problems` LIMIT 1   [ RunTime:0.0000s ]
SQL: SELECT * FROM `problems` LIMIT 0,20   [ RunTime:0.0000s ]
INFO: [ view_parse ] --START--
INFO: [ template_filter ] --START--
INFO: Run Behavior\ContentReplaceBehavior [ RunTime:0.000000s ]
INFO: [ template_filter ] --END-- [ RunTime:0.000000s ]
NOTIC: [8] Undefined variable: count D:\xampp\htdocs\tp\Application\Runtime\Cache\Home\72653c5b98bacce026832b51aa92934a.php 第 119 行.
INFO: Run Behavior\ParseTemplateBehavior [ RunTime:0.009000s ]
INFO: [ view_parse ] --END-- [ RunTime:0.009000s ]
INFO: [ view_filter ] --START--
INFO: Run Behavior\WriteHtmlCacheBehavior [ RunTime:0.000000s ]
INFO: [ view_filter ] --END-- [ RunTime:0.000000s ]
INFO: [ app_end ] --START--
INFO: Run Behavior\ShowPageTraceBehavior [ RunTime:0.001000s ]
INFO: [ app_end ] --END-- [ RunTime:0.001000s ]

[ 2015-12-21T14:52:05+08:00 ] ::1 /tp/index.php/Home/index/lists.html
INFO: [ app_init ] --START--
INFO: Run Behavior\BuildLiteBehavior [ RunTime:0.000000s ]
INFO: [ app_init ] --END-- [ RunTime:0.000000s ]
INFO: [ app_begin ] --START--
INFO: Run Behavior\ReadHtmlCacheBehavior [ RunTime:0.000000s ]
INFO: [ app_begin ] --END-- [ RunTime:0.000000s ]
SQL: SHOW COLUMNS FROM `problems` [ RunTime:0.0020s ]
SQL: SELECT COUNT(*) AS tp_count FROM `problems` WHERE ( type=-1 ) LIMIT 1   [ RunTime:0.0070s ]
SQL: SELECT * FROM `problems` LIMIT 0,20   [ RunTime:0.0000s ]
INFO: [ view_parse ] --START--
INFO: [ template_filter ] --START--
INFO: Run Behavior\ContentReplaceBehavior [ RunTime:0.000000s ]
INFO: [ template_filter ] --END-- [ RunTime:0.000000s ]
NOTIC: [8] Undefined variable: count D:\xampp\htdocs\tp\Application\Runtime\Cache\Home\72653c5b98bacce026832b51aa92934a.php 第 119 行.
INFO: Run Behavior\ParseTemplateBehavior [ RunTime:0.006000s ]
INFO: [ view_parse ] --END-- [ RunTime:0.006000s ]
INFO: [ view_filter ] --START--
INFO: Run Behavior\WriteHtmlCacheBehavior [ RunTime:0.000000s ]
INFO: [ view_filter ] --END-- [ RunTime:0.000000s ]
INFO: [ app_end ] --START--
INFO: Run Behavior\ShowPageTraceBehavior [ RunTime:0.001000s ]
INFO: [ app_end ] --END-- [ RunTime:0.001000s ]

[ 2015-12-21T14:52:06+08:00 ] ::1 /tp/index.php/Home/index/lists.html
INFO: [ app_init ] --START--
INFO: Run Behavior\BuildLiteBehavior [ RunTime:0.000000s ]
INFO: [ app_init ] --END-- [ RunTime:0.000000s ]
INFO: [ app_begin ] --START--
INFO: Run Behavior\ReadHtmlCacheBehavior [ RunTime:0.001000s ]
INFO: [ app_begin ] --END-- [ RunTime:0.001000s ]
SQL: SHOW COLUMNS FROM `problems` [ RunTime:0.0020s ]
SQL: SELECT COUNT(*) AS tp_count FROM `problems` WHERE ( type=-1 ) LIMIT 1   [ RunTime:0.0000s ]
SQL: SELECT * FROM `problems` LIMIT 0,20   [ RunTime:0.0010s ]
INFO: [ view_parse ] --START--
INFO: [ template_filter ] --START--
INFO: Run Behavior\ContentReplaceBehavior [ RunTime:0.000000s ]
INFO: [ template_filter ] --END-- [ RunTime:0.000000s ]
NOTIC: [8] Undefined variable: count D:\xampp\htdocs\tp\Application\Runtime\Cache\Home\72653c5b98bacce026832b51aa92934a.php 第 119 行.
INFO: Run Behavior\ParseTemplateBehavior [ RunTime:0.006000s ]
INFO: [ view_parse ] --END-- [ RunTime:0.006000s ]
INFO: [ view_filter ] --START--
INFO: Run Behavior\WriteHtmlCacheBehavior [ RunTime:0.001000s ]
INFO: [ view_filter ] --END-- [ RunTime:0.001000s ]
INFO: [ app_end ] --START--
INFO: Run Behavior\ShowPageTraceBehavior [ RunTime:0.000000s ]
INFO: [ app_end ] --END-- [ RunTime:0.000000s ]

[ 2015-12-21T14:52:32+08:00 ] ::1 /tp/index.php/Home/index/lists.html
INFO: [ app_init ] --START--
INFO: Run Behavior\BuildLiteBehavior [ RunTime:0.000000s ]
INFO: [ app_init ] --END-- [ RunTime:0.001000s ]
INFO: [ app_begin ] --START--
INFO: Run Behavior\ReadHtmlCacheBehavior [ RunTime:0.001000s ]
INFO: [ app_begin ] --END-- [ RunTime:0.001000s ]
SQL: SHOW COLUMNS FROM `problems` [ RunTime:0.0020s ]
SQL: SELECT COUNT(*) AS tp_count FROM `problems` WHERE ( type=-1 ) LIMIT 1   [ RunTime:0.0010s ]
SQL: SELECT * FROM `problems` WHERE ( type=-1 ) LIMIT 0,20   [ RunTime:0.0000s ]
INFO: [ view_parse ] --START--
INFO: [ template_filter ] --START--
INFO: Run Behavior\ContentReplaceBehavior [ RunTime:0.000000s ]
INFO: [ template_filter ] --END-- [ RunTime:0.000000s ]
NOTIC: [8] Undefined variable: count D:\xampp\htdocs\tp\Application\Runtime\Cache\Home\72653c5b98bacce026832b51aa92934a.php 第 119 行.
INFO: Run Behavior\ParseTemplateBehavior [ RunTime:0.010001s ]
INFO: [ view_parse ] --END-- [ RunTime:0.010001s ]
INFO: [ view_filter ] --START--
INFO: Run Behavior\WriteHtmlCacheBehavior [ RunTime:0.000000s ]
INFO: [ view_filter ] --END-- [ RunTime:0.000000s ]
INFO: [ app_end ] --START--
INFO: Run Behavior\ShowPageTraceBehavior [ RunTime:0.001000s ]
INFO: [ app_end ] --END-- [ RunTime:0.001000s ]

[ 2015-12-21T14:54:06+08:00 ] ::1 /tp/index.php/Home/index/lists.html
INFO: [ app_init ] --START--
INFO: Run Behavior\BuildLiteBehavior [ RunTime:0.000000s ]
INFO: [ app_init ] --END-- [ RunTime:0.001000s ]
INFO: [ app_begin ] --START--
INFO: Run Behavior\ReadHtmlCacheBehavior [ RunTime:0.001000s ]
INFO: [ app_begin ] --END-- [ RunTime:0.001000s ]
SQL: SHOW COLUMNS FROM `problems` [ RunTime:0.0010s ]
SQL: SELECT COUNT(*) AS tp_count FROM `problems` LIMIT 1   [ RunTime:0.0000s ]
SQL: SELECT * FROM `problems` LIMIT 0,20   [ RunTime:0.0010s ]
INFO: [ view_parse ] --START--
INFO: [ template_filter ] --START--
INFO: Run Behavior\ContentReplaceBehavior [ RunTime:0.000000s ]
INFO: [ template_filter ] --END-- [ RunTime:0.000000s ]
NOTIC: [8] Undefined variable: count D:\xampp\htdocs\tp\Application\Runtime\Cache\Home\72653c5b98bacce026832b51aa92934a.php 第 119 行.
INFO: Run Behavior\ParseTemplateBehavior [ RunTime:0.006000s ]
INFO: [ view_parse ] --END-- [ RunTime:0.006000s ]
INFO: [ view_filter ] --START--
INFO: Run Behavior\WriteHtmlCacheBehavior [ RunTime:0.001000s ]
INFO: [ view_filter ] --END-- [ RunTime:0.001000s ]
INFO: [ app_end ] --START--
INFO: Run Behavior\ShowPageTraceBehavior [ RunTime:0.000000s ]
INFO: [ app_end ] --END-- [ RunTime:0.000000s ]

[ 2015-12-21T14:54:56+08:00 ] ::1 /tp/index.php/Home/index/lists.html
INFO: [ app_init ] --START--
INFO: Run Behavior\BuildLiteBehavior [ RunTime:0.000000s ]
INFO: [ app_init ] --END-- [ RunTime:0.001000s ]
INFO: [ app_begin ] --START--
INFO: Run Behavior\ReadHtmlCacheBehavior [ RunTime:0.000000s ]
INFO: [ app_begin ] --END-- [ RunTime:0.000000s ]
SQL: SHOW COLUMNS FROM `problems` [ RunTime:0.0020s ]
SQL: SELECT COUNT(*) AS tp_count FROM `problems` LIMIT 1   [ RunTime:0.0000s ]
SQL: SELECT * FROM `problems` LIMIT 0,20   [ RunTime:0.0010s ]
INFO: [ view_parse ] --START--
INFO: [ template_filter ] --START--
INFO: Run Behavior\ContentReplaceBehavior [ RunTime:0.000000s ]
INFO: [ template_filter ] --END-- [ RunTime:0.000000s ]
NOTIC: [8] Undefined variable: count D:\xampp\htdocs\tp\Application\Runtime\Cache\Home\72653c5b98bacce026832b51aa92934a.php 第 119 行.
INFO: Run Behavior\ParseTemplateBehavior [ RunTime:0.007001s ]
INFO: [ view_parse ] --END-- [ RunTime:0.007001s ]
INFO: [ view_filter ] --START--
INFO: Run Behavior\WriteHtmlCacheBehavior [ RunTime:0.000000s ]
INFO: [ view_filter ] --END-- [ RunTime:0.000000s ]
INFO: [ app_end ] --START--
INFO: Run Behavior\ShowPageTraceBehavior [ RunTime:0.001000s ]
INFO: [ app_end ] --END-- [ RunTime:0.001000s ]

[ 2015-12-21T15:28:38+08:00 ] ::1 /tp/index.php/Home/index/lists.html
INFO: [ app_init ] --START--
INFO: Run Behavior\BuildLiteBehavior [ RunTime:0.000000s ]
INFO: [ app_init ] --END-- [ RunTime:0.000000s ]
INFO: [ app_begin ] --START--
INFO: Run Behavior\ReadHtmlCacheBehavior [ RunTime:0.001000s ]
INFO: [ app_begin ] --END-- [ RunTime:0.001000s ]
SQL: SHOW COLUMNS FROM `problems` [ RunTime:0.0020s ]
SQL: SELECT COUNT(*) AS tp_count FROM `problems` LIMIT 1   [ RunTime:0.0000s ]
SQL: SELECT * FROM `problems` LIMIT 0,20   [ RunTime:0.0000s ]
INFO: [ view_parse ] --START--
INFO: [ template_filter ] --START--
INFO: Run Behavior\ContentReplaceBehavior [ RunTime:0.000000s ]
INFO: [ template_filter ] --END-- [ RunTime:0.000000s ]

[ 2015-12-21T15:31:09+08:00 ] ::1 /tp/index.php/Home/index/lists.html
INFO: [ app_init ] --START--
INFO: Run Behavior\BuildLiteBehavior [ RunTime:0.000000s ]
INFO: [ app_init ] --END-- [ RunTime:0.001000s ]
INFO: [ app_begin ] --START--
INFO: Run Behavior\ReadHtmlCacheBehavior [ RunTime:0.000000s ]
INFO: [ app_begin ] --END-- [ RunTime:0.000000s ]
SQL: SHOW COLUMNS FROM `problems` [ RunTime:0.0020s ]
SQL: SELECT COUNT(*) AS tp_count FROM `problems` LIMIT 1   [ RunTime:0.0000s ]
SQL: SELECT * FROM `problems` LIMIT 0,20   [ RunTime:0.0000s ]
INFO: [ view_parse ] --START--
INFO: [ template_filter ] --START--
INFO: Run Behavior\ContentReplaceBehavior [ RunTime:0.000000s ]
INFO: [ template_filter ] --END-- [ RunTime:0.000000s ]
NOTIC: [8] Undefined variable: count D:\xampp\htdocs\tp\Application\Runtime\Cache\Home\72653c5b98bacce026832b51aa92934a.php 第 117 行.
INFO: Run Behavior\ParseTemplateBehavior [ RunTime:0.007000s ]
INFO: [ view_parse ] --END-- [ RunTime:0.007000s ]
INFO: [ view_filter ] --START--
INFO: Run Behavior\WriteHtmlCacheBehavior [ RunTime:0.000000s ]
INFO: [ view_filter ] --END-- [ RunTime:0.000000s ]
INFO: [ app_end ] --START--
INFO: Run Behavior\ShowPageTraceBehavior [ RunTime:0.001000s ]
INFO: [ app_end ] --END-- [ RunTime:0.001000s ]

[ 2015-12-21T15:35:53+08:00 ] ::1 /tp/index.php/Home/index/lists.html
INFO: [ app_init ] --START--
INFO: Run Behavior\BuildLiteBehavior [ RunTime:0.000000s ]
INFO: [ app_init ] --END-- [ RunTime:0.000000s ]
INFO: [ app_begin ] --START--
INFO: Run Behavior\ReadHtmlCacheBehavior [ RunTime:0.000000s ]
INFO: [ app_begin ] --END-- [ RunTime:0.000000s ]
SQL: SHOW COLUMNS FROM `problems` [ RunTime:0.0010s ]
SQL: SELECT COUNT(*) AS tp_count FROM `problems` LIMIT 1   [ RunTime:0.0010s ]
SQL: SELECT * FROM `problems` LIMIT 0,20   [ RunTime:0.0000s ]
INFO: [ view_parse ] --START--
INFO: [ template_filter ] --START--
INFO: Run Behavior\ContentReplaceBehavior [ RunTime:0.000000s ]
INFO: [ template_filter ] --END-- [ RunTime:0.000000s ]
NOTIC: [8] Undefined variable: cates D:\xampp\htdocs\tp\Application\Runtime\Cache\Home\72653c5b98bacce026832b51aa92934a.php 第 112 行.
NOTIC: [8] Undefined variable: cates D:\xampp\htdocs\tp\Application\Runtime\Cache\Home\72653c5b98bacce026832b51aa92934a.php 第 112 行.
NOTIC: [8] Undefined variable: cates D:\xampp\htdocs\tp\Application\Runtime\Cache\Home\72653c5b98bacce026832b51aa92934a.php 第 112 行.
NOTIC: [8] Undefined variable: cates D:\xampp\htdocs\tp\Application\Runtime\Cache\Home\72653c5b98bacce026832b51aa92934a.php 第 112 行.
NOTIC: [8] Undefined variable: cates D:\xampp\htdocs\tp\Application\Runtime\Cache\Home\72653c5b98bacce026832b51aa92934a.php 第 112 行.
NOTIC: [8] Undefined variable: cates D:\xampp\htdocs\tp\Application\Runtime\Cache\Home\72653c5b98bacce026832b51aa92934a.php 第 112 行.
NOTIC: [8] Undefined variable: cates D:\xampp\htdocs\tp\Application\Runtime\Cache\Home\72653c5b98bacce026832b51aa92934a.php 第 112 行.
NOTIC: [8] Undefined variable: count D:\xampp\htdocs\tp\Application\Runtime\Cache\Home\72653c5b98bacce026832b51aa92934a.php 第 117 行.
INFO: Run Behavior\ParseTemplateBehavior [ RunTime:0.008000s ]
INFO: [ view_parse ] --END-- [ RunTime:0.008000s ]
INFO: [ view_filter ] --START--
INFO: Run Behavior\WriteHtmlCacheBehavior [ RunTime:0.000000s ]
INFO: [ view_filter ] --END-- [ RunTime:0.000000s ]
INFO: [ app_end ] --START--
INFO: Run Behavior\ShowPageTraceBehavior [ RunTime:0.001000s ]
INFO: [ app_end ] --END-- [ RunTime:0.001000s ]

[ 2015-12-21T15:37:24+08:00 ] ::1 /tp/index.php/Home/index/lists.html
INFO: [ app_init ] --START--
INFO: Run Behavior\BuildLiteBehavior [ RunTime:0.000000s ]
INFO: [ app_init ] --END-- [ RunTime:0.001000s ]
INFO: [ app_begin ] --START--
INFO: Run Behavior\ReadHtmlCacheBehavior [ RunTime:0.001000s ]
INFO: [ app_begin ] --END-- [ RunTime:0.001000s ]
SQL: SHOW COLUMNS FROM `problems` [ RunTime:0.0010s ]
SQL: SELECT COUNT(*) AS tp_count FROM `problems` LIMIT 1   [ RunTime:0.0000s ]
SQL: SELECT * FROM `problems` LIMIT 0,20   [ RunTime:0.0000s ]
INFO: [ view_parse ] --START--
INFO: [ template_filter ] --START--
INFO: Run Behavior\ContentReplaceBehavior [ RunTime:0.000000s ]
INFO: [ template_filter ] --END-- [ RunTime:0.000000s ]
NOTIC: [8] Undefined variable: cates D:\xampp\htdocs\tp\Application\Runtime\Cache\Home\72653c5b98bacce026832b51aa92934a.php 第 112 行.
NOTIC: [8] Undefined variable: cates D:\xampp\htdocs\tp\Application\Runtime\Cache\Home\72653c5b98bacce026832b51aa92934a.php 第 112 行.
NOTIC: [8] Undefined variable: cates D:\xampp\htdocs\tp\Application\Runtime\Cache\Home\72653c5b98bacce026832b51aa92934a.php 第 112 行.
NOTIC: [8] Undefined variable: cates D:\xampp\htdocs\tp\Application\Runtime\Cache\Home\72653c5b98bacce026832b51aa92934a.php 第 112 行.
NOTIC: [8] Undefined variable: cates D:\xampp\htdocs\tp\Application\Runtime\Cache\Home\72653c5b98bacce026832b51aa92934a.php 第 112 行.
NOTIC: [8] Undefined variable: cates D:\xampp\htdocs\tp\Application\Runtime\Cache\Home\72653c5b98bacce026832b51aa92934a.php 第 112 行.
NOTIC: [8] Undefined variable: cates D:\xampp\htdocs\tp\Application\Runtime\Cache\Home\72653c5b98bacce026832b51aa92934a.php 第 112 行.
NOTIC: [8] Undefined variable: count D:\xampp\htdocs\tp\Application\Runtime\Cache\Home\72653c5b98bacce026832b51aa92934a.php 第 117 行.
INFO: Run Behavior\ParseTemplateBehavior [ RunTime:0.008001s ]
INFO: [ view_parse ] --END-- [ RunTime:0.008001s ]
INFO: [ view_filter ] --START--
INFO: Run Behavior\WriteHtmlCacheBehavior [ RunTime:0.000000s ]
INFO: [ view_filter ] --END-- [ RunTime:0.000000s ]
INFO: [ app_end ] --START--
INFO: Run Behavior\ShowPageTraceBehavior [ RunTime:0.000000s ]
INFO: [ app_end ] --END-- [ RunTime:0.000000s ]

[ 2015-12-21T15:38:00+08:00 ] ::1 /tp/index.php/Home/index/lists.html
INFO: [ app_init ] --START--
INFO: Run Behavior\BuildLiteBehavior [ RunTime:0.000000s ]
INFO: [ app_init ] --END-- [ RunTime:0.001000s ]
INFO: [ app_begin ] --START--
INFO: Run Behavior\ReadHtmlCacheBehavior [ RunTime:0.001000s ]
INFO: [ app_begin ] --END-- [ RunTime:0.001000s ]
SQL: SHOW COLUMNS FROM `problems` [ RunTime:0.0020s ]
SQL: SELECT COUNT(*) AS tp_count FROM `problems` LIMIT 1   [ RunTime:0.0000s ]
SQL: SELECT * FROM `problems` LIMIT 0,20   [ RunTime:0.0000s ]
INFO: [ view_parse ] --START--
INFO: [ template_filter ] --START--
INFO: Run Behavior\ContentReplaceBehavior [ RunTime:0.000000s ]
INFO: [ template_filter ] --END-- [ RunTime:0.000000s ]
NOTIC: [8] Undefined variable: cates D:\xampp\htdocs\tp\Application\Runtime\Cache\Home\72653c5b98bacce026832b51aa92934a.php 第 112 行.
NOTIC: [8] Undefined variable: cates D:\xampp\htdocs\tp\Application\Runtime\Cache\Home\72653c5b98bacce026832b51aa92934a.php 第 112 行.
NOTIC: [8] Undefined variable: cates D:\xampp\htdocs\tp\Application\Runtime\Cache\Home\72653c5b98bacce026832b51aa92934a.php 第 112 行.
NOTIC: [8] Undefined variable: cates D:\xampp\htdocs\tp\Application\Runtime\Cache\Home\72653c5b98bacce026832b51aa92934a.php 第 112 行.
NOTIC: [8] Undefined variable: cates D:\xampp\htdocs\tp\Application\Runtime\Cache\Home\72653c5b98bacce026832b51aa92934a.php 第 112 行.
NOTIC: [8] Undefined variable: cates D:\xampp\htdocs\tp\Application\Runtime\Cache\Home\72653c5b98bacce026832b51aa92934a.php 第 112 行.
NOTIC: [8] Undefined variable: cates D:\xampp\htdocs\tp\Application\Runtime\Cache\Home\72653c5b98bacce026832b51aa92934a.php 第 112 行.
NOTIC: [8] Undefined variable: count D:\xampp\htdocs\tp\Application\Runtime\Cache\Home\72653c5b98bacce026832b51aa92934a.php 第 117 行.
INFO: Run Behavior\ParseTemplateBehavior [ RunTime:0.007000s ]
INFO: [ view_parse ] --END-- [ RunTime:0.007000s ]
INFO: [ view_filter ] --START--
INFO: Run Behavior\WriteHtmlCacheBehavior [ RunTime:0.000000s ]
INFO: [ view_filter ] --END-- [ RunTime:0.000000s ]
INFO: [ app_end ] --START--
INFO: Run Behavior\ShowPageTraceBehavior [ RunTime:0.000000s ]
INFO: [ app_end ] --END-- [ RunTime:0.000000s ]

[ 2015-12-21T15:40:45+08:00 ] ::1 /tp/index.php/Home/index/lists.html
INFO: [ app_init ] --START--
INFO: Run Behavior\BuildLiteBehavior [ RunTime:0.000000s ]
INFO: [ app_init ] --END-- [ RunTime:0.001000s ]
INFO: [ app_begin ] --START--
INFO: Run Behavior\ReadHtmlCacheBehavior [ RunTime:0.000000s ]
INFO: [ app_begin ] --END-- [ RunTime:0.000000s ]
SQL: SHOW COLUMNS FROM `problems` [ RunTime:0.0010s ]
SQL: SELECT COUNT(*) AS tp_count FROM `problems` LIMIT 1   [ RunTime:0.0010s ]
SQL: SELECT * FROM `problems` LIMIT 0,20   [ RunTime:0.0010s ]
INFO: [ view_parse ] --START--
INFO: [ template_filter ] --START--
INFO: Run Behavior\ContentReplaceBehavior [ RunTime:0.000000s ]
INFO: [ template_filter ] --END-- [ RunTime:0.000000s ]
NOTIC: [8] Undefined variable: cates D:\xampp\htdocs\tp\Application\Runtime\Cache\Home\72653c5b98bacce026832b51aa92934a.php 第 112 行.
NOTIC: [8] Undefined variable: cates D:\xampp\htdocs\tp\Application\Runtime\Cache\Home\72653c5b98bacce026832b51aa92934a.php 第 112 行.
NOTIC: [8] Undefined variable: cates D:\xampp\htdocs\tp\Application\Runtime\Cache\Home\72653c5b98bacce026832b51aa92934a.php 第 112 行.
NOTIC: [8] Undefined variable: cates D:\xampp\htdocs\tp\Application\Runtime\Cache\Home\72653c5b98bacce026832b51aa92934a.php 第 112 行.
NOTIC: [8] Undefined variable: cates D:\xampp\htdocs\tp\Application\Runtime\Cache\Home\72653c5b98bacce026832b51aa92934a.php 第 112 行.
NOTIC: [8] Undefined variable: cates D:\xampp\htdocs\tp\Application\Runtime\Cache\Home\72653c5b98bacce026832b51aa92934a.php 第 112 行.
NOTIC: [8] Undefined variable: cates D:\xampp\htdocs\tp\Application\Runtime\Cache\Home\72653c5b98bacce026832b51aa92934a.php 第 112 行.
NOTIC: [8] Undefined variable: count D:\xampp\htdocs\tp\Application\Runtime\Cache\Home\72653c5b98bacce026832b51aa92934a.php 第 117 行.
INFO: Run Behavior\ParseTemplateBehavior [ RunTime:0.007001s ]
INFO: [ view_parse ] --END-- [ RunTime:0.007001s ]
INFO: [ view_filter ] --START--
INFO: Run Behavior\WriteHtmlCacheBehavior [ RunTime:0.000000s ]
INFO: [ view_filter ] --END-- [ RunTime:0.000000s ]
INFO: [ app_end ] --START--
INFO: Run Behavior\ShowPageTraceBehavior [ RunTime:0.000000s ]
INFO: [ app_end ] --END-- [ RunTime:0.000000s ]

[ 2015-12-21T15:41:15+08:00 ] ::1 /tp/index.php/Home/index/lists.html
INFO: [ app_init ] --START--
INFO: Run Behavior\BuildLiteBehavior [ RunTime:0.000000s ]
INFO: [ app_init ] --END-- [ RunTime:0.001000s ]
INFO: [ app_begin ] --START--
INFO: Run Behavior\ReadHtmlCacheBehavior [ RunTime:0.000000s ]
INFO: [ app_begin ] --END-- [ RunTime:0.000000s ]
SQL: SHOW COLUMNS FROM `problems` [ RunTime:0.0020s ]
SQL: SELECT COUNT(*) AS tp_count FROM `problems` LIMIT 1   [ RunTime:0.0000s ]
SQL: SELECT * FROM `problems` LIMIT 0,20   [ RunTime:0.0000s ]
INFO: [ view_parse ] --START--
INFO: [ template_filter ] --START--
INFO: Run Behavior\ContentReplaceBehavior [ RunTime:0.000000s ]
INFO: [ template_filter ] --END-- [ RunTime:0.000000s ]
NOTIC: [8] Undefined variable: cates D:\xampp\htdocs\tp\Application\Runtime\Cache\Home\72653c5b98bacce026832b51aa92934a.php 第 112 行.
NOTIC: [8] Undefined variable: cates D:\xampp\htdocs\tp\Application\Runtime\Cache\Home\72653c5b98bacce026832b51aa92934a.php 第 112 行.
NOTIC: [8] Undefined variable: cates D:\xampp\htdocs\tp\Application\Runtime\Cache\Home\72653c5b98bacce026832b51aa92934a.php 第 112 行.
NOTIC: [8] Undefined variable: cates D:\xampp\htdocs\tp\Application\Runtime\Cache\Home\72653c5b98bacce026832b51aa92934a.php 第 112 行.
NOTIC: [8] Undefined variable: cates D:\xampp\htdocs\tp\Application\Runtime\Cache\Home\72653c5b98bacce026832b51aa92934a.php 第 112 行.
NOTIC: [8] Undefined variable: cates D:\xampp\htdocs\tp\Application\Runtime\Cache\Home\72653c5b98bacce026832b51aa92934a.php 第 112 行.
NOTIC: [8] Undefined variable: cates D:\xampp\htdocs\tp\Application\Runtime\Cache\Home\72653c5b98bacce026832b51aa92934a.php 第 112 行.
NOTIC: [8] Undefined variable: count D:\xampp\htdocs\tp\Application\Runtime\Cache\Home\72653c5b98bacce026832b51aa92934a.php 第 117 行.
INFO: Run Behavior\ParseTemplateBehavior [ RunTime:0.007001s ]
INFO: [ view_parse ] --END-- [ RunTime:0.007001s ]
INFO: [ view_filter ] --START--
INFO: Run Behavior\WriteHtmlCacheBehavior [ RunTime:0.001000s ]
INFO: [ view_filter ] --END-- [ RunTime:0.001000s ]
INFO: [ app_end ] --START--
INFO: Run Behavior\ShowPageTraceBehavior [ RunTime:0.000000s ]
INFO: [ app_end ] --END-- [ RunTime:0.000000s ]

[ 2015-12-21T15:41:51+08:00 ] ::1 /tp/index.php/Home/index/lists.html
INFO: [ app_init ] --START--
INFO: Run Behavior\BuildLiteBehavior [ RunTime:0.000000s ]
INFO: [ app_init ] --END-- [ RunTime:0.001000s ]
INFO: [ app_begin ] --START--
INFO: Run Behavior\ReadHtmlCacheBehavior [ RunTime:0.000000s ]
INFO: [ app_begin ] --END-- [ RunTime:0.000000s ]
SQL: SHOW COLUMNS FROM `problems` [ RunTime:0.0010s ]
SQL: SELECT COUNT(*) AS tp_count FROM `problems` LIMIT 1   [ RunTime:0.0010s ]
SQL: SELECT * FROM `problems` LIMIT 0,20   [ RunTime:0.0000s ]
INFO: [ view_parse ] --START--
INFO: [ template_filter ] --START--
INFO: Run Behavior\ContentReplaceBehavior [ RunTime:0.000000s ]
INFO: [ template_filter ] --END-- [ RunTime:0.001000s ]
NOTIC: [8] Undefined variable: cates D:\xampp\htdocs\tp\Application\Runtime\Cache\Home\72653c5b98bacce026832b51aa92934a.php 第 112 行.
NOTIC: [8] Undefined variable: cates D:\xampp\htdocs\tp\Application\Runtime\Cache\Home\72653c5b98bacce026832b51aa92934a.php 第 112 行.
NOTIC: [8] Undefined variable: cates D:\xampp\htdocs\tp\Application\Runtime\Cache\Home\72653c5b98bacce026832b51aa92934a.php 第 112 行.
NOTIC: [8] Undefined variable: cates D:\xampp\htdocs\tp\Application\Runtime\Cache\Home\72653c5b98bacce026832b51aa92934a.php 第 112 行.
NOTIC: [8] Undefined variable: cates D:\xampp\htdocs\tp\Application\Runtime\Cache\Home\72653c5b98bacce026832b51aa92934a.php 第 112 行.
NOTIC: [8] Undefined variable: cates D:\xampp\htdocs\tp\Application\Runtime\Cache\Home\72653c5b98bacce026832b51aa92934a.php 第 112 行.
NOTIC: [8] Undefined variable: cates D:\xampp\htdocs\tp\Application\Runtime\Cache\Home\72653c5b98bacce026832b51aa92934a.php 第 112 行.
NOTIC: [8] Undefined variable: count D:\xampp\htdocs\tp\Application\Runtime\Cache\Home\72653c5b98bacce026832b51aa92934a.php 第 117 行.
INFO: Run Behavior\ParseTemplateBehavior [ RunTime:0.007000s ]
INFO: [ view_parse ] --END-- [ RunTime:0.007000s ]
INFO: [ view_filter ] --START--
INFO: Run Behavior\WriteHtmlCacheBehavior [ RunTime:0.001000s ]
INFO: [ view_filter ] --END-- [ RunTime:0.001000s ]
INFO: [ app_end ] --START--
INFO: Run Behavior\ShowPageTraceBehavior [ RunTime:0.000000s ]
INFO: [ app_end ] --END-- [ RunTime:0.000000s ]

[ 2015-12-21T16:14:09+08:00 ] ::1 /tp/index.php/Home/index/lists.html?category=1
INFO: [ app_init ] --START--
INFO: Run Behavior\BuildLiteBehavior [ RunTime:0.000000s ]
INFO: [ app_init ] --END-- [ RunTime:0.000000s ]
INFO: [ app_begin ] --START--
INFO: Run Behavior\ReadHtmlCacheBehavior [ RunTime:0.000000s ]
INFO: [ app_begin ] --END-- [ RunTime:0.000000s ]
SQL: SHOW COLUMNS FROM `problems` [ RunTime:0.0020s ]
SQL: SELECT COUNT(*) AS tp_count FROM `problems` WHERE `category` = 1 LIMIT 1   [ RunTime:0.0000s ]
SQL: SELECT * FROM `problems` WHERE `category` = 1 LIMIT 0,20   [ RunTime:0.0010s ]
INFO: [ view_parse ] --START--
INFO: [ template_filter ] --START--
INFO: Run Behavior\ContentReplaceBehavior [ RunTime:0.000000s ]
INFO: [ template_filter ] --END-- [ RunTime:0.001001s ]
NOTIC: [8] Undefined variable: cates D:\xampp\htdocs\tp\Application\Runtime\Cache\Home\72653c5b98bacce026832b51aa92934a.php 第 112 行.
NOTIC: [8] Undefined variable: cates D:\xampp\htdocs\tp\Application\Runtime\Cache\Home\72653c5b98bacce026832b51aa92934a.php 第 112 行.
NOTIC: [8] Undefined variable: cates D:\xampp\htdocs\tp\Application\Runtime\Cache\Home\72653c5b98bacce026832b51aa92934a.php 第 112 行.
NOTIC: [8] Undefined variable: cates D:\xampp\htdocs\tp\Application\Runtime\Cache\Home\72653c5b98bacce026832b51aa92934a.php 第 112 行.
NOTIC: [8] Undefined variable: cates D:\xampp\htdocs\tp\Application\Runtime\Cache\Home\72653c5b98bacce026832b51aa92934a.php 第 112 行.
NOTIC: [8] Undefined variable: cates D:\xampp\htdocs\tp\Application\Runtime\Cache\Home\72653c5b98bacce026832b51aa92934a.php 第 112 行.
NOTIC: [8] Undefined variable: cates D:\xampp\htdocs\tp\Application\Runtime\Cache\Home\72653c5b98bacce026832b51aa92934a.php 第 112 行.
NOTIC: [8] Undefined variable: count D:\xampp\htdocs\tp\Application\Runtime\Cache\Home\72653c5b98bacce026832b51aa92934a.php 第 117 行.
INFO: Run Behavior\ParseTemplateBehavior [ RunTime:0.007001s ]
INFO: [ view_parse ] --END-- [ RunTime:0.007001s ]
INFO: [ view_filter ] --START--
INFO: Run Behavior\WriteHtmlCacheBehavior [ RunTime:0.000000s ]
INFO: [ view_filter ] --END-- [ RunTime:0.000000s ]
INFO: [ app_end ] --START--
INFO: Run Behavior\ShowPageTraceBehavior [ RunTime:0.000000s ]
INFO: [ app_end ] --END-- [ RunTime:0.001000s ]

[ 2015-12-21T16:14:10+08:00 ] ::1 /tp/index.php/Home/index/lists.html?category=1
INFO: [ app_init ] --START--
INFO: Run Behavior\BuildLiteBehavior [ RunTime:0.000000s ]
INFO: [ app_init ] --END-- [ RunTime:0.001000s ]
INFO: [ app_begin ] --START--
INFO: Run Behavior\ReadHtmlCacheBehavior [ RunTime:0.000000s ]
INFO: [ app_begin ] --END-- [ RunTime:0.000000s ]
SQL: SHOW COLUMNS FROM `problems` [ RunTime:0.0020s ]
SQL: SELECT COUNT(*) AS tp_count FROM `problems` WHERE `category` = 1 LIMIT 1   [ RunTime:0.0000s ]
SQL: SELECT * FROM `problems` WHERE `category` = 1 LIMIT 0,20   [ RunTime:0.0000s ]
INFO: [ view_parse ] --START--
INFO: [ template_filter ] --START--
INFO: Run Behavior\ContentReplaceBehavior [ RunTime:0.001000s ]
INFO: [ template_filter ] --END-- [ RunTime:0.001000s ]
NOTIC: [8] Undefined variable: cates D:\xampp\htdocs\tp\Application\Runtime\Cache\Home\72653c5b98bacce026832b51aa92934a.php 第 112 行.
NOTIC: [8] Undefined variable: cates D:\xampp\htdocs\tp\Application\Runtime\Cache\Home\72653c5b98bacce026832b51aa92934a.php 第 112 行.
NOTIC: [8] Undefined variable: cates D:\xampp\htdocs\tp\Application\Runtime\Cache\Home\72653c5b98bacce026832b51aa92934a.php 第 112 行.
NOTIC: [8] Undefined variable: cates D:\xampp\htdocs\tp\Application\Runtime\Cache\Home\72653c5b98bacce026832b51aa92934a.php 第 112 行.
NOTIC: [8] Undefined variable: cates D:\xampp\htdocs\tp\Application\Runtime\Cache\Home\72653c5b98bacce026832b51aa92934a.php 第 112 行.
NOTIC: [8] Undefined variable: cates D:\xampp\htdocs\tp\Application\Runtime\Cache\Home\72653c5b98bacce026832b51aa92934a.php 第 112 行.
NOTIC: [8] Undefined variable: cates D:\xampp\htdocs\tp\Application\Runtime\Cache\Home\72653c5b98bacce026832b51aa92934a.php 第 112 行.
NOTIC: [8] Undefined variable: count D:\xampp\htdocs\tp\Application\Runtime\Cache\Home\72653c5b98bacce026832b51aa92934a.php 第 117 行.
INFO: Run Behavior\ParseTemplateBehavior [ RunTime:0.007001s ]
INFO: [ view_parse ] --END-- [ RunTime:0.007001s ]
INFO: [ view_filter ] --START--
INFO: Run Behavior\WriteHtmlCacheBehavior [ RunTime:0.000000s ]
INFO: [ view_filter ] --END-- [ RunTime:0.000000s ]
INFO: [ app_end ] --START--
INFO: Run Behavior\ShowPageTraceBehavior [ RunTime:0.001000s ]
INFO: [ app_end ] --END-- [ RunTime:0.001000s ]

[ 2015-12-21T17:01:34+08:00 ] ::1 /tp/index.php/Home/index/lists.html?category=1
INFO: [ app_init ] --START--
INFO: Run Behavior\BuildLiteBehavior [ RunTime:0.000000s ]
INFO: [ app_init ] --END-- [ RunTime:0.000000s ]
INFO: [ app_begin ] --START--
INFO: Run Behavior\ReadHtmlCacheBehavior [ RunTime:0.001000s ]
INFO: [ app_begin ] --END-- [ RunTime:0.001000s ]
SQL: SHOW COLUMNS FROM `problems` [ RunTime:0.0020s ]
SQL: SELECT COUNT(*) AS tp_count FROM `problems` WHERE `category` = 1 LIMIT 1   [ RunTime:0.0010s ]
SQL: SELECT * FROM `problems` WHERE `category` = 1 LIMIT 0,20   [ RunTime:0.0000s ]
INFO: [ view_parse ] --START--
INFO: [ template_filter ] --START--
INFO: Run Behavior\ContentReplaceBehavior [ RunTime:0.000000s ]
INFO: [ template_filter ] --END-- [ RunTime:0.000000s ]
NOTIC: [8] Undefined variable: cates D:\xampp\htdocs\tp\Application\Runtime\Cache\Home\72653c5b98bacce026832b51aa92934a.php 第 112 行.
NOTIC: [8] Undefined variable: cates D:\xampp\htdocs\tp\Application\Runtime\Cache\Home\72653c5b98bacce026832b51aa92934a.php 第 112 行.
NOTIC: [8] Undefined variable: cates D:\xampp\htdocs\tp\Application\Runtime\Cache\Home\72653c5b98bacce026832b51aa92934a.php 第 112 行.
NOTIC: [8] Undefined variable: cates D:\xampp\htdocs\tp\Application\Runtime\Cache\Home\72653c5b98bacce026832b51aa92934a.php 第 112 行.
NOTIC: [8] Undefined variable: cates D:\xampp\htdocs\tp\Application\Runtime\Cache\Home\72653c5b98bacce026832b51aa92934a.php 第 112 行.
NOTIC: [8] Undefined variable: cates D:\xampp\htdocs\tp\Application\Runtime\Cache\Home\72653c5b98bacce026832b51aa92934a.php 第 112 行.
NOTIC: [8] Undefined variable: cates D:\xampp\htdocs\tp\Application\Runtime\Cache\Home\72653c5b98bacce026832b51aa92934a.php 第 112 行.
NOTIC: [8] Undefined variable: count D:\xampp\htdocs\tp\Application\Runtime\Cache\Home\72653c5b98bacce026832b51aa92934a.php 第 117 行.
INFO: Run Behavior\ParseTemplateBehavior [ RunTime:0.008000s ]
INFO: [ view_parse ] --END-- [ RunTime:0.008000s ]
INFO: [ view_filter ] --START--
INFO: Run Behavior\WriteHtmlCacheBehavior [ RunTime:0.000000s ]
INFO: [ view_filter ] --END-- [ RunTime:0.000000s ]
INFO: [ app_end ] --START--
INFO: Run Behavior\ShowPageTraceBehavior [ RunTime:0.001000s ]
INFO: [ app_end ] --END-- [ RunTime:0.001000s ]

[ 2015-12-21T17:01:35+08:00 ] ::1 /tp/index.php/Home/index/lists.html?category=2
INFO: [ app_init ] --START--
INFO: Run Behavior\BuildLiteBehavior [ RunTime:0.000000s ]
INFO: [ app_init ] --END-- [ RunTime:0.000000s ]
INFO: [ app_begin ] --START--
INFO: Run Behavior\ReadHtmlCacheBehavior [ RunTime:0.000000s ]
INFO: [ app_begin ] --END-- [ RunTime:0.000000s ]
SQL: SHOW COLUMNS FROM `problems` [ RunTime:0.0020s ]
SQL: SELECT COUNT(*) AS tp_count FROM `problems` WHERE `category` = 2 LIMIT 1   [ RunTime:0.0010s ]
SQL: SELECT * FROM `problems` WHERE `category` = 2 LIMIT 0,20   [ RunTime:0.0000s ]
INFO: [ view_parse ] --START--
INFO: [ template_filter ] --START--
INFO: Run Behavior\ContentReplaceBehavior [ RunTime:0.000000s ]
INFO: [ template_filter ] --END-- [ RunTime:0.000000s ]
NOTIC: [8] Undefined variable: cates D:\xampp\htdocs\tp\Application\Runtime\Cache\Home\72653c5b98bacce026832b51aa92934a.php 第 112 行.
NOTIC: [8] Undefined variable: cates D:\xampp\htdocs\tp\Application\Runtime\Cache\Home\72653c5b98bacce026832b51aa92934a.php 第 112 行.
NOTIC: [8] Undefined variable: cates D:\xampp\htdocs\tp\Application\Runtime\Cache\Home\72653c5b98bacce026832b51aa92934a.php 第 112 行.
NOTIC: [8] Undefined variable: cates D:\xampp\htdocs\tp\Application\Runtime\Cache\Home\72653c5b98bacce026832b51aa92934a.php 第 112 行.
NOTIC: [8] Undefined variable: cates D:\xampp\htdocs\tp\Application\Runtime\Cache\Home\72653c5b98bacce026832b51aa92934a.php 第 112 行.
NOTIC: [8] Undefined variable: cates D:\xampp\htdocs\tp\Application\Runtime\Cache\Home\72653c5b98bacce026832b51aa92934a.php 第 112 行.
NOTIC: [8] Undefined variable: cates D:\xampp\htdocs\tp\Application\Runtime\Cache\Home\72653c5b98bacce026832b51aa92934a.php 第 112 行.
NOTIC: [8] Undefined variable: count D:\xampp\htdocs\tp\Application\Runtime\Cache\Home\72653c5b98bacce026832b51aa92934a.php 第 117 行.
INFO: Run Behavior\ParseTemplateBehavior [ RunTime:0.008000s ]
INFO: [ view_parse ] --END-- [ RunTime:0.008000s ]
INFO: [ view_filter ] --START--
INFO: Run Behavior\WriteHtmlCacheBehavior [ RunTime:0.000000s ]
INFO: [ view_filter ] --END-- [ RunTime:0.000000s ]
INFO: [ app_end ] --START--
INFO: Run Behavior\ShowPageTraceBehavior [ RunTime:0.000000s ]
INFO: [ app_end ] --END-- [ RunTime:0.000000s ]

[ 2015-12-21T17:01:35+08:00 ] ::1 /tp/index.php/Home/index/lists.html?category=3
INFO: [ app_init ] --START--
INFO: Run Behavior\BuildLiteBehavior [ RunTime:0.000000s ]
INFO: [ app_init ] --END-- [ RunTime:0.000000s ]
INFO: [ app_begin ] --START--
INFO: Run Behavior\ReadHtmlCacheBehavior [ RunTime:0.001000s ]
INFO: [ app_begin ] --END-- [ RunTime:0.001000s ]
SQL: SHOW COLUMNS FROM `problems` [ RunTime:0.0030s ]
SQL: SELECT COUNT(*) AS tp_count FROM `problems` WHERE `category` = 3 LIMIT 1   [ RunTime:0.0010s ]
SQL: SELECT * FROM `problems` WHERE `category` = 3 LIMIT 0,20   [ RunTime:0.0000s ]
INFO: [ view_parse ] --START--
INFO: [ template_filter ] --START--
INFO: Run Behavior\ContentReplaceBehavior [ RunTime:0.000000s ]
INFO: [ template_filter ] --END-- [ RunTime:0.000000s ]
NOTIC: [8] Undefined variable: cates D:\xampp\htdocs\tp\Application\Runtime\Cache\Home\72653c5b98bacce026832b51aa92934a.php 第 112 行.
NOTIC: [8] Undefined variable: cates D:\xampp\htdocs\tp\Application\Runtime\Cache\Home\72653c5b98bacce026832b51aa92934a.php 第 112 行.
NOTIC: [8] Undefined variable: cates D:\xampp\htdocs\tp\Application\Runtime\Cache\Home\72653c5b98bacce026832b51aa92934a.php 第 112 行.
NOTIC: [8] Undefined variable: cates D:\xampp\htdocs\tp\Application\Runtime\Cache\Home\72653c5b98bacce026832b51aa92934a.php 第 112 行.
NOTIC: [8] Undefined variable: cates D:\xampp\htdocs\tp\Application\Runtime\Cache\Home\72653c5b98bacce026832b51aa92934a.php 第 112 行.
NOTIC: [8] Undefined variable: cates D:\xampp\htdocs\tp\Application\Runtime\Cache\Home\72653c5b98bacce026832b51aa92934a.php 第 112 行.
NOTIC: [8] Undefined variable: cates D:\xampp\htdocs\tp\Application\Runtime\Cache\Home\72653c5b98bacce026832b51aa92934a.php 第 112 行.
NOTIC: [8] Undefined variable: count D:\xampp\htdocs\tp\Application\Runtime\Cache\Home\72653c5b98bacce026832b51aa92934a.php 第 117 行.
INFO: Run Behavior\ParseTemplateBehavior [ RunTime:0.009001s ]
INFO: [ view_parse ] --END-- [ RunTime:0.009001s ]
INFO: [ view_filter ] --START--
INFO: Run Behavior\WriteHtmlCacheBehavior [ RunTime:0.001000s ]
INFO: [ view_filter ] --END-- [ RunTime:0.001000s ]
INFO: [ app_end ] --START--
INFO: Run Behavior\ShowPageTraceBehavior [ RunTime:0.000000s ]
INFO: [ app_end ] --END-- [ RunTime:0.000000s ]

[ 2015-12-21T17:01:37+08:00 ] ::1 /tp/index.php/Home/index/lists.html?category=5
INFO: [ app_init ] --START--
INFO: Run Behavior\BuildLiteBehavior [ RunTime:0.000000s ]
INFO: [ app_init ] --END-- [ RunTime:0.000000s ]
INFO: [ app_begin ] --START--
INFO: Run Behavior\ReadHtmlCacheBehavior [ RunTime:0.000000s ]
INFO: [ app_begin ] --END-- [ RunTime:0.000000s ]
SQL: SHOW COLUMNS FROM `problems` [ RunTime:0.0020s ]
SQL: SELECT COUNT(*) AS tp_count FROM `problems` WHERE `category` = 5 LIMIT 1   [ RunTime:0.0000s ]
SQL: SELECT * FROM `problems` WHERE `category` = 5 LIMIT 0,20   [ RunTime:0.0000s ]
INFO: [ view_parse ] --START--
INFO: [ template_filter ] --START--
INFO: Run Behavior\ContentReplaceBehavior [ RunTime:0.000000s ]
INFO: [ template_filter ] --END-- [ RunTime:0.000000s ]
NOTIC: [8] Undefined variable: cates D:\xampp\htdocs\tp\Application\Runtime\Cache\Home\72653c5b98bacce026832b51aa92934a.php 第 112 行.
NOTIC: [8] Undefined variable: cates D:\xampp\htdocs\tp\Application\Runtime\Cache\Home\72653c5b98bacce026832b51aa92934a.php 第 112 行.
NOTIC: [8] Undefined variable: cates D:\xampp\htdocs\tp\Application\Runtime\Cache\Home\72653c5b98bacce026832b51aa92934a.php 第 112 行.
NOTIC: [8] Undefined variable: cates D:\xampp\htdocs\tp\Application\Runtime\Cache\Home\72653c5b98bacce026832b51aa92934a.php 第 112 行.
NOTIC: [8] Undefined variable: cates D:\xampp\htdocs\tp\Application\Runtime\Cache\Home\72653c5b98bacce026832b51aa92934a.php 第 112 行.
NOTIC: [8] Undefined variable: cates D:\xampp\htdocs\tp\Application\Runtime\Cache\Home\72653c5b98bacce026832b51aa92934a.php 第 112 行.
NOTIC: [8] Undefined variable: cates D:\xampp\htdocs\tp\Application\Runtime\Cache\Home\72653c5b98bacce026832b51aa92934a.php 第 112 行.
NOTIC: [8] Undefined variable: count D:\xampp\htdocs\tp\Application\Runtime\Cache\Home\72653c5b98bacce026832b51aa92934a.php 第 117 行.
INFO: Run Behavior\ParseTemplateBehavior [ RunTime:0.007000s ]
INFO: [ view_parse ] --END-- [ RunTime:0.007000s ]
INFO: [ view_filter ] --START--
INFO: Run Behavior\WriteHtmlCacheBehavior [ RunTime:0.001000s ]
INFO: [ view_filter ] --END-- [ RunTime:0.001000s ]
INFO: [ app_end ] --START--
INFO: Run Behavior\ShowPageTraceBehavior [ RunTime:0.000000s ]
INFO: [ app_end ] --END-- [ RunTime:0.000000s ]

[ 2015-12-21T17:01:38+08:00 ] ::1 /tp/index.php/Home/index/lists.html?category=6
INFO: [ app_init ] --START--
INFO: Run Behavior\BuildLiteBehavior [ RunTime:0.000000s ]
INFO: [ app_init ] --END-- [ RunTime:0.000000s ]
INFO: [ app_begin ] --START--
INFO: Run Behavior\ReadHtmlCacheBehavior [ RunTime:0.001000s ]
INFO: [ app_begin ] --END-- [ RunTime:0.001000s ]
SQL: SHOW COLUMNS FROM `problems` [ RunTime:0.0020s ]
SQL: SELECT COUNT(*) AS tp_count FROM `problems` WHERE `category` = 6 LIMIT 1   [ RunTime:0.0010s ]
SQL: SELECT * FROM `problems` WHERE `category` = 6 LIMIT 0,20   [ RunTime:0.0000s ]
INFO: [ view_parse ] --START--
INFO: [ template_filter ] --START--
INFO: Run Behavior\ContentReplaceBehavior [ RunTime:0.000000s ]
INFO: [ template_filter ] --END-- [ RunTime:0.000000s ]
NOTIC: [8] Undefined variable: cates D:\xampp\htdocs\tp\Application\Runtime\Cache\Home\72653c5b98bacce026832b51aa92934a.php 第 112 行.
NOTIC: [8] Undefined variable: cates D:\xampp\htdocs\tp\Application\Runtime\Cache\Home\72653c5b98bacce026832b51aa92934a.php 第 112 行.
NOTIC: [8] Undefined variable: cates D:\xampp\htdocs\tp\Application\Runtime\Cache\Home\72653c5b98bacce026832b51aa92934a.php 第 112 行.
NOTIC: [8] Undefined variable: cates D:\xampp\htdocs\tp\Application\Runtime\Cache\Home\72653c5b98bacce026832b51aa92934a.php 第 112 行.
NOTIC: [8] Undefined variable: cates D:\xampp\htdocs\tp\Application\Runtime\Cache\Home\72653c5b98bacce026832b51aa92934a.php 第 112 行.
NOTIC: [8] Undefined variable: cates D:\xampp\htdocs\tp\Application\Runtime\Cache\Home\72653c5b98bacce026832b51aa92934a.php 第 112 行.
NOTIC: [8] Undefined variable: cates D:\xampp\htdocs\tp\Application\Runtime\Cache\Home\72653c5b98bacce026832b51aa92934a.php 第 112 行.
NOTIC: [8] Undefined variable: count D:\xampp\htdocs\tp\Application\Runtime\Cache\Home\72653c5b98bacce026832b51aa92934a.php 第 117 行.
INFO: Run Behavior\ParseTemplateBehavior [ RunTime:0.008000s ]
INFO: [ view_parse ] --END-- [ RunTime:0.008000s ]
INFO: [ view_filter ] --START--
INFO: Run Behavior\WriteHtmlCacheBehavior [ RunTime:0.000000s ]
INFO: [ view_filter ] --END-- [ RunTime:0.000000s ]
INFO: [ app_end ] --START--
INFO: Run Behavior\ShowPageTraceBehavior [ RunTime:0.001001s ]
INFO: [ app_end ] --END-- [ RunTime:0.001001s ]

[ 2015-12-21T17:01:39+08:00 ] ::1 /tp/index.php/Home/index/lists.html?category=2
INFO: [ app_init ] --START--
INFO: Run Behavior\BuildLiteBehavior [ RunTime:0.000000s ]
INFO: [ app_init ] --END-- [ RunTime:0.001000s ]
INFO: [ app_begin ] --START--
INFO: Run Behavior\ReadHtmlCacheBehavior [ RunTime:0.002000s ]
INFO: [ app_begin ] --END-- [ RunTime:0.002000s ]
SQL: SHOW COLUMNS FROM `problems` [ RunTime:0.0020s ]
SQL: SELECT COUNT(*) AS tp_count FROM `problems` WHERE `category` = 2 LIMIT 1   [ RunTime:0.0000s ]
SQL: SELECT * FROM `problems` WHERE `category` = 2 LIMIT 0,20   [ RunTime:0.0010s ]
INFO: [ view_parse ] --START--
INFO: [ template_filter ] --START--
INFO: Run Behavior\ContentReplaceBehavior [ RunTime:0.000000s ]
INFO: [ template_filter ] --END-- [ RunTime:0.000000s ]
NOTIC: [8] Undefined variable: cates D:\xampp\htdocs\tp\Application\Runtime\Cache\Home\72653c5b98bacce026832b51aa92934a.php 第 112 行.
NOTIC: [8] Undefined variable: cates D:\xampp\htdocs\tp\Application\Runtime\Cache\Home\72653c5b98bacce026832b51aa92934a.php 第 112 行.
NOTIC: [8] Undefined variable: cates D:\xampp\htdocs\tp\Application\Runtime\Cache\Home\72653c5b98bacce026832b51aa92934a.php 第 112 行.
NOTIC: [8] Undefined variable: cates D:\xampp\htdocs\tp\Application\Runtime\Cache\Home\72653c5b98bacce026832b51aa92934a.php 第 112 行.
NOTIC: [8] Undefined variable: cates D:\xampp\htdocs\tp\Application\Runtime\Cache\Home\72653c5b98bacce026832b51aa92934a.php 第 112 行.
NOTIC: [8] Undefined variable: cates D:\xampp\htdocs\tp\Application\Runtime\Cache\Home\72653c5b98bacce026832b51aa92934a.php 第 112 行.
NOTIC: [8] Undefined variable: cates D:\xampp\htdocs\tp\Application\Runtime\Cache\Home\72653c5b98bacce026832b51aa92934a.php 第 112 行.
NOTIC: [8] Undefined variable: count D:\xampp\htdocs\tp\Application\Runtime\Cache\Home\72653c5b98bacce026832b51aa92934a.php 第 117 行.
INFO: Run Behavior\ParseTemplateBehavior [ RunTime:0.007001s ]
INFO: [ view_parse ] --END-- [ RunTime:0.007001s ]
INFO: [ view_filter ] --START--
INFO: Run Behavior\WriteHtmlCacheBehavior [ RunTime:0.000000s ]
INFO: [ view_filter ] --END-- [ RunTime:0.000000s ]
INFO: [ app_end ] --START--
INFO: Run Behavior\ShowPageTraceBehavior [ RunTime:0.001000s ]
INFO: [ app_end ] --END-- [ RunTime:0.001000s ]

[ 2015-12-21T17:01:39+08:00 ] ::1 /tp/index.php/Home/index/lists.html?category=1
INFO: [ app_init ] --START--
INFO: Run Behavior\BuildLiteBehavior [ RunTime:0.000000s ]
INFO: [ app_init ] --END-- [ RunTime:0.001000s ]
INFO: [ app_begin ] --START--
INFO: Run Behavior\ReadHtmlCacheBehavior [ RunTime:0.001000s ]
INFO: [ app_begin ] --END-- [ RunTime:0.001000s ]
SQL: SHOW COLUMNS FROM `problems` [ RunTime:0.0010s ]
SQL: SELECT COUNT(*) AS tp_count FROM `problems` WHERE `category` = 1 LIMIT 1   [ RunTime:0.0010s ]
SQL: SELECT * FROM `problems` WHERE `category` = 1 LIMIT 0,20   [ RunTime:0.0000s ]
INFO: [ view_parse ] --START--
INFO: [ template_filter ] --START--
INFO: Run Behavior\ContentReplaceBehavior [ RunTime:0.000000s ]
INFO: [ template_filter ] --END-- [ RunTime:0.000000s ]
NOTIC: [8] Undefined variable: cates D:\xampp\htdocs\tp\Application\Runtime\Cache\Home\72653c5b98bacce026832b51aa92934a.php 第 112 行.
NOTIC: [8] Undefined variable: cates D:\xampp\htdocs\tp\Application\Runtime\Cache\Home\72653c5b98bacce026832b51aa92934a.php 第 112 行.
NOTIC: [8] Undefined variable: cates D:\xampp\htdocs\tp\Application\Runtime\Cache\Home\72653c5b98bacce026832b51aa92934a.php 第 112 行.
NOTIC: [8] Undefined variable: cates D:\xampp\htdocs\tp\Application\Runtime\Cache\Home\72653c5b98bacce026832b51aa92934a.php 第 112 行.
NOTIC: [8] Undefined variable: cates D:\xampp\htdocs\tp\Application\Runtime\Cache\Home\72653c5b98bacce026832b51aa92934a.php 第 112 行.
NOTIC: [8] Undefined variable: cates D:\xampp\htdocs\tp\Application\Runtime\Cache\Home\72653c5b98bacce026832b51aa92934a.php 第 112 行.
NOTIC: [8] Undefined variable: cates D:\xampp\htdocs\tp\Application\Runtime\Cache\Home\72653c5b98bacce026832b51aa92934a.php 第 112 行.
NOTIC: [8] Undefined variable: count D:\xampp\htdocs\tp\Application\Runtime\Cache\Home\72653c5b98bacce026832b51aa92934a.php 第 117 行.
INFO: Run Behavior\ParseTemplateBehavior [ RunTime:0.007000s ]
INFO: [ view_parse ] --END-- [ RunTime:0.007000s ]
INFO: [ view_filter ] --START--
INFO: Run Behavior\WriteHtmlCacheBehavior [ RunTime:0.000000s ]
INFO: [ view_filter ] --END-- [ RunTime:0.000000s ]
INFO: [ app_end ] --START--
INFO: Run Behavior\ShowPageTraceBehavior [ RunTime:0.001000s ]
INFO: [ app_end ] --END-- [ RunTime:0.001000s ]

[ 2015-12-21T17:01:41+08:00 ] ::1 /tp/index.php/Home/index/lists.html?category=2
INFO: [ app_init ] --START--
INFO: Run Behavior\BuildLiteBehavior [ RunTime:0.000000s ]
INFO: [ app_init ] --END-- [ RunTime:0.001000s ]
INFO: [ app_begin ] --START--
INFO: Run Behavior\ReadHtmlCacheBehavior [ RunTime:0.001000s ]
INFO: [ app_begin ] --END-- [ RunTime:0.001000s ]
SQL: SHOW COLUMNS FROM `problems` [ RunTime:0.0020s ]
SQL: SELECT COUNT(*) AS tp_count FROM `problems` WHERE `category` = 2 LIMIT 1   [ RunTime:0.0010s ]
SQL: SELECT * FROM `problems` WHERE `category` = 2 LIMIT 0,20   [ RunTime:0.0000s ]
INFO: [ view_parse ] --START--
INFO: [ template_filter ] --START--
INFO: Run Behavior\ContentReplaceBehavior [ RunTime:0.000000s ]
INFO: [ template_filter ] --END-- [ RunTime:0.000000s ]
NOTIC: [8] Undefined variable: cates D:\xampp\htdocs\tp\Application\Runtime\Cache\Home\72653c5b98bacce026832b51aa92934a.php 第 112 行.
NOTIC: [8] Undefined variable: cates D:\xampp\htdocs\tp\Application\Runtime\Cache\Home\72653c5b98bacce026832b51aa92934a.php 第 112 行.
NOTIC: [8] Undefined variable: cates D:\xampp\htdocs\tp\Application\Runtime\Cache\Home\72653c5b98bacce026832b51aa92934a.php 第 112 行.
NOTIC: [8] Undefined variable: cates D:\xampp\htdocs\tp\Application\Runtime\Cache\Home\72653c5b98bacce026832b51aa92934a.php 第 112 行.
NOTIC: [8] Undefined variable: cates D:\xampp\htdocs\tp\Application\Runtime\Cache\Home\72653c5b98bacce026832b51aa92934a.php 第 112 行.
NOTIC: [8] Undefined variable: cates D:\xampp\htdocs\tp\Application\Runtime\Cache\Home\72653c5b98bacce026832b51aa92934a.php 第 112 行.
NOTIC: [8] Undefined variable: cates D:\xampp\htdocs\tp\Application\Runtime\Cache\Home\72653c5b98bacce026832b51aa92934a.php 第 112 行.
NOTIC: [8] Undefined variable: count D:\xampp\htdocs\tp\Application\Runtime\Cache\Home\72653c5b98bacce026832b51aa92934a.php 第 117 行.
INFO: Run Behavior\ParseTemplateBehavior [ RunTime:0.009000s ]
INFO: [ view_parse ] --END-- [ RunTime:0.009000s ]
INFO: [ view_filter ] --START--
INFO: Run Behavior\WriteHtmlCacheBehavior [ RunTime:0.000000s ]
INFO: [ view_filter ] --END-- [ RunTime:0.000000s ]
INFO: [ app_end ] --START--
INFO: Run Behavior\ShowPageTraceBehavior [ RunTime:0.000000s ]
INFO: [ app_end ] --END-- [ RunTime:0.000000s ]

[ 2015-12-21T17:01:42+08:00 ] ::1 /tp/index.php/Home/index/lists.html?category=3
INFO: [ app_init ] --START--
INFO: Run Behavior\BuildLiteBehavior [ RunTime:0.000000s ]
INFO: [ app_init ] --END-- [ RunTime:0.000000s ]
INFO: [ app_begin ] --START--
INFO: Run Behavior\ReadHtmlCacheBehavior [ RunTime:0.000000s ]
INFO: [ app_begin ] --END-- [ RunTime:0.000000s ]
SQL: SHOW COLUMNS FROM `problems` [ RunTime:0.0010s ]
SQL: SELECT COUNT(*) AS tp_count FROM `problems` WHERE `category` = 3 LIMIT 1   [ RunTime:0.0000s ]
SQL: SELECT * FROM `problems` WHERE `category` = 3 LIMIT 0,20   [ RunTime:0.0000s ]
INFO: [ view_parse ] --START--
INFO: [ template_filter ] --START--
INFO: Run Behavior\ContentReplaceBehavior [ RunTime:0.000000s ]
INFO: [ template_filter ] --END-- [ RunTime:0.000000s ]
NOTIC: [8] Undefined variable: cates D:\xampp\htdocs\tp\Application\Runtime\Cache\Home\72653c5b98bacce026832b51aa92934a.php 第 112 行.
NOTIC: [8] Undefined variable: cates D:\xampp\htdocs\tp\Application\Runtime\Cache\Home\72653c5b98bacce026832b51aa92934a.php 第 112 行.
NOTIC: [8] Undefined variable: cates D:\xampp\htdocs\tp\Application\Runtime\Cache\Home\72653c5b98bacce026832b51aa92934a.php 第 112 行.
NOTIC: [8] Undefined variable: cates D:\xampp\htdocs\tp\Application\Runtime\Cache\Home\72653c5b98bacce026832b51aa92934a.php 第 112 行.
NOTIC: [8] Undefined variable: cates D:\xampp\htdocs\tp\Application\Runtime\Cache\Home\72653c5b98bacce026832b51aa92934a.php 第 112 行.
NOTIC: [8] Undefined variable: cates D:\xampp\htdocs\tp\Application\Runtime\Cache\Home\72653c5b98bacce026832b51aa92934a.php 第 112 行.
NOTIC: [8] Undefined variable: cates D:\xampp\htdocs\tp\Application\Runtime\Cache\Home\72653c5b98bacce026832b51aa92934a.php 第 112 行.
NOTIC: [8] Undefined variable: count D:\xampp\htdocs\tp\Application\Runtime\Cache\Home\72653c5b98bacce026832b51aa92934a.php 第 117 行.
INFO: Run Behavior\ParseTemplateBehavior [ RunTime:0.007000s ]
INFO: [ view_parse ] --END-- [ RunTime:0.007000s ]
INFO: [ view_filter ] --START--
INFO: Run Behavior\WriteHtmlCacheBehavior [ RunTime:0.001000s ]
INFO: [ view_filter ] --END-- [ RunTime:0.001000s ]
INFO: [ app_end ] --START--
INFO: Run Behavior\ShowPageTraceBehavior [ RunTime:0.000000s ]
INFO: [ app_end ] --END-- [ RunTime:0.000000s ]

[ 2015-12-21T17:01:42+08:00 ] ::1 /tp/index.php/Home/index/lists.html?category=4
INFO: [ app_init ] --START--
INFO: Run Behavior\BuildLiteBehavior [ RunTime:0.000000s ]
INFO: [ app_init ] --END-- [ RunTime:0.001000s ]
INFO: [ app_begin ] --START--
INFO: Run Behavior\ReadHtmlCacheBehavior [ RunTime:0.001000s ]
INFO: [ app_begin ] --END-- [ RunTime:0.001000s ]
SQL: SHOW COLUMNS FROM `problems` [ RunTime:0.0010s ]
SQL: SELECT COUNT(*) AS tp_count FROM `problems` WHERE `category` = 4 LIMIT 1   [ RunTime:0.0000s ]
SQL: SELECT * FROM `problems` WHERE `category` = 4 LIMIT 0,20   [ RunTime:0.0010s ]
INFO: [ view_parse ] --START--
INFO: [ template_filter ] --START--
INFO: Run Behavior\ContentReplaceBehavior [ RunTime:0.000000s ]
INFO: [ template_filter ] --END-- [ RunTime:0.000000s ]
NOTIC: [8] Undefined variable: cates D:\xampp\htdocs\tp\Application\Runtime\Cache\Home\72653c5b98bacce026832b51aa92934a.php 第 112 行.
NOTIC: [8] Undefined variable: cates D:\xampp\htdocs\tp\Application\Runtime\Cache\Home\72653c5b98bacce026832b51aa92934a.php 第 112 行.
NOTIC: [8] Undefined variable: cates D:\xampp\htdocs\tp\Application\Runtime\Cache\Home\72653c5b98bacce026832b51aa92934a.php 第 112 行.
NOTIC: [8] Undefined variable: cates D:\xampp\htdocs\tp\Application\Runtime\Cache\Home\72653c5b98bacce026832b51aa92934a.php 第 112 行.
NOTIC: [8] Undefined variable: cates D:\xampp\htdocs\tp\Application\Runtime\Cache\Home\72653c5b98bacce026832b51aa92934a.php 第 112 行.
NOTIC: [8] Undefined variable: cates D:\xampp\htdocs\tp\Application\Runtime\Cache\Home\72653c5b98bacce026832b51aa92934a.php 第 112 行.
NOTIC: [8] Undefined variable: cates D:\xampp\htdocs\tp\Application\Runtime\Cache\Home\72653c5b98bacce026832b51aa92934a.php 第 112 行.
NOTIC: [8] Undefined variable: count D:\xampp\htdocs\tp\Application\Runtime\Cache\Home\72653c5b98bacce026832b51aa92934a.php 第 117 行.
INFO: Run Behavior\ParseTemplateBehavior [ RunTime:0.007001s ]
INFO: [ view_parse ] --END-- [ RunTime:0.007001s ]
INFO: [ view_filter ] --START--
INFO: Run Behavior\WriteHtmlCacheBehavior [ RunTime:0.000000s ]
INFO: [ view_filter ] --END-- [ RunTime:0.000000s ]
INFO: [ app_end ] --START--
INFO: Run Behavior\ShowPageTraceBehavior [ RunTime:0.001000s ]
INFO: [ app_end ] --END-- [ RunTime:0.001000s ]

[ 2015-12-21T17:01:43+08:00 ] ::1 /tp/index.php/Home/index/lists.html?category=5
INFO: [ app_init ] --START--
INFO: Run Behavior\BuildLiteBehavior [ RunTime:0.000000s ]
INFO: [ app_init ] --END-- [ RunTime:0.001000s ]
INFO: [ app_begin ] --START--
INFO: Run Behavior\ReadHtmlCacheBehavior [ RunTime:0.000000s ]
INFO: [ app_begin ] --END-- [ RunTime:0.001000s ]
SQL: SHOW COLUMNS FROM `problems` [ RunTime:0.0020s ]
SQL: SELECT COUNT(*) AS tp_count FROM `problems` WHERE `category` = 5 LIMIT 1   [ RunTime:0.0000s ]
SQL: SELECT * FROM `problems` WHERE `category` = 5 LIMIT 0,20   [ RunTime:0.0000s ]
INFO: [ view_parse ] --START--
INFO: [ template_filter ] --START--
INFO: Run Behavior\ContentReplaceBehavior [ RunTime:0.000000s ]
INFO: [ template_filter ] --END-- [ RunTime:0.000000s ]
NOTIC: [8] Undefined variable: cates D:\xampp\htdocs\tp\Application\Runtime\Cache\Home\72653c5b98bacce026832b51aa92934a.php 第 112 行.
NOTIC: [8] Undefined variable: cates D:\xampp\htdocs\tp\Application\Runtime\Cache\Home\72653c5b98bacce026832b51aa92934a.php 第 112 行.
NOTIC: [8] Undefined variable: cates D:\xampp\htdocs\tp\Application\Runtime\Cache\Home\72653c5b98bacce026832b51aa92934a.php 第 112 行.
NOTIC: [8] Undefined variable: cates D:\xampp\htdocs\tp\Application\Runtime\Cache\Home\72653c5b98bacce026832b51aa92934a.php 第 112 行.
NOTIC: [8] Undefined variable: cates D:\xampp\htdocs\tp\Application\Runtime\Cache\Home\72653c5b98bacce026832b51aa92934a.php 第 112 行.
NOTIC: [8] Undefined variable: cates D:\xampp\htdocs\tp\Application\Runtime\Cache\Home\72653c5b98bacce026832b51aa92934a.php 第 112 行.
NOTIC: [8] Undefined variable: cates D:\xampp\htdocs\tp\Application\Runtime\Cache\Home\72653c5b98bacce026832b51aa92934a.php 第 112 行.
NOTIC: [8] Undefined variable: count D:\xampp\htdocs\tp\Application\Runtime\Cache\Home\72653c5b98bacce026832b51aa92934a.php 第 117 行.
INFO: Run Behavior\ParseTemplateBehavior [ RunTime:0.007000s ]
INFO: [ view_parse ] --END-- [ RunTime:0.007000s ]
INFO: [ view_filter ] --START--
INFO: Run Behavior\WriteHtmlCacheBehavior [ RunTime:0.000000s ]
INFO: [ view_filter ] --END-- [ RunTime:0.001000s ]
INFO: [ app_end ] --START--
INFO: Run Behavior\ShowPageTraceBehavior [ RunTime:0.000000s ]
INFO: [ app_end ] --END-- [ RunTime:0.000000s ]

[ 2015-12-21T17:01:43+08:00 ] ::1 /tp/index.php/Home/index/lists.html?category=6
INFO: [ app_init ] --START--
INFO: Run Behavior\BuildLiteBehavior [ RunTime:0.000000s ]
INFO: [ app_init ] --END-- [ RunTime:0.000000s ]
INFO: [ app_begin ] --START--
INFO: Run Behavior\ReadHtmlCacheBehavior [ RunTime:0.001000s ]
INFO: [ app_begin ] --END-- [ RunTime:0.001000s ]
SQL: SHOW COLUMNS FROM `problems` [ RunTime:0.0020s ]
SQL: SELECT COUNT(*) AS tp_count FROM `problems` WHERE `category` = 6 LIMIT 1   [ RunTime:0.0000s ]
SQL: SELECT * FROM `problems` WHERE `category` = 6 LIMIT 0,20   [ RunTime:0.0010s ]
INFO: [ view_parse ] --START--
INFO: [ template_filter ] --START--
INFO: Run Behavior\ContentReplaceBehavior [ RunTime:0.000000s ]
INFO: [ template_filter ] --END-- [ RunTime:0.000000s ]
NOTIC: [8] Undefined variable: cates D:\xampp\htdocs\tp\Application\Runtime\Cache\Home\72653c5b98bacce026832b51aa92934a.php 第 112 行.
NOTIC: [8] Undefined variable: cates D:\xampp\htdocs\tp\Application\Runtime\Cache\Home\72653c5b98bacce026832b51aa92934a.php 第 112 行.
NOTIC: [8] Undefined variable: cates D:\xampp\htdocs\tp\Application\Runtime\Cache\Home\72653c5b98bacce026832b51aa92934a.php 第 112 行.
NOTIC: [8] Undefined variable: cates D:\xampp\htdocs\tp\Application\Runtime\Cache\Home\72653c5b98bacce026832b51aa92934a.php 第 112 行.
NOTIC: [8] Undefined variable: cates D:\xampp\htdocs\tp\Application\Runtime\Cache\Home\72653c5b98bacce026832b51aa92934a.php 第 112 行.
NOTIC: [8] Undefined variable: cates D:\xampp\htdocs\tp\Application\Runtime\Cache\Home\72653c5b98bacce026832b51aa92934a.php 第 112 行.
NOTIC: [8] Undefined variable: cates D:\xampp\htdocs\tp\Application\Runtime\Cache\Home\72653c5b98bacce026832b51aa92934a.php 第 112 行.
NOTIC: [8] Undefined variable: count D:\xampp\htdocs\tp\Application\Runtime\Cache\Home\72653c5b98bacce026832b51aa92934a.php 第 117 行.
INFO: Run Behavior\ParseTemplateBehavior [ RunTime:0.008001s ]
INFO: [ view_parse ] --END-- [ RunTime:0.008001s ]
INFO: [ view_filter ] --START--
INFO: Run Behavior\WriteHtmlCacheBehavior [ RunTime:0.000000s ]
INFO: [ view_filter ] --END-- [ RunTime:0.000000s ]
INFO: [ app_end ] --START--
INFO: Run Behavior\ShowPageTraceBehavior [ RunTime:0.001000s ]
INFO: [ app_end ] --END-- [ RunTime:0.001000s ]

[ 2015-12-21T17:01:45+08:00 ] ::1 /tp/index.php/Home/index/lists.html?category=6
INFO: [ app_init ] --START--
INFO: Run Behavior\BuildLiteBehavior [ RunTime:0.000000s ]
INFO: [ app_init ] --END-- [ RunTime:0.000000s ]
INFO: [ app_begin ] --START--
INFO: Run Behavior\ReadHtmlCacheBehavior [ RunTime:0.001000s ]
INFO: [ app_begin ] --END-- [ RunTime:0.001000s ]
SQL: SHOW COLUMNS FROM `problems` [ RunTime:0.0020s ]
SQL: SELECT COUNT(*) AS tp_count FROM `problems` WHERE `category` = 6 LIMIT 1   [ RunTime:0.0010s ]
SQL: SELECT * FROM `problems` WHERE `category` = 6 LIMIT 0,20   [ RunTime:0.0000s ]
INFO: [ view_parse ] --START--
INFO: [ template_filter ] --START--
INFO: Run Behavior\ContentReplaceBehavior [ RunTime:0.000000s ]
INFO: [ template_filter ] --END-- [ RunTime:0.000000s ]
NOTIC: [8] Undefined variable: cates D:\xampp\htdocs\tp\Application\Runtime\Cache\Home\72653c5b98bacce026832b51aa92934a.php 第 112 行.
NOTIC: [8] Undefined variable: cates D:\xampp\htdocs\tp\Application\Runtime\Cache\Home\72653c5b98bacce026832b51aa92934a.php 第 112 行.
NOTIC: [8] Undefined variable: cates D:\xampp\htdocs\tp\Application\Runtime\Cache\Home\72653c5b98bacce026832b51aa92934a.php 第 112 行.
NOTIC: [8] Undefined variable: cates D:\xampp\htdocs\tp\Application\Runtime\Cache\Home\72653c5b98bacce026832b51aa92934a.php 第 112 行.
NOTIC: [8] Undefined variable: cates D:\xampp\htdocs\tp\Application\Runtime\Cache\Home\72653c5b98bacce026832b51aa92934a.php 第 112 行.
NOTIC: [8] Undefined variable: cates D:\xampp\htdocs\tp\Application\Runtime\Cache\Home\72653c5b98bacce026832b51aa92934a.php 第 112 行.
NOTIC: [8] Undefined variable: cates D:\xampp\htdocs\tp\Application\Runtime\Cache\Home\72653c5b98bacce026832b51aa92934a.php 第 112 行.
NOTIC: [8] Undefined variable: count D:\xampp\htdocs\tp\Application\Runtime\Cache\Home\72653c5b98bacce026832b51aa92934a.php 第 117 行.
INFO: Run Behavior\ParseTemplateBehavior [ RunTime:0.010001s ]
INFO: [ view_parse ] --END-- [ RunTime:0.010001s ]
INFO: [ view_filter ] --START--
INFO: Run Behavior\WriteHtmlCacheBehavior [ RunTime:0.000000s ]
INFO: [ view_filter ] --END-- [ RunTime:0.000000s ]
INFO: [ app_end ] --START--
INFO: Run Behavior\ShowPageTraceBehavior [ RunTime:0.001000s ]
INFO: [ app_end ] --END-- [ RunTime:0.001000s ]

[ 2015-12-21T17:01:47+08:00 ] ::1 /tp/index.php/Home/index/lists.html?category=0
INFO: [ app_init ] --START--
INFO: Run Behavior\BuildLiteBehavior [ RunTime:0.000000s ]
INFO: [ app_init ] --END-- [ RunTime:0.001000s ]
INFO: [ app_begin ] --START--
INFO: Run Behavior\ReadHtmlCacheBehavior [ RunTime:0.001000s ]
INFO: [ app_begin ] --END-- [ RunTime:0.001000s ]
SQL: SHOW COLUMNS FROM `problems` [ RunTime:0.0020s ]
SQL: SELECT COUNT(*) AS tp_count FROM `problems` LIMIT 1   [ RunTime:0.0000s ]
SQL: SELECT * FROM `problems` LIMIT 0,20   [ RunTime:0.0000s ]
INFO: [ view_parse ] --START--
INFO: [ template_filter ] --START--
INFO: Run Behavior\ContentReplaceBehavior [ RunTime:0.000000s ]
INFO: [ template_filter ] --END-- [ RunTime:0.000000s ]
NOTIC: [8] Undefined variable: cates D:\xampp\htdocs\tp\Application\Runtime\Cache\Home\72653c5b98bacce026832b51aa92934a.php 第 112 行.
NOTIC: [8] Undefined variable: cates D:\xampp\htdocs\tp\Application\Runtime\Cache\Home\72653c5b98bacce026832b51aa92934a.php 第 112 行.
NOTIC: [8] Undefined variable: cates D:\xampp\htdocs\tp\Application\Runtime\Cache\Home\72653c5b98bacce026832b51aa92934a.php 第 112 行.
NOTIC: [8] Undefined variable: cates D:\xampp\htdocs\tp\Application\Runtime\Cache\Home\72653c5b98bacce026832b51aa92934a.php 第 112 行.
NOTIC: [8] Undefined variable: cates D:\xampp\htdocs\tp\Application\Runtime\Cache\Home\72653c5b98bacce026832b51aa92934a.php 第 112 行.
NOTIC: [8] Undefined variable: cates D:\xampp\htdocs\tp\Application\Runtime\Cache\Home\72653c5b98bacce026832b51aa92934a.php 第 112 行.
NOTIC: [8] Undefined variable: cates D:\xampp\htdocs\tp\Application\Runtime\Cache\Home\72653c5b98bacce026832b51aa92934a.php 第 112 行.
NOTIC: [8] Undefined variable: count D:\xampp\htdocs\tp\Application\Runtime\Cache\Home\72653c5b98bacce026832b51aa92934a.php 第 117 行.
INFO: Run Behavior\ParseTemplateBehavior [ RunTime:0.008001s ]
INFO: [ view_parse ] --END-- [ RunTime:0.009001s ]
INFO: [ view_filter ] --START--
INFO: Run Behavior\WriteHtmlCacheBehavior [ RunTime:0.000000s ]
INFO: [ view_filter ] --END-- [ RunTime:0.000000s ]
INFO: [ app_end ] --START--
INFO: Run Behavior\ShowPageTraceBehavior [ RunTime:0.001000s ]
INFO: [ app_end ] --END-- [ RunTime:0.001000s ]

[ 2015-12-21T17:18:50+08:00 ] ::1 /tp/index.php/Home/index/lists.html?category=0
INFO: [ app_init ] --START--
INFO: Run Behavior\BuildLiteBehavior [ RunTime:0.000000s ]
INFO: [ app_init ] --END-- [ RunTime:0.001000s ]
INFO: [ app_begin ] --START--
INFO: Run Behavior\ReadHtmlCacheBehavior [ RunTime:0.001000s ]
INFO: [ app_begin ] --END-- [ RunTime:0.001000s ]
SQL: SHOW COLUMNS FROM `problems` [ RunTime:0.0030s ]
SQL: SELECT COUNT(*) AS tp_count FROM `problems` LIMIT 1   [ RunTime:0.0000s ]
SQL: SELECT * FROM `problems` LIMIT 0,20   [ RunTime:0.0010s ]
INFO: [ view_parse ] --START--
INFO: [ template_filter ] --START--
INFO: Run Behavior\ContentReplaceBehavior [ RunTime:0.000000s ]
INFO: [ template_filter ] --END-- [ RunTime:0.000000s ]
NOTIC: [8] Undefined variable: count D:\xampp\htdocs\tp\Application\Runtime\Cache\Home\72653c5b98bacce026832b51aa92934a.php 第 117 行.
INFO: Run Behavior\ParseTemplateBehavior [ RunTime:0.007000s ]
INFO: [ view_parse ] --END-- [ RunTime:0.007000s ]
INFO: [ view_filter ] --START--
INFO: Run Behavior\WriteHtmlCacheBehavior [ RunTime:0.000000s ]
INFO: [ view_filter ] --END-- [ RunTime:0.000000s ]
INFO: [ app_end ] --START--
INFO: Run Behavior\ShowPageTraceBehavior [ RunTime:0.001001s ]
INFO: [ app_end ] --END-- [ RunTime:0.001001s ]

[ 2015-12-21T17:18:51+08:00 ] ::1 /tp/index.php/Home/index/lists.html?category=1
INFO: [ app_init ] --START--
INFO: Run Behavior\BuildLiteBehavior [ RunTime:0.000000s ]
INFO: [ app_init ] --END-- [ RunTime:0.001000s ]
INFO: [ app_begin ] --START--
INFO: Run Behavior\ReadHtmlCacheBehavior [ RunTime:0.001000s ]
INFO: [ app_begin ] --END-- [ RunTime:0.001000s ]
SQL: SHOW COLUMNS FROM `problems` [ RunTime:0.0010s ]
SQL: SELECT COUNT(*) AS tp_count FROM `problems` WHERE `category` = 1 LIMIT 1   [ RunTime:0.0000s ]
SQL: SELECT * FROM `problems` WHERE `category` = 1 LIMIT 0,20   [ RunTime:0.0000s ]
INFO: [ view_parse ] --START--
INFO: [ template_filter ] --START--
INFO: Run Behavior\ContentReplaceBehavior [ RunTime:0.000000s ]
INFO: [ template_filter ] --END-- [ RunTime:0.001000s ]
NOTIC: [8] Undefined variable: count D:\xampp\htdocs\tp\Application\Runtime\Cache\Home\72653c5b98bacce026832b51aa92934a.php 第 117 行.
INFO: Run Behavior\ParseTemplateBehavior [ RunTime:0.007001s ]
INFO: [ view_parse ] --END-- [ RunTime:0.007001s ]
INFO: [ view_filter ] --START--
INFO: Run Behavior\WriteHtmlCacheBehavior [ RunTime:0.000000s ]
INFO: [ view_filter ] --END-- [ RunTime:0.000000s ]
INFO: [ app_end ] --START--
INFO: Run Behavior\ShowPageTraceBehavior [ RunTime:0.001000s ]
INFO: [ app_end ] --END-- [ RunTime:0.001000s ]

[ 2015-12-21T17:18:52+08:00 ] ::1 /tp/index.php/Home/index/lists.html?category=2
INFO: [ app_init ] --START--
INFO: Run Behavior\BuildLiteBehavior [ RunTime:0.000000s ]
INFO: [ app_init ] --END-- [ RunTime:0.000000s ]
INFO: [ app_begin ] --START--
INFO: Run Behavior\ReadHtmlCacheBehavior [ RunTime:0.001000s ]
INFO: [ app_begin ] --END-- [ RunTime:0.001000s ]
SQL: SHOW COLUMNS FROM `problems` [ RunTime:0.0020s ]
SQL: SELECT COUNT(*) AS tp_count FROM `problems` WHERE `category` = 2 LIMIT 1   [ RunTime:0.0000s ]
SQL: SELECT * FROM `problems` WHERE `category` = 2 LIMIT 0,20   [ RunTime:0.0000s ]
INFO: [ view_parse ] --START--
INFO: [ template_filter ] --START--
INFO: Run Behavior\ContentReplaceBehavior [ RunTime:0.000000s ]
INFO: [ template_filter ] --END-- [ RunTime:0.000000s ]
NOTIC: [8] Undefined variable: count D:\xampp\htdocs\tp\Application\Runtime\Cache\Home\72653c5b98bacce026832b51aa92934a.php 第 117 行.
INFO: Run Behavior\ParseTemplateBehavior [ RunTime:0.007000s ]
INFO: [ view_parse ] --END-- [ RunTime:0.007000s ]
INFO: [ view_filter ] --START--
INFO: Run Behavior\WriteHtmlCacheBehavior [ RunTime:0.001000s ]
INFO: [ view_filter ] --END-- [ RunTime:0.001000s ]
INFO: [ app_end ] --START--
INFO: Run Behavior\ShowPageTraceBehavior [ RunTime:0.001000s ]
INFO: [ app_end ] --END-- [ RunTime:0.001000s ]

[ 2015-12-21T17:18:52+08:00 ] ::1 /tp/index.php/Home/index/lists.html?category=3
INFO: [ app_init ] --START--
INFO: Run Behavior\BuildLiteBehavior [ RunTime:0.000000s ]
INFO: [ app_init ] --END-- [ RunTime:0.001000s ]
INFO: [ app_begin ] --START--
INFO: Run Behavior\ReadHtmlCacheBehavior [ RunTime:0.002000s ]
INFO: [ app_begin ] --END-- [ RunTime:0.002000s ]
SQL: SHOW COLUMNS FROM `problems` [ RunTime:0.0020s ]
SQL: SELECT COUNT(*) AS tp_count FROM `problems` WHERE `category` = 3 LIMIT 1   [ RunTime:0.0000s ]
SQL: SELECT * FROM `problems` WHERE `category` = 3 LIMIT 0,20   [ RunTime:0.0010s ]
INFO: [ view_parse ] --START--
INFO: [ template_filter ] --START--
INFO: Run Behavior\ContentReplaceBehavior [ RunTime:0.000000s ]
INFO: [ template_filter ] --END-- [ RunTime:0.000000s ]
NOTIC: [8] Undefined variable: count D:\xampp\htdocs\tp\Application\Runtime\Cache\Home\72653c5b98bacce026832b51aa92934a.php 第 117 行.
INFO: Run Behavior\ParseTemplateBehavior [ RunTime:0.008001s ]
INFO: [ view_parse ] --END-- [ RunTime:0.008001s ]
INFO: [ view_filter ] --START--
INFO: Run Behavior\WriteHtmlCacheBehavior [ RunTime:0.000000s ]
INFO: [ view_filter ] --END-- [ RunTime:0.000000s ]
INFO: [ app_end ] --START--
INFO: Run Behavior\ShowPageTraceBehavior [ RunTime:0.000000s ]
INFO: [ app_end ] --END-- [ RunTime:0.000000s ]

