[ 2014-06-22T20:26:56+08:00 ] 0.0.0.0 /gxlm/?m=Register&a=register&wxcount=o-CsGuPRWmejitXUXzfUBzntg77e
INFO: [ app_begin ] --START--
INFO: Run ReadHtmlCache Behavior [ RunTime:0.003098s ]
INFO: [ app_begin ] --END-- [ RunTime:0.003469s ]
SQL: SHOW COLUMNS FROM `school` [ RunTime:0.008620s ]
SQL: SELECT * FROM `school`  [ RunTime:0.001361s ]
INFO: [ view_template ] --START--
INFO: Run LocationTemplate Behavior [ RunTime:0.005053s ]
INFO: [ view_template ] --END-- [ RunTime:0.005419s ]
INFO: [ view_parse ] --START--
INFO: Run ParseTemplate Behavior [ RunTime:0.067951s ]
INFO: [ view_parse ] --END-- [ RunTime:0.068335s ]
INFO: [ view_filter ] --START--
INFO: Run ContentReplace Behavior [ RunTime:0.004710s ]
INFO: Run TokenBuild Behavior [ RunTime:0.003284s ]
INFO: Run WriteHtmlCache Behavior [ RunTime:0.003205s ]
INFO: Run ShowRuntime Behavior [ RunTime:0.003654s ]
INFO: [ view_filter ] --END-- [ RunTime:0.015817s ]
INFO: [ view_end ] --START--
INFO: Run ShowPageTrace Behavior [ RunTime:0.003794s ]
INFO: [ view_end ] --END-- [ RunTime:0.004158s ]

[ 2014-06-22T20:28:52+08:00 ] 0.0.0.0 /gxlm/?m=Register&a=register&wxcount=o-CsGuPRWmejitXUXzfUBzntg77e
INFO: [ app_begin ] --START--
INFO: Run ReadHtmlCache Behavior [ RunTime:0.002112s ]
INFO: [ app_begin ] --END-- [ RunTime:0.002469s ]
SQL: SHOW COLUMNS FROM `school` [ RunTime:0.009864s ]
SQL: SELECT * FROM `school`  [ RunTime:0.002349s ]
INFO: [ view_template ] --START--
INFO: Run LocationTemplate Behavior [ RunTime:0.002111s ]
INFO: [ view_template ] --END-- [ RunTime:0.002483s ]
INFO: [ view_parse ] --START--
INFO: Run ParseTemplate Behavior [ RunTime:0.033193s ]
INFO: [ view_parse ] --END-- [ RunTime:0.033592s ]
INFO: [ view_filter ] --START--
INFO: Run ContentReplace Behavior [ RunTime:0.001864s ]
INFO: Run TokenBuild Behavior [ RunTime:0.001882s ]
INFO: Run WriteHtmlCache Behavior [ RunTime:0.003785s ]
INFO: Run ShowRuntime Behavior [ RunTime:0.002291s ]
INFO: [ view_filter ] --END-- [ RunTime:0.010837s ]
INFO: [ view_end ] --START--
INFO: Run ShowPageTrace Behavior [ RunTime:0.004067s ]
INFO: [ view_end ] --END-- [ RunTime:0.004403s ]

[ 2014-06-22T20:42:30+08:00 ] 0.0.0.0 /gxlm/?m=Register&a=registerprocess
INFO: [ app_begin ] --START--
INFO: Run ReadHtmlCache Behavior [ RunTime:0.002336s ]
INFO: [ app_begin ] --END-- [ RunTime:0.002722s ]
SQL: SHOW COLUMNS FROM `studentinfo` [ RunTime:0.017289s ]
SQL: SHOW COLUMNS FROM `school` [ RunTime:0.011232s ]
SQL: SELECT * FROM `school` WHERE ( schoolno=1 ) LIMIT 1   [ RunTime:0.001515s ]
SQL: SHOW COLUMNS FROM `jwsys` [ RunTime:0.015489s ]
SQL: SELECT * FROM `jwsys` WHERE ( sysno=2 ) LIMIT 1   [ RunTime:0.001906s ]
NOTIC: [8] Use of undefined constant Action - assumed 'Action' D:\wamp\www\gxlm\Home\Lib\Action\Home\RegisterAction.class.php 第 34 行.
SQL: SHOW COLUMNS FROM `school` [ RunTime:0.013192s ]
SQL: SELECT * FROM `school` WHERE ( schoolno=1 )  [ RunTime:0.001661s ]
NOTIC: [8] Use of undefined constant url - assumed 'url' D:\wamp\www\gxlm\Home\Lib\Action\Home\Urp_nocodeAction.class.php 第 17 行.
NOTIC: [8] Undefined variable: cookies D:\wamp\www\gxlm\ThinkPHP\Extend\Library\ORG\My\Fetchurl.class.php 第 43 行.
INFO: [ view_template ] --START--
INFO: Run LocationTemplate Behavior [ RunTime:0.003898s ]
INFO: [ view_template ] --END-- [ RunTime:0.004304s ]
INFO: [ view_parse ] --START--
INFO: Run ParseTemplate Behavior [ RunTime:0.051283s ]
INFO: [ view_parse ] --END-- [ RunTime:0.052441s ]
INFO: [ view_filter ] --START--
INFO: Run ContentReplace Behavior [ RunTime:0.002492s ]
INFO: Run TokenBuild Behavior [ RunTime:0.002869s ]
INFO: Run WriteHtmlCache Behavior [ RunTime:0.001950s ]
INFO: Run ShowRuntime Behavior [ RunTime:0.002770s ]
INFO: [ view_filter ] --END-- [ RunTime:0.011200s ]
INFO: [ view_end ] --START--
INFO: Run ShowPageTrace Behavior [ RunTime:0.005285s ]
INFO: [ view_end ] --END-- [ RunTime:0.005805s ]

[ 2014-06-22T20:42:30+08:00 ] 0.0.0.0 /gxlm/?m=Register&a=registerprocess
SQL: INSERT INTO `studentinfo` (`wxcount`,`scount`,`pwd`,`schoolno`,`nickname`) VALUES ('o-CsGuPRWmejitXUXzfUBzntg77e','11160212','123456',1,'12345') [ RunTime:0.001633s ]
ERR: Duplicate entry 'o-CsGuPRWmejitXUXzfUBzntg77e' for key 'PRIMARY'
 [ SQL语句 ] : INSERT INTO `studentinfo` (`wxcount`,`scount`,`pwd`,`schoolno`,`nickname`) VALUES ('o-CsGuPRWmejitXUXzfUBzntg77e','11160212','123456',1,'12345')
INFO: [ view_template ] --START--
INFO: Run LocationTemplate Behavior [ RunTime:0.001416s ]
INFO: [ view_template ] --END-- [ RunTime:-0.078365s ]
INFO: [ view_parse ] --START--
INFO: Run ParseTemplate Behavior [ RunTime:0.008427s ]
INFO: [ view_parse ] --END-- [ RunTime:-0.027293s ]
INFO: [ view_filter ] --START--
INFO: Run ContentReplace Behavior [ RunTime:0.000523s ]
INFO: Run TokenBuild Behavior [ RunTime:0.000350s ]
INFO: Run WriteHtmlCache Behavior [ RunTime:0.000086s ]
INFO: Run ShowRuntime Behavior [ RunTime:0.000753s ]
INFO: [ view_filter ] --END-- [ RunTime:-0.024973s ]
INFO: [ view_end ] --START--
INFO: Run ShowPageTrace Behavior [ RunTime:0.000341s ]
INFO: [ view_end ] --END-- [ RunTime:-0.021889s ]

[ 2014-06-22T20:47:20+08:00 ] 0.0.0.0 /gxlm/?m=Register&a=registerprocess
INFO: [ app_begin ] --START--
INFO: Run ReadHtmlCache Behavior [ RunTime:0.004230s ]
INFO: [ app_begin ] --END-- [ RunTime:0.004589s ]
SQL: SHOW COLUMNS FROM `studentinfo` [ RunTime:0.019329s ]
SQL: SHOW COLUMNS FROM `school` [ RunTime:0.013730s ]
SQL: SELECT * FROM `school` WHERE ( schoolno=1 ) LIMIT 1   [ RunTime:0.001996s ]
SQL: SHOW COLUMNS FROM `jwsys` [ RunTime:0.013243s ]
SQL: SELECT * FROM `jwsys` WHERE ( sysno=2 ) LIMIT 1   [ RunTime:0.001826s ]
NOTIC: [8] Use of undefined constant Action - assumed 'Action' D:\wamp\www\gxlm\Home\Lib\Action\Home\RegisterAction.class.php 第 34 行.
SQL: SHOW COLUMNS FROM `school` [ RunTime:0.012171s ]
SQL: SELECT * FROM `school` WHERE ( schoolno=1 )  [ RunTime:0.001461s ]
NOTIC: [8] Use of undefined constant url - assumed 'url' D:\wamp\www\gxlm\Home\Lib\Action\Home\Urp_nocodeAction.class.php 第 17 行.
NOTIC: [8] Undefined variable: cookies D:\wamp\www\gxlm\ThinkPHP\Extend\Library\ORG\My\Fetchurl.class.php 第 43 行.
INFO: [ view_template ] --START--
INFO: Run LocationTemplate Behavior [ RunTime:0.003538s ]
INFO: [ view_template ] --END-- [ RunTime:0.003943s ]
INFO: [ view_parse ] --START--
INFO: Run ParseTemplate Behavior [ RunTime:0.033921s ]
INFO: [ view_parse ] --END-- [ RunTime:0.034370s ]
INFO: [ view_filter ] --START--
INFO: Run ContentReplace Behavior [ RunTime:0.002262s ]
INFO: Run TokenBuild Behavior [ RunTime:0.002498s ]
INFO: Run WriteHtmlCache Behavior [ RunTime:0.001875s ]
INFO: Run ShowRuntime Behavior [ RunTime:0.004140s ]
INFO: [ view_filter ] --END-- [ RunTime:0.011961s ]
INFO: [ view_end ] --START--
INFO: Run ShowPageTrace Behavior [ RunTime:0.003858s ]
INFO: [ view_end ] --END-- [ RunTime:0.004272s ]

[ 2014-06-22T20:47:20+08:00 ] 0.0.0.0 /gxlm/?m=Register&a=registerprocess
SQL: INSERT INTO `studentinfo` (`wxcount`,`scount`,`pwd`,`schoolno`,`nickname`) VALUES ('o-CsGuPRWmejitXUXzfUBzntg77e','11160212','123456',1,'12345') [ RunTime:0.001449s ]
ERR: Duplicate entry 'o-CsGuPRWmejitXUXzfUBzntg77e' for key 'PRIMARY'
 [ SQL语句 ] : INSERT INTO `studentinfo` (`wxcount`,`scount`,`pwd`,`schoolno`,`nickname`) VALUES ('o-CsGuPRWmejitXUXzfUBzntg77e','11160212','123456',1,'12345')

[ 2014-06-22T20:48:54+08:00 ] 0.0.0.0 /gxlm/?m=Register&a=registerprocess
INFO: [ app_begin ] --START--
INFO: Run ReadHtmlCache Behavior [ RunTime:0.002545s ]
INFO: [ app_begin ] --END-- [ RunTime:0.003170s ]
SQL: SHOW COLUMNS FROM `studentinfo` [ RunTime:0.016468s ]
SQL: SHOW COLUMNS FROM `school` [ RunTime:0.014877s ]
SQL: SELECT * FROM `school` WHERE ( schoolno=1 ) LIMIT 1   [ RunTime:0.002075s ]
SQL: SHOW COLUMNS FROM `jwsys` [ RunTime:0.011224s ]
SQL: SELECT * FROM `jwsys` WHERE ( sysno=2 ) LIMIT 1   [ RunTime:0.001510s ]
NOTIC: [8] Use of undefined constant Action - assumed 'Action' D:\wamp\www\gxlm\Home\Lib\Action\Home\RegisterAction.class.php 第 35 行.
SQL: SHOW COLUMNS FROM `school` [ RunTime:0.009640s ]
SQL: SELECT * FROM `school` WHERE ( schoolno=1 )  [ RunTime:0.001495s ]
NOTIC: [8] Use of undefined constant url - assumed 'url' D:\wamp\www\gxlm\Home\Lib\Action\Home\Urp_nocodeAction.class.php 第 17 行.

[ 2014-06-22T20:48:54+08:00 ] 0.0.0.0 /gxlm/?m=Register&a=registerprocess
SQL: INSERT INTO `studentinfo` (`wxcount`,`scount`,`pwd`,`schoolno`,`nickname`) VALUES ('o-CsGuPRWmejitXUXzfUBzntg77e','11160212','123456',1,'12345') [ RunTime:0.001107s ]
ERR: Duplicate entry 'o-CsGuPRWmejitXUXzfUBzntg77e' for key 'PRIMARY'
 [ SQL语句 ] : INSERT INTO `studentinfo` (`wxcount`,`scount`,`pwd`,`schoolno`,`nickname`) VALUES ('o-CsGuPRWmejitXUXzfUBzntg77e','11160212','123456',1,'12345')

[ 2014-06-22T20:50:50+08:00 ] 0.0.0.0 /gxlm/?m=Register&a=registerprocess
INFO: [ app_begin ] --START--
INFO: Run ReadHtmlCache Behavior [ RunTime:0.002377s ]
INFO: [ app_begin ] --END-- [ RunTime:0.003012s ]
SQL: SHOW COLUMNS FROM `studentinfo` [ RunTime:0.011215s ]
SQL: SHOW COLUMNS FROM `school` [ RunTime:0.009863s ]
SQL: SELECT * FROM `school` WHERE ( schoolno=1 ) LIMIT 1   [ RunTime:0.001600s ]
SQL: SHOW COLUMNS FROM `jwsys` [ RunTime:0.011529s ]
SQL: SELECT * FROM `jwsys` WHERE ( sysno=2 ) LIMIT 1   [ RunTime:0.001168s ]
NOTIC: [8] Use of undefined constant Action - assumed 'Action' D:\wamp\www\gxlm\Home\Lib\Action\Home\RegisterAction.class.php 第 35 行.
SQL: SHOW COLUMNS FROM `school` [ RunTime:0.009250s ]
SQL: SELECT * FROM `school` WHERE ( schoolno=1 )  [ RunTime:0.001192s ]
NOTIC: [8] Use of undefined constant url - assumed 'url' D:\wamp\www\gxlm\Home\Lib\Action\Home\Urp_nocodeAction.class.php 第 17 行.

[ 2014-06-22T20:50:50+08:00 ] 0.0.0.0 /gxlm/?m=Register&a=registerprocess
SQL: INSERT INTO `studentinfo` (`wxcount`,`scount`,`pwd`,`schoolno`,`nickname`) VALUES ('o-CsGuPRWmejitXUXzfUBzntg77e','11160212','123456',1,'12345') [ RunTime:0.001303s ]
ERR: Duplicate entry 'o-CsGuPRWmejitXUXzfUBzntg77e' for key 'PRIMARY'
 [ SQL语句 ] : INSERT INTO `studentinfo` (`wxcount`,`scount`,`pwd`,`schoolno`,`nickname`) VALUES ('o-CsGuPRWmejitXUXzfUBzntg77e','11160212','123456',1,'12345')

[ 2014-06-22T20:52:51+08:00 ] 0.0.0.0 /gxlm/?m=Register&a=registerprocess
INFO: [ app_begin ] --START--
INFO: Run ReadHtmlCache Behavior [ RunTime:0.006069s ]
INFO: [ app_begin ] --END-- [ RunTime:0.006455s ]
SQL: SHOW COLUMNS FROM `studentinfo` [ RunTime:0.013814s ]
SQL: SHOW COLUMNS FROM `school` [ RunTime:0.015754s ]
SQL: SELECT * FROM `school` WHERE ( schoolno=1 ) LIMIT 1   [ RunTime:0.001680s ]
SQL: SHOW COLUMNS FROM `jwsys` [ RunTime:0.013304s ]
SQL: SELECT * FROM `jwsys` WHERE ( sysno=2 ) LIMIT 1   [ RunTime:0.001550s ]
NOTIC: [8] Use of undefined constant Action - assumed 'Action' D:\wamp\www\gxlm\Home\Lib\Action\Home\RegisterAction.class.php 第 35 行.
SQL: SHOW COLUMNS FROM `school` [ RunTime:0.008050s ]
SQL: SELECT * FROM `school` WHERE ( schoolno=1 )  [ RunTime:0.001201s ]
NOTIC: [8] Use of undefined constant url - assumed 'url' D:\wamp\www\gxlm\Home\Lib\Action\Home\Urp_nocodeAction.class.php 第 17 行.

[ 2014-06-22T20:52:51+08:00 ] 0.0.0.0 /gxlm/?m=Register&a=registerprocess
SQL: INSERT INTO `studentinfo` (`wxcount`,`scount`,`pwd`,`schoolno`,`nickname`) VALUES ('o-CsGuPRWmejitXUXzfUBzntg77e','11160212','123456',1,'12345') [ RunTime:0.001327s ]
ERR: Duplicate entry 'o-CsGuPRWmejitXUXzfUBzntg77e' for key 'PRIMARY'
 [ SQL语句 ] : INSERT INTO `studentinfo` (`wxcount`,`scount`,`pwd`,`schoolno`,`nickname`) VALUES ('o-CsGuPRWmejitXUXzfUBzntg77e','11160212','123456',1,'12345')

[ 2014-06-22T20:55:06+08:00 ] 0.0.0.0 /gxlm/?m=Register&a=register&wxcount=o-CsGuPRWmejitXUXzfUBzntg
INFO: [ app_begin ] --START--
INFO: Run ReadHtmlCache Behavior [ RunTime:0.002745s ]
INFO: [ app_begin ] --END-- [ RunTime:0.003144s ]
SQL: SHOW COLUMNS FROM `school` [ RunTime:0.008691s ]
SQL: SELECT * FROM `school`  [ RunTime:0.001562s ]
INFO: [ view_template ] --START--
INFO: Run LocationTemplate Behavior [ RunTime:0.003699s ]
INFO: [ view_template ] --END-- [ RunTime:0.004099s ]
INFO: [ view_parse ] --START--
INFO: Run ParseTemplate Behavior [ RunTime:0.031296s ]
INFO: [ view_parse ] --END-- [ RunTime:0.031650s ]
INFO: [ view_filter ] --START--
INFO: Run ContentReplace Behavior [ RunTime:0.001919s ]
INFO: Run TokenBuild Behavior [ RunTime:0.001854s ]
INFO: Run WriteHtmlCache Behavior [ RunTime:0.002148s ]
INFO: Run ShowRuntime Behavior [ RunTime:0.002444s ]
INFO: [ view_filter ] --END-- [ RunTime:0.009272s ]
INFO: [ view_end ] --START--
INFO: Run ShowPageTrace Behavior [ RunTime:0.002368s ]
INFO: [ view_end ] --END-- [ RunTime:0.002683s ]

[ 2014-06-22T20:55:20+08:00 ] 0.0.0.0 /gxlm/?m=Register&a=registerprocess
INFO: [ app_begin ] --START--
INFO: Run ReadHtmlCache Behavior [ RunTime:0.001910s ]
INFO: [ app_begin ] --END-- [ RunTime:0.002301s ]
SQL: SHOW COLUMNS FROM `studentinfo` [ RunTime:0.015253s ]
SQL: SHOW COLUMNS FROM `school` [ RunTime:0.016417s ]
SQL: SELECT * FROM `school` WHERE ( schoolno=1 ) LIMIT 1   [ RunTime:0.001986s ]
SQL: SHOW COLUMNS FROM `jwsys` [ RunTime:0.019427s ]
SQL: SELECT * FROM `jwsys` WHERE ( sysno=2 ) LIMIT 1   [ RunTime:0.001434s ]
NOTIC: [8] Use of undefined constant Action - assumed 'Action' D:\wamp\www\gxlm\Home\Lib\Action\Home\RegisterAction.class.php 第 35 行.
SQL: SHOW COLUMNS FROM `school` [ RunTime:0.009768s ]
SQL: SELECT * FROM `school` WHERE ( schoolno=1 )  [ RunTime:0.003077s ]
NOTIC: [8] Use of undefined constant url - assumed 'url' D:\wamp\www\gxlm\Home\Lib\Action\Home\Urp_nocodeAction.class.php 第 17 行.

[ 2014-06-22T20:55:20+08:00 ] 0.0.0.0 /gxlm/?m=Register&a=registerprocess
SQL: INSERT INTO `studentinfo` (`wxcount`,`scount`,`pwd`,`schoolno`,`nickname`) VALUES ('o-CsGuPRWmejitXUXzfUBzntg','11160212','123456',1,'12345') [ RunTime:0.258662s ]

[ 2014-06-22T20:55:51+08:00 ] 0.0.0.0 /gxlm/?m=Register&a=registerprocess
INFO: [ app_begin ] --START--
INFO: Run ReadHtmlCache Behavior [ RunTime:0.002431s ]
INFO: [ app_begin ] --END-- [ RunTime:0.002797s ]
SQL: SHOW COLUMNS FROM `studentinfo` [ RunTime:0.016154s ]
SQL: SHOW COLUMNS FROM `school` [ RunTime:0.015770s ]
SQL: SELECT * FROM `school` WHERE ( schoolno=1 ) LIMIT 1   [ RunTime:0.001585s ]
SQL: SHOW COLUMNS FROM `jwsys` [ RunTime:0.011712s ]
SQL: SELECT * FROM `jwsys` WHERE ( sysno=2 ) LIMIT 1   [ RunTime:0.001472s ]
NOTIC: [8] Use of undefined constant Action - assumed 'Action' D:\wamp\www\gxlm\Home\Lib\Action\Home\RegisterAction.class.php 第 35 行.
SQL: SHOW COLUMNS FROM `school` [ RunTime:0.012068s ]
SQL: SELECT * FROM `school` WHERE ( schoolno=1 )  [ RunTime:0.001425s ]
NOTIC: [8] Use of undefined constant url - assumed 'url' D:\wamp\www\gxlm\Home\Lib\Action\Home\Urp_nocodeAction.class.php 第 17 行.

[ 2014-06-22T20:55:51+08:00 ] 0.0.0.0 /gxlm/?m=Register&a=registerprocess
SQL: INSERT INTO `studentinfo` (`wxcount`,`scount`,`pwd`,`schoolno`,`nickname`) VALUES ('o-CsGuPRWmejitXUXzfUBzntg','11160212','123456',1,'12345') [ RunTime:0.001482s ]
ERR: Duplicate entry 'o-CsGuPRWmejitXUXzfUBzntg' for key 'PRIMARY'
 [ SQL语句 ] : INSERT INTO `studentinfo` (`wxcount`,`scount`,`pwd`,`schoolno`,`nickname`) VALUES ('o-CsGuPRWmejitXUXzfUBzntg','11160212','123456',1,'12345')

[ 2014-06-22T20:56:04+08:00 ] 0.0.0.0 /gxlm/?m=Register&a=registerprocess
INFO: [ app_begin ] --START--
INFO: Run ReadHtmlCache Behavior [ RunTime:0.003128s ]
INFO: [ app_begin ] --END-- [ RunTime:0.003493s ]
SQL: SHOW COLUMNS FROM `studentinfo` [ RunTime:0.008499s ]
SQL: SHOW COLUMNS FROM `school` [ RunTime:0.008588s ]
SQL: SELECT * FROM `school` WHERE ( schoolno=1 ) LIMIT 1   [ RunTime:0.001589s ]
SQL: SHOW COLUMNS FROM `jwsys` [ RunTime:0.007826s ]
SQL: SELECT * FROM `jwsys` WHERE ( sysno=2 ) LIMIT 1   [ RunTime:0.001164s ]
NOTIC: [8] Use of undefined constant Action - assumed 'Action' D:\wamp\www\gxlm\Home\Lib\Action\Home\RegisterAction.class.php 第 35 行.
SQL: SHOW COLUMNS FROM `school` [ RunTime:0.009365s ]
SQL: SELECT * FROM `school` WHERE ( schoolno=1 )  [ RunTime:0.001605s ]
NOTIC: [8] Use of undefined constant url - assumed 'url' D:\wamp\www\gxlm\Home\Lib\Action\Home\Urp_nocodeAction.class.php 第 17 行.

[ 2014-06-22T20:56:04+08:00 ] 0.0.0.0 /gxlm/?m=Register&a=registerprocess
SQL: INSERT INTO `studentinfo` (`wxcount`,`scount`,`pwd`,`schoolno`,`nickname`) VALUES ('o-CsGuPRWmejitXUXzfUBzntg','11160212','123456',1,'12345') [ RunTime:0.001121s ]
ERR: Duplicate entry 'o-CsGuPRWmejitXUXzfUBzntg' for key 'PRIMARY'
 [ SQL语句 ] : INSERT INTO `studentinfo` (`wxcount`,`scount`,`pwd`,`schoolno`,`nickname`) VALUES ('o-CsGuPRWmejitXUXzfUBzntg','11160212','123456',1,'12345')

[ 2014-06-22T20:58:43+08:00 ] 0.0.0.0 /gxlm/?m=Register&a=registerprocess
INFO: [ app_begin ] --START--
INFO: Run ReadHtmlCache Behavior [ RunTime:0.002468s ]
INFO: [ app_begin ] --END-- [ RunTime:0.002838s ]
SQL: SHOW COLUMNS FROM `studentinfo` [ RunTime:0.014518s ]
SQL: SHOW COLUMNS FROM `school` [ RunTime:0.017779s ]
SQL: SELECT * FROM `school` WHERE ( schoolno=1 ) LIMIT 1   [ RunTime:0.001951s ]
SQL: SHOW COLUMNS FROM `jwsys` [ RunTime:0.010700s ]
SQL: SELECT * FROM `jwsys` WHERE ( sysno=2 ) LIMIT 1   [ RunTime:0.001117s ]
NOTIC: [8] Use of undefined constant Action - assumed 'Action' D:\wamp\www\gxlm\Home\Lib\Action\Home\RegisterAction.class.php 第 35 行.
SQL: SHOW COLUMNS FROM `school` [ RunTime:0.008705s ]
SQL: SELECT * FROM `school` WHERE ( schoolno=1 )  [ RunTime:0.001195s ]
NOTIC: [8] Use of undefined constant url - assumed 'url' D:\wamp\www\gxlm\Home\Lib\Action\Home\Urp_nocodeAction.class.php 第 17 行.

[ 2014-06-22T20:58:43+08:00 ] 0.0.0.0 /gxlm/?m=Register&a=registerprocess
SQL: INSERT INTO `studentinfo` (`wxcount`,`scount`,`pwd`,`schoolno`,`nickname`) VALUES ('o-CsGuPRWmejitXUXzfUBzntg','11160212','123456',1,'12345') [ RunTime:0.070159s ]

[ 2014-06-22T21:02:25+08:00 ] 0.0.0.0 /gxlm/?m=Register&a=registerprocess
INFO: [ app_begin ] --START--
INFO: Run ReadHtmlCache Behavior [ RunTime:0.002587s ]
INFO: [ app_begin ] --END-- [ RunTime:0.002970s ]
SQL: SHOW COLUMNS FROM `studentinfo` [ RunTime:0.015294s ]
SQL: SHOW COLUMNS FROM `school` [ RunTime:0.013832s ]
SQL: SELECT * FROM `school` WHERE ( schoolno=1 ) LIMIT 1   [ RunTime:0.001921s ]
SQL: SHOW COLUMNS FROM `jwsys` [ RunTime:0.012704s ]
SQL: SELECT * FROM `jwsys` WHERE ( sysno=2 ) LIMIT 1   [ RunTime:0.001419s ]
NOTIC: [8] Use of undefined constant Action - assumed 'Action' D:\wamp\www\gxlm\Home\Lib\Action\Home\RegisterAction.class.php 第 34 行.
SQL: SHOW COLUMNS FROM `school` [ RunTime:0.010481s ]
SQL: SELECT * FROM `school` WHERE ( schoolno=1 )  [ RunTime:0.001203s ]
NOTIC: [8] Use of undefined constant url - assumed 'url' D:\wamp\www\gxlm\Home\Lib\Action\Home\Urp_nocodeAction.class.php 第 17 行.
NOTIC: [8] Undefined variable: cookies D:\wamp\www\gxlm\ThinkPHP\Extend\Library\ORG\My\Fetchurl.class.php 第 43 行.

[ 2014-06-22T21:02:25+08:00 ] 0.0.0.0 /gxlm/?m=Register&a=registerprocess
SQL: INSERT INTO `studentinfo` (`wxcount`,`scount`,`pwd`,`schoolno`,`nickname`) VALUES ('o-CsGuPRWmejitXUXzfUBzntg','11160212','123456',1,'12345') [ RunTime:0.101728s ]
INFO: [ view_template ] --START--
INFO: Run LocationTemplate Behavior [ RunTime:0.004938s ]
INFO: [ view_template ] --END-- [ RunTime:0.005373s ]
INFO: [ view_parse ] --START--
INFO: Run ParseTemplate Behavior [ RunTime:0.027631s ]
INFO: [ view_parse ] --END-- [ RunTime:0.028028s ]
INFO: [ view_filter ] --START--
INFO: Run ContentReplace Behavior [ RunTime:0.002126s ]
INFO: Run TokenBuild Behavior [ RunTime:0.002191s ]
INFO: Run WriteHtmlCache Behavior [ RunTime:0.001532s ]
INFO: Run ShowRuntime Behavior [ RunTime:0.002108s ]
INFO: [ view_filter ] --END-- [ RunTime:0.008911s ]
INFO: [ view_end ] --START--
INFO: Run ShowPageTrace Behavior [ RunTime:0.003594s ]
INFO: [ view_end ] --END-- [ RunTime:0.003960s ]

[ 2014-06-22T21:04:39+08:00 ] 0.0.0.0 /gxlm/?m=Register&a=registerprocess
INFO: [ app_begin ] --START--
INFO: Run ReadHtmlCache Behavior [ RunTime:0.002876s ]
INFO: [ app_begin ] --END-- [ RunTime:0.003401s ]
SQL: SHOW COLUMNS FROM `studentinfo` [ RunTime:0.010716s ]
SQL: SHOW COLUMNS FROM `school` [ RunTime:0.011546s ]
SQL: SELECT * FROM `school` WHERE ( schoolno=1 ) LIMIT 1   [ RunTime:0.001662s ]
SQL: SHOW COLUMNS FROM `jwsys` [ RunTime:0.010072s ]
SQL: SELECT * FROM `jwsys` WHERE ( sysno=2 ) LIMIT 1   [ RunTime:0.001616s ]
NOTIC: [8] Use of undefined constant Action - assumed 'Action' D:\wamp\www\gxlm\Home\Lib\Action\Home\RegisterAction.class.php 第 38 行.
SQL: SHOW COLUMNS FROM `school` [ RunTime:0.009183s ]
SQL: SELECT * FROM `school` WHERE ( schoolno=1 )  [ RunTime:0.001189s ]
NOTIC: [8] Use of undefined constant url - assumed 'url' D:\wamp\www\gxlm\Home\Lib\Action\Home\Urp_nocodeAction.class.php 第 17 行.
NOTIC: [8] Undefined variable: cookies D:\wamp\www\gxlm\ThinkPHP\Extend\Library\ORG\My\Fetchurl.class.php 第 43 行.

[ 2014-06-22T21:04:39+08:00 ] 0.0.0.0 /gxlm/?m=Register&a=registerprocess
SQL: INSERT INTO `studentinfo` (`wxcount`,`scount`,`pwd`,`schoolno`,`nickname`) VALUES ('o-CsGuPRWmejitXUXzfUBzntg','11160212','123456',1,'12345') [ RunTime:0.077940s ]
INFO: [ view_template ] --START--
INFO: Run LocationTemplate Behavior [ RunTime:0.006553s ]
INFO: [ view_template ] --END-- [ RunTime:0.007219s ]
INFO: [ view_parse ] --START--
INFO: Run ParseTemplate Behavior [ RunTime:0.051402s ]
INFO: [ view_parse ] --END-- [ RunTime:0.052069s ]
INFO: [ view_filter ] --START--
INFO: Run ContentReplace Behavior [ RunTime:0.006250s ]
INFO: Run TokenBuild Behavior [ RunTime:0.002533s ]
INFO: Run WriteHtmlCache Behavior [ RunTime:0.001872s ]
INFO: Run ShowRuntime Behavior [ RunTime:0.007264s ]
INFO: [ view_filter ] --END-- [ RunTime:0.019283s ]
INFO: [ view_end ] --START--
INFO: Run ShowPageTrace Behavior [ RunTime:0.003737s ]
INFO: [ view_end ] --END-- [ RunTime:0.004577s ]

[ 2014-06-22T21:09:20+08:00 ] 0.0.0.0 /gxlm/index.php/admin/Jwsys/addschool
INFO: [ route_check ] --START--
INFO: Run CheckRoute Behavior [ RunTime:0.062964s ]
INFO: [ route_check ] --END-- [ RunTime:0.063344s ]
INFO: [ app_begin ] --START--
INFO: Run ReadHtmlCache Behavior [ RunTime:0.002128s ]
INFO: [ app_begin ] --END-- [ RunTime:0.002482s ]
SQL: SHOW COLUMNS FROM `school` [ RunTime:0.008120s ]
SQL: INSERT INTO `school` (`schoolname`,`url`,`sysno`) VALUES ('长安大学','http://202.117.64.25',2) [ RunTime:0.081138s ]
INFO: [ view_template ] --START--
INFO: Run LocationTemplate Behavior [ RunTime:0.002721s ]
INFO: [ view_template ] --END-- [ RunTime:0.003078s ]
INFO: [ view_parse ] --START--
INFO: Run ParseTemplate Behavior [ RunTime:0.035187s ]
INFO: [ view_parse ] --END-- [ RunTime:0.035602s ]
INFO: [ view_filter ] --START--
INFO: Run ContentReplace Behavior [ RunTime:0.001912s ]
INFO: Run TokenBuild Behavior [ RunTime:0.003092s ]
INFO: Run WriteHtmlCache Behavior [ RunTime:0.002938s ]
INFO: Run ShowRuntime Behavior [ RunTime:0.002167s ]
INFO: [ view_filter ] --END-- [ RunTime:0.011070s ]
INFO: [ view_end ] --START--
INFO: Run ShowPageTrace Behavior [ RunTime:0.002646s ]
INFO: [ view_end ] --END-- [ RunTime:0.002972s ]

[ 2014-06-22T21:09:22+08:00 ] 0.0.0.0 /gxlm/index.php/admin/Index/main?name=admin
INFO: [ route_check ] --START--
INFO: Run CheckRoute Behavior [ RunTime:0.002444s ]
INFO: [ route_check ] --END-- [ RunTime:0.002841s ]
INFO: [ app_begin ] --START--
INFO: Run ReadHtmlCache Behavior [ RunTime:0.002381s ]
INFO: [ app_begin ] --END-- [ RunTime:0.002747s ]
NOTIC: [8] Undefined index: username D:\wamp\www\gxlm\Home\Lib\Action\Admin\IndexAction.class.php 第 19 行.
SQL: SHOW COLUMNS FROM `jwsys` [ RunTime:0.008480s ]
SQL: SELECT * FROM `jwsys`  [ RunTime:0.001671s ]
INFO: [ view_template ] --START--
INFO: Run LocationTemplate Behavior [ RunTime:0.003579s ]
INFO: [ view_template ] --END-- [ RunTime:0.003943s ]
INFO: [ view_parse ] --START--
INFO: Run ParseTemplate Behavior [ RunTime:0.059168s ]
INFO: [ view_parse ] --END-- [ RunTime:0.061363s ]
INFO: [ view_filter ] --START--
INFO: Run ContentReplace Behavior [ RunTime:0.003586s ]
INFO: Run TokenBuild Behavior [ RunTime:0.002888s ]
INFO: Run WriteHtmlCache Behavior [ RunTime:0.002000s ]
INFO: Run ShowRuntime Behavior [ RunTime:0.002389s ]
INFO: [ view_filter ] --END-- [ RunTime:0.012062s ]
INFO: [ view_end ] --START--
INFO: Run ShowPageTrace Behavior [ RunTime:0.002103s ]
INFO: [ view_end ] --END-- [ RunTime:0.002415s ]

[ 2014-06-22T21:10:43+08:00 ] 0.0.0.0 /gxlm/?m=Register&a=register&wxcount=o-CsGuPRWmejitXUXzfUBzntg
INFO: [ app_begin ] --START--
INFO: Run ReadHtmlCache Behavior [ RunTime:0.002585s ]
INFO: [ app_begin ] --END-- [ RunTime:0.002945s ]
SQL: SHOW COLUMNS FROM `school` [ RunTime:0.007957s ]
SQL: SELECT * FROM `school`  [ RunTime:0.001431s ]
INFO: [ view_template ] --START--
INFO: Run LocationTemplate Behavior [ RunTime:0.004695s ]
INFO: [ view_template ] --END-- [ RunTime:0.005054s ]
INFO: [ view_parse ] --START--
INFO: Run ParseTemplate Behavior [ RunTime:0.029702s ]
INFO: [ view_parse ] --END-- [ RunTime:0.030051s ]
INFO: [ view_filter ] --START--
INFO: Run ContentReplace Behavior [ RunTime:0.003612s ]
INFO: Run TokenBuild Behavior [ RunTime:0.002173s ]
INFO: Run WriteHtmlCache Behavior [ RunTime:0.001778s ]
INFO: Run ShowRuntime Behavior [ RunTime:0.002922s ]
INFO: [ view_filter ] --END-- [ RunTime:0.011717s ]
INFO: [ view_end ] --START--
INFO: Run ShowPageTrace Behavior [ RunTime:0.003125s ]
INFO: [ view_end ] --END-- [ RunTime:0.003639s ]

[ 2014-06-22T21:11:18+08:00 ] 0.0.0.0 /gxlm/?m=Register&a=registerprocess
INFO: [ app_begin ] --START--
INFO: Run ReadHtmlCache Behavior [ RunTime:0.001956s ]
INFO: [ app_begin ] --END-- [ RunTime:0.002309s ]
SQL: SHOW COLUMNS FROM `studentinfo` [ RunTime:0.008126s ]
SQL: SHOW COLUMNS FROM `school` [ RunTime:0.008505s ]
SQL: SELECT * FROM `school` WHERE ( schoolno=6 ) LIMIT 1   [ RunTime:0.001286s ]
SQL: SHOW COLUMNS FROM `jwsys` [ RunTime:0.007934s ]
SQL: SELECT * FROM `jwsys` WHERE ( sysno=2 ) LIMIT 1   [ RunTime:0.001425s ]
NOTIC: [8] Use of undefined constant Action - assumed 'Action' D:\wamp\www\gxlm\Home\Lib\Action\Home\RegisterAction.class.php 第 38 行.
SQL: SHOW COLUMNS FROM `school` [ RunTime:0.009129s ]
SQL: SELECT * FROM `school` WHERE ( schoolno=6 )  [ RunTime:0.001263s ]
NOTIC: [8] Use of undefined constant url - assumed 'url' D:\wamp\www\gxlm\Home\Lib\Action\Home\Urp_nocodeAction.class.php 第 17 行.

[ 2014-06-22T21:11:18+08:00 ] 0.0.0.0 /gxlm/?m=Register&a=registerprocess
INFO: [ view_template ] --START--
INFO: Run LocationTemplate Behavior [ RunTime:0.002503s ]
INFO: [ view_template ] --END-- [ RunTime:0.002897s ]
INFO: [ view_parse ] --START--
INFO: Run ParseTemplate Behavior [ RunTime:0.025413s ]
INFO: [ view_parse ] --END-- [ RunTime:0.025788s ]
INFO: [ view_filter ] --START--
INFO: Run ContentReplace Behavior [ RunTime:0.002099s ]
INFO: Run TokenBuild Behavior [ RunTime:0.001886s ]
INFO: Run WriteHtmlCache Behavior [ RunTime:0.001404s ]
INFO: Run ShowRuntime Behavior [ RunTime:0.001992s ]
INFO: [ view_filter ] --END-- [ RunTime:0.011524s ]
INFO: [ view_end ] --START--
INFO: Run ShowPageTrace Behavior [ RunTime:0.002070s ]
INFO: [ view_end ] --END-- [ RunTime:0.002398s ]

[ 2014-06-22T21:12:06+08:00 ] 0.0.0.0 /gxlm/?m=Register&a=registerprocess
INFO: [ app_begin ] --START--
INFO: Run ReadHtmlCache Behavior [ RunTime:0.001964s ]
INFO: [ app_begin ] --END-- [ RunTime:0.002321s ]
SQL: SHOW COLUMNS FROM `studentinfo` [ RunTime:0.017200s ]
SQL: SHOW COLUMNS FROM `school` [ RunTime:0.013601s ]
SQL: SELECT * FROM `school` WHERE ( schoolno=6 ) LIMIT 1   [ RunTime:0.002013s ]
SQL: SHOW COLUMNS FROM `jwsys` [ RunTime:0.009954s ]
SQL: SELECT * FROM `jwsys` WHERE ( sysno=2 ) LIMIT 1   [ RunTime:0.001242s ]
NOTIC: [8] Use of undefined constant Action - assumed 'Action' D:\wamp\www\gxlm\Home\Lib\Action\Home\RegisterAction.class.php 第 38 行.
SQL: SHOW COLUMNS FROM `school` [ RunTime:0.008990s ]
SQL: SELECT * FROM `school` WHERE ( schoolno=6 )  [ RunTime:0.001280s ]
NOTIC: [8] Use of undefined constant url - assumed 'url' D:\wamp\www\gxlm\Home\Lib\Action\Home\Urp_nocodeAction.class.php 第 17 行.

[ 2014-06-22T21:12:06+08:00 ] 0.0.0.0 /gxlm/?m=Register&a=registerprocess
INFO: [ view_template ] --START--
INFO: Run LocationTemplate Behavior [ RunTime:0.002088s ]
INFO: [ view_template ] --END-- [ RunTime:0.002436s ]
INFO: [ view_parse ] --START--
INFO: Run ParseTemplate Behavior [ RunTime:0.023427s ]
INFO: [ view_parse ] --END-- [ RunTime:0.023784s ]
INFO: [ view_filter ] --START--
INFO: Run ContentReplace Behavior [ RunTime:0.001456s ]
INFO: Run TokenBuild Behavior [ RunTime:0.001555s ]
INFO: Run WriteHtmlCache Behavior [ RunTime:0.001205s ]
INFO: Run ShowRuntime Behavior [ RunTime:0.002257s ]
INFO: [ view_filter ] --END-- [ RunTime:0.007446s ]
INFO: [ view_end ] --START--
INFO: Run ShowPageTrace Behavior [ RunTime:0.002019s ]
INFO: [ view_end ] --END-- [ RunTime:0.002346s ]

[ 2014-06-22T21:13:07+08:00 ] 0.0.0.0 /gxlm/?m=Register&a=registerprocess
INFO: [ app_begin ] --START--
INFO: Run ReadHtmlCache Behavior [ RunTime:0.002353s ]
INFO: [ app_begin ] --END-- [ RunTime:0.002722s ]
SQL: SHOW COLUMNS FROM `studentinfo` [ RunTime:0.019443s ]
SQL: SHOW COLUMNS FROM `school` [ RunTime:0.013350s ]
SQL: SELECT * FROM `school` WHERE ( schoolno=4 ) LIMIT 1   [ RunTime:0.002068s ]
SQL: SHOW COLUMNS FROM `jwsys` [ RunTime:0.012360s ]
SQL: SELECT * FROM `jwsys` WHERE ( sysno=2 ) LIMIT 1   [ RunTime:0.001461s ]
NOTIC: [8] Use of undefined constant Action - assumed 'Action' D:\wamp\www\gxlm\Home\Lib\Action\Home\RegisterAction.class.php 第 38 行.
SQL: SHOW COLUMNS FROM `school` [ RunTime:0.010616s ]
SQL: SELECT * FROM `school` WHERE ( schoolno=4 )  [ RunTime:0.001414s ]
NOTIC: [8] Use of undefined constant url - assumed 'url' D:\wamp\www\gxlm\Home\Lib\Action\Home\Urp_nocodeAction.class.php 第 17 行.
NOTIC: [8] Undefined variable: cookies D:\wamp\www\gxlm\ThinkPHP\Extend\Library\ORG\My\Fetchurl.class.php 第 43 行.

[ 2014-06-22T21:13:07+08:00 ] 0.0.0.0 /gxlm/?m=Register&a=registerprocess
SQL: INSERT INTO `studentinfo` (`wxcount`,`scount`,`pwd`,`schoolno`,`nickname`) VALUES ('o-CsGuPRWmejitXUXzfUBzntg','1202020129','271790',4,'2323432') [ RunTime:0.001555s ]
ERR: Duplicate entry 'o-CsGuPRWmejitXUXzfUBzntg' for key 'PRIMARY'
 [ SQL语句 ] : INSERT INTO `studentinfo` (`wxcount`,`scount`,`pwd`,`schoolno`,`nickname`) VALUES ('o-CsGuPRWmejitXUXzfUBzntg','1202020129','271790',4,'2323432')
INFO: [ view_template ] --START--
INFO: Run LocationTemplate Behavior [ RunTime:0.003522s ]
INFO: [ view_template ] --END-- [ RunTime:0.004135s ]
INFO: [ view_parse ] --START--
INFO: Run ParseTemplate Behavior [ RunTime:0.028789s ]
INFO: [ view_parse ] --END-- [ RunTime:0.029225s ]
INFO: [ view_filter ] --START--
INFO: Run ContentReplace Behavior [ RunTime:0.002150s ]
INFO: Run TokenBuild Behavior [ RunTime:0.005162s ]
INFO: Run WriteHtmlCache Behavior [ RunTime:0.001856s ]
INFO: Run ShowRuntime Behavior [ RunTime:0.003075s ]
INFO: [ view_filter ] --END-- [ RunTime:0.013366s ]
INFO: [ view_end ] --START--
INFO: Run ShowPageTrace Behavior [ RunTime:0.002342s ]
INFO: [ view_end ] --END-- [ RunTime:0.002657s ]

[ 2014-06-22T21:13:51+08:00 ] 0.0.0.0 /gxlm/?m=Register&a=registerprocess
INFO: [ app_begin ] --START--
INFO: Run ReadHtmlCache Behavior [ RunTime:0.002368s ]
INFO: [ app_begin ] --END-- [ RunTime:0.003266s ]
SQL: SHOW COLUMNS FROM `studentinfo` [ RunTime:0.009461s ]
SQL: SHOW COLUMNS FROM `school` [ RunTime:0.012932s ]
SQL: SELECT * FROM `school` WHERE ( schoolno=4 ) LIMIT 1   [ RunTime:0.001880s ]
SQL: SHOW COLUMNS FROM `jwsys` [ RunTime:0.008486s ]
SQL: SELECT * FROM `jwsys` WHERE ( sysno=2 ) LIMIT 1   [ RunTime:0.002378s ]
NOTIC: [8] Use of undefined constant Action - assumed 'Action' D:\wamp\www\gxlm\Home\Lib\Action\Home\RegisterAction.class.php 第 38 行.
SQL: SHOW COLUMNS FROM `school` [ RunTime:0.010073s ]
SQL: SELECT * FROM `school` WHERE ( schoolno=4 )  [ RunTime:0.001573s ]
NOTIC: [8] Use of undefined constant url - assumed 'url' D:\wamp\www\gxlm\Home\Lib\Action\Home\Urp_nocodeAction.class.php 第 17 行.
NOTIC: [8] Undefined variable: cookies D:\wamp\www\gxlm\ThinkPHP\Extend\Library\ORG\My\Fetchurl.class.php 第 43 行.

[ 2014-06-22T21:13:51+08:00 ] 0.0.0.0 /gxlm/?m=Register&a=registerprocess
SQL: INSERT INTO `studentinfo` (`wxcount`,`scount`,`pwd`,`schoolno`,`nickname`) VALUES ('o-CsGuPRWmejitXUXzfUBzntg','1202020129','271790',4,'2323432') [ RunTime:0.001986s ]
ERR: Duplicate entry 'o-CsGuPRWmejitXUXzfUBzntg' for key 'PRIMARY'
 [ SQL语句 ] : INSERT INTO `studentinfo` (`wxcount`,`scount`,`pwd`,`schoolno`,`nickname`) VALUES ('o-CsGuPRWmejitXUXzfUBzntg','1202020129','271790',4,'2323432')
INFO: [ view_template ] --START--
INFO: Run LocationTemplate Behavior [ RunTime:0.004167s ]
INFO: [ view_template ] --END-- [ RunTime:0.004825s ]
INFO: [ view_parse ] --START--
INFO: Run ParseTemplate Behavior [ RunTime:0.051287s ]
INFO: [ view_parse ] --END-- [ RunTime:0.051955s ]
INFO: [ view_filter ] --START--
INFO: Run ContentReplace Behavior [ RunTime:0.002557s ]
INFO: Run TokenBuild Behavior [ RunTime:0.004300s ]
INFO: Run WriteHtmlCache Behavior [ RunTime:0.001995s ]
INFO: Run ShowRuntime Behavior [ RunTime:0.003533s ]
INFO: [ view_filter ] --END-- [ RunTime:0.014583s ]
INFO: [ view_end ] --START--
INFO: Run ShowPageTrace Behavior [ RunTime:0.009698s ]
INFO: [ view_end ] --END-- [ RunTime:0.011054s ]

[ 2014-06-22T21:22:06+08:00 ] 0.0.0.0 /gxlm/?m=Register&a=registerprocess
INFO: [ app_begin ] --START--
INFO: Run ReadHtmlCache Behavior [ RunTime:0.006022s ]
INFO: [ app_begin ] --END-- [ RunTime:0.006430s ]
SQL: SHOW COLUMNS FROM `studentinfo` [ RunTime:0.017577s ]
SQL: SHOW COLUMNS FROM `school` [ RunTime:0.021088s ]
SQL: SELECT * FROM `school` WHERE ( schoolno=6 ) LIMIT 1   [ RunTime:0.002006s ]
SQL: SHOW COLUMNS FROM `jwsys` [ RunTime:0.021441s ]
SQL: SELECT * FROM `jwsys` WHERE ( sysno=2 ) LIMIT 1   [ RunTime:0.001454s ]
NOTIC: [8] Use of undefined constant Action - assumed 'Action' D:\wamp\www\gxlm\Home\Lib\Action\Home\RegisterAction.class.php 第 38 行.
SQL: SHOW COLUMNS FROM `school` [ RunTime:0.012391s ]
SQL: SELECT * FROM `school` WHERE ( schoolno=6 )  [ RunTime:0.001503s ]
NOTIC: [8] Use of undefined constant url - assumed 'url' D:\wamp\www\gxlm\Home\Lib\Action\Home\Urp_nocodeAction.class.php 第 17 行.
NOTIC: [8] Undefined variable: cookies D:\wamp\www\gxlm\ThinkPHP\Extend\Library\ORG\My\Fetchurl.class.php 第 43 行.

[ 2014-06-22T21:22:06+08:00 ] 0.0.0.0 /gxlm/?m=Register&a=registerprocess
SQL: INSERT INTO `studentinfo` (`wxcount`,`scount`,`pwd`,`schoolno`,`nickname`) VALUES ('o-CsGuPRWmejitXUXzfUBzntg','201221090208','201221090208',6,'2323432') [ RunTime:0.001645s ]
ERR: Duplicate entry 'o-CsGuPRWmejitXUXzfUBzntg' for key 'PRIMARY'
 [ SQL语句 ] : INSERT INTO `studentinfo` (`wxcount`,`scount`,`pwd`,`schoolno`,`nickname`) VALUES ('o-CsGuPRWmejitXUXzfUBzntg','201221090208','201221090208',6,'2323432')
INFO: [ view_template ] --START--
INFO: Run LocationTemplate Behavior [ RunTime:0.003938s ]
INFO: [ view_template ] --END-- [ RunTime:0.004406s ]
INFO: [ view_parse ] --START--
INFO: Run ParseTemplate Behavior [ RunTime:0.035265s ]
INFO: [ view_parse ] --END-- [ RunTime:0.035928s ]
INFO: [ view_filter ] --START--
INFO: Run ContentReplace Behavior [ RunTime:0.002223s ]
INFO: Run TokenBuild Behavior [ RunTime:0.002747s ]
INFO: Run WriteHtmlCache Behavior [ RunTime:0.001803s ]
INFO: Run ShowRuntime Behavior [ RunTime:0.002502s ]
INFO: [ view_filter ] --END-- [ RunTime:0.010609s ]
INFO: [ view_end ] --START--
INFO: Run ShowPageTrace Behavior [ RunTime:0.002852s ]
INFO: [ view_end ] --END-- [ RunTime:0.003241s ]

[ 2014-06-22T21:22:35+08:00 ] 0.0.0.0 /gxlm/?m=Register&a=registerprocess
INFO: [ app_begin ] --START--
INFO: Run ReadHtmlCache Behavior [ RunTime:0.005033s ]
INFO: [ app_begin ] --END-- [ RunTime:0.005414s ]
SQL: SHOW COLUMNS FROM `studentinfo` [ RunTime:0.009659s ]
SQL: SHOW COLUMNS FROM `school` [ RunTime:0.010052s ]
SQL: SELECT * FROM `school` WHERE ( schoolno=6 ) LIMIT 1   [ RunTime:0.001266s ]
SQL: SHOW COLUMNS FROM `jwsys` [ RunTime:0.008819s ]
SQL: SELECT * FROM `jwsys` WHERE ( sysno=2 ) LIMIT 1   [ RunTime:0.001479s ]
NOTIC: [8] Use of undefined constant Action - assumed 'Action' D:\wamp\www\gxlm\Home\Lib\Action\Home\RegisterAction.class.php 第 38 行.
SQL: SHOW COLUMNS FROM `school` [ RunTime:0.008906s ]
SQL: SELECT * FROM `school` WHERE ( schoolno=6 )  [ RunTime:0.001232s ]
NOTIC: [8] Use of undefined constant url - assumed 'url' D:\wamp\www\gxlm\Home\Lib\Action\Home\Urp_nocodeAction.class.php 第 17 行.
NOTIC: [8] Undefined variable: cookies D:\wamp\www\gxlm\ThinkPHP\Extend\Library\ORG\My\Fetchurl.class.php 第 43 行.

[ 2014-06-22T21:22:35+08:00 ] 0.0.0.0 /gxlm/?m=Register&a=registerprocess
SQL: INSERT INTO `studentinfo` (`wxcount`,`scount`,`pwd`,`schoolno`,`nickname`) VALUES ('o-CsGuPRWmejitXUXzfUBzntg','201221090208','201221090208',6,'2323432') [ RunTime:0.001515s ]
ERR: Duplicate entry 'o-CsGuPRWmejitXUXzfUBzntg' for key 'PRIMARY'
 [ SQL语句 ] : INSERT INTO `studentinfo` (`wxcount`,`scount`,`pwd`,`schoolno`,`nickname`) VALUES ('o-CsGuPRWmejitXUXzfUBzntg','201221090208','201221090208',6,'2323432')
INFO: [ view_template ] --START--
INFO: Run LocationTemplate Behavior [ RunTime:0.004830s ]
INFO: [ view_template ] --END-- [ RunTime:0.005199s ]
INFO: [ view_parse ] --START--
INFO: Run ParseTemplate Behavior [ RunTime:0.022835s ]
INFO: [ view_parse ] --END-- [ RunTime:0.023228s ]
INFO: [ view_filter ] --START--
INFO: Run ContentReplace Behavior [ RunTime:0.002534s ]
INFO: Run TokenBuild Behavior [ RunTime:0.002548s ]
INFO: Run WriteHtmlCache Behavior [ RunTime:0.001530s ]
INFO: Run ShowRuntime Behavior [ RunTime:0.003693s ]
INFO: [ view_filter ] --END-- [ RunTime:0.011387s ]
INFO: [ view_end ] --START--
INFO: Run ShowPageTrace Behavior [ RunTime:0.002330s ]
INFO: [ view_end ] --END-- [ RunTime:0.002652s ]

[ 2014-06-22T21:24:26+08:00 ] 0.0.0.0 /gxlm/?m=Register&a=registerprocess
INFO: [ app_begin ] --START--
INFO: Run ReadHtmlCache Behavior [ RunTime:0.002652s ]
INFO: [ app_begin ] --END-- [ RunTime:0.003050s ]
SQL: SHOW COLUMNS FROM `studentinfo` [ RunTime:0.009093s ]
SQL: SHOW COLUMNS FROM `school` [ RunTime:0.008982s ]
SQL: SELECT * FROM `school` WHERE ( schoolno=6 ) LIMIT 1   [ RunTime:0.001352s ]
SQL: SHOW COLUMNS FROM `jwsys` [ RunTime:0.007775s ]
SQL: SELECT * FROM `jwsys` WHERE ( sysno=2 ) LIMIT 1   [ RunTime:0.001205s ]
NOTIC: [8] Use of undefined constant Action - assumed 'Action' D:\wamp\www\gxlm\Home\Lib\Action\Home\RegisterAction.class.php 第 38 行.
SQL: SHOW COLUMNS FROM `school` [ RunTime:0.010161s ]
SQL: SELECT * FROM `school` WHERE ( schoolno=6 )  [ RunTime:0.001304s ]
NOTIC: [8] Use of undefined constant url - assumed 'url' D:\wamp\www\gxlm\Home\Lib\Action\Home\Urp_nocodeAction.class.php 第 17 行.
NOTIC: [8] Undefined variable: cookies D:\wamp\www\gxlm\ThinkPHP\Extend\Library\ORG\My\Fetchurl.class.php 第 43 行.

[ 2014-06-22T21:24:26+08:00 ] 0.0.0.0 /gxlm/?m=Register&a=registerprocess
SQL: INSERT INTO `studentinfo` (`wxcount`,`scount`,`pwd`,`schoolno`,`nickname`) VALUES ('o-CsGuPRWmejitXUXzfUBzntg','201221090208','201221090208',6,'2323432') [ RunTime:0.001098s ]
ERR: Duplicate entry 'o-CsGuPRWmejitXUXzfUBzntg' for key 'PRIMARY'
 [ SQL语句 ] : INSERT INTO `studentinfo` (`wxcount`,`scount`,`pwd`,`schoolno`,`nickname`) VALUES ('o-CsGuPRWmejitXUXzfUBzntg','201221090208','201221090208',6,'2323432')
INFO: [ view_template ] --START--
INFO: Run LocationTemplate Behavior [ RunTime:0.002049s ]
INFO: [ view_template ] --END-- [ RunTime:0.002381s ]
INFO: [ view_parse ] --START--
INFO: Run ParseTemplate Behavior [ RunTime:0.023350s ]
INFO: [ view_parse ] --END-- [ RunTime:0.023717s ]
INFO: [ view_filter ] --START--
INFO: Run ContentReplace Behavior [ RunTime:0.003251s ]
INFO: Run TokenBuild Behavior [ RunTime:0.001630s ]
INFO: Run WriteHtmlCache Behavior [ RunTime:0.001232s ]
INFO: Run ShowRuntime Behavior [ RunTime:0.001791s ]
INFO: [ view_filter ] --END-- [ RunTime:0.008825s ]
INFO: [ view_end ] --START--
INFO: Run ShowPageTrace Behavior [ RunTime:0.001969s ]
INFO: [ view_end ] --END-- [ RunTime:0.002279s ]

[ 2014-06-22T21:25:20+08:00 ] 0.0.0.0 /gxlm/?m=Register&a=registerprocess
INFO: [ app_begin ] --START--
INFO: Run ReadHtmlCache Behavior [ RunTime:0.005143s ]
INFO: [ app_begin ] --END-- [ RunTime:0.005654s ]
SQL: SHOW COLUMNS FROM `studentinfo` [ RunTime:0.009369s ]
SQL: SHOW COLUMNS FROM `school` [ RunTime:0.012046s ]
SQL: SELECT * FROM `school` WHERE ( schoolno=6 ) LIMIT 1   [ RunTime:0.002327s ]
SQL: SHOW COLUMNS FROM `jwsys` [ RunTime:0.008191s ]
SQL: SELECT * FROM `jwsys` WHERE ( sysno=2 ) LIMIT 1   [ RunTime:0.001551s ]
NOTIC: [8] Use of undefined constant Action - assumed 'Action' D:\wamp\www\gxlm\Home\Lib\Action\Home\RegisterAction.class.php 第 38 行.
SQL: SHOW COLUMNS FROM `school` [ RunTime:0.008691s ]
SQL: SELECT * FROM `school` WHERE ( schoolno=6 )  [ RunTime:0.002120s ]
NOTIC: [8] Use of undefined constant url - assumed 'url' D:\wamp\www\gxlm\Home\Lib\Action\Home\Urp_nocodeAction.class.php 第 17 行.
NOTIC: [8] Undefined variable: cookies D:\wamp\www\gxlm\ThinkPHP\Extend\Library\ORG\My\Fetchurl.class.php 第 43 行.

[ 2014-06-22T21:25:21+08:00 ] 0.0.0.0 /gxlm/?m=Register&a=registerprocess
SQL: INSERT INTO `studentinfo` (`wxcount`,`scount`,`pwd`,`schoolno`,`nickname`) VALUES ('o-CsGuPRWmejitXUXzfUBzntg','201221090208','201221090208',6,'2323432') [ RunTime:0.001096s ]
ERR: Duplicate entry 'o-CsGuPRWmejitXUXzfUBzntg' for key 'PRIMARY'
 [ SQL语句 ] : INSERT INTO `studentinfo` (`wxcount`,`scount`,`pwd`,`schoolno`,`nickname`) VALUES ('o-CsGuPRWmejitXUXzfUBzntg','201221090208','201221090208',6,'2323432')
INFO: [ view_template ] --START--
INFO: Run LocationTemplate Behavior [ RunTime:0.003067s ]
INFO: [ view_template ] --END-- [ RunTime:0.003509s ]
INFO: [ view_parse ] --START--
INFO: Run ParseTemplate Behavior [ RunTime:0.024825s ]
INFO: [ view_parse ] --END-- [ RunTime:0.025225s ]
INFO: [ view_filter ] --START--
INFO: Run ContentReplace Behavior [ RunTime:0.002380s ]
INFO: Run TokenBuild Behavior [ RunTime:0.001821s ]
INFO: Run WriteHtmlCache Behavior [ RunTime:0.003251s ]
INFO: Run ShowRuntime Behavior [ RunTime:0.002557s ]
INFO: [ view_filter ] --END-- [ RunTime:0.010928s ]
INFO: [ view_end ] --START--
INFO: Run ShowPageTrace Behavior [ RunTime:0.002297s ]
INFO: [ view_end ] --END-- [ RunTime:0.002619s ]

[ 2014-06-22T21:25:44+08:00 ] 0.0.0.0 /gxlm/?m=Register&a=registerprocess
INFO: [ app_begin ] --START--
INFO: Run ReadHtmlCache Behavior [ RunTime:0.003412s ]
INFO: [ app_begin ] --END-- [ RunTime:0.004594s ]
SQL: SHOW COLUMNS FROM `studentinfo` [ RunTime:0.023121s ]
SQL: SHOW COLUMNS FROM `school` [ RunTime:0.010707s ]
SQL: SELECT * FROM `school` WHERE ( schoolno=6 ) LIMIT 1   [ RunTime:0.002402s ]
SQL: SHOW COLUMNS FROM `jwsys` [ RunTime:0.013490s ]
SQL: SELECT * FROM `jwsys` WHERE ( sysno=2 ) LIMIT 1   [ RunTime:0.001462s ]
NOTIC: [8] Use of undefined constant Action - assumed 'Action' D:\wamp\www\gxlm\Home\Lib\Action\Home\RegisterAction.class.php 第 38 行.
SQL: SHOW COLUMNS FROM `school` [ RunTime:0.009730s ]
SQL: SELECT * FROM `school` WHERE ( schoolno=6 )  [ RunTime:0.001356s ]
NOTIC: [8] Use of undefined constant url - assumed 'url' D:\wamp\www\gxlm\Home\Lib\Action\Home\Urp_nocodeAction.class.php 第 17 行.
NOTIC: [8] Undefined variable: cookies D:\wamp\www\gxlm\ThinkPHP\Extend\Library\ORG\My\Fetchurl.class.php 第 43 行.

[ 2014-06-22T21:25:44+08:00 ] 0.0.0.0 /gxlm/?m=Register&a=registerprocess
SQL: INSERT INTO `studentinfo` (`wxcount`,`scount`,`pwd`,`schoolno`,`nickname`) VALUES ('o-CsGuPRWmejitXUXzfUBzntg','201221090208','201221090208',6,'2323432') [ RunTime:0.001104s ]
ERR: Duplicate entry 'o-CsGuPRWmejitXUXzfUBzntg' for key 'PRIMARY'
 [ SQL语句 ] : INSERT INTO `studentinfo` (`wxcount`,`scount`,`pwd`,`schoolno`,`nickname`) VALUES ('o-CsGuPRWmejitXUXzfUBzntg','201221090208','201221090208',6,'2323432')
INFO: [ view_template ] --START--
INFO: Run LocationTemplate Behavior [ RunTime:0.006274s ]
INFO: [ view_template ] --END-- [ RunTime:0.006620s ]
INFO: [ view_parse ] --START--
INFO: Run ParseTemplate Behavior [ RunTime:0.029348s ]
INFO: [ view_parse ] --END-- [ RunTime:0.029824s ]
INFO: [ view_filter ] --START--
INFO: Run ContentReplace Behavior [ RunTime:0.001774s ]
INFO: Run TokenBuild Behavior [ RunTime:0.001789s ]
INFO: Run WriteHtmlCache Behavior [ RunTime:0.001874s ]
INFO: Run ShowRuntime Behavior [ RunTime:0.002095s ]
INFO: [ view_filter ] --END-- [ RunTime:0.008634s ]
INFO: [ view_end ] --START--
INFO: Run ShowPageTrace Behavior [ RunTime:0.002473s ]
INFO: [ view_end ] --END-- [ RunTime:0.002792s ]

[ 2014-06-22T21:26:23+08:00 ] 0.0.0.0 /gxlm/?m=Register&a=registerprocess
INFO: [ app_begin ] --START--
INFO: Run ReadHtmlCache Behavior [ RunTime:0.005522s ]
INFO: [ app_begin ] --END-- [ RunTime:0.005897s ]
SQL: SHOW COLUMNS FROM `studentinfo` [ RunTime:0.012109s ]
SQL: SHOW COLUMNS FROM `school` [ RunTime:0.011237s ]
SQL: SELECT * FROM `school` WHERE ( schoolno=6 ) LIMIT 1   [ RunTime:0.001498s ]
SQL: SHOW COLUMNS FROM `jwsys` [ RunTime:0.011308s ]
SQL: SELECT * FROM `jwsys` WHERE ( sysno=2 ) LIMIT 1   [ RunTime:0.001887s ]
NOTIC: [8] Use of undefined constant Action - assumed 'Action' D:\wamp\www\gxlm\Home\Lib\Action\Home\RegisterAction.class.php 第 38 行.
SQL: SHOW COLUMNS FROM `school` [ RunTime:0.010391s ]
SQL: SELECT * FROM `school` WHERE ( schoolno=6 )  [ RunTime:0.001496s ]
NOTIC: [8] Use of undefined constant url - assumed 'url' D:\wamp\www\gxlm\Home\Lib\Action\Home\Urp_nocodeAction.class.php 第 17 行.
NOTIC: [8] Undefined variable: cookies D:\wamp\www\gxlm\ThinkPHP\Extend\Library\ORG\My\Fetchurl.class.php 第 43 行.

[ 2014-06-22T21:26:23+08:00 ] 0.0.0.0 /gxlm/?m=Register&a=registerprocess
SQL: INSERT INTO `studentinfo` (`wxcount`,`scount`,`pwd`,`schoolno`,`nickname`) VALUES ('o-CsGuPRWmejitXUXzfUBzntg','201221090208','201221090208',6,'2323432') [ RunTime:0.001803s ]
ERR: Duplicate entry 'o-CsGuPRWmejitXUXzfUBzntg' for key 'PRIMARY'
 [ SQL语句 ] : INSERT INTO `studentinfo` (`wxcount`,`scount`,`pwd`,`schoolno`,`nickname`) VALUES ('o-CsGuPRWmejitXUXzfUBzntg','201221090208','201221090208',6,'2323432')
INFO: [ view_template ] --START--
INFO: Run LocationTemplate Behavior [ RunTime:0.003680s ]
INFO: [ view_template ] --END-- [ RunTime:0.004299s ]
INFO: [ view_parse ] --START--
INFO: Run ParseTemplate Behavior [ RunTime:0.046913s ]
INFO: [ view_parse ] --END-- [ RunTime:0.047430s ]
INFO: [ view_filter ] --START--
INFO: Run ContentReplace Behavior [ RunTime:0.001735s ]
INFO: Run TokenBuild Behavior [ RunTime:0.004712s ]
INFO: Run WriteHtmlCache Behavior [ RunTime:0.002323s ]
INFO: Run ShowRuntime Behavior [ RunTime:0.003081s ]
INFO: [ view_filter ] --END-- [ RunTime:0.013476s ]
INFO: [ view_end ] --START--
INFO: Run ShowPageTrace Behavior [ RunTime:0.004264s ]
INFO: [ view_end ] --END-- [ RunTime:0.004698s ]

[ 2014-06-22T22:17:00+08:00 ] 0.0.0.0 /gxlm/?m=Register&a=registerprocess
INFO: [ app_begin ] --START--
INFO: Run ReadHtmlCache Behavior [ RunTime:0.002355s ]
INFO: [ app_begin ] --END-- [ RunTime:0.002724s ]
SQL: SHOW COLUMNS FROM `studentinfo` [ RunTime:0.008663s ]
SQL: SHOW COLUMNS FROM `school` [ RunTime:0.007481s ]
SQL: SELECT * FROM `school` WHERE ( schoolno=6 ) LIMIT 1   [ RunTime:0.002489s ]
SQL: SHOW COLUMNS FROM `jwsys` [ RunTime:0.007297s ]
SQL: SELECT * FROM `jwsys` WHERE ( sysno=2 ) LIMIT 1   [ RunTime:0.001193s ]
NOTIC: [8] Use of undefined constant Action - assumed 'Action' D:\wamp\www\gxlm\Home\Lib\Action\Home\RegisterAction.class.php 第 39 行.
SQL: SHOW COLUMNS FROM `school` [ RunTime:0.007259s ]
SQL: SELECT * FROM `school` WHERE ( schoolno=6 )  [ RunTime:0.001193s ]
NOTIC: [8] Use of undefined constant url - assumed 'url' D:\wamp\www\gxlm\Home\Lib\Action\Home\Urp_nocodeAction.class.php 第 17 行.

[ 2014-06-22T22:17:00+08:00 ] 0.0.0.0 /gxlm/?m=Register&a=registerprocess
INFO: [ view_template ] --START--
INFO: Run LocationTemplate Behavior [ RunTime:0.002934s ]
INFO: [ view_template ] --END-- [ RunTime:0.003280s ]
INFO: [ view_parse ] --START--
INFO: Run ParseTemplate Behavior [ RunTime:0.023971s ]
INFO: [ view_parse ] --END-- [ RunTime:0.024359s ]
INFO: [ view_filter ] --START--
INFO: Run ContentReplace Behavior [ RunTime:0.001782s ]
INFO: Run TokenBuild Behavior [ RunTime:0.001992s ]
INFO: Run WriteHtmlCache Behavior [ RunTime:0.001499s ]
INFO: Run ShowRuntime Behavior [ RunTime:0.002155s ]
INFO: [ view_filter ] --END-- [ RunTime:0.008339s ]
INFO: [ view_end ] --START--
INFO: Run ShowPageTrace Behavior [ RunTime:0.003497s ]
INFO: [ view_end ] --END-- [ RunTime:0.003815s ]

[ 2014-06-22T22:17:49+08:00 ] 0.0.0.0 /gxlm/?m=Register&a=registerprocess
INFO: [ app_begin ] --START--
INFO: Run ReadHtmlCache Behavior [ RunTime:0.002994s ]
INFO: [ app_begin ] --END-- [ RunTime:0.003481s ]
SQL: SHOW COLUMNS FROM `studentinfo` [ RunTime:0.007586s ]
SQL: SHOW COLUMNS FROM `school` [ RunTime:0.007324s ]
SQL: SELECT * FROM `school` WHERE ( schoolno=6 ) LIMIT 1   [ RunTime:0.001277s ]
SQL: SHOW COLUMNS FROM `jwsys` [ RunTime:0.007074s ]
SQL: SELECT * FROM `jwsys` WHERE ( sysno=2 ) LIMIT 1   [ RunTime:0.001722s ]
NOTIC: [8] Use of undefined constant Action - assumed 'Action' D:\wamp\www\gxlm\Home\Lib\Action\Home\RegisterAction.class.php 第 39 行.
SQL: SHOW COLUMNS FROM `school` [ RunTime:0.007525s ]
SQL: SELECT * FROM `school` WHERE ( schoolno=6 )  [ RunTime:0.001215s ]
NOTIC: [8] Use of undefined constant url - assumed 'url' D:\wamp\www\gxlm\Home\Lib\Action\Home\Urp_nocodeAction.class.php 第 17 行.

[ 2014-06-22T22:17:49+08:00 ] 0.0.0.0 /gxlm/?m=Register&a=registerprocess
INFO: [ view_template ] --START--
INFO: Run LocationTemplate Behavior [ RunTime:0.002890s ]
INFO: [ view_template ] --END-- [ RunTime:0.003244s ]
INFO: [ view_parse ] --START--
INFO: Run ParseTemplate Behavior [ RunTime:0.023572s ]
INFO: [ view_parse ] --END-- [ RunTime:0.023932s ]
INFO: [ view_filter ] --START--
INFO: Run ContentReplace Behavior [ RunTime:0.002165s ]
INFO: Run TokenBuild Behavior [ RunTime:0.001830s ]
INFO: Run WriteHtmlCache Behavior [ RunTime:0.001524s ]
INFO: Run ShowRuntime Behavior [ RunTime:0.002198s ]
INFO: [ view_filter ] --END-- [ RunTime:0.008677s ]
INFO: [ view_end ] --START--
INFO: Run ShowPageTrace Behavior [ RunTime:0.002436s ]
INFO: [ view_end ] --END-- [ RunTime:0.002768s ]

[ 2014-06-22T22:18:22+08:00 ] 0.0.0.0 /gxlm/?m=Register&a=registerprocess
INFO: [ app_begin ] --START--
INFO: Run ReadHtmlCache Behavior [ RunTime:0.002277s ]
INFO: [ app_begin ] --END-- [ RunTime:0.002636s ]
SQL: SHOW COLUMNS FROM `studentinfo` [ RunTime:0.007332s ]
SQL: SHOW COLUMNS FROM `school` [ RunTime:0.007745s ]
SQL: SELECT * FROM `school` WHERE ( schoolno=6 ) LIMIT 1   [ RunTime:0.001366s ]
SQL: SHOW COLUMNS FROM `jwsys` [ RunTime:0.007086s ]
SQL: SELECT * FROM `jwsys` WHERE ( sysno=2 ) LIMIT 1   [ RunTime:0.001207s ]
NOTIC: [8] Use of undefined constant Action - assumed 'Action' D:\wamp\www\gxlm\Home\Lib\Action\Home\RegisterAction.class.php 第 39 行.
SQL: SHOW COLUMNS FROM `school` [ RunTime:0.008208s ]
SQL: SELECT * FROM `school` WHERE ( schoolno=6 )  [ RunTime:0.001212s ]
NOTIC: [8] Use of undefined constant url - assumed 'url' D:\wamp\www\gxlm\Home\Lib\Action\Home\Urp_nocodeAction.class.php 第 17 行.

[ 2014-06-22T22:18:22+08:00 ] 0.0.0.0 /gxlm/?m=Register&a=registerprocess
INFO: [ view_template ] --START--
INFO: Run LocationTemplate Behavior [ RunTime:0.002103s ]
INFO: [ view_template ] --END-- [ RunTime:0.002520s ]
INFO: [ view_parse ] --START--
INFO: Run ParseTemplate Behavior [ RunTime:0.022166s ]
INFO: [ view_parse ] --END-- [ RunTime:0.022551s ]
INFO: [ view_filter ] --START--
INFO: Run ContentReplace Behavior [ RunTime:0.002126s ]
INFO: Run TokenBuild Behavior [ RunTime:0.002055s ]
INFO: Run WriteHtmlCache Behavior [ RunTime:0.001320s ]
INFO: Run ShowRuntime Behavior [ RunTime:0.001983s ]
INFO: [ view_filter ] --END-- [ RunTime:0.008694s ]
INFO: [ view_end ] --START--
INFO: Run ShowPageTrace Behavior [ RunTime:0.002013s ]
INFO: [ view_end ] --END-- [ RunTime:0.002333s ]

[ 2014-06-22T22:18:36+08:00 ] 0.0.0.0 /gxlm/?m=Register&a=registerprocess
INFO: [ app_begin ] --START--
INFO: Run ReadHtmlCache Behavior [ RunTime:0.001968s ]
INFO: [ app_begin ] --END-- [ RunTime:0.002340s ]
SQL: SHOW COLUMNS FROM `studentinfo` [ RunTime:0.007779s ]
SQL: SHOW COLUMNS FROM `school` [ RunTime:0.007605s ]
SQL: SELECT * FROM `school` WHERE ( schoolno=6 ) LIMIT 1   [ RunTime:0.001586s ]
SQL: SHOW COLUMNS FROM `jwsys` [ RunTime:0.007585s ]
SQL: SELECT * FROM `jwsys` WHERE ( sysno=2 ) LIMIT 1   [ RunTime:0.001431s ]
NOTIC: [8] Use of undefined constant Action - assumed 'Action' D:\wamp\www\gxlm\Home\Lib\Action\Home\RegisterAction.class.php 第 39 行.
SQL: SHOW COLUMNS FROM `school` [ RunTime:0.008481s ]
SQL: SELECT * FROM `school` WHERE ( schoolno=6 )  [ RunTime:0.001218s ]
NOTIC: [8] Use of undefined constant url - assumed 'url' D:\wamp\www\gxlm\Home\Lib\Action\Home\Urp_nocodeAction.class.php 第 17 行.

[ 2014-06-22T22:18:36+08:00 ] 0.0.0.0 /gxlm/?m=Register&a=registerprocess
INFO: [ view_template ] --START--
INFO: Run LocationTemplate Behavior [ RunTime:0.002041s ]
INFO: [ view_template ] --END-- [ RunTime:0.002397s ]
INFO: [ view_parse ] --START--
INFO: Run ParseTemplate Behavior [ RunTime:0.021341s ]
INFO: [ view_parse ] --END-- [ RunTime:0.021723s ]
INFO: [ view_filter ] --START--
INFO: Run ContentReplace Behavior [ RunTime:0.002649s ]
INFO: Run TokenBuild Behavior [ RunTime:0.001996s ]
INFO: Run WriteHtmlCache Behavior [ RunTime:0.001232s ]
INFO: Run ShowRuntime Behavior [ RunTime:0.001874s ]
INFO: [ view_filter ] --END-- [ RunTime:0.008713s ]
INFO: [ view_end ] --START--
INFO: Run ShowPageTrace Behavior [ RunTime:0.002376s ]
INFO: [ view_end ] --END-- [ RunTime:0.003011s ]

[ 2014-06-22T22:18:45+08:00 ] 0.0.0.0 /gxlm/?m=Register&a=registerprocess
INFO: [ app_begin ] --START--
INFO: Run ReadHtmlCache Behavior [ RunTime:0.001834s ]
INFO: [ app_begin ] --END-- [ RunTime:0.002182s ]
SQL: SHOW COLUMNS FROM `studentinfo` [ RunTime:0.008498s ]
SQL: SHOW COLUMNS FROM `school` [ RunTime:0.007231s ]
SQL: SELECT * FROM `school` WHERE ( schoolno=6 ) LIMIT 1   [ RunTime:0.001244s ]
SQL: SHOW COLUMNS FROM `jwsys` [ RunTime:0.007977s ]
SQL: SELECT * FROM `jwsys` WHERE ( sysno=2 ) LIMIT 1   [ RunTime:0.001241s ]
NOTIC: [8] Use of undefined constant Action - assumed 'Action' D:\wamp\www\gxlm\Home\Lib\Action\Home\RegisterAction.class.php 第 39 行.
SQL: SHOW COLUMNS FROM `school` [ RunTime:0.008394s ]
SQL: SELECT * FROM `school` WHERE ( schoolno=6 )  [ RunTime:0.001225s ]
NOTIC: [8] Use of undefined constant url - assumed 'url' D:\wamp\www\gxlm\Home\Lib\Action\Home\Urp_nocodeAction.class.php 第 17 行.

[ 2014-06-22T22:18:45+08:00 ] 0.0.0.0 /gxlm/?m=Register&a=registerprocess
INFO: [ view_template ] --START--
INFO: Run LocationTemplate Behavior [ RunTime:0.002123s ]
INFO: [ view_template ] --END-- [ RunTime:0.002484s ]
INFO: [ view_parse ] --START--
INFO: Run ParseTemplate Behavior [ RunTime:0.020994s ]
INFO: [ view_parse ] --END-- [ RunTime:0.021346s ]
INFO: [ view_filter ] --START--
INFO: Run ContentReplace Behavior [ RunTime:0.001507s ]
INFO: Run TokenBuild Behavior [ RunTime:0.001991s ]
INFO: Run WriteHtmlCache Behavior [ RunTime:0.001252s ]
INFO: Run ShowRuntime Behavior [ RunTime:0.001767s ]
INFO: [ view_filter ] --END-- [ RunTime:0.007468s ]
INFO: [ view_end ] --START--
INFO: Run ShowPageTrace Behavior [ RunTime:0.002190s ]
INFO: [ view_end ] --END-- [ RunTime:0.002633s ]

[ 2014-06-22T22:19:48+08:00 ] 0.0.0.0 /gxlm/?m=Register&a=registerprocess
INFO: [ app_begin ] --START--
INFO: Run ReadHtmlCache Behavior [ RunTime:0.001942s ]
INFO: [ app_begin ] --END-- [ RunTime:0.002286s ]
SQL: SHOW COLUMNS FROM `studentinfo` [ RunTime:0.021875s ]
SQL: SHOW COLUMNS FROM `school` [ RunTime:0.007363s ]
SQL: SELECT * FROM `school` WHERE ( schoolno=6 ) LIMIT 1   [ RunTime:0.001265s ]
SQL: SHOW COLUMNS FROM `jwsys` [ RunTime:0.008036s ]
SQL: SELECT * FROM `jwsys` WHERE ( sysno=2 ) LIMIT 1   [ RunTime:0.001204s ]
NOTIC: [8] Use of undefined constant Action - assumed 'Action' D:\wamp\www\gxlm\Home\Lib\Action\Home\RegisterAction.class.php 第 39 行.
SQL: SHOW COLUMNS FROM `school` [ RunTime:0.007661s ]
SQL: SELECT * FROM `school` WHERE ( schoolno=6 )  [ RunTime:0.001199s ]
NOTIC: [8] Use of undefined constant url - assumed 'url' D:\wamp\www\gxlm\Home\Lib\Action\Home\Urp_nocodeAction.class.php 第 17 行.
NOTIC: [8] Undefined variable: cookies D:\wamp\www\gxlm\ThinkPHP\Extend\Library\ORG\My\Fetchurl.class.php 第 43 行.

[ 2014-06-22T22:19:48+08:00 ] 0.0.0.0 /gxlm/?m=Register&a=registerprocess
SQL: INSERT INTO `studentinfo` (`wxcount`,`scount`,`pwd`,`schoolno`,`nickname`) VALUES ('o-CsGuPRWmejitXUXzfUBzntg','201221090208','201221090208',6,'2323432') [ RunTime:0.001063s ]
ERR: Duplicate entry 'o-CsGuPRWmejitXUXzfUBzntg' for key 'PRIMARY'
 [ SQL语句 ] : INSERT INTO `studentinfo` (`wxcount`,`scount`,`pwd`,`schoolno`,`nickname`) VALUES ('o-CsGuPRWmejitXUXzfUBzntg','201221090208','201221090208',6,'2323432')
INFO: [ view_template ] --START--
INFO: Run LocationTemplate Behavior [ RunTime:0.002487s ]
INFO: [ view_template ] --END-- [ RunTime:0.002840s ]
INFO: [ view_parse ] --START--
INFO: Run ParseTemplate Behavior [ RunTime:0.020998s ]
INFO: [ view_parse ] --END-- [ RunTime:0.021360s ]
INFO: [ view_filter ] --START--
INFO: Run ContentReplace Behavior [ RunTime:0.001515s ]
INFO: Run TokenBuild Behavior [ RunTime:0.001555s ]
INFO: Run WriteHtmlCache Behavior [ RunTime:0.001200s ]
INFO: Run ShowRuntime Behavior [ RunTime:0.002079s ]
INFO: [ view_filter ] --END-- [ RunTime:0.007253s ]
INFO: [ view_end ] --START--
INFO: Run ShowPageTrace Behavior [ RunTime:0.002713s ]
INFO: [ view_end ] --END-- [ RunTime:0.003281s ]

[ 2014-06-22T22:20:37+08:00 ] 0.0.0.0 /gxlm/?m=Register&a=registerprocess
INFO: [ app_begin ] --START--
INFO: Run ReadHtmlCache Behavior [ RunTime:0.002503s ]
INFO: [ app_begin ] --END-- [ RunTime:0.002942s ]
SQL: SHOW COLUMNS FROM `studentinfo` [ RunTime:0.007470s ]
SQL: SHOW COLUMNS FROM `school` [ RunTime:0.007781s ]
SQL: SELECT * FROM `school` WHERE ( schoolno=6 ) LIMIT 1   [ RunTime:0.001297s ]
SQL: SHOW COLUMNS FROM `jwsys` [ RunTime:0.007631s ]
SQL: SELECT * FROM `jwsys` WHERE ( sysno=2 ) LIMIT 1   [ RunTime:0.001519s ]
NOTIC: [8] Use of undefined constant Action - assumed 'Action' D:\wamp\www\gxlm\Home\Lib\Action\Home\RegisterAction.class.php 第 39 行.
SQL: SHOW COLUMNS FROM `school` [ RunTime:0.008308s ]
SQL: SELECT * FROM `school` WHERE ( schoolno=6 )  [ RunTime:0.001204s ]
NOTIC: [8] Use of undefined constant url - assumed 'url' D:\wamp\www\gxlm\Home\Lib\Action\Home\Urp_nocodeAction.class.php 第 17 行.
NOTIC: [8] Undefined variable: cookies D:\wamp\www\gxlm\ThinkPHP\Extend\Library\ORG\My\Fetchurl.class.php 第 43 行.

[ 2014-06-22T22:20:37+08:00 ] 0.0.0.0 /gxlm/?m=Register&a=registerprocess
SQL: INSERT INTO `studentinfo` (`wxcount`,`scount`,`pwd`,`schoolno`,`nickname`) VALUES ('o-CsGuPRWmejitXUXzfUBzntg','201221090208','201221090208',6,'2323432') [ RunTime:0.001262s ]
ERR: Duplicate entry 'o-CsGuPRWmejitXUXzfUBzntg' for key 'PRIMARY'
 [ SQL语句 ] : INSERT INTO `studentinfo` (`wxcount`,`scount`,`pwd`,`schoolno`,`nickname`) VALUES ('o-CsGuPRWmejitXUXzfUBzntg','201221090208','201221090208',6,'2323432')
INFO: [ view_template ] --START--
INFO: Run LocationTemplate Behavior [ RunTime:0.003129s ]
INFO: [ view_template ] --END-- [ RunTime:0.003516s ]
INFO: [ view_parse ] --START--
INFO: Run ParseTemplate Behavior [ RunTime:0.023195s ]
INFO: [ view_parse ] --END-- [ RunTime:0.023553s ]
INFO: [ view_filter ] --START--
INFO: Run ContentReplace Behavior [ RunTime:0.001719s ]
INFO: Run TokenBuild Behavior [ RunTime:0.002191s ]
INFO: Run WriteHtmlCache Behavior [ RunTime:0.001724s ]
INFO: Run ShowRuntime Behavior [ RunTime:0.002107s ]
INFO: [ view_filter ] --END-- [ RunTime:0.008705s ]
INFO: [ view_end ] --START--
INFO: Run ShowPageTrace Behavior [ RunTime:0.002261s ]
INFO: [ view_end ] --END-- [ RunTime:0.002572s ]

[ 2014-06-22T22:21:51+08:00 ] 0.0.0.0 /gxlm/?m=Register&a=registerprocess
INFO: [ app_begin ] --START--
INFO: Run ReadHtmlCache Behavior [ RunTime:0.002727s ]
INFO: [ app_begin ] --END-- [ RunTime:0.003108s ]
SQL: SHOW COLUMNS FROM `studentinfo` [ RunTime:0.007731s ]
SQL: SHOW COLUMNS FROM `school` [ RunTime:0.008094s ]
SQL: SELECT * FROM `school` WHERE ( schoolno=6 ) LIMIT 1   [ RunTime:0.002013s ]
SQL: SHOW COLUMNS FROM `jwsys` [ RunTime:0.008326s ]
SQL: SELECT * FROM `jwsys` WHERE ( sysno=2 ) LIMIT 1   [ RunTime:0.001172s ]
NOTIC: [8] Use of undefined constant Action - assumed 'Action' D:\wamp\www\gxlm\Home\Lib\Action\Home\RegisterAction.class.php 第 38 行.
SQL: SHOW COLUMNS FROM `school` [ RunTime:0.008824s ]
SQL: SELECT * FROM `school` WHERE ( schoolno=6 )  [ RunTime:0.001237s ]
NOTIC: [8] Use of undefined constant url - assumed 'url' D:\wamp\www\gxlm\Home\Lib\Action\Home\Urp_nocodeAction.class.php 第 17 行.
NOTIC: [8] Undefined variable: cookies D:\wamp\www\gxlm\ThinkPHP\Extend\Library\ORG\My\Fetchurl.class.php 第 43 行.

[ 2014-06-22T22:21:51+08:00 ] 0.0.0.0 /gxlm/?m=Register&a=registerprocess
SQL: INSERT INTO `studentinfo` (`wxcount`,`scount`,`pwd`,`schoolno`,`nickname`) VALUES ('o-CsGuPRWmejitXUXzfUBzntg','201221090208','201221090208',6,'2323432') [ RunTime:0.001088s ]
ERR: Duplicate entry 'o-CsGuPRWmejitXUXzfUBzntg' for key 'PRIMARY'
 [ SQL语句 ] : INSERT INTO `studentinfo` (`wxcount`,`scount`,`pwd`,`schoolno`,`nickname`) VALUES ('o-CsGuPRWmejitXUXzfUBzntg','201221090208','201221090208',6,'2323432')
INFO: [ view_template ] --START--
INFO: Run LocationTemplate Behavior [ RunTime:0.002961s ]
INFO: [ view_template ] --END-- [ RunTime:0.003303s ]
INFO: [ view_parse ] --START--
INFO: Run ParseTemplate Behavior [ RunTime:0.023382s ]
INFO: [ view_parse ] --END-- [ RunTime:0.023737s ]
INFO: [ view_filter ] --START--
INFO: Run ContentReplace Behavior [ RunTime:0.001700s ]
INFO: Run TokenBuild Behavior [ RunTime:0.002733s ]
INFO: Run WriteHtmlCache Behavior [ RunTime:0.001822s ]
INFO: Run ShowRuntime Behavior [ RunTime:0.002669s ]
INFO: [ view_filter ] --END-- [ RunTime:0.010232s ]
INFO: [ view_end ] --START--
INFO: Run ShowPageTrace Behavior [ RunTime:0.002592s ]
INFO: [ view_end ] --END-- [ RunTime:0.002917s ]

[ 2014-06-22T22:22:39+08:00 ] 0.0.0.0 /gxlm/?m=Register&a=register&wxcount=o-CsGuPRWmejitXUXzfUBzntg
INFO: [ app_begin ] --START--
INFO: Run ReadHtmlCache Behavior [ RunTime:0.002699s ]
INFO: [ app_begin ] --END-- [ RunTime:0.003069s ]
SQL: SHOW COLUMNS FROM `school` [ RunTime:0.008047s ]
SQL: SELECT * FROM `school`  [ RunTime:0.001516s ]
INFO: [ view_template ] --START--
INFO: Run LocationTemplate Behavior [ RunTime:0.002904s ]
INFO: [ view_template ] --END-- [ RunTime:0.003247s ]
INFO: [ view_parse ] --START--
INFO: Run ParseTemplate Behavior [ RunTime:0.029281s ]
INFO: [ view_parse ] --END-- [ RunTime:0.029664s ]
INFO: [ view_filter ] --START--
INFO: Run ContentReplace Behavior [ RunTime:0.001954s ]
INFO: Run TokenBuild Behavior [ RunTime:0.001805s ]
INFO: Run WriteHtmlCache Behavior [ RunTime:0.001677s ]
INFO: Run ShowRuntime Behavior [ RunTime:0.002760s ]
INFO: [ view_filter ] --END-- [ RunTime:0.009358s ]
INFO: [ view_end ] --START--
INFO: Run ShowPageTrace Behavior [ RunTime:0.002414s ]
INFO: [ view_end ] --END-- [ RunTime:0.002743s ]

[ 2014-06-22T22:22:45+08:00 ] 0.0.0.0 /gxlm/?m=Register&a=register&wxcount=o-CsGuPRWmejitXUXzfUB
INFO: [ app_begin ] --START--
INFO: Run ReadHtmlCache Behavior [ RunTime:0.002409s ]
INFO: [ app_begin ] --END-- [ RunTime:0.002983s ]
SQL: SHOW COLUMNS FROM `school` [ RunTime:0.007352s ]
SQL: SELECT * FROM `school`  [ RunTime:0.002124s ]
INFO: [ view_template ] --START--
INFO: Run LocationTemplate Behavior [ RunTime:0.002436s ]
INFO: [ view_template ] --END-- [ RunTime:0.002821s ]
INFO: [ view_parse ] --START--
INFO: Run ParseTemplate Behavior [ RunTime:0.029700s ]
INFO: [ view_parse ] --END-- [ RunTime:0.030065s ]
INFO: [ view_filter ] --START--
INFO: Run ContentReplace Behavior [ RunTime:0.001771s ]
INFO: Run TokenBuild Behavior [ RunTime:0.001733s ]
INFO: Run WriteHtmlCache Behavior [ RunTime:0.001222s ]
INFO: Run ShowRuntime Behavior [ RunTime:0.001842s ]
INFO: [ view_filter ] --END-- [ RunTime:0.007473s ]
INFO: [ view_end ] --START--
INFO: Run ShowPageTrace Behavior [ RunTime:0.002097s ]
INFO: [ view_end ] --END-- [ RunTime:0.002440s ]

[ 2014-06-22T22:23:05+08:00 ] 0.0.0.0 /gxlm/?m=Register&a=registerprocess
INFO: [ app_begin ] --START--
INFO: Run ReadHtmlCache Behavior [ RunTime:0.004108s ]
INFO: [ app_begin ] --END-- [ RunTime:0.004713s ]
SQL: SHOW COLUMNS FROM `studentinfo` [ RunTime:0.007929s ]
SQL: SHOW COLUMNS FROM `school` [ RunTime:0.007627s ]
SQL: SELECT * FROM `school` WHERE ( schoolno=6 ) LIMIT 1   [ RunTime:0.001236s ]
SQL: SHOW COLUMNS FROM `jwsys` [ RunTime:0.009308s ]
SQL: SELECT * FROM `jwsys` WHERE ( sysno=2 ) LIMIT 1   [ RunTime:0.001307s ]
NOTIC: [8] Use of undefined constant Action - assumed 'Action' D:\wamp\www\gxlm\Home\Lib\Action\Home\RegisterAction.class.php 第 38 行.
SQL: SHOW COLUMNS FROM `school` [ RunTime:0.009165s ]
SQL: SELECT * FROM `school` WHERE ( schoolno=6 )  [ RunTime:0.001182s ]
NOTIC: [8] Use of undefined constant url - assumed 'url' D:\wamp\www\gxlm\Home\Lib\Action\Home\Urp_nocodeAction.class.php 第 17 行.
NOTIC: [8] Undefined variable: cookies D:\wamp\www\gxlm\ThinkPHP\Extend\Library\ORG\My\Fetchurl.class.php 第 43 行.

[ 2014-06-22T22:23:05+08:00 ] 0.0.0.0 /gxlm/?m=Register&a=registerprocess
SQL: INSERT INTO `studentinfo` (`wxcount`,`scount`,`pwd`,`schoolno`,`nickname`) VALUES ('o-CsGuPRWmejitXUXzfUB','201221090208','201221090208',6,'123455555') [ RunTime:0.095946s ]
INFO: [ view_template ] --START--
INFO: Run LocationTemplate Behavior [ RunTime:0.002155s ]
INFO: [ view_template ] --END-- [ RunTime:0.002491s ]
INFO: [ view_parse ] --START--
INFO: Run ParseTemplate Behavior [ RunTime:0.021890s ]
INFO: [ view_parse ] --END-- [ RunTime:0.022244s ]
INFO: [ view_filter ] --START--
INFO: Run ContentReplace Behavior [ RunTime:0.001894s ]
INFO: Run TokenBuild Behavior [ RunTime:0.001645s ]
INFO: Run WriteHtmlCache Behavior [ RunTime:0.001129s ]
INFO: Run ShowRuntime Behavior [ RunTime:0.002033s ]
INFO: [ view_filter ] --END-- [ RunTime:0.007606s ]
INFO: [ view_end ] --START--
INFO: Run ShowPageTrace Behavior [ RunTime:0.002100s ]
INFO: [ view_end ] --END-- [ RunTime:0.002434s ]

[ 2014-06-22T22:23:24+08:00 ] 0.0.0.0 /gxlm/?m=Register&a=register&wxcount=o-CsGuPRWmejitXUXzfUB
INFO: [ app_begin ] --START--
INFO: Run ReadHtmlCache Behavior [ RunTime:0.001881s ]
INFO: [ app_begin ] --END-- [ RunTime:0.002234s ]
SQL: SHOW COLUMNS FROM `school` [ RunTime:0.007934s ]
SQL: SELECT * FROM `school`  [ RunTime:0.001310s ]
INFO: [ view_template ] --START--
INFO: Run LocationTemplate Behavior [ RunTime:0.002564s ]
INFO: [ view_template ] --END-- [ RunTime:0.002909s ]
INFO: [ view_parse ] --START--
INFO: Run ParseTemplate Behavior [ RunTime:0.029969s ]
INFO: [ view_parse ] --END-- [ RunTime:0.030584s ]
INFO: [ view_filter ] --START--
INFO: Run ContentReplace Behavior [ RunTime:0.001707s ]
INFO: Run TokenBuild Behavior [ RunTime:0.001780s ]
INFO: Run WriteHtmlCache Behavior [ RunTime:0.001709s ]
INFO: Run ShowRuntime Behavior [ RunTime:0.003150s ]
INFO: [ view_filter ] --END-- [ RunTime:0.009803s ]
INFO: [ view_end ] --START--
INFO: Run ShowPageTrace Behavior [ RunTime:0.002067s ]
INFO: [ view_end ] --END-- [ RunTime:0.002447s ]

[ 2014-06-22T22:23:58+08:00 ] 0.0.0.0 /gxlm/?m=Register&a=registerprocess
INFO: [ app_begin ] --START--
INFO: Run ReadHtmlCache Behavior [ RunTime:0.002606s ]
INFO: [ app_begin ] --END-- [ RunTime:0.002977s ]
SQL: SHOW COLUMNS FROM `studentinfo` [ RunTime:0.008061s ]
SQL: SHOW COLUMNS FROM `school` [ RunTime:0.007452s ]
SQL: SELECT * FROM `school` WHERE ( schoolno=4 ) LIMIT 1   [ RunTime:0.001296s ]
SQL: SHOW COLUMNS FROM `jwsys` [ RunTime:0.008555s ]
SQL: SELECT * FROM `jwsys` WHERE ( sysno=2 ) LIMIT 1   [ RunTime:0.001219s ]
NOTIC: [8] Use of undefined constant Action - assumed 'Action' D:\wamp\www\gxlm\Home\Lib\Action\Home\RegisterAction.class.php 第 38 行.
SQL: SHOW COLUMNS FROM `school` [ RunTime:0.008468s ]
SQL: SELECT * FROM `school` WHERE ( schoolno=4 )  [ RunTime:0.001207s ]
NOTIC: [8] Use of undefined constant url - assumed 'url' D:\wamp\www\gxlm\Home\Lib\Action\Home\Urp_nocodeAction.class.php 第 17 行.
NOTIC: [8] Undefined variable: cookies D:\wamp\www\gxlm\ThinkPHP\Extend\Library\ORG\My\Fetchurl.class.php 第 43 行.

[ 2014-06-22T22:23:58+08:00 ] 0.0.0.0 /gxlm/?m=Register&a=registerprocess
SQL: INSERT INTO `studentinfo` (`wxcount`,`scount`,`pwd`,`schoolno`,`nickname`) VALUES ('o-CsGuPRWmejitXUXzfUB','1202020129','271790',4,'12345465') [ RunTime:0.001229s ]
ERR: Duplicate entry 'o-CsGuPRWmejitXUXzfUB' for key 'PRIMARY'
 [ SQL语句 ] : INSERT INTO `studentinfo` (`wxcount`,`scount`,`pwd`,`schoolno`,`nickname`) VALUES ('o-CsGuPRWmejitXUXzfUB','1202020129','271790',4,'12345465')
INFO: [ view_template ] --START--
INFO: Run LocationTemplate Behavior [ RunTime:0.002881s ]
INFO: [ view_template ] --END-- [ RunTime:0.003340s ]
INFO: [ view_parse ] --START--
INFO: Run ParseTemplate Behavior [ RunTime:0.022035s ]
INFO: [ view_parse ] --END-- [ RunTime:0.022390s ]
INFO: [ view_filter ] --START--
INFO: Run ContentReplace Behavior [ RunTime:0.001512s ]
INFO: Run TokenBuild Behavior [ RunTime:0.001763s ]
INFO: Run WriteHtmlCache Behavior [ RunTime:0.001697s ]
INFO: Run ShowRuntime Behavior [ RunTime:0.002067s ]
INFO: [ view_filter ] --END-- [ RunTime:0.007961s ]
INFO: [ view_end ] --START--
INFO: Run ShowPageTrace Behavior [ RunTime:0.002304s ]
INFO: [ view_end ] --END-- [ RunTime:0.002632s ]

[ 2014-06-22T22:25:09+08:00 ] 0.0.0.0 /gxlm/?m=Register&a=registerprocess
INFO: [ app_begin ] --START--
INFO: Run ReadHtmlCache Behavior [ RunTime:0.003571s ]
INFO: [ app_begin ] --END-- [ RunTime:0.004038s ]
SQL: SHOW COLUMNS FROM `studentinfo` [ RunTime:0.007777s ]
SQL: SHOW COLUMNS FROM `school` [ RunTime:0.008223s ]
SQL: SELECT * FROM `school` WHERE ( schoolno=4 ) LIMIT 1   [ RunTime:0.001264s ]
SQL: SHOW COLUMNS FROM `jwsys` [ RunTime:0.007689s ]
SQL: SELECT * FROM `jwsys` WHERE ( sysno=2 ) LIMIT 1   [ RunTime:0.001243s ]
NOTIC: [8] Use of undefined constant Action - assumed 'Action' D:\wamp\www\gxlm\Home\Lib\Action\Home\RegisterAction.class.php 第 38 行.
SQL: SHOW COLUMNS FROM `school` [ RunTime:0.008045s ]
SQL: SELECT * FROM `school` WHERE ( schoolno=4 )  [ RunTime:0.001193s ]
NOTIC: [8] Use of undefined constant url - assumed 'url' D:\wamp\www\gxlm\Home\Lib\Action\Home\Urp_nocodeAction.class.php 第 17 行.
NOTIC: [8] Undefined variable: cookies D:\wamp\www\gxlm\ThinkPHP\Extend\Library\ORG\My\Fetchurl.class.php 第 43 行.

[ 2014-06-22T22:25:09+08:00 ] 0.0.0.0 /gxlm/?m=Register&a=registerprocess
SQL: INSERT INTO `studentinfo` (`wxcount`,`scount`,`pwd`,`schoolno`,`nickname`) VALUES ('o-CsGuPRWmejitXUXzfUB','1202020129','271790',4,'12345465') [ RunTime:0.001077s ]
ERR: Duplicate entry 'o-CsGuPRWmejitXUXzfUB' for key 'PRIMARY'
 [ SQL语句 ] : INSERT INTO `studentinfo` (`wxcount`,`scount`,`pwd`,`schoolno`,`nickname`) VALUES ('o-CsGuPRWmejitXUXzfUB','1202020129','271790',4,'12345465')
INFO: [ view_template ] --START--
INFO: Run LocationTemplate Behavior [ RunTime:0.002575s ]
INFO: [ view_template ] --END-- [ RunTime:0.002898s ]
INFO: [ view_parse ] --START--
INFO: Run ParseTemplate Behavior [ RunTime:0.022837s ]
INFO: [ view_parse ] --END-- [ RunTime:0.023186s ]
INFO: [ view_filter ] --START--
INFO: Run ContentReplace Behavior [ RunTime:0.001958s ]
INFO: Run TokenBuild Behavior [ RunTime:0.002171s ]
INFO: Run WriteHtmlCache Behavior [ RunTime:0.001438s ]
INFO: Run ShowRuntime Behavior [ RunTime:0.002142s ]
INFO: [ view_filter ] --END-- [ RunTime:0.009019s ]
INFO: [ view_end ] --START--
INFO: Run ShowPageTrace Behavior [ RunTime:0.002396s ]
INFO: [ view_end ] --END-- [ RunTime:0.002736s ]

[ 2014-06-22T22:25:25+08:00 ] 0.0.0.0 /gxlm/?m=Register&a=register&wxcount=o-CsGuPRWmejitXUXzfUB
INFO: [ app_begin ] --START--
INFO: Run ReadHtmlCache Behavior [ RunTime:0.003126s ]
INFO: [ app_begin ] --END-- [ RunTime:0.003484s ]
SQL: SHOW COLUMNS FROM `school` [ RunTime:0.007763s ]
SQL: SELECT * FROM `school`  [ RunTime:0.001220s ]
INFO: [ view_template ] --START--
INFO: Run LocationTemplate Behavior [ RunTime:0.002974s ]
INFO: [ view_template ] --END-- [ RunTime:0.003333s ]
INFO: [ view_parse ] --START--
INFO: Run ParseTemplate Behavior [ RunTime:0.028638s ]
INFO: [ view_parse ] --END-- [ RunTime:0.028998s ]
INFO: [ view_filter ] --START--
INFO: Run ContentReplace Behavior [ RunTime:0.001815s ]
INFO: Run TokenBuild Behavior [ RunTime:0.001866s ]
INFO: Run WriteHtmlCache Behavior [ RunTime:0.001423s ]
INFO: Run ShowRuntime Behavior [ RunTime:0.002208s ]
INFO: [ view_filter ] --END-- [ RunTime:0.008442s ]
INFO: [ view_end ] --START--
INFO: Run ShowPageTrace Behavior [ RunTime:0.002449s ]
INFO: [ view_end ] --END-- [ RunTime:0.002819s ]

[ 2014-06-22T22:25:33+08:00 ] 0.0.0.0 /gxlm/?m=Register&a=register&wxcount=o-CsGuPRWmejitXUXzfUBwww
INFO: [ app_begin ] --START--
INFO: Run ReadHtmlCache Behavior [ RunTime:0.001835s ]
INFO: [ app_begin ] --END-- [ RunTime:0.002182s ]
SQL: SHOW COLUMNS FROM `school` [ RunTime:0.008450s ]
SQL: SELECT * FROM `school`  [ RunTime:0.001400s ]
INFO: [ view_template ] --START--
INFO: Run LocationTemplate Behavior [ RunTime:0.002781s ]
INFO: [ view_template ] --END-- [ RunTime:0.003511s ]
INFO: [ view_parse ] --START--
INFO: Run ParseTemplate Behavior [ RunTime:0.029232s ]
INFO: [ view_parse ] --END-- [ RunTime:0.029607s ]
INFO: [ view_filter ] --START--
INFO: Run ContentReplace Behavior [ RunTime:0.002984s ]
INFO: Run TokenBuild Behavior [ RunTime:0.002084s ]
INFO: Run WriteHtmlCache Behavior [ RunTime:0.001541s ]
INFO: Run ShowRuntime Behavior [ RunTime:0.002648s ]
INFO: [ view_filter ] --END-- [ RunTime:0.010429s ]
INFO: [ view_end ] --START--
INFO: Run ShowPageTrace Behavior [ RunTime:0.002147s ]
INFO: [ view_end ] --END-- [ RunTime:0.002463s ]

[ 2014-06-22T22:25:57+08:00 ] 0.0.0.0 /gxlm/?m=Register&a=registerprocess
INFO: [ app_begin ] --START--
INFO: Run ReadHtmlCache Behavior [ RunTime:0.002042s ]
INFO: [ app_begin ] --END-- [ RunTime:0.002413s ]
SQL: SHOW COLUMNS FROM `studentinfo` [ RunTime:0.016520s ]
SQL: SHOW COLUMNS FROM `school` [ RunTime:0.007701s ]
SQL: SELECT * FROM `school` WHERE ( schoolno=4 ) LIMIT 1   [ RunTime:0.001267s ]
SQL: SHOW COLUMNS FROM `jwsys` [ RunTime:0.007475s ]
SQL: SELECT * FROM `jwsys` WHERE ( sysno=2 ) LIMIT 1   [ RunTime:0.001200s ]
NOTIC: [8] Use of undefined constant Action - assumed 'Action' D:\wamp\www\gxlm\Home\Lib\Action\Home\RegisterAction.class.php 第 38 行.
SQL: SHOW COLUMNS FROM `school` [ RunTime:0.007679s ]
SQL: SELECT * FROM `school` WHERE ( schoolno=4 )  [ RunTime:0.001936s ]
NOTIC: [8] Use of undefined constant url - assumed 'url' D:\wamp\www\gxlm\Home\Lib\Action\Home\Urp_nocodeAction.class.php 第 17 行.
NOTIC: [8] Undefined variable: cookies D:\wamp\www\gxlm\ThinkPHP\Extend\Library\ORG\My\Fetchurl.class.php 第 43 行.

[ 2014-06-22T22:25:57+08:00 ] 0.0.0.0 /gxlm/?m=Register&a=registerprocess
SQL: INSERT INTO `studentinfo` (`wxcount`,`scount`,`pwd`,`schoolno`,`nickname`) VALUES ('o-CsGuPRWmejitXUXzfUBwww','1202020129','271790',4,'1234567') [ RunTime:0.061492s ]
INFO: [ view_template ] --START--
INFO: Run LocationTemplate Behavior [ RunTime:0.003229s ]
INFO: [ view_template ] --END-- [ RunTime:0.003607s ]
INFO: [ view_parse ] --START--
INFO: Run ParseTemplate Behavior [ RunTime:0.022580s ]
INFO: [ view_parse ] --END-- [ RunTime:0.022933s ]
INFO: [ view_filter ] --START--
INFO: Run ContentReplace Behavior [ RunTime:0.001484s ]
INFO: Run TokenBuild Behavior [ RunTime:0.002070s ]
INFO: Run WriteHtmlCache Behavior [ RunTime:0.001182s ]
INFO: Run ShowRuntime Behavior [ RunTime:0.002003s ]
INFO: [ view_filter ] --END-- [ RunTime:0.007726s ]
INFO: [ view_end ] --START--
INFO: Run ShowPageTrace Behavior [ RunTime:0.002347s ]
INFO: [ view_end ] --END-- [ RunTime:0.002678s ]

[ 2014-06-22T22:36:19+08:00 ] 0.0.0.0 /gxlm/index.php/admin/Jwsys/addjwsys
INFO: [ route_check ] --START--
INFO: Run CheckRoute Behavior [ RunTime:0.004889s ]
INFO: [ route_check ] --END-- [ RunTime:0.005258s ]
INFO: [ app_begin ] --START--
INFO: Run ReadHtmlCache Behavior [ RunTime:0.002416s ]
INFO: [ app_begin ] --END-- [ RunTime:0.002769s ]
INFO: [ view_template ] --START--
INFO: Run LocationTemplate Behavior [ RunTime:0.002078s ]
INFO: [ view_template ] --END-- [ RunTime:0.002453s ]
INFO: [ view_parse ] --START--
INFO: Run ParseTemplate Behavior [ RunTime:0.029280s ]
INFO: [ view_parse ] --END-- [ RunTime:0.029624s ]
INFO: [ view_filter ] --START--
INFO: Run ContentReplace Behavior [ RunTime:0.001820s ]
INFO: Run TokenBuild Behavior [ RunTime:0.001858s ]
INFO: Run WriteHtmlCache Behavior [ RunTime:0.001467s ]
INFO: Run ShowRuntime Behavior [ RunTime:0.002170s ]
INFO: [ view_filter ] --END-- [ RunTime:0.008275s ]
INFO: [ view_end ] --START--
INFO: Run ShowPageTrace Behavior [ RunTime:0.002709s ]
INFO: [ view_end ] --END-- [ RunTime:0.003021s ]

[ 2014-06-22T22:36:21+08:00 ] 0.0.0.0 /gxlm/index.php/admin/Index/main?name=admin
INFO: [ route_check ] --START--
INFO: Run CheckRoute Behavior [ RunTime:0.004850s ]
INFO: [ route_check ] --END-- [ RunTime:0.005271s ]
INFO: [ app_begin ] --START--
INFO: Run ReadHtmlCache Behavior [ RunTime:0.002129s ]
INFO: [ app_begin ] --END-- [ RunTime:0.002508s ]
NOTIC: [8] Undefined index: username D:\wamp\www\gxlm\Home\Lib\Action\Admin\IndexAction.class.php 第 19 行.
SQL: SHOW COLUMNS FROM `jwsys` [ RunTime:0.008473s ]
SQL: SELECT * FROM `jwsys`  [ RunTime:0.001187s ]
INFO: [ view_template ] --START--
INFO: Run LocationTemplate Behavior [ RunTime:0.004376s ]
INFO: [ view_template ] --END-- [ RunTime:0.004774s ]
INFO: [ view_parse ] --START--
INFO: Run ParseTemplate Behavior [ RunTime:0.027844s ]
INFO: [ view_parse ] --END-- [ RunTime:0.028187s ]
INFO: [ view_filter ] --START--
INFO: Run ContentReplace Behavior [ RunTime:0.002109s ]
INFO: Run TokenBuild Behavior [ RunTime:0.001583s ]
INFO: Run WriteHtmlCache Behavior [ RunTime:0.001533s ]
INFO: Run ShowRuntime Behavior [ RunTime:0.002062s ]
INFO: [ view_filter ] --END-- [ RunTime:0.008680s ]
INFO: [ view_end ] --START--
INFO: Run ShowPageTrace Behavior [ RunTime:0.002468s ]
INFO: [ view_end ] --END-- [ RunTime:0.002802s ]

[ 2014-06-22T23:22:33+08:00 ] 0.0.0.0 /gxlm/index.php/admin/Index/main?name=admin
INFO: [ route_check ] --START--
INFO: Run CheckRoute Behavior [ RunTime:0.083755s ]
INFO: [ route_check ] --END-- [ RunTime:0.307014s ]
INFO: [ app_begin ] --START--
INFO: Run ReadHtmlCache Behavior [ RunTime:0.295217s ]
INFO: [ app_begin ] --END-- [ RunTime:0.295637s ]
NOTIC: [8] Undefined index: username D:\wamp\www\gxlm\Home\Lib\Action\Admin\IndexAction.class.php 第 19 行.
SQL: SHOW COLUMNS FROM `jwsys` [ RunTime:1.199875s ]
SQL: SELECT * FROM `jwsys`  [ RunTime:0.291969s ]
INFO: [ view_template ] --START--
INFO: Run LocationTemplate Behavior [ RunTime:0.125344s ]
INFO: [ view_template ] --END-- [ RunTime:0.125713s ]
INFO: [ view_parse ] --START--
INFO: Run ParseTemplate Behavior [ RunTime:1.139962s ]
INFO: [ view_parse ] --END-- [ RunTime:1.140355s ]
INFO: [ view_filter ] --START--
INFO: Run ContentReplace Behavior [ RunTime:0.153977s ]
INFO: Run TokenBuild Behavior [ RunTime:0.044375s ]
INFO: Run WriteHtmlCache Behavior [ RunTime:0.131175s ]
INFO: Run ShowRuntime Behavior [ RunTime:0.093942s ]
INFO: [ view_filter ] --END-- [ RunTime:0.424572s ]
INFO: [ view_end ] --START--
INFO: Run ShowPageTrace Behavior [ RunTime:0.021436s ]
INFO: [ view_end ] --END-- [ RunTime:0.021775s ]

[ 2014-06-22T23:31:05+08:00 ] 0.0.0.0 /gxlm/?m=Register&a=register&wxcount=o-CsGuPRWmejitXUXzfUBzntg
INFO: [ app_begin ] --START--
INFO: Run ReadHtmlCache Behavior [ RunTime:0.002578s ]
INFO: [ app_begin ] --END-- [ RunTime:0.002944s ]
SQL: SHOW COLUMNS FROM `school` [ RunTime:0.094314s ]
SQL: SELECT * FROM `school`  [ RunTime:0.001309s ]
INFO: [ view_template ] --START--
INFO: Run LocationTemplate Behavior [ RunTime:0.025894s ]
INFO: [ view_template ] --END-- [ RunTime:0.026250s ]
INFO: [ view_parse ] --START--
INFO: Run ParseTemplate Behavior [ RunTime:0.047950s ]
INFO: [ view_parse ] --END-- [ RunTime:0.048305s ]
INFO: [ view_filter ] --START--
INFO: Run ContentReplace Behavior [ RunTime:0.002074s ]
INFO: Run TokenBuild Behavior [ RunTime:0.002011s ]
INFO: Run WriteHtmlCache Behavior [ RunTime:0.005018s ]
INFO: Run ShowRuntime Behavior [ RunTime:0.002987s ]
INFO: [ view_filter ] --END-- [ RunTime:0.013075s ]
INFO: [ view_end ] --START--
INFO: Run ShowPageTrace Behavior [ RunTime:0.002908s ]
INFO: [ view_end ] --END-- [ RunTime:0.003231s ]

[ 2014-06-22T23:31:10+08:00 ] 0.0.0.0 /gxlm/?m=Register&a=register&wxcount=o-CsGuPRWmejitXUXzfUBzntg111111
INFO: [ app_begin ] --START--
INFO: Run ReadHtmlCache Behavior [ RunTime:0.002010s ]
INFO: [ app_begin ] --END-- [ RunTime:0.002372s ]
SQL: SHOW COLUMNS FROM `school` [ RunTime:0.042199s ]
SQL: SELECT * FROM `school`  [ RunTime:0.001286s ]
INFO: [ view_template ] --START--
INFO: Run LocationTemplate Behavior [ RunTime:0.002498s ]
INFO: [ view_template ] --END-- [ RunTime:0.002823s ]
INFO: [ view_parse ] --START--
INFO: Run ParseTemplate Behavior [ RunTime:0.027226s ]
INFO: [ view_parse ] --END-- [ RunTime:0.027571s ]
INFO: [ view_filter ] --START--
INFO: Run ContentReplace Behavior [ RunTime:0.001687s ]
INFO: Run TokenBuild Behavior [ RunTime:0.001857s ]
INFO: Run WriteHtmlCache Behavior [ RunTime:0.001337s ]
INFO: Run ShowRuntime Behavior [ RunTime:0.001958s ]
INFO: [ view_filter ] --END-- [ RunTime:0.007735s ]
INFO: [ view_end ] --START--
INFO: Run ShowPageTrace Behavior [ RunTime:0.002380s ]
INFO: [ view_end ] --END-- [ RunTime:0.002695s ]

[ 2014-06-22T23:31:49+08:00 ] 0.0.0.0 /gxlm/index.php/admin/Index/main?name=admin
INFO: [ route_check ] --START--
INFO: Run CheckRoute Behavior [ RunTime:0.003285s ]
INFO: [ route_check ] --END-- [ RunTime:0.003668s ]
INFO: [ app_begin ] --START--
INFO: Run ReadHtmlCache Behavior [ RunTime:0.002242s ]
INFO: [ app_begin ] --END-- [ RunTime:0.002599s ]
NOTIC: [8] Undefined index: username D:\wamp\www\gxlm\Home\Lib\Action\Admin\IndexAction.class.php 第 19 行.
SQL: SHOW COLUMNS FROM `jwsys` [ RunTime:0.015919s ]
SQL: SELECT * FROM `jwsys`  [ RunTime:0.001936s ]
INFO: [ view_template ] --START--
INFO: Run LocationTemplate Behavior [ RunTime:0.005622s ]
INFO: [ view_template ] --END-- [ RunTime:0.006243s ]
INFO: [ view_parse ] --START--
INFO: Run ParseTemplate Behavior [ RunTime:0.033777s ]
INFO: [ view_parse ] --END-- [ RunTime:0.034265s ]
INFO: [ view_filter ] --START--
INFO: Run ContentReplace Behavior [ RunTime:0.001942s ]
INFO: Run TokenBuild Behavior [ RunTime:0.002281s ]
INFO: Run WriteHtmlCache Behavior [ RunTime:0.001679s ]
INFO: Run ShowRuntime Behavior [ RunTime:0.002241s ]
INFO: [ view_filter ] --END-- [ RunTime:0.009087s ]
INFO: [ view_end ] --START--
INFO: Run ShowPageTrace Behavior [ RunTime:0.002685s ]
INFO: [ view_end ] --END-- [ RunTime:0.003005s ]

[ 2014-06-22T23:34:04+08:00 ] 0.0.0.0 /gxlm/?m=Register&a=register&wxcount=o-CsGuPRWmejitXUXzfUBzntg111111
INFO: [ app_begin ] --START--
INFO: Run ReadHtmlCache Behavior [ RunTime:0.003219s ]
INFO: [ app_begin ] --END-- [ RunTime:0.003619s ]
SQL: SHOW COLUMNS FROM `school` [ RunTime:0.008454s ]
SQL: SELECT * FROM `school`  [ RunTime:0.001236s ]
INFO: [ view_template ] --START--
INFO: Run LocationTemplate Behavior [ RunTime:0.004970s ]
INFO: [ view_template ] --END-- [ RunTime:0.005531s ]
INFO: [ view_parse ] --START--
INFO: Run ParseTemplate Behavior [ RunTime:0.032257s ]
INFO: [ view_parse ] --END-- [ RunTime:0.032628s ]
INFO: [ view_filter ] --START--
INFO: Run ContentReplace Behavior [ RunTime:0.001920s ]
INFO: Run TokenBuild Behavior [ RunTime:0.002446s ]
INFO: Run WriteHtmlCache Behavior [ RunTime:0.001654s ]
INFO: Run ShowRuntime Behavior [ RunTime:0.002268s ]
INFO: [ view_filter ] --END-- [ RunTime:0.009914s ]
INFO: [ view_end ] --START--
INFO: Run ShowPageTrace Behavior [ RunTime:0.002528s ]
INFO: [ view_end ] --END-- [ RunTime:0.002864s ]

[ 2014-06-22T23:34:09+08:00 ] 0.0.0.0 /gxlm/index.php/admin/Index/main?name=admin
INFO: [ route_check ] --START--
INFO: Run CheckRoute Behavior [ RunTime:0.003062s ]
INFO: [ route_check ] --END-- [ RunTime:0.003457s ]
INFO: [ app_begin ] --START--
INFO: Run ReadHtmlCache Behavior [ RunTime:0.002045s ]
INFO: [ app_begin ] --END-- [ RunTime:0.002413s ]
NOTIC: [8] Undefined index: username D:\wamp\www\gxlm\Home\Lib\Action\Admin\IndexAction.class.php 第 19 行.
SQL: SHOW COLUMNS FROM `jwsys` [ RunTime:0.009980s ]
SQL: SELECT * FROM `jwsys`  [ RunTime:0.002876s ]
INFO: [ view_template ] --START--
INFO: Run LocationTemplate Behavior [ RunTime:0.002889s ]
INFO: [ view_template ] --END-- [ RunTime:0.003243s ]
INFO: [ view_parse ] --START--
INFO: Run ParseTemplate Behavior [ RunTime:0.026717s ]
INFO: [ view_parse ] --END-- [ RunTime:0.027097s ]
INFO: [ view_filter ] --START--
INFO: Run ContentReplace Behavior [ RunTime:0.001937s ]
INFO: Run TokenBuild Behavior [ RunTime:0.002160s ]
INFO: Run WriteHtmlCache Behavior [ RunTime:0.001426s ]
INFO: Run ShowRuntime Behavior [ RunTime:0.002148s ]
INFO: [ view_filter ] --END-- [ RunTime:0.008955s ]
INFO: [ view_end ] --START--
INFO: Run ShowPageTrace Behavior [ RunTime:0.002254s ]
INFO: [ view_end ] --END-- [ RunTime:0.002584s ]

[ 2014-06-22T23:34:47+08:00 ] 0.0.0.0 /gxlm/index.php/admin/Jwsys/addschool
INFO: [ route_check ] --START--
INFO: Run CheckRoute Behavior [ RunTime:0.002600s ]
INFO: [ route_check ] --END-- [ RunTime:0.002964s ]
INFO: [ app_begin ] --START--
INFO: Run ReadHtmlCache Behavior [ RunTime:0.002065s ]
INFO: [ app_begin ] --END-- [ RunTime:0.002419s ]
SQL: SHOW COLUMNS FROM `school` [ RunTime:0.012236s ]
SQL: INSERT INTO `school` (`schoolname`,`url`,`sysno`) VALUES ('广东财经大学华商学院','http://119.145.67.59/(qa1pbf555utmpc550y3dht45)',3) [ RunTime:0.065767s ]
INFO: [ view_template ] --START--
INFO: Run LocationTemplate Behavior [ RunTime:0.002032s ]
INFO: [ view_template ] --END-- [ RunTime:0.002367s ]
INFO: [ view_parse ] --START--
INFO: Run ParseTemplate Behavior [ RunTime:0.033429s ]
INFO: [ view_parse ] --END-- [ RunTime:0.033792s ]
INFO: [ view_filter ] --START--
INFO: Run ContentReplace Behavior [ RunTime:0.001670s ]
INFO: Run TokenBuild Behavior [ RunTime:0.001782s ]
INFO: Run WriteHtmlCache Behavior [ RunTime:0.001352s ]
INFO: Run ShowRuntime Behavior [ RunTime:0.002151s ]
INFO: [ view_filter ] --END-- [ RunTime:0.007942s ]
INFO: [ view_end ] --START--
INFO: Run ShowPageTrace Behavior [ RunTime:0.002265s ]
INFO: [ view_end ] --END-- [ RunTime:0.002585s ]

[ 2014-06-22T23:34:49+08:00 ] 0.0.0.0 /gxlm/index.php/admin/Index/main?name=admin
INFO: [ route_check ] --START--
INFO: Run CheckRoute Behavior [ RunTime:0.003640s ]
INFO: [ route_check ] --END-- [ RunTime:0.004121s ]
INFO: [ app_begin ] --START--
INFO: Run ReadHtmlCache Behavior [ RunTime:0.002037s ]
INFO: [ app_begin ] --END-- [ RunTime:0.002421s ]
NOTIC: [8] Undefined index: username D:\wamp\www\gxlm\Home\Lib\Action\Admin\IndexAction.class.php 第 19 行.
SQL: SHOW COLUMNS FROM `jwsys` [ RunTime:0.009258s ]
SQL: SELECT * FROM `jwsys`  [ RunTime:0.001441s ]
INFO: [ view_template ] --START--
INFO: Run LocationTemplate Behavior [ RunTime:0.002165s ]
INFO: [ view_template ] --END-- [ RunTime:0.002511s ]
INFO: [ view_parse ] --START--
INFO: Run ParseTemplate Behavior [ RunTime:0.029454s ]
INFO: [ view_parse ] --END-- [ RunTime:0.029978s ]
INFO: [ view_filter ] --START--
INFO: Run ContentReplace Behavior [ RunTime:0.002937s ]
INFO: Run TokenBuild Behavior [ RunTime:0.002511s ]
INFO: Run WriteHtmlCache Behavior [ RunTime:0.001401s ]
INFO: Run ShowRuntime Behavior [ RunTime:0.002005s ]
INFO: [ view_filter ] --END-- [ RunTime:0.009815s ]
INFO: [ view_end ] --START--
INFO: Run ShowPageTrace Behavior [ RunTime:0.003704s ]
INFO: [ view_end ] --END-- [ RunTime:0.004068s ]

[ 2014-06-22T23:34:53+08:00 ] 0.0.0.0 /gxlm/?m=Register&a=register&wxcount=o-CsGuPRWmejitXUXzfUBzntg111111
INFO: [ app_begin ] --START--
INFO: Run ReadHtmlCache Behavior [ RunTime:0.002392s ]
INFO: [ app_begin ] --END-- [ RunTime:0.002928s ]
SQL: SHOW COLUMNS FROM `school` [ RunTime:0.009493s ]
SQL: SELECT * FROM `school`  [ RunTime:0.001481s ]
INFO: [ view_template ] --START--
INFO: Run LocationTemplate Behavior [ RunTime:0.002120s ]
INFO: [ view_template ] --END-- [ RunTime:0.002463s ]
INFO: [ view_parse ] --START--
INFO: Run ParseTemplate Behavior [ RunTime:0.031552s ]
INFO: [ view_parse ] --END-- [ RunTime:0.031973s ]
INFO: [ view_filter ] --START--
INFO: Run ContentReplace Behavior [ RunTime:0.002963s ]
INFO: Run TokenBuild Behavior [ RunTime:0.002558s ]
INFO: Run WriteHtmlCache Behavior [ RunTime:0.002161s ]
INFO: Run ShowRuntime Behavior [ RunTime:0.002367s ]
INFO: [ view_filter ] --END-- [ RunTime:0.011039s ]
INFO: [ view_end ] --START--
INFO: Run ShowPageTrace Behavior [ RunTime:0.002335s ]
INFO: [ view_end ] --END-- [ RunTime:0.002661s ]

[ 2014-06-22T23:39:10+08:00 ] 0.0.0.0 /gxlm/?m=Register&a=registerprocess
INFO: [ app_begin ] --START--
INFO: Run ReadHtmlCache Behavior [ RunTime:0.002759s ]
INFO: [ app_begin ] --END-- [ RunTime:0.003143s ]
SQL: SHOW COLUMNS FROM `studentinfo` [ RunTime:0.023668s ]
SQL: SHOW COLUMNS FROM `school` [ RunTime:0.008964s ]
SQL: SELECT * FROM `school` WHERE ( schoolno=7 ) LIMIT 1   [ RunTime:0.001223s ]
SQL: SHOW COLUMNS FROM `jwsys` [ RunTime:0.008335s ]
SQL: SELECT * FROM `jwsys` WHERE ( sysno=3 ) LIMIT 1   [ RunTime:0.001323s ]
NOTIC: [8] Use of undefined constant Action - assumed 'Action' D:\wamp\www\gxlm\Home\Lib\Action\Home\RegisterAction.class.php 第 38 行.
SQL: SHOW COLUMNS FROM `schoolinfo` [ RunTime:0.008356s ]
SQL: SELECT * FROM `schoolinfo` WHERE ( schoolno=7 )  [ RunTime:0.001161s ]
NOTIC: [8] Use of undefined constant url - assumed 'url' D:\wamp\www\gxlm\Home\Lib\Action\Home\Zf15_codeAction.class.php 第 17 行.
NOTIC: [8] Undefined offset: 0 D:\wamp\www\gxlm\Home\Lib\Action\Home\Zf15_codeAction.class.php 第 27 行.

[ 2014-06-22T23:39:10+08:00 ] 0.0.0.0 /gxlm/?m=Register&a=registerprocess
INFO: [ view_template ] --START--
INFO: Run LocationTemplate Behavior [ RunTime:0.004338s ]
INFO: [ view_template ] --END-- [ RunTime:0.004706s ]
INFO: [ view_parse ] --START--
INFO: Run ParseTemplate Behavior [ RunTime:0.024402s ]
INFO: [ view_parse ] --END-- [ RunTime:0.024788s ]
INFO: [ view_filter ] --START--
INFO: Run ContentReplace Behavior [ RunTime:0.002026s ]
INFO: Run TokenBuild Behavior [ RunTime:0.002898s ]
INFO: Run WriteHtmlCache Behavior [ RunTime:0.001701s ]
INFO: Run ShowRuntime Behavior [ RunTime:0.002292s ]
INFO: [ view_filter ] --END-- [ RunTime:0.009868s ]
INFO: [ view_end ] --START--
INFO: Run ShowPageTrace Behavior [ RunTime:0.003274s ]
INFO: [ view_end ] --END-- [ RunTime:0.003621s ]

[ 2014-06-22T23:59:08+08:00 ] 0.0.0.0 /gxlm/?m=Register&a=registerprocess
INFO: [ app_begin ] --START--
INFO: Run ReadHtmlCache Behavior [ RunTime:0.002076s ]
INFO: [ app_begin ] --END-- [ RunTime:0.002449s ]
SQL: SHOW COLUMNS FROM `studentinfo` [ RunTime:0.010143s ]
SQL: SHOW COLUMNS FROM `school` [ RunTime:0.009027s ]
SQL: SELECT * FROM `school` WHERE ( schoolno=7 ) LIMIT 1   [ RunTime:0.001503s ]
SQL: SHOW COLUMNS FROM `jwsys` [ RunTime:0.009376s ]
SQL: SELECT * FROM `jwsys` WHERE ( sysno=3 ) LIMIT 1   [ RunTime:0.001281s ]
NOTIC: [8] Use of undefined constant Action - assumed 'Action' D:\wamp\www\gxlm\Home\Lib\Action\Home\RegisterAction.class.php 第 38 行.
SQL: SHOW COLUMNS FROM `school` [ RunTime:0.008958s ]
SQL: SELECT * FROM `school` WHERE ( schoolno=7 )  [ RunTime:0.001189s ]
NOTIC: [8] Use of undefined constant url - assumed 'url' D:\wamp\www\gxlm\Home\Lib\Action\Home\Zf15_codeAction.class.php 第 17 行.

[ 2014-06-22T23:59:09+08:00 ] 0.0.0.0 /gxlm/?m=Register&a=registerprocess
SQL: INSERT INTO `studentinfo` (`wxcount`,`scount`,`pwd`,`schoolno`,`nickname`) VALUES ('o-CsGuPRWmejitXUXzfUBzntg111111','411050116','hunter125',7,'12545565') [ RunTime:0.060351s ]
INFO: [ view_template ] --START--
INFO: Run LocationTemplate Behavior [ RunTime:0.023346s ]
INFO: [ view_template ] --END-- [ RunTime:0.024009s ]
INFO: [ view_parse ] --START--
INFO: Run ParseTemplate Behavior [ RunTime:0.026946s ]
INFO: [ view_parse ] --END-- [ RunTime:0.027816s ]
INFO: [ view_filter ] --START--
INFO: Run ContentReplace Behavior [ RunTime:0.002189s ]
INFO: Run TokenBuild Behavior [ RunTime:0.002017s ]
INFO: Run WriteHtmlCache Behavior [ RunTime:0.001980s ]
INFO: Run ShowRuntime Behavior [ RunTime:0.003130s ]
INFO: [ view_filter ] --END-- [ RunTime:0.010399s ]
INFO: [ view_end ] --START--
INFO: Run ShowPageTrace Behavior [ RunTime:0.003858s ]
INFO: [ view_end ] --END-- [ RunTime:0.004185s ]

