[ 2014-06-24T21:13:32+08:00 ] 0.0.0.0 /gxlm/?m=Register&a=register&wxcount=o-CsGuPRWmejitXUXzfUBzntg
INFO: [ app_begin ] --START--
INFO: Run ReadHtmlCache Behavior [ RunTime:0.003991s ]
INFO: [ app_begin ] --END-- [ RunTime:0.004435s ]
SQL: SHOW COLUMNS FROM `school` [ RunTime:0.013408s ]
SQL: SELECT * FROM `school`  [ RunTime:0.001441s ]
INFO: [ view_template ] --START--
INFO: Run LocationTemplate Behavior [ RunTime:0.005929s ]
INFO: [ view_template ] --END-- [ RunTime:0.006300s ]
INFO: [ view_parse ] --START--
INFO: Run ParseTemplate Behavior [ RunTime:0.073466s ]
INFO: [ view_parse ] --END-- [ RunTime:0.073825s ]
INFO: [ view_filter ] --START--
INFO: Run ContentReplace Behavior [ RunTime:0.004510s ]
INFO: Run TokenBuild Behavior [ RunTime:0.005600s ]
INFO: Run WriteHtmlCache Behavior [ RunTime:0.004302s ]
INFO: Run ShowRuntime Behavior [ RunTime:0.007702s ]
INFO: [ view_filter ] --END-- [ RunTime:0.023100s ]
INFO: [ view_end ] --START--
INFO: Run ShowPageTrace Behavior [ RunTime:0.004851s ]
INFO: [ view_end ] --END-- [ RunTime:0.005224s ]

[ 2014-06-24T21:13:48+08:00 ] 0.0.0.0 /gxlm/?m=Register&a=register&wxcount=o-CsGuPRWmejitXUXzfUBzntg
INFO: [ app_begin ] --START--
INFO: Run ReadHtmlCache Behavior [ RunTime:0.003493s ]
INFO: [ app_begin ] --END-- [ RunTime:0.003886s ]
SQL: SHOW COLUMNS FROM `school` [ RunTime:0.014493s ]
SQL: SELECT * FROM `school`  [ RunTime:0.001310s ]
INFO: [ view_template ] --START--
INFO: Run LocationTemplate Behavior [ RunTime:0.003627s ]
INFO: [ view_template ] --END-- [ RunTime:0.003999s ]
INFO: [ view_parse ] --START--
INFO: Run ParseTemplate Behavior [ RunTime:0.030611s ]
INFO: [ view_parse ] --END-- [ RunTime:0.030978s ]
INFO: [ view_filter ] --START--
INFO: Run ContentReplace Behavior [ RunTime:0.002029s ]
INFO: Run TokenBuild Behavior [ RunTime:0.002031s ]
INFO: Run WriteHtmlCache Behavior [ RunTime:0.001795s ]
INFO: Run ShowRuntime Behavior [ RunTime:0.002398s ]
INFO: [ view_filter ] --END-- [ RunTime:0.009363s ]
INFO: [ view_end ] --START--
INFO: Run ShowPageTrace Behavior [ RunTime:0.003321s ]
INFO: [ view_end ] --END-- [ RunTime:0.003679s ]

[ 2014-06-24T21:13:56+08:00 ] 0.0.0.0 /gxlm/?m=Register&a=register&wxcount=o-CsGuPRWmejitXUXzfUBzntg
INFO: [ app_begin ] --START--
INFO: Run ReadHtmlCache Behavior [ RunTime:0.002502s ]
INFO: [ app_begin ] --END-- [ RunTime:0.003717s ]
SQL: SHOW COLUMNS FROM `school` [ RunTime:0.008983s ]
SQL: SELECT * FROM `school`  [ RunTime:0.001961s ]
INFO: [ view_template ] --START--
INFO: Run LocationTemplate Behavior [ RunTime:0.002227s ]
INFO: [ view_template ] --END-- [ RunTime:0.002595s ]
INFO: [ view_parse ] --START--
INFO: Run ParseTemplate Behavior [ RunTime:0.033886s ]
INFO: [ view_parse ] --END-- [ RunTime:0.034261s ]
INFO: [ view_filter ] --START--
INFO: Run ContentReplace Behavior [ RunTime:0.003373s ]
INFO: Run TokenBuild Behavior [ RunTime:0.001849s ]
INFO: Run WriteHtmlCache Behavior [ RunTime:0.002668s ]
INFO: Run ShowRuntime Behavior [ RunTime:0.003062s ]
INFO: [ view_filter ] --END-- [ RunTime:0.012213s ]
INFO: [ view_end ] --START--
INFO: Run ShowPageTrace Behavior [ RunTime:0.005337s ]
INFO: [ view_end ] --END-- [ RunTime:0.006250s ]

[ 2014-06-24T21:20:23+08:00 ] 0.0.0.0 /gxlm/?m=Register&a=register&wxcount=o-CsGuPRWmejitXUXzfUBzntg
INFO: [ app_begin ] --START--
INFO: Run ReadHtmlCache Behavior [ RunTime:0.004643s ]
INFO: [ app_begin ] --END-- [ RunTime:0.005045s ]
SQL: SHOW COLUMNS FROM `school` [ RunTime:0.007955s ]
SQL: SELECT * FROM `school`  [ RunTime:0.001386s ]
INFO: [ view_template ] --START--
INFO: Run LocationTemplate Behavior [ RunTime:0.004526s ]
INFO: [ view_template ] --END-- [ RunTime:0.004892s ]
INFO: [ view_parse ] --START--
INFO: Run ParseTemplate Behavior [ RunTime:0.068237s ]
INFO: [ view_parse ] --END-- [ RunTime:0.068611s ]
INFO: [ view_filter ] --START--
INFO: Run ContentReplace Behavior [ RunTime:0.002888s ]
INFO: Run TokenBuild Behavior [ RunTime:0.002934s ]
INFO: Run WriteHtmlCache Behavior [ RunTime:0.002867s ]
INFO: Run ShowRuntime Behavior [ RunTime:0.003885s ]
INFO: [ view_filter ] --END-- [ RunTime:0.014136s ]
INFO: [ view_end ] --START--
INFO: Run ShowPageTrace Behavior [ RunTime:0.003333s ]
INFO: [ view_end ] --END-- [ RunTime:0.003731s ]

[ 2014-06-24T21:22:01+08:00 ] 0.0.0.0 /gxlm/?m=Register&a=register&wxcount=o-CsGuPRWmejitXUXzfUBzntg
INFO: [ app_begin ] --START--
INFO: Run ReadHtmlCache Behavior [ RunTime:0.003041s ]
INFO: [ app_begin ] --END-- [ RunTime:0.003460s ]
SQL: SHOW COLUMNS FROM `school` [ RunTime:0.009541s ]
SQL: SELECT * FROM `school`  [ RunTime:0.002163s ]
INFO: [ view_template ] --START--
INFO: Run LocationTemplate Behavior [ RunTime:0.004683s ]
INFO: [ view_template ] --END-- [ RunTime:0.005053s ]
INFO: [ view_parse ] --START--
INFO: Run ParseTemplate Behavior [ RunTime:0.034650s ]
INFO: [ view_parse ] --END-- [ RunTime:0.035019s ]
INFO: [ view_filter ] --START--
INFO: Run ContentReplace Behavior [ RunTime:0.004551s ]
INFO: Run TokenBuild Behavior [ RunTime:0.002184s ]
INFO: Run WriteHtmlCache Behavior [ RunTime:0.002733s ]
INFO: Run ShowRuntime Behavior [ RunTime:0.004016s ]
INFO: [ view_filter ] --END-- [ RunTime:0.014591s ]
INFO: [ view_end ] --START--
INFO: Run ShowPageTrace Behavior [ RunTime:0.007223s ]
INFO: [ view_end ] --END-- [ RunTime:0.007574s ]

[ 2014-06-24T21:22:31+08:00 ] 0.0.0.0 /gxlm/?m=Register&a=register&wxcount=o-CsGuPRWmejitXUXzfUBzntg
INFO: [ app_begin ] --START--
INFO: Run ReadHtmlCache Behavior [ RunTime:0.003348s ]
INFO: [ app_begin ] --END-- [ RunTime:0.003772s ]
SQL: SHOW COLUMNS FROM `school` [ RunTime:0.008857s ]
SQL: SELECT * FROM `school`  [ RunTime:0.001386s ]
INFO: [ view_template ] --START--
INFO: Run LocationTemplate Behavior [ RunTime:0.005451s ]
INFO: [ view_template ] --END-- [ RunTime:0.005917s ]
INFO: [ view_parse ] --START--
INFO: Run ParseTemplate Behavior [ RunTime:0.032171s ]
INFO: [ view_parse ] --END-- [ RunTime:0.032541s ]
INFO: [ view_filter ] --START--
INFO: Run ContentReplace Behavior [ RunTime:0.002299s ]
INFO: Run TokenBuild Behavior [ RunTime:0.002031s ]
INFO: Run WriteHtmlCache Behavior [ RunTime:0.001620s ]
INFO: Run ShowRuntime Behavior [ RunTime:0.003326s ]
INFO: [ view_filter ] --END-- [ RunTime:0.010282s ]
INFO: [ view_end ] --START--
INFO: Run ShowPageTrace Behavior [ RunTime:0.002927s ]
INFO: [ view_end ] --END-- [ RunTime:0.003272s ]

[ 2014-06-24T21:24:08+08:00 ] 0.0.0.0 /gxlm/?m=Register&a=register&wxcount=o-CsGuPRWmejitXUXzfUBzntg
INFO: [ app_begin ] --START--
INFO: Run ReadHtmlCache Behavior [ RunTime:0.011256s ]
INFO: [ app_begin ] --END-- [ RunTime:0.011775s ]
SQL: SHOW COLUMNS FROM `school` [ RunTime:0.080192s ]
SQL: SELECT * FROM `school`  [ RunTime:0.002636s ]
INFO: [ view_template ] --START--
INFO: Run LocationTemplate Behavior [ RunTime:0.005359s ]
INFO: [ view_template ] --END-- [ RunTime:0.005736s ]
INFO: [ view_parse ] --START--
INFO: Run ParseTemplate Behavior [ RunTime:0.035773s ]
INFO: [ view_parse ] --END-- [ RunTime:0.036136s ]
INFO: [ view_filter ] --START--
INFO: Run ContentReplace Behavior [ RunTime:0.004691s ]
INFO: Run TokenBuild Behavior [ RunTime:0.002610s ]
INFO: Run WriteHtmlCache Behavior [ RunTime:0.002955s ]
INFO: Run ShowRuntime Behavior [ RunTime:0.002362s ]
INFO: [ view_filter ] --END-- [ RunTime:0.013834s ]
INFO: [ view_end ] --START--
INFO: Run ShowPageTrace Behavior [ RunTime:0.003242s ]
INFO: [ view_end ] --END-- [ RunTime:0.003593s ]

[ 2014-06-24T21:25:08+08:00 ] 0.0.0.0 /gxlm/?m=Register&a=register&wxcount=o-CsGuPRWmejitXUXzfUBzntg
INFO: [ app_begin ] --START--
INFO: Run ReadHtmlCache Behavior [ RunTime:0.002846s ]
INFO: [ app_begin ] --END-- [ RunTime:0.003233s ]
SQL: SHOW COLUMNS FROM `school` [ RunTime:0.008582s ]
SQL: SELECT * FROM `school`  [ RunTime:0.001358s ]
INFO: [ view_template ] --START--
INFO: Run LocationTemplate Behavior [ RunTime:0.003597s ]
INFO: [ view_template ] --END-- [ RunTime:0.004045s ]
INFO: [ view_parse ] --START--
INFO: Run ParseTemplate Behavior [ RunTime:0.032129s ]
INFO: [ view_parse ] --END-- [ RunTime:0.032492s ]
INFO: [ view_filter ] --START--
INFO: Run ContentReplace Behavior [ RunTime:0.002384s ]
INFO: Run TokenBuild Behavior [ RunTime:0.002973s ]
INFO: Run WriteHtmlCache Behavior [ RunTime:0.001689s ]
INFO: Run ShowRuntime Behavior [ RunTime:0.002674s ]
INFO: [ view_filter ] --END-- [ RunTime:0.010728s ]
INFO: [ view_end ] --START--
INFO: Run ShowPageTrace Behavior [ RunTime:0.002662s ]
INFO: [ view_end ] --END-- [ RunTime:0.002994s ]

[ 2014-06-24T21:25:28+08:00 ] 0.0.0.0 /gxlm/?m=Register&a=register&wxcount=o-CsGuPRWmejitXUXzfUBzntg
INFO: [ app_begin ] --START--
INFO: Run ReadHtmlCache Behavior [ RunTime:0.002441s ]
INFO: [ app_begin ] --END-- [ RunTime:0.002855s ]
SQL: SHOW COLUMNS FROM `school` [ RunTime:0.007896s ]
SQL: SELECT * FROM `school`  [ RunTime:0.001347s ]
INFO: [ view_template ] --START--
INFO: Run LocationTemplate Behavior [ RunTime:0.002046s ]
INFO: [ view_template ] --END-- [ RunTime:0.002415s ]
INFO: [ view_parse ] --START--
INFO: Run ParseTemplate Behavior [ RunTime:0.029250s ]
INFO: [ view_parse ] --END-- [ RunTime:0.029618s ]
INFO: [ view_filter ] --START--
INFO: Run ContentReplace Behavior [ RunTime:0.001792s ]
INFO: Run TokenBuild Behavior [ RunTime:0.002963s ]
INFO: Run WriteHtmlCache Behavior [ RunTime:0.001521s ]
INFO: Run ShowRuntime Behavior [ RunTime:0.003505s ]
INFO: [ view_filter ] --END-- [ RunTime:0.011264s ]
INFO: [ view_end ] --START--
INFO: Run ShowPageTrace Behavior [ RunTime:0.002534s ]
INFO: [ view_end ] --END-- [ RunTime:0.002862s ]

[ 2014-06-24T21:34:37+08:00 ] 0.0.0.0 /gxlm/?m=Register&a=register&wxcount=o-CsGuPRWmejitXUXzfUBzntg
INFO: [ app_begin ] --START--
INFO: Run ReadHtmlCache Behavior [ RunTime:0.002758s ]
INFO: [ app_begin ] --END-- [ RunTime:0.003152s ]
SQL: SHOW COLUMNS FROM `school` [ RunTime:0.008952s ]
SQL: SELECT * FROM `school`  [ RunTime:0.001467s ]
INFO: [ view_template ] --START--
INFO: Run LocationTemplate Behavior [ RunTime:0.003978s ]
INFO: [ view_template ] --END-- [ RunTime:0.004351s ]
INFO: [ view_parse ] --START--
INFO: Run ParseTemplate Behavior [ RunTime:0.035865s ]
INFO: [ view_parse ] --END-- [ RunTime:0.036431s ]
INFO: [ view_filter ] --START--
INFO: Run ContentReplace Behavior [ RunTime:0.004554s ]
INFO: Run TokenBuild Behavior [ RunTime:0.002583s ]
INFO: Run WriteHtmlCache Behavior [ RunTime:0.002713s ]
INFO: Run ShowRuntime Behavior [ RunTime:0.003194s ]
INFO: [ view_filter ] --END-- [ RunTime:0.014067s ]
INFO: [ view_end ] --START--
INFO: Run ShowPageTrace Behavior [ RunTime:0.005106s ]
INFO: [ view_end ] --END-- [ RunTime:0.005698s ]

[ 2014-06-24T21:34:41+08:00 ] ERR: (ThinkException) 无法加载模块:Check_iscode
[ 2014-06-24T21:35:42+08:00 ] 0.0.0.0 /gxlm/?m=Register&a=register&wxcount=o-CsGuPRWmejitXUXzfUBzntg
INFO: [ app_begin ] --START--
INFO: Run ReadHtmlCache Behavior [ RunTime:0.017472s ]
INFO: [ app_begin ] --END-- [ RunTime:0.019621s ]
SQL: SHOW COLUMNS FROM `school` [ RunTime:0.010013s ]
SQL: SELECT * FROM `school`  [ RunTime:0.001370s ]
INFO: [ view_template ] --START--
INFO: Run LocationTemplate Behavior [ RunTime:0.003357s ]
INFO: [ view_template ] --END-- [ RunTime:0.003726s ]
INFO: [ view_parse ] --START--
INFO: Run ParseTemplate Behavior [ RunTime:0.035627s ]
INFO: [ view_parse ] --END-- [ RunTime:0.035999s ]
INFO: [ view_filter ] --START--
INFO: Run ContentReplace Behavior [ RunTime:0.003092s ]
INFO: Run TokenBuild Behavior [ RunTime:0.005422s ]
INFO: Run WriteHtmlCache Behavior [ RunTime:0.001681s ]
INFO: Run ShowRuntime Behavior [ RunTime:0.003295s ]
INFO: [ view_filter ] --END-- [ RunTime:0.014946s ]
INFO: [ view_end ] --START--
INFO: Run ShowPageTrace Behavior [ RunTime:0.003274s ]
INFO: [ view_end ] --END-- [ RunTime:0.003613s ]

[ 2014-06-24T21:35:45+08:00 ] ERR: (ThinkException) 无法加载模块:Check_iscode
[ 2014-06-24T21:35:58+08:00 ] 0.0.0.0 /gxlm/?m=Register&a=register&wxcount=o-CsGuPRWmejitXUXzfUBzntg
INFO: [ app_begin ] --START--
INFO: Run ReadHtmlCache Behavior [ RunTime:0.002576s ]
INFO: [ app_begin ] --END-- [ RunTime:0.002961s ]
SQL: SHOW COLUMNS FROM `school` [ RunTime:0.009276s ]
SQL: SELECT * FROM `school`  [ RunTime:0.003282s ]
INFO: [ view_template ] --START--
INFO: Run LocationTemplate Behavior [ RunTime:0.004434s ]
INFO: [ view_template ] --END-- [ RunTime:0.004854s ]
INFO: [ view_parse ] --START--
INFO: Run ParseTemplate Behavior [ RunTime:0.035806s ]
INFO: [ view_parse ] --END-- [ RunTime:0.036311s ]
INFO: [ view_filter ] --START--
INFO: Run ContentReplace Behavior [ RunTime:0.003802s ]
INFO: Run TokenBuild Behavior [ RunTime:0.002417s ]
INFO: Run WriteHtmlCache Behavior [ RunTime:0.002141s ]
INFO: Run ShowRuntime Behavior [ RunTime:0.003383s ]
INFO: [ view_filter ] --END-- [ RunTime:0.013244s ]
INFO: [ view_end ] --START--
INFO: Run ShowPageTrace Behavior [ RunTime:0.003066s ]
INFO: [ view_end ] --END-- [ RunTime:0.005578s ]

[ 2014-06-24T21:36:00+08:00 ] ERR: (ThinkException) 无法加载模块:Check_iscode
[ 2014-06-24T21:37:45+08:00 ] 0.0.0.0 /gxlm/?m=Register&a=register&wxcount=o-CsGuPRWmejitXUXzfUBzntg
INFO: [ app_begin ] --START--
INFO: Run ReadHtmlCache Behavior [ RunTime:0.002643s ]
INFO: [ app_begin ] --END-- [ RunTime:0.003007s ]
SQL: SHOW COLUMNS FROM `school` [ RunTime:0.009151s ]
SQL: SELECT * FROM `school`  [ RunTime:0.001353s ]
INFO: [ view_template ] --START--
INFO: Run LocationTemplate Behavior [ RunTime:0.003213s ]
INFO: [ view_template ] --END-- [ RunTime:0.003833s ]
INFO: [ view_parse ] --START--
INFO: Run ParseTemplate Behavior [ RunTime:0.030917s ]
INFO: [ view_parse ] --END-- [ RunTime:0.031282s ]
INFO: [ view_filter ] --START--
INFO: Run ContentReplace Behavior [ RunTime:0.002616s ]
INFO: Run TokenBuild Behavior [ RunTime:0.002896s ]
INFO: Run WriteHtmlCache Behavior [ RunTime:0.002001s ]
INFO: Run ShowRuntime Behavior [ RunTime:0.002321s ]
INFO: [ view_filter ] --END-- [ RunTime:0.011068s ]
INFO: [ view_end ] --START--
INFO: Run ShowPageTrace Behavior [ RunTime:0.003165s ]
INFO: [ view_end ] --END-- [ RunTime:0.003623s ]

[ 2014-06-24T21:38:20+08:00 ] 0.0.0.0 /gxlm/?m=Register&a=registerprocess
INFO: [ app_begin ] --START--
INFO: Run ReadHtmlCache Behavior [ RunTime:0.002908s ]
INFO: [ app_begin ] --END-- [ RunTime:0.003332s ]
SQL: SHOW COLUMNS FROM `studentinfo` [ RunTime:0.009770s ]
SQL: SHOW COLUMNS FROM `school` [ RunTime:0.010381s ]
SQL: SELECT * FROM `school` WHERE ( schoolno=1 ) LIMIT 1   [ RunTime:0.001328s ]
SQL: SHOW COLUMNS FROM `jwsys` [ RunTime:0.010120s ]
SQL: SELECT * FROM `jwsys` WHERE ( sysno=2 ) LIMIT 1   [ RunTime:0.001267s ]
NOTIC: [8] Use of undefined constant Action - assumed 'Action' D:\wamp\www\gxlm\Home\Lib\Action\Home\RegisterAction.class.php 第 38 行.
SQL: SHOW COLUMNS FROM `school` [ RunTime:0.014362s ]
SQL: SELECT * FROM `school` WHERE ( schoolno=1 )  [ RunTime:0.001751s ]
NOTIC: [8] Use of undefined constant url - assumed 'url' D:\wamp\www\gxlm\Home\Lib\Action\Home\Urp_nocodeAction.class.php 第 17 行.
NOTIC: [8] Undefined variable: cookies D:\wamp\www\gxlm\ThinkPHP\Extend\Library\ORG\My\Fetchurl.class.php 第 44 行.

[ 2014-06-24T21:38:20+08:00 ] 0.0.0.0 /gxlm/?m=Register&a=registerprocess
INFO: [ view_template ] --START--
INFO: Run LocationTemplate Behavior [ RunTime:0.004495s ]
INFO: [ view_template ] --END-- [ RunTime:0.004903s ]
INFO: [ view_parse ] --START--
INFO: Run ParseTemplate Behavior [ RunTime:0.033311s ]
INFO: [ view_parse ] --END-- [ RunTime:0.033709s ]
INFO: [ view_filter ] --START--
INFO: Run ContentReplace Behavior [ RunTime:0.002654s ]
INFO: Run TokenBuild Behavior [ RunTime:0.002963s ]
INFO: Run WriteHtmlCache Behavior [ RunTime:0.001797s ]
INFO: Run ShowRuntime Behavior [ RunTime:0.003912s ]
INFO: [ view_filter ] --END-- [ RunTime:0.012812s ]
INFO: [ view_end ] --START--
INFO: Run ShowPageTrace Behavior [ RunTime:0.007002s ]
INFO: [ view_end ] --END-- [ RunTime:0.007496s ]

[ 2014-06-24T21:39:36+08:00 ] 0.0.0.0 /gxlm/?m=Register&a=register&wxcount=o-CsGuPRWmejitXUXzfUBzntg
INFO: [ app_begin ] --START--
INFO: Run ReadHtmlCache Behavior [ RunTime:0.002374s ]
INFO: [ app_begin ] --END-- [ RunTime:0.002927s ]
SQL: SHOW COLUMNS FROM `school` [ RunTime:0.010549s ]
SQL: SELECT * FROM `school`  [ RunTime:0.001727s ]
INFO: [ view_template ] --START--
INFO: Run LocationTemplate Behavior [ RunTime:0.002765s ]
INFO: [ view_template ] --END-- [ RunTime:0.003110s ]
INFO: [ view_parse ] --START--
INFO: Run ParseTemplate Behavior [ RunTime:0.030284s ]
INFO: [ view_parse ] --END-- [ RunTime:0.030653s ]
INFO: [ view_filter ] --START--
INFO: Run ContentReplace Behavior [ RunTime:0.002093s ]
INFO: Run TokenBuild Behavior [ RunTime:0.001936s ]
INFO: Run WriteHtmlCache Behavior [ RunTime:0.002671s ]
INFO: Run ShowRuntime Behavior [ RunTime:0.002401s ]
INFO: [ view_filter ] --END-- [ RunTime:0.010059s ]
INFO: [ view_end ] --START--
INFO: Run ShowPageTrace Behavior [ RunTime:0.002884s ]
INFO: [ view_end ] --END-- [ RunTime:0.003575s ]

[ 2014-06-24T21:43:51+08:00 ] 0.0.0.0 /gxlm/?m=Register&a=register&wxcount=o-CsGuPRWmejitXUXzfUBzntg
INFO: [ app_begin ] --START--
INFO: Run ReadHtmlCache Behavior [ RunTime:0.007283s ]
INFO: [ app_begin ] --END-- [ RunTime:0.007679s ]
SQL: SHOW COLUMNS FROM `school` [ RunTime:0.012136s ]
SQL: SELECT * FROM `school`  [ RunTime:0.001411s ]
INFO: [ view_template ] --START--
INFO: Run LocationTemplate Behavior [ RunTime:0.004571s ]
INFO: [ view_template ] --END-- [ RunTime:0.005175s ]
INFO: [ view_parse ] --START--
INFO: Run ParseTemplate Behavior [ RunTime:0.048043s ]
INFO: [ view_parse ] --END-- [ RunTime:0.048689s ]
INFO: [ view_filter ] --START--
INFO: Run ContentReplace Behavior [ RunTime:0.002389s ]
INFO: Run TokenBuild Behavior [ RunTime:0.002319s ]
INFO: Run WriteHtmlCache Behavior [ RunTime:0.002298s ]
INFO: Run ShowRuntime Behavior [ RunTime:0.002378s ]
INFO: [ view_filter ] --END-- [ RunTime:0.010551s ]
INFO: [ view_end ] --START--
INFO: Run ShowPageTrace Behavior [ RunTime:0.003011s ]
INFO: [ view_end ] --END-- [ RunTime:0.003402s ]

[ 2014-06-24T21:44:57+08:00 ] 0.0.0.0 /gxlm/Register/check_iscode
INFO: [ route_check ] --START--
INFO: Run CheckRoute Behavior [ RunTime:0.002793s ]
INFO: [ route_check ] --END-- [ RunTime:0.003165s ]
INFO: [ app_begin ] --START--
INFO: Run ReadHtmlCache Behavior [ RunTime:0.002339s ]
INFO: [ app_begin ] --END-- [ RunTime:0.002710s ]
SQL: SHOW COLUMNS FROM `school` [ RunTime:0.014825s ]
SQL: SELECT * FROM `school` WHERE ( `schoolno` = 1 ) LIMIT 1   [ RunTime:0.001909s ]
SQL: SHOW COLUMNS FROM `jwsys` [ RunTime:0.014791s ]
SQL: SELECT * FROM `jwsys` WHERE ( sysno=2 ) LIMIT 1   [ RunTime:0.001852s ]

[ 2014-06-24T21:45:33+08:00 ] 0.0.0.0 /gxlm/Register/check_iscode
INFO: [ route_check ] --START--
INFO: Run CheckRoute Behavior [ RunTime:0.002800s ]
INFO: [ route_check ] --END-- [ RunTime:0.003158s ]
INFO: [ app_begin ] --START--
INFO: Run ReadHtmlCache Behavior [ RunTime:0.004781s ]
INFO: [ app_begin ] --END-- [ RunTime:0.005279s ]
SQL: SHOW COLUMNS FROM `school` [ RunTime:0.015623s ]
SQL: SELECT * FROM `school` WHERE ( `schoolno` = 3 ) LIMIT 1   [ RunTime:0.001932s ]
SQL: SHOW COLUMNS FROM `jwsys` [ RunTime:0.014511s ]
SQL: SELECT * FROM `jwsys` WHERE ( sysno=1 ) LIMIT 1   [ RunTime:0.001690s ]

[ 2014-06-24T21:45:37+08:00 ] 0.0.0.0 /gxlm/Register/check_iscode
INFO: [ route_check ] --START--
INFO: Run CheckRoute Behavior [ RunTime:0.002587s ]
INFO: [ route_check ] --END-- [ RunTime:0.002959s ]
INFO: [ app_begin ] --START--
INFO: Run ReadHtmlCache Behavior [ RunTime:0.002159s ]
INFO: [ app_begin ] --END-- [ RunTime:0.002491s ]
SQL: SHOW COLUMNS FROM `school` [ RunTime:0.015482s ]
SQL: SELECT * FROM `school` WHERE ( `schoolno` = 5 ) LIMIT 1   [ RunTime:0.001890s ]
SQL: SHOW COLUMNS FROM `jwsys` [ RunTime:0.016498s ]
SQL: SELECT * FROM `jwsys` WHERE ( sysno=1 ) LIMIT 1   [ RunTime:0.001801s ]

[ 2014-06-24T21:53:03+08:00 ] 0.0.0.0 /gxlm/?m=Register&a=register&wxcount=o-CsGuPRWmejitXUXzfUBzntg
INFO: [ app_begin ] --START--
INFO: Run ReadHtmlCache Behavior [ RunTime:0.034674s ]
INFO: [ app_begin ] --END-- [ RunTime:0.044156s ]
SQL: SHOW COLUMNS FROM `school` [ RunTime:0.009668s ]
SQL: SELECT * FROM `school`  [ RunTime:0.002281s ]
INFO: [ view_template ] --START--
INFO: Run LocationTemplate Behavior [ RunTime:0.007538s ]
INFO: [ view_template ] --END-- [ RunTime:0.007909s ]
INFO: [ view_parse ] --START--
INFO: Run ParseTemplate Behavior [ RunTime:0.128368s ]
INFO: [ view_parse ] --END-- [ RunTime:0.130228s ]
INFO: [ view_filter ] --START--
INFO: Run ContentReplace Behavior [ RunTime:0.014738s ]
INFO: Run TokenBuild Behavior [ RunTime:0.002857s ]
INFO: Run WriteHtmlCache Behavior [ RunTime:0.002316s ]
INFO: Run ShowRuntime Behavior [ RunTime:0.005196s ]
INFO: [ view_filter ] --END-- [ RunTime:0.026498s ]
INFO: [ view_end ] --START--
INFO: Run ShowPageTrace Behavior [ RunTime:0.003659s ]
INFO: [ view_end ] --END-- [ RunTime:0.004005s ]

[ 2014-06-24T21:53:45+08:00 ] 0.0.0.0 /gxlm/?m=Register&a=register&wxcount=o-CsGuPRWmejitXUXzfUBzntg
INFO: [ app_begin ] --START--
INFO: Run ReadHtmlCache Behavior [ RunTime:0.003220s ]
INFO: [ app_begin ] --END-- [ RunTime:0.003623s ]
SQL: SHOW COLUMNS FROM `school` [ RunTime:0.009455s ]
SQL: SELECT * FROM `school`  [ RunTime:0.001374s ]
INFO: [ view_template ] --START--
INFO: Run LocationTemplate Behavior [ RunTime:0.003303s ]
INFO: [ view_template ] --END-- [ RunTime:0.003672s ]
INFO: [ view_parse ] --START--
INFO: Run ParseTemplate Behavior [ RunTime:0.037135s ]
INFO: [ view_parse ] --END-- [ RunTime:0.037658s ]
INFO: [ view_filter ] --START--
INFO: Run ContentReplace Behavior [ RunTime:0.003412s ]
INFO: Run TokenBuild Behavior [ RunTime:0.002976s ]
INFO: Run WriteHtmlCache Behavior [ RunTime:0.001785s ]
INFO: Run ShowRuntime Behavior [ RunTime:0.002529s ]
INFO: [ view_filter ] --END-- [ RunTime:0.011863s ]
INFO: [ view_end ] --START--
INFO: Run ShowPageTrace Behavior [ RunTime:0.006992s ]
INFO: [ view_end ] --END-- [ RunTime:0.007726s ]

[ 2014-06-24T21:54:04+08:00 ] 0.0.0.0 /gxlm/?m=Register&a=register&wxcount=o-CsGuPRWmejitXUXzfUBzntg
INFO: [ app_begin ] --START--
INFO: Run ReadHtmlCache Behavior [ RunTime:0.002418s ]
INFO: [ app_begin ] --END-- [ RunTime:0.004043s ]
SQL: SHOW COLUMNS FROM `school` [ RunTime:0.008561s ]
SQL: SELECT * FROM `school`  [ RunTime:0.001719s ]
INFO: [ view_template ] --START--
INFO: Run LocationTemplate Behavior [ RunTime:0.002507s ]
INFO: [ view_template ] --END-- [ RunTime:0.003037s ]
INFO: [ view_parse ] --START--
INFO: Run ParseTemplate Behavior [ RunTime:0.037540s ]
INFO: [ view_parse ] --END-- [ RunTime:0.037963s ]
INFO: [ view_filter ] --START--
INFO: Run ContentReplace Behavior [ RunTime:0.005235s ]
INFO: Run TokenBuild Behavior [ RunTime:0.001912s ]
INFO: Run WriteHtmlCache Behavior [ RunTime:0.001664s ]
INFO: Run ShowRuntime Behavior [ RunTime:0.002669s ]
INFO: [ view_filter ] --END-- [ RunTime:0.012678s ]
INFO: [ view_end ] --START--
INFO: Run ShowPageTrace Behavior [ RunTime:0.004165s ]
INFO: [ view_end ] --END-- [ RunTime:0.004507s ]

[ 2014-06-24T21:54:07+08:00 ] 0.0.0.0 /gxlm/Register/check_iscode
INFO: [ route_check ] --START--
INFO: Run CheckRoute Behavior [ RunTime:0.016126s ]
INFO: [ route_check ] --END-- [ RunTime:0.016511s ]
INFO: [ app_begin ] --START--
INFO: Run ReadHtmlCache Behavior [ RunTime:0.005367s ]
INFO: [ app_begin ] --END-- [ RunTime:0.005741s ]
SQL: SHOW COLUMNS FROM `school` [ RunTime:0.008539s ]
SQL: SELECT * FROM `school` WHERE ( `schoolno` = 1 ) LIMIT 1   [ RunTime:0.001174s ]
SQL: SHOW COLUMNS FROM `jwsys` [ RunTime:0.009502s ]
SQL: SELECT * FROM `jwsys` WHERE ( sysno=2 ) LIMIT 1   [ RunTime:0.001259s ]

[ 2014-06-24T21:54:10+08:00 ] 0.0.0.0 /gxlm/Register/check_iscode
INFO: [ route_check ] --START--
INFO: Run CheckRoute Behavior [ RunTime:0.003072s ]
INFO: [ route_check ] --END-- [ RunTime:0.003530s ]
INFO: [ app_begin ] --START--
INFO: Run ReadHtmlCache Behavior [ RunTime:0.002153s ]
INFO: [ app_begin ] --END-- [ RunTime:0.002498s ]
SQL: SHOW COLUMNS FROM `school` [ RunTime:0.009279s ]
SQL: SELECT * FROM `school` WHERE ( `schoolno` = 1 ) LIMIT 1   [ RunTime:0.001303s ]
SQL: SHOW COLUMNS FROM `jwsys` [ RunTime:0.008963s ]
SQL: SELECT * FROM `jwsys` WHERE ( sysno=2 ) LIMIT 1   [ RunTime:0.001853s ]

