[ 2014-05-06T14:31:05+08:00 ] 127.0.0.1 /gxlm/?m=Index&a=index
INFO: [ app_begin ] --START--
INFO: Run ReadHtmlCache Behavior [ RunTime:0.048998s ]
INFO: [ app_begin ] --END-- [ RunTime:0.049352s ]
SQL: SHOW COLUMNS FROM `studentinfo` [ RunTime:0.025131s ]
SQL: SELECT * FROM `studentinfo` WHERE ( wxcount='o-CsGuPRWmejitXUXzfUBzntg77E' ) LIMIT 1   [ RunTime:0.000608s ]
SQL: SHOW COLUMNS FROM `schoolinfo` [ RunTime:0.018778s ]
SQL: SELECT * FROM `schoolinfo` WHERE ( schoolno=3 )  [ RunTime:0.000606s ]
NOTIC: [8] Use of undefined constant url - assumed 'url' D:\wamp\www\gxlm\Home\Lib\Action\BgAction.class.php 第 17 行.
SQL: SHOW COLUMNS FROM `studentinfo` [ RunTime:0.004282s ]
SQL: UPDATE `studentinfo` SET `pwd`='*/*/*/*/' WHERE ( scount='12142121' ) [ RunTime:0.075647s ]
INFO: [ view_template ] --START--
INFO: Run LocationTemplate Behavior [ RunTime:0.117238s ]
INFO: [ view_template ] --END-- [ RunTime:0.117536s ]
INFO: [ view_parse ] --START--
INFO: Run ParseTemplate Behavior [ RunTime:0.115557s ]
INFO: [ view_parse ] --END-- [ RunTime:0.116180s ]
INFO: [ view_filter ] --START--
INFO: Run ContentReplace Behavior [ RunTime:0.019577s ]
INFO: Run TokenBuild Behavior [ RunTime:0.030921s ]
INFO: Run WriteHtmlCache Behavior [ RunTime:0.015645s ]
INFO: Run ShowRuntime Behavior [ RunTime:0.053162s ]
INFO: [ view_filter ] --END-- [ RunTime:0.120124s ]
INFO: [ view_end ] --START--
INFO: Run ShowPageTrace Behavior [ RunTime:0.003640s ]
INFO: [ view_end ] --END-- [ RunTime:0.003895s ]

[ 2014-05-06T14:31:06+08:00 ] 127.0.0.1 /gxlm/?m=Index&a=index
SQL: SHOW COLUMNS FROM `studentinfo` [ RunTime:0.012409s ]
SQL: SELECT * FROM `studentinfo` WHERE ( wxcount='o-CsGuPRWmejitXUXzfUBzntg77E' ) LIMIT 1   [ RunTime:0.001028s ]
SQL: SHOW COLUMNS FROM `bg_course` [ RunTime:0.050968s ]
SQL: DELETE FROM `bg_course` WHERE ( scount='12142121' ) [ RunTime:0.052289s ]
SQL: DELETE FROM `studentinfo` WHERE ( wxcount='o-CsGuPRWmejitXUXzfUBzntg77E' ) [ RunTime:0.084167s ]
INFO: [ view_template ] --START--
INFO: Run LocationTemplate Behavior [ RunTime:0.000882s ]
INFO: [ view_template ] --END-- [ RunTime:-0.474069s ]
INFO: [ view_parse ] --START--
INFO: Run ParseTemplate Behavior [ RunTime:0.005691s ]
INFO: [ view_parse ] --END-- [ RunTime:-0.359135s ]
INFO: [ view_filter ] --START--
INFO: Run ContentReplace Behavior [ RunTime:0.000172s ]
INFO: Run TokenBuild Behavior [ RunTime:0.000134s ]
INFO: Run WriteHtmlCache Behavior [ RunTime:0.000044s ]
INFO: Run ShowRuntime Behavior [ RunTime:0.000201s ]
INFO: [ view_filter ] --END-- [ RunTime:-0.245038s ]
INFO: [ view_end ] --START--
INFO: Run ShowPageTrace Behavior [ RunTime:0.000118s ]
INFO: [ view_end ] --END-- [ RunTime:-0.242103s ]

[ 2014-05-06T14:31:40+08:00 ] 127.0.0.1 /gxlm/?m=Index&a=index
INFO: [ app_begin ] --START--
INFO: Run ReadHtmlCache Behavior [ RunTime:0.001959s ]
INFO: [ app_begin ] --END-- [ RunTime:0.002308s ]
SQL: SHOW COLUMNS FROM `studentinfo` [ RunTime:0.006118s ]
SQL: SHOW COLUMNS FROM `schoolinfo` [ RunTime:0.004728s ]
SQL: SELECT * FROM `studentinfo` WHERE ( wxcount='o-CsGuPRWmejitXUXzfUBzntg77E' ) LIMIT 1   [ RunTime:0.001065s ]
INFO: [ view_template ] --START--
INFO: Run LocationTemplate Behavior [ RunTime:0.001709s ]
INFO: [ view_template ] --END-- [ RunTime:0.002001s ]
INFO: [ view_parse ] --START--
INFO: Run ParseTemplate Behavior [ RunTime:0.024005s ]
INFO: [ view_parse ] --END-- [ RunTime:0.024300s ]
INFO: [ view_filter ] --START--
INFO: Run ContentReplace Behavior [ RunTime:0.001185s ]
INFO: Run TokenBuild Behavior [ RunTime:0.001114s ]
INFO: Run WriteHtmlCache Behavior [ RunTime:0.000869s ]
INFO: Run ShowRuntime Behavior [ RunTime:0.001659s ]
INFO: [ view_filter ] --END-- [ RunTime:0.006002s ]
INFO: [ view_end ] --START--
INFO: Run ShowPageTrace Behavior [ RunTime:0.003210s ]
INFO: [ view_end ] --END-- [ RunTime:0.003489s ]

[ 2014-05-06T14:32:02+08:00 ] 127.0.0.1 /gxlm/?m=Index&a=index
INFO: [ app_begin ] --START--
INFO: Run ReadHtmlCache Behavior [ RunTime:0.002091s ]
INFO: [ app_begin ] --END-- [ RunTime:0.002614s ]
SQL: SHOW COLUMNS FROM `studentinfo` [ RunTime:0.004268s ]
SQL: SELECT * FROM `studentinfo` WHERE ( wxcount='o-CsGuPRWmejitXUXzfUBzntg77E' ) LIMIT 1   [ RunTime:0.000674s ]
INFO: [ view_template ] --START--
INFO: Run LocationTemplate Behavior [ RunTime:0.001669s ]
INFO: [ view_template ] --END-- [ RunTime:0.001957s ]
INFO: [ view_parse ] --START--
INFO: Run ParseTemplate Behavior [ RunTime:0.024024s ]
INFO: [ view_parse ] --END-- [ RunTime:0.024326s ]
INFO: [ view_filter ] --START--
INFO: Run ContentReplace Behavior [ RunTime:0.001623s ]
INFO: Run TokenBuild Behavior [ RunTime:0.001960s ]
INFO: Run WriteHtmlCache Behavior [ RunTime:0.001250s ]
INFO: Run ShowRuntime Behavior [ RunTime:0.001451s ]
INFO: [ view_filter ] --END-- [ RunTime:0.007149s ]
INFO: [ view_end ] --START--
INFO: Run ShowPageTrace Behavior [ RunTime:0.001763s ]
INFO: [ view_end ] --END-- [ RunTime:0.002006s ]

[ 2014-05-06T14:32:27+08:00 ] 127.0.0.1 /gxlm/?m=Register&a=register&wxcount=o-CsGuPRWmejitXUXzfUBzntg77E
INFO: [ app_begin ] --START--
INFO: Run ReadHtmlCache Behavior [ RunTime:0.001530s ]
INFO: [ app_begin ] --END-- [ RunTime:0.001864s ]
SQL: SHOW COLUMNS FROM `schoolinfo` [ RunTime:0.004221s ]
SQL: SELECT * FROM `schoolinfo`  [ RunTime:0.000679s ]
INFO: [ view_template ] --START--
INFO: Run LocationTemplate Behavior [ RunTime:0.017453s ]
INFO: [ view_template ] --END-- [ RunTime:0.017771s ]
INFO: [ view_parse ] --START--
INFO: Run ParseTemplate Behavior [ RunTime:0.050598s ]
INFO: [ view_parse ] --END-- [ RunTime:0.050891s ]
INFO: [ view_filter ] --START--
INFO: Run ContentReplace Behavior [ RunTime:0.001090s ]
INFO: Run TokenBuild Behavior [ RunTime:0.001128s ]
INFO: Run WriteHtmlCache Behavior [ RunTime:0.000782s ]
INFO: Run ShowRuntime Behavior [ RunTime:0.001715s ]
INFO: [ view_filter ] --END-- [ RunTime:0.005469s ]
INFO: [ view_end ] --START--
INFO: Run ShowPageTrace Behavior [ RunTime:0.002731s ]
INFO: [ view_end ] --END-- [ RunTime:0.003076s ]

[ 2014-05-06T14:34:10+08:00 ] 127.0.0.1 /gxlm/?m=Register&a=registerprocess
INFO: [ app_begin ] --START--
INFO: Run ReadHtmlCache Behavior [ RunTime:0.001610s ]
INFO: [ app_begin ] --END-- [ RunTime:0.001921s ]
SQL: SHOW COLUMNS FROM `studentinfo` [ RunTime:0.005909s ]
SQL: SHOW COLUMNS FROM `schoolinfo` [ RunTime:0.005551s ]
SQL: SELECT * FROM `schoolinfo` WHERE ( schoolno=3 )  [ RunTime:0.000647s ]
NOTIC: [8] Use of undefined constant url - assumed 'url' D:\wamp\www\gxlm\Home\Lib\Action\BgAction.class.php 第 17 行.
NOTIC: [8] Undefined variable: cookies D:\wamp\www\gxlm\ThinkPHP\Extend\Library\ORG\My\Fetchurl.class.php 第 43 行.

[ 2014-05-06T14:34:10+08:00 ] 127.0.0.1 /gxlm/?m=Register&a=registerprocess
SQL: INSERT INTO `studentinfo` (`wxcount`,`scount`,`pwd`,`schoolno`,`nickname`) VALUES ('o-CsGuPRWmejitXUXzfUBzntg77E','12142121','19931112',3,'545485418') [ RunTime:0.048501s ]
INFO: [ view_template ] --START--
INFO: Run LocationTemplate Behavior [ RunTime:0.014317s ]
INFO: [ view_template ] --END-- [ RunTime:0.014613s ]
INFO: [ view_parse ] --START--
INFO: Run ParseTemplate Behavior [ RunTime:0.023680s ]
INFO: [ view_parse ] --END-- [ RunTime:0.023982s ]
INFO: [ view_filter ] --START--
INFO: Run ContentReplace Behavior [ RunTime:0.001086s ]
INFO: Run TokenBuild Behavior [ RunTime:0.001114s ]
INFO: Run WriteHtmlCache Behavior [ RunTime:0.002225s ]
INFO: Run ShowRuntime Behavior [ RunTime:0.002463s ]
INFO: [ view_filter ] --END-- [ RunTime:0.008333s ]
INFO: [ view_end ] --START--
INFO: Run ShowPageTrace Behavior [ RunTime:0.001849s ]
INFO: [ view_end ] --END-- [ RunTime:0.002204s ]

[ 2014-05-06T14:34:27+08:00 ] 127.0.0.1 /gxlm/?m=Index&a=index
INFO: [ app_begin ] --START--
INFO: Run ReadHtmlCache Behavior [ RunTime:0.001555s ]
INFO: [ app_begin ] --END-- [ RunTime:0.002032s ]
SQL: SHOW COLUMNS FROM `studentinfo` [ RunTime:0.004407s ]
SQL: SELECT * FROM `studentinfo` WHERE ( wxcount='o-CsGuPRWmejitXUXzfUBzntg77E' ) LIMIT 1   [ RunTime:0.001928s ]
SQL: SHOW COLUMNS FROM `schoolinfo` [ RunTime:0.004383s ]
SQL: SELECT * FROM `schoolinfo` WHERE ( schoolno=3 )  [ RunTime:0.000927s ]
NOTIC: [8] Use of undefined constant url - assumed 'url' D:\wamp\www\gxlm\Home\Lib\Action\BgAction.class.php 第 17 行.
SQL: SHOW COLUMNS FROM `studentinfo` [ RunTime:0.004601s ]
SQL: UPDATE `studentinfo` SET `pwd`='*/*/*/*/' WHERE ( scount='12142121' ) [ RunTime:0.110702s ]
INFO: [ view_template ] --START--
INFO: Run LocationTemplate Behavior [ RunTime:0.002970s ]
INFO: [ view_template ] --END-- [ RunTime:0.003247s ]
INFO: [ view_parse ] --START--
INFO: Run ParseTemplate Behavior [ RunTime:0.022716s ]
INFO: [ view_parse ] --END-- [ RunTime:0.023012s ]
INFO: [ view_filter ] --START--
INFO: Run ContentReplace Behavior [ RunTime:0.001188s ]
INFO: Run TokenBuild Behavior [ RunTime:0.001204s ]
INFO: Run WriteHtmlCache Behavior [ RunTime:0.001543s ]
INFO: Run ShowRuntime Behavior [ RunTime:0.001319s ]
INFO: [ view_filter ] --END-- [ RunTime:0.005976s ]
INFO: [ view_end ] --START--
INFO: Run ShowPageTrace Behavior [ RunTime:0.001695s ]
INFO: [ view_end ] --END-- [ RunTime:0.001961s ]

[ 2014-05-06T14:35:13+08:00 ] 127.0.0.1 /gxlm/?m=Index&a=index
INFO: [ app_begin ] --START--
INFO: Run ReadHtmlCache Behavior [ RunTime:0.003302s ]
INFO: [ app_begin ] --END-- [ RunTime:0.003798s ]
SQL: SHOW COLUMNS FROM `studentinfo` [ RunTime:0.004710s ]
SQL: SELECT * FROM `studentinfo` WHERE ( wxcount='o-CsGuPRWmejitXUXzfUBzntg77E' ) LIMIT 1   [ RunTime:0.001228s ]
SQL: SHOW COLUMNS FROM `schoolinfo` [ RunTime:0.004166s ]
SQL: SELECT * FROM `schoolinfo` WHERE ( schoolno=3 )  [ RunTime:0.000651s ]
NOTIC: [8] Use of undefined constant url - assumed 'url' D:\wamp\www\gxlm\Home\Lib\Action\BgAction.class.php 第 17 行.
NOTIC: [8] Undefined variable: cookies D:\wamp\www\gxlm\ThinkPHP\Extend\Library\ORG\My\Fetchurl.class.php 第 43 行.
INFO: [ view_template ] --START--
INFO: Run LocationTemplate Behavior [ RunTime:0.008506s ]
INFO: [ view_template ] --END-- [ RunTime:0.009018s ]
INFO: [ view_parse ] --START--
INFO: Run ParseTemplate Behavior [ RunTime:0.043886s ]
INFO: [ view_parse ] --END-- [ RunTime:0.044240s ]
INFO: [ view_filter ] --START--
INFO: Run ContentReplace Behavior [ RunTime:0.002366s ]
INFO: Run TokenBuild Behavior [ RunTime:0.003123s ]
INFO: Run WriteHtmlCache Behavior [ RunTime:0.002089s ]
INFO: Run ShowRuntime Behavior [ RunTime:0.002926s ]
INFO: [ view_filter ] --END-- [ RunTime:0.011270s ]
INFO: [ view_end ] --START--
INFO: Run ShowPageTrace Behavior [ RunTime:0.004141s ]
INFO: [ view_end ] --END-- [ RunTime:0.004399s ]

[ 2014-05-06T14:35:18+08:00 ] 127.0.0.1 /gxlm/?m=Index&a=index
INFO: [ app_begin ] --START--
INFO: Run ReadHtmlCache Behavior [ RunTime:0.002285s ]
INFO: [ app_begin ] --END-- [ RunTime:0.002599s ]
SQL: SHOW COLUMNS FROM `studentinfo` [ RunTime:0.004313s ]
SQL: SELECT * FROM `studentinfo` WHERE ( wxcount='o-CsGuPRWmejitXUXzfUBzntg77E' ) LIMIT 1   [ RunTime:0.000849s ]
SQL: SHOW COLUMNS FROM `schoolinfo` [ RunTime:0.004127s ]
SQL: SELECT * FROM `schoolinfo` WHERE ( schoolno=3 )  [ RunTime:0.000862s ]
NOTIC: [8] Use of undefined constant url - assumed 'url' D:\wamp\www\gxlm\Home\Lib\Action\BgAction.class.php 第 17 行.
NOTIC: [8] Undefined variable: cookies D:\wamp\www\gxlm\ThinkPHP\Extend\Library\ORG\My\Fetchurl.class.php 第 43 行.
INFO: [ view_template ] --START--
INFO: Run LocationTemplate Behavior [ RunTime:0.002645s ]
INFO: [ view_template ] --END-- [ RunTime:0.003083s ]
INFO: [ view_parse ] --START--
INFO: Run ParseTemplate Behavior [ RunTime:0.022646s ]
INFO: [ view_parse ] --END-- [ RunTime:0.022943s ]
INFO: [ view_filter ] --START--
INFO: Run ContentReplace Behavior [ RunTime:0.001108s ]
INFO: Run TokenBuild Behavior [ RunTime:0.001112s ]
INFO: Run WriteHtmlCache Behavior [ RunTime:0.000743s ]
INFO: Run ShowRuntime Behavior [ RunTime:0.001328s ]
INFO: [ view_filter ] --END-- [ RunTime:0.004993s ]
INFO: [ view_end ] --START--
INFO: Run ShowPageTrace Behavior [ RunTime:0.002171s ]
INFO: [ view_end ] --END-- [ RunTime:0.002470s ]

[ 2014-05-06T14:53:35+08:00 ] 127.0.0.1 /gxlm/?m=Bg&a=rpwd&scount=12142121
INFO: [ app_begin ] --START--
INFO: Run ReadHtmlCache Behavior [ RunTime:0.003859s ]
INFO: [ app_begin ] --END-- [ RunTime:0.004457s ]
NOTIC: [2] Missing argument 1 for BgAction::__construct(), called in D:\wamp\www\gxlm\ThinkPHP\Common\common.php on line 321 and defined D:\wamp\www\gxlm\Home\Lib\Action\BgAction.class.php 第 10 行.
NOTIC: [8] Undefined variable: arr D:\wamp\www\gxlm\Home\Lib\Action\BgAction.class.php 第 12 行.
NOTIC: [8] Undefined variable: arr D:\wamp\www\gxlm\Home\Lib\Action\BgAction.class.php 第 13 行.
SQL: SHOW COLUMNS FROM `schoolinfo` [ RunTime:0.004548s ]
NOTIC: [8] Undefined variable: arr D:\wamp\www\gxlm\Home\Lib\Action\BgAction.class.php 第 16 行.
SQL: SELECT * FROM `schoolinfo` WHERE ( schoolno= )  [ RunTime:0.000676s ]
ERR: You have an error in your SQL syntax; check the manual that corresponds to your MySQL server version for the right syntax to use near ')' at line 1
 [ SQL语句 ] : SELECT * FROM `schoolinfo` WHERE ( schoolno= ) 
NOTIC: [8] Use of undefined constant url - assumed 'url' D:\wamp\www\gxlm\Home\Lib\Action\BgAction.class.php 第 17 行.
NOTIC: [8] Undefined index:  pwd D:\wamp\www\gxlm\Home\Lib\Action\BgAction.class.php 第 188 行.
NOTIC: [8] Undefined index:  scount D:\wamp\www\gxlm\Home\Lib\Action\BgAction.class.php 第 189 行.
INFO: [ view_template ] --START--
INFO: Run LocationTemplate Behavior [ RunTime:0.004280s ]
INFO: [ view_template ] --END-- [ RunTime:0.004539s ]
INFO: [ view_parse ] --START--
INFO: Run ParseTemplate Behavior [ RunTime:0.029308s ]
INFO: [ view_parse ] --END-- [ RunTime:0.029653s ]
INFO: [ view_filter ] --START--
INFO: Run ContentReplace Behavior [ RunTime:0.005647s ]
INFO: Run TokenBuild Behavior [ RunTime:0.003483s ]
INFO: Run WriteHtmlCache Behavior [ RunTime:0.002152s ]
INFO: Run ShowRuntime Behavior [ RunTime:0.003802s ]
INFO: [ view_filter ] --END-- [ RunTime:0.015985s ]
INFO: [ view_end ] --START--
INFO: Run ShowPageTrace Behavior [ RunTime:0.003801s ]
INFO: [ view_end ] --END-- [ RunTime:0.004191s ]

[ 2014-05-06T14:53:53+08:00 ] 127.0.0.1 /gxlm/?m=Bg&a=rpwd&scount=12142121
INFO: [ app_begin ] --START--
INFO: Run ReadHtmlCache Behavior [ RunTime:0.003762s ]
INFO: [ app_begin ] --END-- [ RunTime:0.004091s ]
NOTIC: [2] Missing argument 1 for BgAction::__construct(), called in D:\wamp\www\gxlm\ThinkPHP\Common\common.php on line 321 and defined D:\wamp\www\gxlm\Home\Lib\Action\BgAction.class.php 第 10 行.
NOTIC: [8] Undefined variable: arr D:\wamp\www\gxlm\Home\Lib\Action\BgAction.class.php 第 12 行.
NOTIC: [8] Undefined variable: arr D:\wamp\www\gxlm\Home\Lib\Action\BgAction.class.php 第 13 行.
SQL: SHOW COLUMNS FROM `schoolinfo` [ RunTime:0.005231s ]
NOTIC: [8] Undefined variable: arr D:\wamp\www\gxlm\Home\Lib\Action\BgAction.class.php 第 16 行.
SQL: SELECT * FROM `schoolinfo` WHERE ( schoolno= )  [ RunTime:0.000703s ]
ERR: You have an error in your SQL syntax; check the manual that corresponds to your MySQL server version for the right syntax to use near ')' at line 1
 [ SQL语句 ] : SELECT * FROM `schoolinfo` WHERE ( schoolno= ) 
NOTIC: [8] Use of undefined constant url - assumed 'url' D:\wamp\www\gxlm\Home\Lib\Action\BgAction.class.php 第 17 行.
NOTIC: [8] Undefined index:  pwd D:\wamp\www\gxlm\Home\Lib\Action\BgAction.class.php 第 188 行.
NOTIC: [8] Undefined index:  scount D:\wamp\www\gxlm\Home\Lib\Action\BgAction.class.php 第 189 行.
INFO: [ view_template ] --START--
INFO: Run LocationTemplate Behavior [ RunTime:0.004646s ]
INFO: [ view_template ] --END-- [ RunTime:0.004904s ]
INFO: [ view_parse ] --START--
INFO: Run ParseTemplate Behavior [ RunTime:0.039777s ]
INFO: [ view_parse ] --END-- [ RunTime:0.040246s ]
INFO: [ view_filter ] --START--
INFO: Run ContentReplace Behavior [ RunTime:0.014911s ]
INFO: Run TokenBuild Behavior [ RunTime:0.003464s ]
INFO: Run WriteHtmlCache Behavior [ RunTime:0.003448s ]
INFO: Run ShowRuntime Behavior [ RunTime:0.003628s ]
INFO: [ view_filter ] --END-- [ RunTime:0.026438s ]
INFO: [ view_end ] --START--
INFO: Run ShowPageTrace Behavior [ RunTime:0.004759s ]
INFO: [ view_end ] --END-- [ RunTime:0.005079s ]

[ 2014-05-06T14:54:58+08:00 ] 127.0.0.1 /gxlm/?m=Bg&a=rpwd&scount=12142121
INFO: [ app_begin ] --START--
INFO: Run ReadHtmlCache Behavior [ RunTime:0.003772s ]
INFO: [ app_begin ] --END-- [ RunTime:0.004122s ]
NOTIC: [2] Missing argument 1 for BgAction::__construct(), called in D:\wamp\www\gxlm\ThinkPHP\Common\common.php on line 321 and defined D:\wamp\www\gxlm\Home\Lib\Action\BgAction.class.php 第 10 行.
NOTIC: [8] Undefined variable: arr D:\wamp\www\gxlm\Home\Lib\Action\BgAction.class.php 第 12 行.
NOTIC: [8] Undefined variable: arr D:\wamp\www\gxlm\Home\Lib\Action\BgAction.class.php 第 13 行.
SQL: SHOW COLUMNS FROM `schoolinfo` [ RunTime:0.015810s ]
NOTIC: [8] Undefined variable: arr D:\wamp\www\gxlm\Home\Lib\Action\BgAction.class.php 第 16 行.
SQL: SELECT * FROM `schoolinfo` WHERE ( schoolno= )  [ RunTime:0.001887s ]
ERR: You have an error in your SQL syntax; check the manual that corresponds to your MySQL server version for the right syntax to use near ')' at line 1
 [ SQL语句 ] : SELECT * FROM `schoolinfo` WHERE ( schoolno= ) 
NOTIC: [8] Use of undefined constant url - assumed 'url' D:\wamp\www\gxlm\Home\Lib\Action\BgAction.class.php 第 17 行.
NOTIC: [8] Undefined index:  pwd D:\wamp\www\gxlm\Home\Lib\Action\BgAction.class.php 第 188 行.
NOTIC: [8] Undefined index:  scount D:\wamp\www\gxlm\Home\Lib\Action\BgAction.class.php 第 189 行.
INFO: [ view_template ] --START--
INFO: Run LocationTemplate Behavior [ RunTime:0.005746s ]
INFO: [ view_template ] --END-- [ RunTime:0.006038s ]
INFO: [ view_parse ] --START--
INFO: Run ParseTemplate Behavior [ RunTime:0.029525s ]
INFO: [ view_parse ] --END-- [ RunTime:0.030031s ]
INFO: [ view_filter ] --START--
INFO: Run ContentReplace Behavior [ RunTime:0.003813s ]
INFO: Run TokenBuild Behavior [ RunTime:0.002610s ]
INFO: Run WriteHtmlCache Behavior [ RunTime:0.002568s ]
INFO: Run ShowRuntime Behavior [ RunTime:0.003054s ]
INFO: [ view_filter ] --END-- [ RunTime:0.014197s ]
INFO: [ view_end ] --START--
INFO: Run ShowPageTrace Behavior [ RunTime:0.006444s ]
INFO: [ view_end ] --END-- [ RunTime:0.006709s ]

[ 2014-05-06T14:56:17+08:00 ] 127.0.0.1 /gxlm/?m=Bg&a=rpwd&scount=12142121
INFO: [ app_begin ] --START--
INFO: Run ReadHtmlCache Behavior [ RunTime:0.004779s ]
INFO: [ app_begin ] --END-- [ RunTime:0.005123s ]
NOTIC: [2] Missing argument 1 for BgAction::__construct(), called in D:\wamp\www\gxlm\ThinkPHP\Common\common.php on line 321 and defined D:\wamp\www\gxlm\Home\Lib\Action\BgAction.class.php 第 10 行.
NOTIC: [8] Undefined variable: arr D:\wamp\www\gxlm\Home\Lib\Action\BgAction.class.php 第 12 行.
NOTIC: [8] Undefined variable: arr D:\wamp\www\gxlm\Home\Lib\Action\BgAction.class.php 第 13 行.
SQL: SHOW COLUMNS FROM `schoolinfo` [ RunTime:0.004760s ]
NOTIC: [8] Undefined variable: arr D:\wamp\www\gxlm\Home\Lib\Action\BgAction.class.php 第 16 行.
SQL: SELECT * FROM `schoolinfo` WHERE ( schoolno= )  [ RunTime:0.002104s ]
ERR: You have an error in your SQL syntax; check the manual that corresponds to your MySQL server version for the right syntax to use near ')' at line 1
 [ SQL语句 ] : SELECT * FROM `schoolinfo` WHERE ( schoolno= ) 
NOTIC: [8] Use of undefined constant url - assumed 'url' D:\wamp\www\gxlm\Home\Lib\Action\BgAction.class.php 第 17 行.
NOTIC: [8] Undefined index:  pwd D:\wamp\www\gxlm\Home\Lib\Action\BgAction.class.php 第 188 行.
INFO: [ view_template ] --START--
INFO: Run LocationTemplate Behavior [ RunTime:0.005491s ]
INFO: [ view_template ] --END-- [ RunTime:0.005993s ]
INFO: [ view_parse ] --START--
INFO: Run ParseTemplate Behavior [ RunTime:0.035633s ]
INFO: [ view_parse ] --END-- [ RunTime:0.035937s ]
INFO: [ view_filter ] --START--
INFO: Run ContentReplace Behavior [ RunTime:0.006181s ]
INFO: Run TokenBuild Behavior [ RunTime:0.002437s ]
INFO: Run WriteHtmlCache Behavior [ RunTime:0.003020s ]
INFO: Run ShowRuntime Behavior [ RunTime:0.003745s ]
INFO: [ view_filter ] --END-- [ RunTime:0.016636s ]
INFO: [ view_end ] --START--
INFO: Run ShowPageTrace Behavior [ RunTime:0.006428s ]
INFO: [ view_end ] --END-- [ RunTime:0.006695s ]

[ 2014-05-06T14:56:34+08:00 ] 127.0.0.1 /gxlm/?m=Bg&a=rpwd
INFO: [ app_begin ] --START--
INFO: Run ReadHtmlCache Behavior [ RunTime:0.003675s ]
INFO: [ app_begin ] --END-- [ RunTime:0.004094s ]
NOTIC: [2] Missing argument 1 for BgAction::__construct(), called in D:\wamp\www\gxlm\ThinkPHP\Common\common.php on line 321 and defined D:\wamp\www\gxlm\Home\Lib\Action\BgAction.class.php 第 10 行.
NOTIC: [8] Undefined variable: arr D:\wamp\www\gxlm\Home\Lib\Action\BgAction.class.php 第 12 行.
NOTIC: [8] Undefined variable: arr D:\wamp\www\gxlm\Home\Lib\Action\BgAction.class.php 第 13 行.
SQL: SHOW COLUMNS FROM `schoolinfo` [ RunTime:0.014643s ]
NOTIC: [8] Undefined variable: arr D:\wamp\www\gxlm\Home\Lib\Action\BgAction.class.php 第 16 行.
SQL: SELECT * FROM `schoolinfo` WHERE ( schoolno= )  [ RunTime:0.000839s ]
ERR: You have an error in your SQL syntax; check the manual that corresponds to your MySQL server version for the right syntax to use near ')' at line 1
 [ SQL语句 ] : SELECT * FROM `schoolinfo` WHERE ( schoolno= ) 
NOTIC: [8] Use of undefined constant url - assumed 'url' D:\wamp\www\gxlm\Home\Lib\Action\BgAction.class.php 第 17 行.
SQL: SHOW COLUMNS FROM `studentinfo` [ RunTime:0.009060s ]
SQL: UPDATE `studentinfo` SET `pwd`='\'19931112\'' WHERE ( scount=12142121 ) [ RunTime:0.035009s ]
INFO: [ view_template ] --START--
INFO: Run LocationTemplate Behavior [ RunTime:0.005959s ]
INFO: [ view_template ] --END-- [ RunTime:0.006230s ]
INFO: [ view_parse ] --START--
INFO: Run ParseTemplate Behavior [ RunTime:0.030934s ]
INFO: [ view_parse ] --END-- [ RunTime:0.031248s ]
INFO: [ view_filter ] --START--
INFO: Run ContentReplace Behavior [ RunTime:0.002778s ]
INFO: Run TokenBuild Behavior [ RunTime:0.004586s ]
INFO: Run WriteHtmlCache Behavior [ RunTime:0.003393s ]
INFO: Run ShowRuntime Behavior [ RunTime:0.003489s ]
INFO: [ view_filter ] --END-- [ RunTime:0.015300s ]
INFO: [ view_end ] --START--
INFO: Run ShowPageTrace Behavior [ RunTime:0.006532s ]
INFO: [ view_end ] --END-- [ RunTime:0.006826s ]

[ 2014-05-06T14:57:09+08:00 ] 127.0.0.1 /gxlm/?m=Bg&a=rpwd
INFO: [ app_begin ] --START--
INFO: Run ReadHtmlCache Behavior [ RunTime:0.002748s ]
INFO: [ app_begin ] --END-- [ RunTime:0.003073s ]
NOTIC: [2] Missing argument 1 for BgAction::__construct(), called in D:\wamp\www\gxlm\ThinkPHP\Common\common.php on line 321 and defined D:\wamp\www\gxlm\Home\Lib\Action\BgAction.class.php 第 10 行.
NOTIC: [8] Undefined variable: arr D:\wamp\www\gxlm\Home\Lib\Action\BgAction.class.php 第 12 行.
NOTIC: [8] Undefined variable: arr D:\wamp\www\gxlm\Home\Lib\Action\BgAction.class.php 第 13 行.
SQL: SHOW COLUMNS FROM `schoolinfo` [ RunTime:0.004054s ]
NOTIC: [8] Undefined variable: arr D:\wamp\www\gxlm\Home\Lib\Action\BgAction.class.php 第 16 行.
SQL: SELECT * FROM `schoolinfo` WHERE ( schoolno= )  [ RunTime:0.002615s ]
ERR: You have an error in your SQL syntax; check the manual that corresponds to your MySQL server version for the right syntax to use near ')' at line 1
 [ SQL语句 ] : SELECT * FROM `schoolinfo` WHERE ( schoolno= ) 
NOTIC: [8] Use of undefined constant url - assumed 'url' D:\wamp\www\gxlm\Home\Lib\Action\BgAction.class.php 第 17 行.
SQL: SHOW COLUMNS FROM `studentinfo` [ RunTime:0.005319s ]
SQL: UPDATE `studentinfo` SET `pwd`='19931112' WHERE ( scount=12142121 ) [ RunTime:0.038670s ]
INFO: [ view_template ] --START--
INFO: Run LocationTemplate Behavior [ RunTime:0.005701s ]
INFO: [ view_template ] --END-- [ RunTime:0.006029s ]
INFO: [ view_parse ] --START--
INFO: Run ParseTemplate Behavior [ RunTime:0.031316s ]
INFO: [ view_parse ] --END-- [ RunTime:0.031692s ]
INFO: [ view_filter ] --START--
INFO: Run ContentReplace Behavior [ RunTime:0.002542s ]
INFO: Run TokenBuild Behavior [ RunTime:0.004669s ]
INFO: Run WriteHtmlCache Behavior [ RunTime:0.006144s ]
INFO: Run ShowRuntime Behavior [ RunTime:0.005627s ]
INFO: [ view_filter ] --END-- [ RunTime:0.020309s ]
INFO: [ view_end ] --START--
INFO: Run ShowPageTrace Behavior [ RunTime:0.005697s ]
INFO: [ view_end ] --END-- [ RunTime:0.005999s ]

[ 2014-05-06T14:57:39+08:00 ] 127.0.0.1 /gxlm/?m=Index&a=index
INFO: [ app_begin ] --START--
INFO: Run ReadHtmlCache Behavior [ RunTime:0.002325s ]
INFO: [ app_begin ] --END-- [ RunTime:0.002642s ]
SQL: SHOW COLUMNS FROM `studentinfo` [ RunTime:0.031168s ]
SQL: SELECT * FROM `studentinfo` WHERE ( wxcount='o-CsGuPRWmejitXUXzfUBzntg77E' ) LIMIT 1   [ RunTime:0.001075s ]
SQL: SHOW COLUMNS FROM `schoolinfo` [ RunTime:0.005076s ]
SQL: SELECT * FROM `schoolinfo` WHERE ( schoolno=3 )  [ RunTime:0.000572s ]
NOTIC: [8] Use of undefined constant url - assumed 'url' D:\wamp\www\gxlm\Home\Lib\Action\BgAction.class.php 第 17 行.
NOTIC: [8] Undefined variable: cookies D:\wamp\www\gxlm\ThinkPHP\Extend\Library\ORG\My\Fetchurl.class.php 第 43 行.
NOTIC: [8] Undefined variable: nav D:\wamp\www\gxlm\Home\Lib\Action\BgAction.class.php 第 97 行.
INFO: [ view_template ] --START--
INFO: Run LocationTemplate Behavior [ RunTime:0.004977s ]
INFO: [ view_template ] --END-- [ RunTime:0.005290s ]
INFO: [ view_parse ] --START--
INFO: Run ParseTemplate Behavior [ RunTime:0.025226s ]
INFO: [ view_parse ] --END-- [ RunTime:0.025519s ]
INFO: [ view_filter ] --START--
INFO: Run ContentReplace Behavior [ RunTime:0.001500s ]
INFO: Run TokenBuild Behavior [ RunTime:0.001072s ]
INFO: Run WriteHtmlCache Behavior [ RunTime:0.000756s ]
INFO: Run ShowRuntime Behavior [ RunTime:0.001266s ]
INFO: [ view_filter ] --END-- [ RunTime:0.005290s ]
INFO: [ view_end ] --START--
INFO: Run ShowPageTrace Behavior [ RunTime:0.005281s ]
INFO: [ view_end ] --END-- [ RunTime:0.005554s ]

[ 2014-05-06T14:57:45+08:00 ] 127.0.0.1 /gxlm/?m=Index&a=index
INFO: [ app_begin ] --START--
INFO: Run ReadHtmlCache Behavior [ RunTime:0.001557s ]
INFO: [ app_begin ] --END-- [ RunTime:0.001852s ]
SQL: SHOW COLUMNS FROM `studentinfo` [ RunTime:0.004440s ]
SQL: SELECT * FROM `studentinfo` WHERE ( wxcount='o-CsGuPRWmejitXUXzfUBzntg77E' ) LIMIT 1   [ RunTime:0.000672s ]
SQL: SHOW COLUMNS FROM `schoolinfo` [ RunTime:0.004076s ]
SQL: SELECT * FROM `schoolinfo` WHERE ( schoolno=3 )  [ RunTime:0.001141s ]
NOTIC: [8] Use of undefined constant url - assumed 'url' D:\wamp\www\gxlm\Home\Lib\Action\BgAction.class.php 第 17 行.
NOTIC: [8] Undefined variable: cookies D:\wamp\www\gxlm\ThinkPHP\Extend\Library\ORG\My\Fetchurl.class.php 第 43 行.
NOTIC: [8] Undefined variable: nav D:\wamp\www\gxlm\Home\Lib\Action\BgAction.class.php 第 97 行.
INFO: [ view_template ] --START--
INFO: Run LocationTemplate Behavior [ RunTime:0.004388s ]
INFO: [ view_template ] --END-- [ RunTime:0.004661s ]
INFO: [ view_parse ] --START--
INFO: Run ParseTemplate Behavior [ RunTime:0.022557s ]
INFO: [ view_parse ] --END-- [ RunTime:0.022891s ]
INFO: [ view_filter ] --START--
INFO: Run ContentReplace Behavior [ RunTime:0.001131s ]
INFO: Run TokenBuild Behavior [ RunTime:0.001157s ]
INFO: Run WriteHtmlCache Behavior [ RunTime:0.000776s ]
INFO: Run ShowRuntime Behavior [ RunTime:0.001496s ]
INFO: [ view_filter ] --END-- [ RunTime:0.005427s ]
INFO: [ view_end ] --START--
INFO: Run ShowPageTrace Behavior [ RunTime:0.003821s ]
INFO: [ view_end ] --END-- [ RunTime:0.004113s ]

[ 2014-05-06T14:58:33+08:00 ] 127.0.0.1 /gxlm/?m=Index&a=index
INFO: [ app_begin ] --START--
INFO: Run ReadHtmlCache Behavior [ RunTime:0.001620s ]
INFO: [ app_begin ] --END-- [ RunTime:0.001924s ]
SQL: SHOW COLUMNS FROM `studentinfo` [ RunTime:0.004459s ]
SQL: SELECT * FROM `studentinfo` WHERE ( wxcount='o-CsGuPRWmejitXUXzfUBzntg77E' ) LIMIT 1   [ RunTime:0.000947s ]
SQL: SHOW COLUMNS FROM `schoolinfo` [ RunTime:0.004188s ]
SQL: SELECT * FROM `schoolinfo` WHERE ( schoolno=3 )  [ RunTime:0.000691s ]
NOTIC: [8] Use of undefined constant url - assumed 'url' D:\wamp\www\gxlm\Home\Lib\Action\BgAction.class.php 第 17 行.
SQL: SHOW COLUMNS FROM `bg_course` [ RunTime:0.005447s ]
SQL: SELECT * FROM `bg_course` WHERE ( scount=12142121 )  [ RunTime:0.001696s ]
NOTIC: [8] Undefined variable: cookies D:\wamp\www\gxlm\ThinkPHP\Extend\Library\ORG\My\Fetchurl.class.php 第 43 行.
NOTIC: [8] Undefined offset:  1 D:\wamp\www\gxlm\Home\Lib\Action\BgAction.class.php 第 134 行.
SQL: INSERT INTO `bg_course` (`scount`,`startweek`,`finalweek`,`week`,`jieci`,`course`,`teacher`,`where`) VALUES ('12142121',1,16,'一','1,2','电脑图文设计Ⅰ','王鹏','建规人文外语904') [ RunTime:0.009911s ]
NOTIC: [8] Undefined offset:  1 D:\wamp\www\gxlm\Home\Lib\Action\BgAction.class.php 第 145 行.
NOTIC: [8] Undefined offset:  1 D:\wamp\www\gxlm\Home\Lib\Action\BgAction.class.php 第 134 行.
SQL: INSERT INTO `bg_course` (`scount`,`startweek`,`finalweek`,`week`,`jieci`,`course`,`teacher`,`where`) VALUES ('12142121',1,16,'三','1,2','毛泽东思想和中国特色社会主义理论体系概论','鲍  泓','3教203') [ RunTime:0.001429s ]
NOTIC: [8] Undefined offset:  1 D:\wamp\www\gxlm\Home\Lib\Action\BgAction.class.php 第 145 行.
NOTIC: [8] Undefined offset:  1 D:\wamp\www\gxlm\Home\Lib\Action\BgAction.class.php 第 134 行.
SQL: INSERT INTO `bg_course` (`scount`,`startweek`,`finalweek`,`week`,`jieci`,`course`,`teacher`,`where`) VALUES ('12142121',1,16,'一','3,4','电脑图文设计Ⅰ','王鹏','建规人文外语904') [ RunTime:0.001522s ]
NOTIC: [8] Undefined offset:  1 D:\wamp\www\gxlm\Home\Lib\Action\BgAction.class.php 第 145 行.
NOTIC: [8] Undefined offset:  1 D:\wamp\www\gxlm\Home\Lib\Action\BgAction.class.php 第 134 行.
SQL: INSERT INTO `bg_course` (`scount`,`startweek`,`finalweek`,`week`,`jieci`,`course`,`teacher`,`where`) VALUES ('12142121',1,16,'二','3,4','广告摄像与摄影','李志强/杨晓利','1教232') [ RunTime:0.001431s ]
NOTIC: [8] Undefined offset:  1 D:\wamp\www\gxlm\Home\Lib\Action\BgAction.class.php 第 145 行.
NOTIC: [8] Undefined offset:  1 D:\wamp\www\gxlm\Home\Lib\Action\BgAction.class.php 第 134 行.
SQL: INSERT INTO `bg_course` (`scount`,`startweek`,`finalweek`,`week`,`jieci`,`course`,`teacher`,`where`) VALUES ('12142121',1,16,'三','3,4','国际广告','刘永孜','3教312') [ RunTime:0.001530s ]
NOTIC: [8] Undefined offset:  1 D:\wamp\www\gxlm\Home\Lib\Action\BgAction.class.php 第 145 行.
NOTIC: [8] Undefined offset:  1 D:\wamp\www\gxlm\Home\Lib\Action\BgAction.class.php 第 134 行.
SQL: INSERT INTO `bg_course` (`scount`,`startweek`,`finalweek`,`week`,`jieci`,`course`,`teacher`,`where`) VALUES ('12142121',1,16,'四','3,4','排球','邓雪震','排球场') [ RunTime:0.001433s ]
NOTIC: [8] Undefined offset:  1 D:\wamp\www\gxlm\Home\Lib\Action\BgAction.class.php 第 145 行.
NOTIC: [8] Undefined offset:  1 D:\wamp\www\gxlm\Home\Lib\Action\BgAction.class.php 第 134 行.
SQL: INSERT INTO `bg_course` (`scount`,`startweek`,`finalweek`,`week`,`jieci`,`course`,`teacher`,`where`) VALUES ('12142121',1,8,'五','3,4','广告摄像与摄影','李志强/杨晓利','1教232') [ RunTime:0.001388s ]
NOTIC: [8] Undefined offset:  1 D:\wamp\www\gxlm\Home\Lib\Action\BgAction.class.php 第 145 行.
SQL: INSERT INTO `bg_course` (`scount`,`startweek`,`finalweek`,`week`,`jieci`,`course`,`teacher`,`where`) VALUES ('12142121',1,8,'三','5,6','广告与社会','张雯','3教207') [ RunTime:0.001334s ]
SQL: INSERT INTO `bg_course` (`scount`,`startweek`,`finalweek`,`week`,`jieci`,`course`,`teacher`,`where`) VALUES ('12142121',9,16,'三','5,6','中国民间美术','唐颖','建规人文外语906') [ RunTime:0.000988s ]
NOTIC: [8] Undefined offset:  1 D:\wamp\www\gxlm\Home\Lib\Action\BgAction.class.php 第 134 行.
SQL: INSERT INTO `bg_course` (`scount`,`startweek`,`finalweek`,`week`,`jieci`,`course`,`teacher`,`where`) VALUES ('12142121',1,10,'四','5,6','广告心理学Ⅰ','唐颖','1教232') [ RunTime:0.000997s ]
NOTIC: [8] Undefined offset:  1 D:\wamp\www\gxlm\Home\Lib\Action\BgAction.class.php 第 145 行.
SQL: INSERT INTO `bg_course` (`scount`,`startweek`,`finalweek`,`week`,`jieci`,`course`,`teacher`,`where`) VALUES ('12142121',9,16,'三','7,8','中国民间美术','唐颖','建规人文外语906') [ RunTime:0.000978s ]
SQL: INSERT INTO `bg_course` (`scount`,`startweek`,`finalweek`,`week`,`jieci`,`course`,`teacher`,`where`) VALUES ('12142121',1,8,'三','7,8','广告与社会','张雯','3教207') [ RunTime:0.000938s ]
NOTIC: [8] Undefined offset:  1 D:\wamp\www\gxlm\Home\Lib\Action\BgAction.class.php 第 134 行.
SQL: INSERT INTO `bg_course` (`scount`,`startweek`,`finalweek`,`week`,`jieci`,`course`,`teacher`,`where`) VALUES ('12142121',1,10,'四','7,8','广告心理学Ⅰ','唐颖','1教232') [ RunTime:0.000977s ]
NOTIC: [8] Undefined offset:  1 D:\wamp\www\gxlm\Home\Lib\Action\BgAction.class.php 第 145 行.
NOTIC: [8] Undefined offset:  1 D:\wamp\www\gxlm\Home\Lib\Action\BgAction.class.php 第 134 行.
SQL: INSERT INTO `bg_course` (`scount`,`startweek`,`finalweek`,`week`,`jieci`,`course`,`teacher`,`where`) VALUES ('12142121',1,8,'五','7,8','毛泽东思想和中国特色社会主义理论体系概论','鲍  泓','3教203') [ RunTime:0.001005s ]
NOTIC: [8] Undefined offset:  1 D:\wamp\www\gxlm\Home\Lib\Action\BgAction.class.php 第 145 行.
SQL: INSERT INTO `bg_course` (`scount`,`startweek`,`finalweek`,`week`,`jieci`,`course`,`teacher`,`where`) VALUES ('12142121',9,16,'二','9,10,11,12','电影文化学概论','赵斌','经D201') [ RunTime:0.001043s ]
SQL: INSERT INTO `bg_course` (`scount`,`startweek`,`finalweek`,`week`,`jieci`,`course`,`teacher`,`where`) VALUES ('12142121',1,8,'二','9,10,11,12','纪录片与社会发展','朱涛','3教204') [ RunTime:0.000990s ]
NOTIC: [8] Undefined offset:  1 D:\wamp\www\gxlm\Home\Lib\Action\BgAction.class.php 第 134 行.
SQL: INSERT INTO `bg_course` (`scount`,`startweek`,`finalweek`,`week`,`jieci`,`course`,`teacher`,`where`) VALUES ('12142121',1,8,'三','9,10,11,12','现代西方哲学评介','*钱伟量','1教224') [ RunTime:0.000991s ]
NOTIC: [8] Undefined offset:  1 D:\wamp\www\gxlm\Home\Lib\Action\BgAction.class.php 第 145 行.
NOTIC: [8] Undefined offset:  14 D:\wamp\www\gxlm\Home\Lib\Action\BgAction.class.php 第 131 行.
INFO: [ view_template ] --START--
INFO: Run LocationTemplate Behavior [ RunTime:0.003567s ]
INFO: [ view_template ] --END-- [ RunTime:0.003816s ]
INFO: [ view_parse ] --START--
INFO: Run ParseTemplate Behavior [ RunTime:0.020289s ]
INFO: [ view_parse ] --END-- [ RunTime:0.020595s ]
INFO: [ view_filter ] --START--
INFO: Run ContentReplace Behavior [ RunTime:0.001033s ]
INFO: Run TokenBuild Behavior [ RunTime:0.001064s ]
INFO: Run WriteHtmlCache Behavior [ RunTime:0.000749s ]
INFO: Run ShowRuntime Behavior [ RunTime:0.001253s ]
INFO: [ view_filter ] --END-- [ RunTime:0.005447s ]
INFO: [ view_end ] --START--
INFO: Run ShowPageTrace Behavior [ RunTime:0.003786s ]
INFO: [ view_end ] --END-- [ RunTime:0.004194s ]

[ 2014-05-06T14:59:00+08:00 ] 127.0.0.1 /gxlm/?m=Bgclasses&a=classes&scount=12142121
INFO: [ app_begin ] --START--
INFO: Run ReadHtmlCache Behavior [ RunTime:0.003641s ]
INFO: [ app_begin ] --END-- [ RunTime:0.004004s ]
SQL: SHOW COLUMNS FROM `bg_course` [ RunTime:0.004599s ]
SQL: SELECT * FROM `bg_course` WHERE ( scount=12142121 ) ORDER BY find_in_set(week,'一,二,三,四,五'),jieci  [ RunTime:0.061112s ]
NOTIC: [8] Undefined offset:  0 D:\wamp\www\gxlm\Home\Lib\Action\BgclassesAction.class.php 第 37 行.
NOTIC: [8] Undefined offset:  0 D:\wamp\www\gxlm\Home\Lib\Action\BgclassesAction.class.php 第 37 行.
NOTIC: [8] Undefined offset:  1 D:\wamp\www\gxlm\Home\Lib\Action\BgclassesAction.class.php 第 34 行.
NOTIC: [8] Undefined offset:  1 D:\wamp\www\gxlm\Home\Lib\Action\BgclassesAction.class.php 第 37 行.
NOTIC: [8] Undefined offset:  1 D:\wamp\www\gxlm\Home\Lib\Action\BgclassesAction.class.php 第 34 行.
NOTIC: [8] Undefined offset:  1 D:\wamp\www\gxlm\Home\Lib\Action\BgclassesAction.class.php 第 37 行.
NOTIC: [8] Undefined offset:  1 D:\wamp\www\gxlm\Home\Lib\Action\BgclassesAction.class.php 第 37 行.
NOTIC: [8] Undefined offset:  1 D:\wamp\www\gxlm\Home\Lib\Action\BgclassesAction.class.php 第 34 行.
NOTIC: [8] Undefined offset:  4 D:\wamp\www\gxlm\Home\Lib\Action\BgclassesAction.class.php 第 37 行.
NOTIC: [8] Undefined offset:  5 D:\wamp\www\gxlm\Home\Lib\Action\BgclassesAction.class.php 第 37 行.
NOTIC: [8] Undefined offset:  2 D:\wamp\www\gxlm\Home\Lib\Action\BgclassesAction.class.php 第 37 行.
NOTIC: [8] Undefined offset:  0 D:\wamp\www\gxlm\Home\Lib\Action\BgclassesAction.class.php 第 37 行.
NOTIC: [8] Undefined offset:  1 D:\wamp\www\gxlm\Home\Lib\Action\BgclassesAction.class.php 第 34 行.
NOTIC: [8] Undefined offset:  1 D:\wamp\www\gxlm\Home\Lib\Action\BgclassesAction.class.php 第 37 行.
NOTIC: [8] Undefined offset:  1 D:\wamp\www\gxlm\Home\Lib\Action\BgclassesAction.class.php 第 34 行.
NOTIC: [8] Undefined offset:  2 D:\wamp\www\gxlm\Home\Lib\Action\BgclassesAction.class.php 第 37 行.
NOTIC: [8] Undefined offset:  1 D:\wamp\www\gxlm\Home\Lib\Action\BgclassesAction.class.php 第 34 行.
NOTIC: [8] Undefined offset:  1 D:\wamp\www\gxlm\Home\Lib\Action\BgclassesAction.class.php 第 34 行.
NOTIC: [8] Undefined offset:  3 D:\wamp\www\gxlm\Home\Lib\Action\BgclassesAction.class.php 第 37 行.
NOTIC: [8] Undefined offset:  1 D:\wamp\www\gxlm\Home\Lib\Action\BgclassesAction.class.php 第 34 行.
NOTIC: [8] Undefined offset:  1 D:\wamp\www\gxlm\Home\Lib\Action\BgclassesAction.class.php 第 34 行.
NOTIC: [8] Undefined offset:  4 D:\wamp\www\gxlm\Home\Lib\Action\BgclassesAction.class.php 第 37 行.
NOTIC: [8] Undefined offset:  5 D:\wamp\www\gxlm\Home\Lib\Action\BgclassesAction.class.php 第 37 行.
NOTIC: [8] Undefined offset:  3 D:\wamp\www\gxlm\Home\Lib\Action\BgclassesAction.class.php 第 37 行.
NOTIC: [8] Undefined offset:  1 D:\wamp\www\gxlm\Home\Lib\Action\BgclassesAction.class.php 第 37 行.
NOTIC: [8] Undefined offset:  1 D:\wamp\www\gxlm\Home\Lib\Action\BgclassesAction.class.php 第 34 行.
NOTIC: [8] Undefined offset:  2 D:\wamp\www\gxlm\Home\Lib\Action\BgclassesAction.class.php 第 37 行.
NOTIC: [8] Undefined offset:  1 D:\wamp\www\gxlm\Home\Lib\Action\BgclassesAction.class.php 第 34 行.
NOTIC: [8] Undefined offset:  3 D:\wamp\www\gxlm\Home\Lib\Action\BgclassesAction.class.php 第 37 行.
NOTIC: [8] Undefined offset:  1 D:\wamp\www\gxlm\Home\Lib\Action\BgclassesAction.class.php 第 34 行.
NOTIC: [8] Undefined offset:  4 D:\wamp\www\gxlm\Home\Lib\Action\BgclassesAction.class.php 第 37 行.
NOTIC: [8] Undefined offset:  1 D:\wamp\www\gxlm\Home\Lib\Action\BgclassesAction.class.php 第 37 行.
NOTIC: [8] Undefined offset:  1 D:\wamp\www\gxlm\Home\Lib\Action\BgclassesAction.class.php 第 34 行.
NOTIC: [8] Undefined offset:  3 D:\wamp\www\gxlm\Home\Lib\Action\BgclassesAction.class.php 第 37 行.
NOTIC: [8] Undefined offset:  1 D:\wamp\www\gxlm\Home\Lib\Action\BgclassesAction.class.php 第 34 行.
INFO: [ view_template ] --START--
INFO: Run LocationTemplate Behavior [ RunTime:0.006072s ]
INFO: [ view_template ] --END-- [ RunTime:0.006371s ]
INFO: [ view_parse ] --START--
NOTIC: [8] Undefined offset:  2 D:\wamp\www\gxlm\Home\Runtime\Cache\99ec45d4069d5de0788173ed0cf71ed6.php 第 60 行.
NOTIC: [8] Undefined offset:  3 D:\wamp\www\gxlm\Home\Runtime\Cache\99ec45d4069d5de0788173ed0cf71ed6.php 第 60 行.
NOTIC: [8] Undefined offset:  4 D:\wamp\www\gxlm\Home\Runtime\Cache\99ec45d4069d5de0788173ed0cf71ed6.php 第 60 行.
NOTIC: [8] Undefined offset:  5 D:\wamp\www\gxlm\Home\Runtime\Cache\99ec45d4069d5de0788173ed0cf71ed6.php 第 60 行.
NOTIC: [8] Undefined offset:  0 D:\wamp\www\gxlm\Home\Runtime\Cache\99ec45d4069d5de0788173ed0cf71ed6.php 第 60 行.
NOTIC: [8] Undefined offset:  2 D:\wamp\www\gxlm\Home\Runtime\Cache\99ec45d4069d5de0788173ed0cf71ed6.php 第 60 行.
NOTIC: [8] Undefined offset:  3 D:\wamp\www\gxlm\Home\Runtime\Cache\99ec45d4069d5de0788173ed0cf71ed6.php 第 60 行.
NOTIC: [8] Undefined offset:  0 D:\wamp\www\gxlm\Home\Runtime\Cache\99ec45d4069d5de0788173ed0cf71ed6.php 第 60 行.
NOTIC: [8] Undefined offset:  4 D:\wamp\www\gxlm\Home\Runtime\Cache\99ec45d4069d5de0788173ed0cf71ed6.php 第 60 行.
NOTIC: [8] Undefined offset:  5 D:\wamp\www\gxlm\Home\Runtime\Cache\99ec45d4069d5de0788173ed0cf71ed6.php 第 60 行.
NOTIC: [8] Undefined offset:  0 D:\wamp\www\gxlm\Home\Runtime\Cache\99ec45d4069d5de0788173ed0cf71ed6.php 第 60 行.
NOTIC: [8] Undefined offset:  2 D:\wamp\www\gxlm\Home\Runtime\Cache\99ec45d4069d5de0788173ed0cf71ed6.php 第 60 行.
NOTIC: [8] Undefined offset:  4 D:\wamp\www\gxlm\Home\Runtime\Cache\99ec45d4069d5de0788173ed0cf71ed6.php 第 60 行.
NOTIC: [8] Undefined offset:  5 D:\wamp\www\gxlm\Home\Runtime\Cache\99ec45d4069d5de0788173ed0cf71ed6.php 第 60 行.
NOTIC: [8] Undefined offset:  5 D:\wamp\www\gxlm\Home\Runtime\Cache\99ec45d4069d5de0788173ed0cf71ed6.php 第 60 行.
NOTIC: [8] Undefined offset:  5 D:\wamp\www\gxlm\Home\Runtime\Cache\99ec45d4069d5de0788173ed0cf71ed6.php 第 60 行.
NOTIC: [8] Undefined offset:  5 D:\wamp\www\gxlm\Home\Runtime\Cache\99ec45d4069d5de0788173ed0cf71ed6.php 第 60 行.
NOTIC: [8] Undefined offset:  5 D:\wamp\www\gxlm\Home\Runtime\Cache\99ec45d4069d5de0788173ed0cf71ed6.php 第 60 行.
NOTIC: [8] Undefined offset:  5 D:\wamp\www\gxlm\Home\Runtime\Cache\99ec45d4069d5de0788173ed0cf71ed6.php 第 60 行.
NOTIC: [8] Undefined offset:  5 D:\wamp\www\gxlm\Home\Runtime\Cache\99ec45d4069d5de0788173ed0cf71ed6.php 第 60 行.
NOTIC: [8] Undefined offset:  6 D:\wamp\www\gxlm\Home\Runtime\Cache\99ec45d4069d5de0788173ed0cf71ed6.php 第 60 行.
NOTIC: [8] Undefined offset:  6 D:\wamp\www\gxlm\Home\Runtime\Cache\99ec45d4069d5de0788173ed0cf71ed6.php 第 60 行.
NOTIC: [8] Undefined offset:  6 D:\wamp\www\gxlm\Home\Runtime\Cache\99ec45d4069d5de0788173ed0cf71ed6.php 第 60 行.
NOTIC: [8] Undefined offset:  6 D:\wamp\www\gxlm\Home\Runtime\Cache\99ec45d4069d5de0788173ed0cf71ed6.php 第 60 行.
NOTIC: [8] Undefined offset:  6 D:\wamp\www\gxlm\Home\Runtime\Cache\99ec45d4069d5de0788173ed0cf71ed6.php 第 60 行.
NOTIC: [8] Undefined offset:  6 D:\wamp\www\gxlm\Home\Runtime\Cache\99ec45d4069d5de0788173ed0cf71ed6.php 第 60 行.
INFO: Run ParseTemplate Behavior [ RunTime:0.040096s ]
INFO: [ view_parse ] --END-- [ RunTime:0.040333s ]
INFO: [ view_filter ] --START--
INFO: Run ContentReplace Behavior [ RunTime:0.002796s ]
INFO: Run TokenBuild Behavior [ RunTime:0.002691s ]
INFO: Run WriteHtmlCache Behavior [ RunTime:0.002162s ]
INFO: Run ShowRuntime Behavior [ RunTime:0.003243s ]
INFO: [ view_filter ] --END-- [ RunTime:0.011777s ]
INFO: [ view_end ] --START--
INFO: Run ShowPageTrace Behavior [ RunTime:0.004167s ]
INFO: [ view_end ] --END-- [ RunTime:0.004482s ]

[ 2014-05-06T14:59:00+08:00 ] ERR: (ThinkException) 无法加载模块:style
[ 2014-05-06T14:59:34+08:00 ] 127.0.0.1 /gxlm/?m=Index&a=index
INFO: [ app_begin ] --START--
INFO: Run ReadHtmlCache Behavior [ RunTime:0.003089s ]
INFO: [ app_begin ] --END-- [ RunTime:0.004271s ]
SQL: SHOW COLUMNS FROM `studentinfo` [ RunTime:0.004269s ]
SQL: SELECT * FROM `studentinfo` WHERE ( wxcount='o-CsGuPRWmejitXUXzfUBzntg77E' ) LIMIT 1   [ RunTime:0.000592s ]
SQL: SHOW COLUMNS FROM `schoolinfo` [ RunTime:0.004138s ]
SQL: SELECT * FROM `schoolinfo` WHERE ( schoolno=3 )  [ RunTime:0.000726s ]
NOTIC: [8] Use of undefined constant url - assumed 'url' D:\wamp\www\gxlm\Home\Lib\Action\BgAction.class.php 第 17 行.
SQL: SHOW COLUMNS FROM `studentinfo` [ RunTime:0.004492s ]
SQL: UPDATE `studentinfo` SET `pwd`='*/*/*/*/' WHERE ( scount='12142121' ) [ RunTime:0.068807s ]
INFO: [ view_template ] --START--
INFO: Run LocationTemplate Behavior [ RunTime:0.011095s ]
INFO: [ view_template ] --END-- [ RunTime:0.012121s ]
INFO: [ view_parse ] --START--
INFO: Run ParseTemplate Behavior [ RunTime:0.039248s ]
INFO: [ view_parse ] --END-- [ RunTime:0.039623s ]
INFO: [ view_filter ] --START--
INFO: Run ContentReplace Behavior [ RunTime:0.003928s ]
INFO: Run TokenBuild Behavior [ RunTime:0.002360s ]
INFO: Run WriteHtmlCache Behavior [ RunTime:0.002994s ]
INFO: Run ShowRuntime Behavior [ RunTime:0.002609s ]
INFO: [ view_filter ] --END-- [ RunTime:0.012698s ]
INFO: [ view_end ] --START--
INFO: Run ShowPageTrace Behavior [ RunTime:0.005211s ]
INFO: [ view_end ] --END-- [ RunTime:0.005535s ]

[ 2014-05-06T14:59:41+08:00 ] 127.0.0.1 /gxlm/?m=Index&a=index
INFO: [ app_begin ] --START--
INFO: Run ReadHtmlCache Behavior [ RunTime:0.001629s ]
INFO: [ app_begin ] --END-- [ RunTime:0.001937s ]
SQL: SHOW COLUMNS FROM `studentinfo` [ RunTime:0.004664s ]
SQL: SELECT * FROM `studentinfo` WHERE ( wxcount='o-CsGuPRWmejitXUXzfUBzntg77E' ) LIMIT 1   [ RunTime:0.001530s ]
SQL: SHOW COLUMNS FROM `schoolinfo` [ RunTime:0.004320s ]
SQL: SELECT * FROM `schoolinfo` WHERE ( schoolno=3 )  [ RunTime:0.000817s ]
NOTIC: [8] Use of undefined constant url - assumed 'url' D:\wamp\www\gxlm\Home\Lib\Action\BgAction.class.php 第 17 行.
SQL: SHOW COLUMNS FROM `bg_course` [ RunTime:0.004604s ]
INFO: [ view_template ] --START--
INFO: Run LocationTemplate Behavior [ RunTime:0.004590s ]
INFO: [ view_template ] --END-- [ RunTime:0.004861s ]
INFO: [ view_parse ] --START--
INFO: Run ParseTemplate Behavior [ RunTime:0.025104s ]
INFO: [ view_parse ] --END-- [ RunTime:0.025406s ]
INFO: [ view_filter ] --START--
INFO: Run ContentReplace Behavior [ RunTime:0.002925s ]
INFO: Run TokenBuild Behavior [ RunTime:0.001587s ]
INFO: Run WriteHtmlCache Behavior [ RunTime:0.000843s ]
INFO: Run ShowRuntime Behavior [ RunTime:0.002519s ]
INFO: [ view_filter ] --END-- [ RunTime:0.008674s ]
INFO: [ view_end ] --START--
INFO: Run ShowPageTrace Behavior [ RunTime:0.003577s ]
INFO: [ view_end ] --END-- [ RunTime:0.003825s ]

[ 2014-05-06T20:38:14+08:00 ] 127.0.0.1 /gxlm/?m=Register&a=register&wxcount=o-CsGuPRWmejitXUXzfUBzntg77E
INFO: [ app_begin ] --START--
INFO: Run ReadHtmlCache Behavior [ RunTime:0.049133s ]
INFO: [ app_begin ] --END-- [ RunTime:0.049490s ]
SQL: SHOW COLUMNS FROM `schoolinfo` [ RunTime:0.033317s ]
SQL: SELECT * FROM `schoolinfo`  [ RunTime:0.000650s ]
INFO: [ view_template ] --START--
INFO: Run LocationTemplate Behavior [ RunTime:0.037818s ]
INFO: [ view_template ] --END-- [ RunTime:0.038113s ]
INFO: [ view_parse ] --START--
INFO: Run ParseTemplate Behavior [ RunTime:0.063680s ]
INFO: [ view_parse ] --END-- [ RunTime:0.063956s ]
INFO: [ view_filter ] --START--
INFO: Run ContentReplace Behavior [ RunTime:0.010331s ]
INFO: Run TokenBuild Behavior [ RunTime:0.018676s ]
INFO: Run WriteHtmlCache Behavior [ RunTime:0.015448s ]
INFO: Run ShowRuntime Behavior [ RunTime:0.003375s ]
INFO: [ view_filter ] --END-- [ RunTime:0.048859s ]
INFO: [ view_end ] --START--
INFO: Run ShowPageTrace Behavior [ RunTime:0.017626s ]
INFO: [ view_end ] --END-- [ RunTime:0.017884s ]

