[ 2014-08-26T21:04:15+08:00 ] 0.0.0.0 /gxlm/
INFO: [ app_begin ] --START--
INFO: Run ReadHtmlCache Behavior [ RunTime:0.005317s ]
INFO: [ app_begin ] --END-- [ RunTime:0.005691s ]
NOTIC: [8] Undefined index: HTTP_RAW_POST_DATA D:\wamp\www\gxlm\Home\Lib\Action\Home\IndexAction.class.php 第 6 行.

[ 2014-08-26T21:06:48+08:00 ] ERR: (ThinkException) 无法加载模块:index
[ 2014-08-26T21:07:13+08:00 ] 0.0.0.0 /gxlm/admin/Index
INFO: [ route_check ] --START--
INFO: Run CheckRoute Behavior [ RunTime:0.006034s ]
INFO: [ route_check ] --END-- [ RunTime:0.006425s ]
INFO: [ app_begin ] --START--
INFO: Run ReadHtmlCache Behavior [ RunTime:0.002876s ]
INFO: [ app_begin ] --END-- [ RunTime:0.003236s ]
INFO: [ view_template ] --START--
INFO: Run LocationTemplate Behavior [ RunTime:0.049785s ]
INFO: [ view_template ] --END-- [ RunTime:0.050201s ]
INFO: [ view_parse ] --START--
INFO: Run ParseTemplate Behavior [ RunTime:0.028929s ]
INFO: [ view_parse ] --END-- [ RunTime:0.029493s ]
INFO: [ view_filter ] --START--
INFO: Run ContentReplace Behavior [ RunTime:0.002566s ]
INFO: Run TokenBuild Behavior [ RunTime:0.002664s ]
INFO: Run WriteHtmlCache Behavior [ RunTime:0.002476s ]
INFO: Run ShowRuntime Behavior [ RunTime:0.003582s ]
INFO: [ view_filter ] --END-- [ RunTime:0.012578s ]
INFO: [ view_end ] --START--
INFO: Run ShowPageTrace Behavior [ RunTime:0.007177s ]
INFO: [ view_end ] --END-- [ RunTime:0.007541s ]

[ 2014-08-26T21:07:23+08:00 ] ERR: (ThinkException) 无法加载模块:loginprocess
[ 2014-08-26T21:07:46+08:00 ] 0.0.0.0 /gxlm/admin/Index/index
INFO: [ route_check ] --START--
INFO: Run CheckRoute Behavior [ RunTime:0.004345s ]
INFO: [ route_check ] --END-- [ RunTime:0.004707s ]
INFO: [ app_begin ] --START--
INFO: Run ReadHtmlCache Behavior [ RunTime:0.003057s ]
INFO: [ app_begin ] --END-- [ RunTime:0.003429s ]
INFO: [ view_template ] --START--
INFO: Run LocationTemplate Behavior [ RunTime:0.003804s ]
INFO: [ view_template ] --END-- [ RunTime:0.004210s ]
INFO: [ view_parse ] --START--
INFO: Run ParseTemplate Behavior [ RunTime:0.028546s ]
INFO: [ view_parse ] --END-- [ RunTime:0.028900s ]
INFO: [ view_filter ] --START--
INFO: Run ContentReplace Behavior [ RunTime:0.002177s ]
INFO: Run TokenBuild Behavior [ RunTime:0.002304s ]
INFO: Run WriteHtmlCache Behavior [ RunTime:0.001884s ]
INFO: Run ShowRuntime Behavior [ RunTime:0.002707s ]
INFO: [ view_filter ] --END-- [ RunTime:0.009997s ]
INFO: [ view_end ] --START--
INFO: Run ShowPageTrace Behavior [ RunTime:0.003315s ]
INFO: [ view_end ] --END-- [ RunTime:0.004100s ]

[ 2014-08-26T21:08:19+08:00 ] 0.0.0.0 /gxlm/admin/Index/loginprocess
INFO: [ route_check ] --START--
INFO: Run CheckRoute Behavior [ RunTime:0.003166s ]
INFO: [ route_check ] --END-- [ RunTime:0.003538s ]
INFO: [ app_begin ] --START--
INFO: Run ReadHtmlCache Behavior [ RunTime:0.002418s ]
INFO: [ app_begin ] --END-- [ RunTime:0.002768s ]
SQL: SHOW COLUMNS FROM `admin` [ RunTime:0.007460s ]
SQL: SELECT * FROM `admin` WHERE ( username='admin' ) LIMIT 1   [ RunTime:0.001265s ]
NOTIC: [8] Use of undefined constant pwd - assumed 'pwd' D:\wamp\www\gxlm\Home\Lib\Action\Admin\IndexAction.class.php 第 11 行.

[ 2014-08-26T21:08:20+08:00 ] 0.0.0.0 /gxlm/admin/Index/main?name=admin
INFO: [ route_check ] --START--
INFO: Run CheckRoute Behavior [ RunTime:0.003023s ]
INFO: [ route_check ] --END-- [ RunTime:0.003399s ]
INFO: [ app_begin ] --START--
INFO: Run ReadHtmlCache Behavior [ RunTime:0.003500s ]
INFO: [ app_begin ] --END-- [ RunTime:0.003891s ]
NOTIC: [8] Undefined index: username D:\wamp\www\gxlm\Home\Lib\Action\Admin\IndexAction.class.php 第 19 行.
SQL: SHOW COLUMNS FROM `jwsys` [ RunTime:0.059105s ]
SQL: SELECT * FROM `jwsys`  [ RunTime:0.001424s ]
INFO: [ view_template ] --START--
INFO: Run LocationTemplate Behavior [ RunTime:0.003898s ]
INFO: [ view_template ] --END-- [ RunTime:0.004243s ]
INFO: [ view_parse ] --START--
INFO: Run ParseTemplate Behavior [ RunTime:0.036766s ]
INFO: [ view_parse ] --END-- [ RunTime:0.037111s ]
INFO: [ view_filter ] --START--
INFO: Run ContentReplace Behavior [ RunTime:0.002166s ]
INFO: Run TokenBuild Behavior [ RunTime:0.002363s ]
INFO: Run WriteHtmlCache Behavior [ RunTime:0.001836s ]
INFO: Run ShowRuntime Behavior [ RunTime:0.002373s ]
INFO: [ view_filter ] --END-- [ RunTime:0.009906s ]
INFO: [ view_end ] --START--
INFO: Run ShowPageTrace Behavior [ RunTime:0.002632s ]
INFO: [ view_end ] --END-- [ RunTime:0.002946s ]

[ 2014-08-26T21:10:19+08:00 ] 0.0.0.0 /gxlm/admin/Jwsys/addschool
INFO: [ route_check ] --START--
INFO: Run CheckRoute Behavior [ RunTime:0.003713s ]
INFO: [ route_check ] --END-- [ RunTime:0.004096s ]
INFO: [ app_begin ] --START--
INFO: Run ReadHtmlCache Behavior [ RunTime:0.002729s ]
INFO: [ app_begin ] --END-- [ RunTime:0.003100s ]
SQL: SHOW COLUMNS FROM `school` [ RunTime:0.010753s ]
SQL: INSERT INTO `school` (`schoolname`,`url`,`sysno`) VALUES ('中国石油大学(北京)','http://202.204.193.215',2) [ RunTime:0.135791s ]
INFO: [ view_template ] --START--
INFO: Run LocationTemplate Behavior [ RunTime:0.002763s ]
INFO: [ view_template ] --END-- [ RunTime:0.003148s ]
INFO: [ view_parse ] --START--
INFO: Run ParseTemplate Behavior [ RunTime:0.026917s ]
INFO: [ view_parse ] --END-- [ RunTime:0.027272s ]
INFO: [ view_filter ] --START--
INFO: Run ContentReplace Behavior [ RunTime:0.002627s ]
INFO: Run TokenBuild Behavior [ RunTime:0.002222s ]
INFO: Run WriteHtmlCache Behavior [ RunTime:0.001918s ]
INFO: Run ShowRuntime Behavior [ RunTime:0.002610s ]
INFO: [ view_filter ] --END-- [ RunTime:0.010509s ]
INFO: [ view_end ] --START--
INFO: Run ShowPageTrace Behavior [ RunTime:0.002700s ]
INFO: [ view_end ] --END-- [ RunTime:0.003017s ]

[ 2014-08-26T21:10:21+08:00 ] 0.0.0.0 /gxlm/admin/Index/main?name=admin
INFO: [ route_check ] --START--
INFO: Run CheckRoute Behavior [ RunTime:0.003545s ]
INFO: [ route_check ] --END-- [ RunTime:0.004042s ]
INFO: [ app_begin ] --START--
INFO: Run ReadHtmlCache Behavior [ RunTime:0.002811s ]
INFO: [ app_begin ] --END-- [ RunTime:0.003184s ]
NOTIC: [8] Undefined index: username D:\wamp\www\gxlm\Home\Lib\Action\Admin\IndexAction.class.php 第 19 行.
SQL: SHOW COLUMNS FROM `jwsys` [ RunTime:0.008951s ]
SQL: SELECT * FROM `jwsys`  [ RunTime:0.001334s ]
INFO: [ view_template ] --START--
INFO: Run LocationTemplate Behavior [ RunTime:0.003678s ]
INFO: [ view_template ] --END-- [ RunTime:0.004020s ]
INFO: [ view_parse ] --START--
INFO: Run ParseTemplate Behavior [ RunTime:0.031012s ]
INFO: [ view_parse ] --END-- [ RunTime:0.031359s ]
INFO: [ view_filter ] --START--
INFO: Run ContentReplace Behavior [ RunTime:0.002159s ]
INFO: Run TokenBuild Behavior [ RunTime:0.002521s ]
INFO: Run WriteHtmlCache Behavior [ RunTime:0.001855s ]
INFO: Run ShowRuntime Behavior [ RunTime:0.002393s ]
INFO: [ view_filter ] --END-- [ RunTime:0.010262s ]
INFO: [ view_end ] --START--
INFO: Run ShowPageTrace Behavior [ RunTime:0.002661s ]
INFO: [ view_end ] --END-- [ RunTime:0.002972s ]

[ 2014-08-26T21:11:30+08:00 ] ERR: (ThinkException) 无法加载模块:reigister
[ 2014-08-26T21:11:36+08:00 ] ERR: (ThinkException) 无法加载模块:register
[ 2014-08-26T21:12:07+08:00 ] ERR: (ThinkException) 非法操作:Index
[ 2014-08-26T21:12:57+08:00 ] 0.0.0.0 /gxlm/Register/register
INFO: [ route_check ] --START--
INFO: Run CheckRoute Behavior [ RunTime:0.004026s ]
INFO: [ route_check ] --END-- [ RunTime:0.004399s ]
INFO: [ app_begin ] --START--
INFO: Run ReadHtmlCache Behavior [ RunTime:0.003901s ]
INFO: [ app_begin ] --END-- [ RunTime:0.004607s ]
NOTIC: [8] Undefined index: wxcount D:\wamp\www\gxlm\Home\Lib\Action\Home\RegisterAction.class.php 第 5 行.
SQL: SHOW COLUMNS FROM `school` [ RunTime:0.008867s ]
SQL: SELECT * FROM `school`  [ RunTime:0.001524s ]
INFO: [ view_template ] --START--
INFO: Run LocationTemplate Behavior [ RunTime:0.003841s ]
INFO: [ view_template ] --END-- [ RunTime:0.004387s ]
INFO: [ view_parse ] --START--
NOTIC: [8] Undefined index: wxcount D:\wamp\www\gxlm\Home\Runtime\Cache\Home\e298b7d7993821cf8df65b5f3797503a.php 第 94 行.
INFO: Run ParseTemplate Behavior [ RunTime:0.052744s ]
INFO: [ view_parse ] --END-- [ RunTime:0.053073s ]
INFO: [ view_filter ] --START--
INFO: Run ContentReplace Behavior [ RunTime:0.002214s ]
INFO: Run TokenBuild Behavior [ RunTime:0.002629s ]
INFO: Run WriteHtmlCache Behavior [ RunTime:0.002116s ]
INFO: Run ShowRuntime Behavior [ RunTime:0.002504s ]
INFO: [ view_filter ] --END-- [ RunTime:0.010356s ]
INFO: [ view_end ] --START--
INFO: Run ShowPageTrace Behavior [ RunTime:0.002639s ]
INFO: [ view_end ] --END-- [ RunTime:0.002952s ]

[ 2014-08-26T21:13:21+08:00 ] 0.0.0.0 /gxlm/Register/register?wxcount=112222222
INFO: [ route_check ] --START--
INFO: Run CheckRoute Behavior [ RunTime:0.002892s ]
INFO: [ route_check ] --END-- [ RunTime:0.003255s ]
INFO: [ app_begin ] --START--
INFO: Run ReadHtmlCache Behavior [ RunTime:0.002812s ]
INFO: [ app_begin ] --END-- [ RunTime:0.003185s ]
SQL: SHOW COLUMNS FROM `school` [ RunTime:0.008119s ]
SQL: SELECT * FROM `school`  [ RunTime:0.001435s ]
INFO: [ view_template ] --START--
INFO: Run LocationTemplate Behavior [ RunTime:0.003344s ]
INFO: [ view_template ] --END-- [ RunTime:0.003681s ]
INFO: [ view_parse ] --START--
INFO: Run ParseTemplate Behavior [ RunTime:0.032180s ]
INFO: [ view_parse ] --END-- [ RunTime:0.032543s ]
INFO: [ view_filter ] --START--
INFO: Run ContentReplace Behavior [ RunTime:0.002175s ]
INFO: Run TokenBuild Behavior [ RunTime:0.002461s ]
INFO: Run WriteHtmlCache Behavior [ RunTime:0.001980s ]
INFO: Run ShowRuntime Behavior [ RunTime:0.004024s ]
INFO: [ view_filter ] --END-- [ RunTime:0.011578s ]
INFO: [ view_end ] --START--
INFO: Run ShowPageTrace Behavior [ RunTime:0.003008s ]
INFO: [ view_end ] --END-- [ RunTime:0.003334s ]

[ 2014-08-26T21:14:18+08:00 ] 0.0.0.0 /gxlm/Register/Register/check_iscode
INFO: [ route_check ] --START--
INFO: Run CheckRoute Behavior [ RunTime:0.004219s ]
INFO: [ route_check ] --END-- [ RunTime:0.004615s ]
INFO: [ app_begin ] --START--
INFO: Run ReadHtmlCache Behavior [ RunTime:0.002989s ]
INFO: [ app_begin ] --END-- [ RunTime:0.003294s ]
NOTIC: [8] Undefined index: wxcount D:\wamp\www\gxlm\Home\Lib\Action\Home\RegisterAction.class.php 第 5 行.
SQL: SHOW COLUMNS FROM `school` [ RunTime:0.014872s ]
SQL: SELECT * FROM `school`  [ RunTime:0.004504s ]
INFO: [ view_template ] --START--
INFO: Run LocationTemplate Behavior [ RunTime:0.003709s ]
INFO: [ view_template ] --END-- [ RunTime:0.004033s ]
INFO: [ view_parse ] --START--
NOTIC: [8] Undefined index: wxcount D:\wamp\www\gxlm\Home\Runtime\Cache\Home\e298b7d7993821cf8df65b5f3797503a.php 第 94 行.
INFO: Run ParseTemplate Behavior [ RunTime:0.033844s ]
INFO: [ view_parse ] --END-- [ RunTime:0.034133s ]
INFO: [ view_filter ] --START--
INFO: Run ContentReplace Behavior [ RunTime:0.002276s ]
INFO: Run TokenBuild Behavior [ RunTime:0.002343s ]
INFO: Run WriteHtmlCache Behavior [ RunTime:0.001863s ]
INFO: Run ShowRuntime Behavior [ RunTime:0.002763s ]
INFO: [ view_filter ] --END-- [ RunTime:0.010059s ]
INFO: [ view_end ] --START--
INFO: Run ShowPageTrace Behavior [ RunTime:0.004297s ]
INFO: [ view_end ] --END-- [ RunTime:0.004577s ]

[ 2014-08-26T21:14:22+08:00 ] 0.0.0.0 /gxlm/Register/?m=Register&a=registerprocess
INFO: [ route_check ] --START--
INFO: Run CheckRoute Behavior [ RunTime:0.003564s ]
INFO: [ route_check ] --END-- [ RunTime:0.003965s ]
INFO: [ app_begin ] --START--
INFO: Run ReadHtmlCache Behavior [ RunTime:0.003432s ]
INFO: [ app_begin ] --END-- [ RunTime:0.004069s ]
NOTIC: [8] Undefined index: code D:\wamp\www\gxlm\Home\Lib\Action\Home\RegisterAction.class.php 第 18 行.
SQL: SHOW COLUMNS FROM `studentinfo` [ RunTime:0.008069s ]
SQL: SHOW COLUMNS FROM `school` [ RunTime:0.008307s ]
SQL: SELECT * FROM `school` WHERE ( schoolno=15 ) LIMIT 1   [ RunTime:0.001284s ]
SQL: SHOW COLUMNS FROM `jwsys` [ RunTime:0.007834s ]
SQL: SELECT * FROM `jwsys` WHERE ( sysno=2 ) LIMIT 1   [ RunTime:0.001215s ]
NOTIC: [8] Use of undefined constant Action - assumed 'Action' D:\wamp\www\gxlm\Home\Lib\Action\Home\RegisterAction.class.php 第 38 行.
SQL: SHOW COLUMNS FROM `school` [ RunTime:0.007772s ]
SQL: SELECT * FROM `school` WHERE ( schoolno=15 )  [ RunTime:0.001256s ]
NOTIC: [8] Use of undefined constant url - assumed 'url' D:\wamp\www\gxlm\Home\Lib\Action\Home\Urp_nocodeAction.class.php 第 17 行.
NOTIC: [8] Undefined variable: cookies D:\wamp\www\gxlm\ThinkPHP\Extend\Library\ORG\My\Fetchurl.class.php 第 44 行.

[ 2014-08-26T21:14:23+08:00 ] 0.0.0.0 /gxlm/Register/?m=Register&a=registerprocess
SQL: INSERT INTO `studentinfo` (`wxcount`,`scount`,`pwd`,`schoolno`,`nickname`) VALUES ('112222222','2012010330','300719',15,'11111111') [ RunTime:0.169652s ]
INFO: [ view_template ] --START--
INFO: Run LocationTemplate Behavior [ RunTime:0.006279s ]
INFO: [ view_template ] --END-- [ RunTime:0.006919s ]
INFO: [ view_parse ] --START--
INFO: Run ParseTemplate Behavior [ RunTime:0.033444s ]
INFO: [ view_parse ] --END-- [ RunTime:0.033952s ]
INFO: [ view_filter ] --START--
INFO: Run ContentReplace Behavior [ RunTime:0.002694s ]
INFO: Run TokenBuild Behavior [ RunTime:0.003033s ]
INFO: Run WriteHtmlCache Behavior [ RunTime:0.001867s ]
INFO: Run ShowRuntime Behavior [ RunTime:0.002396s ]
INFO: [ view_filter ] --END-- [ RunTime:0.011303s ]
INFO: [ view_end ] --START--
INFO: Run ShowPageTrace Behavior [ RunTime:0.002931s ]
INFO: [ view_end ] --END-- [ RunTime:0.003243s ]

[ 2014-08-26T21:17:06+08:00 ] 0.0.0.0 /gxlm/Index/index
INFO: [ route_check ] --START--
INFO: Run CheckRoute Behavior [ RunTime:0.003390s ]
INFO: [ route_check ] --END-- [ RunTime:0.003766s ]
INFO: [ app_begin ] --START--
INFO: Run ReadHtmlCache Behavior [ RunTime:0.002439s ]
INFO: [ app_begin ] --END-- [ RunTime:0.002807s ]
SQL: SHOW COLUMNS FROM `studentinfo` [ RunTime:0.017716s ]
SQL: SELECT * FROM `studentinfo` WHERE ( wxcount='o-CsGuPRWmejitXUXzfUBzntg77E1' ) LIMIT 1   [ RunTime:0.002747s ]
SQL: SHOW COLUMNS FROM `school` [ RunTime:0.012473s ]
SQL: SELECT * FROM `school` WHERE ( schoolno=15 ) LIMIT 1   [ RunTime:0.001175s ]
SQL: SHOW COLUMNS FROM `jwsys` [ RunTime:0.015513s ]
SQL: SELECT * FROM `jwsys` WHERE ( sysno=2 ) LIMIT 1   [ RunTime:0.001172s ]
NOTIC: [8] Use of undefined constant Action - assumed 'Action' D:\wamp\www\gxlm\Home\Lib\Action\Home\CheckschoolAction.class.php 第 15 行.
SQL: SHOW COLUMNS FROM `school` [ RunTime:0.007808s ]
SQL: SELECT * FROM `school` WHERE ( schoolno=15 )  [ RunTime:0.001245s ]
NOTIC: [8] Use of undefined constant url - assumed 'url' D:\wamp\www\gxlm\Home\Lib\Action\Home\Urp_nocodeAction.class.php 第 17 行.
SQL: SHOW COLUMNS FROM `bysj0_course` [ RunTime:0.006410s ]
ERR: Table 'gxlm.bysj0_course' doesn't exist
 [ SQL语句 ] : SHOW COLUMNS FROM `bysj0_course`
SQL: SELECT * FROM `bysj0_course` WHERE ( scount='2012010330' )  [ RunTime:0.001923s ]
ERR: Table 'gxlm.bysj0_course' doesn't exist
 [ SQL语句 ] : SELECT * FROM `bysj0_course` WHERE ( scount='2012010330' ) 
NOTIC: [8] Undefined variable: cookies D:\wamp\www\gxlm\ThinkPHP\Extend\Library\ORG\My\Fetchurl.class.php 第 44 行.
SQL: INSERT INTO `bysj0_course` (`scount`,`course`,`chengji`) VALUES ('2012010330','普通地质学','86.0') [ RunTime:0.002186s ]
ERR: Table 'gxlm.bysj0_course' doesn't exist
 [ SQL语句 ] : INSERT INTO `bysj0_course` (`scount`,`course`,`chengji`) VALUES ('2012010330','普通地质学','86.0')
NOTIC: [8] Undefined variable: nav D:\wamp\www\gxlm\Home\Lib\Action\Home\Urp_nocodeAction.class.php 第 47 行.
SQL: INSERT INTO `bysj0_course` (`scount`,`course`,`chengji`) VALUES ('2012010330','地质实习','93.0') [ RunTime:0.002178s ]
ERR: Table 'gxlm.bysj0_course' doesn't exist
 [ SQL语句 ] : INSERT INTO `bysj0_course` (`scount`,`course`,`chengji`) VALUES ('2012010330','地质实习','93.0')
SQL: INSERT INTO `bysj0_course` (`scount`,`course`,`chengji`) VALUES ('2012010330','油层物理','93.0') [ RunTime:0.002785s ]
ERR: Table 'gxlm.bysj0_course' doesn't exist
 [ SQL语句 ] : INSERT INTO `bysj0_course` (`scount`,`course`,`chengji`) VALUES ('2012010330','油层物理','93.0')
SQL: INSERT INTO `bysj0_course` (`scount`,`course`,`chengji`) VALUES ('2012010330','流体力学（双语）','92.0') [ RunTime:0.002174s ]
ERR: Table 'gxlm.bysj0_course' doesn't exist
 [ SQL语句 ] : INSERT INTO `bysj0_course` (`scount`,`course`,`chengji`) VALUES ('2012010330','流体力学（双语）','92.0')
SQL: INSERT INTO `bysj0_course` (`scount`,`course`,`chengji`) VALUES ('2012010330','计算机辅助绘图','优秀') [ RunTime:0.001372s ]
ERR: Table 'gxlm.bysj0_course' doesn't exist
 [ SQL语句 ] : INSERT INTO `bysj0_course` (`scount`,`course`,`chengji`) VALUES ('2012010330','计算机辅助绘图','优秀')
SQL: INSERT INTO `bysj0_course` (`scount`,`course`,`chengji`) VALUES ('2012010330','机械制图','79.0') [ RunTime:0.001343s ]
ERR: Table 'gxlm.bysj0_course' doesn't exist
 [ SQL语句 ] : INSERT INTO `bysj0_course` (`scount`,`course`,`chengji`) VALUES ('2012010330','机械制图','79.0')
SQL: INSERT INTO `bysj0_course` (`scount`,`course`,`chengji`) VALUES ('2012010330','工程力学（双语）','82.0') [ RunTime:0.001356s ]
ERR: Table 'gxlm.bysj0_course' doesn't exist
 [ SQL语句 ] : INSERT INTO `bysj0_course` (`scount`,`course`,`chengji`) VALUES ('2012010330','工程力学（双语）','82.0')
SQL: INSERT INTO `bysj0_course` (`scount`,`course`,`chengji`) VALUES ('2012010330','大学计算机基础','94.0') [ RunTime:0.001381s ]
ERR: Table 'gxlm.bysj0_course' doesn't exist
 [ SQL语句 ] : INSERT INTO `bysj0_course` (`scount`,`course`,`chengji`) VALUES ('2012010330','大学计算机基础','94.0')
SQL: INSERT INTO `bysj0_course` (`scount`,`course`,`chengji`) VALUES ('2012010330','大学计算机基础实践','100.0') [ RunTime:0.001372s ]
ERR: Table 'gxlm.bysj0_course' doesn't exist
 [ SQL语句 ] : INSERT INTO `bysj0_course` (`scount`,`course`,`chengji`) VALUES ('2012010330','大学计算机基础实践','100.0')
SQL: INSERT INTO `bysj0_course` (`scount`,`course`,`chengji`) VALUES ('2012010330','高等数学（Ⅰ）','93.0') [ RunTime:0.001382s ]
ERR: Table 'gxlm.bysj0_course' doesn't exist
 [ SQL语句 ] : INSERT INTO `bysj0_course` (`scount`,`course`,`chengji`) VALUES ('2012010330','高等数学（Ⅰ）','93.0')
SQL: INSERT INTO `bysj0_course` (`scount`,`course`,`chengji`) VALUES ('2012010330','高等数学（Ⅱ）','82.0') [ RunTime:0.001348s ]
ERR: Table 'gxlm.bysj0_course' doesn't exist
 [ SQL语句 ] : INSERT INTO `bysj0_course` (`scount`,`course`,`chengji`) VALUES ('2012010330','高等数学（Ⅱ）','82.0')
SQL: INSERT INTO `bysj0_course` (`scount`,`course`,`chengji`) VALUES ('2012010330','线性代数','93.0') [ RunTime:0.001345s ]
ERR: Table 'gxlm.bysj0_course' doesn't exist
 [ SQL语句 ] : INSERT INTO `bysj0_course` (`scount`,`course`,`chengji`) VALUES ('2012010330','线性代数','93.0')
SQL: INSERT INTO `bysj0_course` (`scount`,`course`,`chengji`) VALUES ('2012010330','概率统计基础','95.0') [ RunTime:0.001406s ]
ERR: Table 'gxlm.bysj0_course' doesn't exist
 [ SQL语句 ] : INSERT INTO `bysj0_course` (`scount`,`course`,`chengji`) VALUES ('2012010330','概率统计基础','95.0')
SQL: INSERT INTO `bysj0_course` (`scount`,`course`,`chengji`) VALUES ('2012010330','大学化学（Ⅰ）','82.0') [ RunTime:0.001339s ]
ERR: Table 'gxlm.bysj0_course' doesn't exist
 [ SQL语句 ] : INSERT INTO `bysj0_course` (`scount`,`course`,`chengji`) VALUES ('2012010330','大学化学（Ⅰ）','82.0')
SQL: INSERT INTO `bysj0_course` (`scount`,`course`,`chengji`) VALUES ('2012010330','大学物理（Ⅰ）','93.0') [ RunTime:0.001378s ]
ERR: Table 'gxlm.bysj0_course' doesn't exist
 [ SQL语句 ] : INSERT INTO `bysj0_course` (`scount`,`course`,`chengji`) VALUES ('2012010330','大学物理（Ⅰ）','93.0')
SQL: INSERT INTO `bysj0_course` (`scount`,`course`,`chengji`) VALUES ('2012010330','大学物理（Ⅱ）','93.0') [ RunTime:0.001433s ]
ERR: Table 'gxlm.bysj0_course' doesn't exist
 [ SQL语句 ] : INSERT INTO `bysj0_course` (`scount`,`course`,`chengji`) VALUES ('2012010330','大学物理（Ⅱ）','93.0')
SQL: INSERT INTO `bysj0_course` (`scount`,`course`,`chengji`) VALUES ('2012010330','大学物理实验（Ⅰ）','85.0') [ RunTime:0.001352s ]
ERR: Table 'gxlm.bysj0_course' doesn't exist
 [ SQL语句 ] : INSERT INTO `bysj0_course` (`scount`,`course`,`chengji`) VALUES ('2012010330','大学物理实验（Ⅰ）','85.0')
SQL: INSERT INTO `bysj0_course` (`scount`,`course`,`chengji`) VALUES ('2012010330','大学物理实验（Ⅱ）','85.0') [ RunTime:0.001410s ]
ERR: Table 'gxlm.bysj0_course' doesn't exist
 [ SQL语句 ] : INSERT INTO `bysj0_course` (`scount`,`course`,`chengji`) VALUES ('2012010330','大学物理实验（Ⅱ）','85.0')
SQL: INSERT INTO `bysj0_course` (`scount`,`course`,`chengji`) VALUES ('2012010330','思想道德修养与法律基础','90.0') [ RunTime:0.001426s ]
ERR: Table 'gxlm.bysj0_course' doesn't exist
 [ SQL语句 ] : INSERT INTO `bysj0_course` (`scount`,`course`,`chengji`) VALUES ('2012010330','思想道德修养与法律基础','90.0')
SQL: INSERT INTO `bysj0_course` (`scount`,`course`,`chengji`) VALUES ('2012010330','马克思主义基本原理概论','94.0') [ RunTime:0.001304s ]
ERR: Table 'gxlm.bysj0_course' doesn't exist
 [ SQL语句 ] : INSERT INTO `bysj0_course` (`scount`,`course`,`chengji`) VALUES ('2012010330','马克思主义基本原理概论','94.0')
SQL: INSERT INTO `bysj0_course` (`scount`,`course`,`chengji`) VALUES ('2012010330','毛泽东思想和中国特色社会主义理论体系概论（Ⅱ）','84.0') [ RunTime:0.001386s ]
ERR: Table 'gxlm.bysj0_course' doesn't exist
 [ SQL语句 ] : INSERT INTO `bysj0_course` (`scount`,`course`,`chengji`) VALUES ('2012010330','毛泽东思想和中国特色社会主义理论体系概论（Ⅱ）','84.0')
SQL: INSERT INTO `bysj0_course` (`scount`,`course`,`chengji`) VALUES ('2012010330','毛泽东思想和中国特色社会主义理论体系概论（Ⅰ）','87.0') [ RunTime:0.001349s ]
ERR: Table 'gxlm.bysj0_course' doesn't exist
 [ SQL语句 ] : INSERT INTO `bysj0_course` (`scount`,`course`,`chengji`) VALUES ('2012010330','毛泽东思想和中国特色社会主义理论体系概论（Ⅰ）','87.0')
SQL: INSERT INTO `bysj0_course` (`scount`,`course`,`chengji`) VALUES ('2012010330','中国近现代史纲要','88.0') [ RunTime:0.001519s ]
ERR: Table 'gxlm.bysj0_course' doesn't exist
 [ SQL语句 ] : INSERT INTO `bysj0_course` (`scount`,`course`,`chengji`) VALUES ('2012010330','中国近现代史纲要','88.0')
SQL: INSERT INTO `bysj0_course` (`scount`,`course`,`chengji`) VALUES ('2012010330','思想道德修养课社会实践','通过') [ RunTime:0.001310s ]
ERR: Table 'gxlm.bysj0_course' doesn't exist
 [ SQL语句 ] : INSERT INTO `bysj0_course` (`scount`,`course`,`chengji`) VALUES ('2012010330','思想道德修养课社会实践','通过')
SQL: INSERT INTO `bysj0_course` (`scount`,`course`,`chengji`) VALUES ('2012010330','马克思主义理论课社会实践','通过') [ RunTime:0.001379s ]
ERR: Table 'gxlm.bysj0_course' doesn't exist
 [ SQL语句 ] : INSERT INTO `bysj0_course` (`scount`,`course`,`chengji`) VALUES ('2012010330','马克思主义理论课社会实践','通过')
SQL: INSERT INTO `bysj0_course` (`scount`,`course`,`chengji`) VALUES ('2012010330','形势与政策教育（一）','通过') [ RunTime:0.001368s ]
ERR: Table 'gxlm.bysj0_course' doesn't exist
 [ SQL语句 ] : INSERT INTO `bysj0_course` (`scount`,`course`,`chengji`) VALUES ('2012010330','形势与政策教育（一）','通过')
SQL: INSERT INTO `bysj0_course` (`scount`,`course`,`chengji`) VALUES ('2012010330','大学英语（Ⅰ）','75.0') [ RunTime:0.001525s ]
ERR: Table 'gxlm.bysj0_course' doesn't exist
 [ SQL语句 ] : INSERT INTO `bysj0_course` (`scount`,`course`,`chengji`) VALUES ('2012010330','大学英语（Ⅰ）','75.0')
SQL: INSERT INTO `bysj0_course` (`scount`,`course`,`chengji`) VALUES ('2012010330','大学英语（Ⅱ）','76.0') [ RunTime:0.001794s ]
ERR: Table 'gxlm.bysj0_course' doesn't exist
 [ SQL语句 ] : INSERT INTO `bysj0_course` (`scount`,`course`,`chengji`) VALUES ('2012010330','大学英语（Ⅱ）','76.0')
SQL: INSERT INTO `bysj0_course` (`scount`,`course`,`chengji`) VALUES ('2012010330','大学英语（Ⅲ）','64.0') [ RunTime:0.001397s ]
ERR: Table 'gxlm.bysj0_course' doesn't exist
 [ SQL语句 ] : INSERT INTO `bysj0_course` (`scount`,`course`,`chengji`) VALUES ('2012010330','大学英语（Ⅲ）','64.0')
SQL: INSERT INTO `bysj0_course` (`scount`,`course`,`chengji`) VALUES ('2012010330','大学体育Ⅰ(必修项目)','64.0') [ RunTime:0.001383s ]
ERR: Table 'gxlm.bysj0_course' doesn't exist
 [ SQL语句 ] : INSERT INTO `bysj0_course` (`scount`,`course`,`chengji`) VALUES ('2012010330','大学体育Ⅰ(必修项目)','64.0')
SQL: INSERT INTO `bysj0_course` (`scount`,`course`,`chengji`) VALUES ('2012010330','大学体育Ⅱ(必修项目)','92.0') [ RunTime:0.001351s ]
ERR: Table 'gxlm.bysj0_course' doesn't exist
 [ SQL语句 ] : INSERT INTO `bysj0_course` (`scount`,`course`,`chengji`) VALUES ('2012010330','大学体育Ⅱ(必修项目)','92.0')
SQL: INSERT INTO `bysj0_course` (`scount`,`course`,`chengji`) VALUES ('2012010330','大学体育Ⅲ（必修项目）','88.0') [ RunTime:0.001419s ]
ERR: Table 'gxlm.bysj0_course' doesn't exist
 [ SQL语句 ] : INSERT INTO `bysj0_course` (`scount`,`course`,`chengji`) VALUES ('2012010330','大学体育Ⅲ（必修项目）','88.0')
SQL: INSERT INTO `bysj0_course` (`scount`,`course`,`chengji`) VALUES ('2012010330','军事训练（Ⅰ）','93.2') [ RunTime:0.001357s ]
ERR: Table 'gxlm.bysj0_course' doesn't exist
 [ SQL语句 ] : INSERT INTO `bysj0_course` (`scount`,`course`,`chengji`) VALUES ('2012010330','军事训练（Ⅰ）','93.2')
SQL: INSERT INTO `bysj0_course` (`scount`,`course`,`chengji`) VALUES ('2012010330','军事训练（Ⅱ）','通过') [ RunTime:0.001349s ]
ERR: Table 'gxlm.bysj0_course' doesn't exist
 [ SQL语句 ] : INSERT INTO `bysj0_course` (`scount`,`course`,`chengji`) VALUES ('2012010330','军事训练（Ⅱ）','通过')
SQL: INSERT INTO `bysj0_course` (`scount`,`course`,`chengji`) VALUES ('2012010330','入学教育与安全教育','98.0') [ RunTime:0.001379s ]
ERR: Table 'gxlm.bysj0_course' doesn't exist
 [ SQL语句 ] : INSERT INTO `bysj0_course` (`scount`,`course`,`chengji`) VALUES ('2012010330','入学教育与安全教育','98.0')
SQL: INSERT INTO `bysj0_course` (`scount`,`course`,`chengji`) VALUES ('2012010330','国际石油经济学','60.0') [ RunTime:0.001356s ]
ERR: Table 'gxlm.bysj0_course' doesn't exist
 [ SQL语句 ] : INSERT INTO `bysj0_course` (`scount`,`course`,`chengji`) VALUES ('2012010330','国际石油经济学','60.0')
SQL: INSERT INTO `bysj0_course` (`scount`,`course`,`chengji`) VALUES ('2012010330','口才训练','91.0') [ RunTime:0.001429s ]
ERR: Table 'gxlm.bysj0_course' doesn't exist
 [ SQL语句 ] : INSERT INTO `bysj0_course` (`scount`,`course`,`chengji`) VALUES ('2012010330','口才训练','91.0')
SQL: INSERT INTO `bysj0_course` (`scount`,`course`,`chengji`) VALUES ('2012010330','石油工程测控基础','94.0') [ RunTime:0.001378s ]
ERR: Table 'gxlm.bysj0_course' doesn't exist
 [ SQL语句 ] : INSERT INTO `bysj0_course` (`scount`,`course`,`chengji`) VALUES ('2012010330','石油工程测控基础','94.0')
SQL: INSERT INTO `bysj0_course` (`scount`,`course`,`chengji`) VALUES ('2012010330','海洋法','88.0') [ RunTime:0.001340s ]
ERR: Table 'gxlm.bysj0_course' doesn't exist
 [ SQL语句 ] : INSERT INTO `bysj0_course` (`scount`,`course`,`chengji`) VALUES ('2012010330','海洋法','88.0')
SQL: INSERT INTO `bysj0_course` (`scount`,`course`,`chengji`) VALUES ('2012010330','世界海洋石油发展史','82.0') [ RunTime:0.001364s ]
ERR: Table 'gxlm.bysj0_course' doesn't exist
 [ SQL语句 ] : INSERT INTO `bysj0_course` (`scount`,`course`,`chengji`) VALUES ('2012010330','世界海洋石油发展史','82.0')
SQL: INSERT INTO `bysj0_course` (`scount`,`course`,`chengji`) VALUES ('2012010330','C语言程序设计','93.0') [ RunTime:0.001372s ]
ERR: Table 'gxlm.bysj0_course' doesn't exist
 [ SQL语句 ] : INSERT INTO `bysj0_course` (`scount`,`course`,`chengji`) VALUES ('2012010330','C语言程序设计','93.0')
SQL: INSERT INTO `bysj0_course` (`scount`,`course`,`chengji`) VALUES ('2012010330','西方哲学思潮','84.0') [ RunTime:0.001561s ]
ERR: Table 'gxlm.bysj0_course' doesn't exist
 [ SQL语句 ] : INSERT INTO `bysj0_course` (`scount`,`course`,`chengji`) VALUES ('2012010330','西方哲学思潮','84.0')
SQL: INSERT INTO `bysj0_course` (`scount`,`course`,`chengji`) VALUES ('2012010330','大学生心理素质调试','通过') [ RunTime:0.001418s ]
ERR: Table 'gxlm.bysj0_course' doesn't exist
 [ SQL语句 ] : INSERT INTO `bysj0_course` (`scount`,`course`,`chengji`) VALUES ('2012010330','大学生心理素质调试','通过')
SQL: INSERT INTO `bysj0_course` (`scount`,`course`,`chengji`) VALUES ('2012010330','机械设计基础','77.0') [ RunTime:0.001339s ]
ERR: Table 'gxlm.bysj0_course' doesn't exist
 [ SQL语句 ] : INSERT INTO `bysj0_course` (`scount`,`course`,`chengji`) VALUES ('2012010330','机械设计基础','77.0')
SQL: INSERT INTO `bysj0_course` (`scount`,`course`,`chengji`) VALUES ('2012010330','物理技术与实践　','84.0') [ RunTime:0.001357s ]
ERR: Table 'gxlm.bysj0_course' doesn't exist
 [ SQL语句 ] : INSERT INTO `bysj0_course` (`scount`,`course`,`chengji`) VALUES ('2012010330','物理技术与实践　','84.0')
INFO: [ view_template ] --START--
INFO: Run LocationTemplate Behavior [ RunTime:0.003632s ]
INFO: [ view_template ] --END-- [ RunTime:0.004014s ]
INFO: [ view_parse ] --START--
INFO: Run ParseTemplate Behavior [ RunTime:0.031469s ]
INFO: [ view_parse ] --END-- [ RunTime:0.031868s ]
INFO: [ view_filter ] --START--
INFO: Run ContentReplace Behavior [ RunTime:0.002388s ]
INFO: Run TokenBuild Behavior [ RunTime:0.002182s ]
INFO: Run WriteHtmlCache Behavior [ RunTime:0.001720s ]
INFO: Run ShowRuntime Behavior [ RunTime:0.002366s ]
INFO: [ view_filter ] --END-- [ RunTime:0.009579s ]
INFO: [ view_end ] --START--
INFO: Run ShowPageTrace Behavior [ RunTime:0.002607s ]
INFO: [ view_end ] --END-- [ RunTime:0.002928s ]

[ 2014-08-26T21:17:52+08:00 ] 0.0.0.0 /gxlm/Index/index
INFO: [ route_check ] --START--
INFO: Run CheckRoute Behavior [ RunTime:0.002889s ]
INFO: [ route_check ] --END-- [ RunTime:0.003249s ]
INFO: [ app_begin ] --START--
INFO: Run ReadHtmlCache Behavior [ RunTime:0.002512s ]
INFO: [ app_begin ] --END-- [ RunTime:0.002877s ]
SQL: SHOW COLUMNS FROM `studentinfo` [ RunTime:0.013007s ]
SQL: SELECT * FROM `studentinfo` WHERE ( wxcount='o-CsGuPRWmejitXUXzfUBzntg77E1' ) LIMIT 1   [ RunTime:0.002348s ]
SQL: SHOW COLUMNS FROM `school` [ RunTime:0.012608s ]
SQL: SELECT * FROM `school` WHERE ( schoolno=15 ) LIMIT 1   [ RunTime:0.001980s ]
SQL: SHOW COLUMNS FROM `jwsys` [ RunTime:0.007516s ]
SQL: SELECT * FROM `jwsys` WHERE ( sysno=2 ) LIMIT 1   [ RunTime:0.001254s ]
NOTIC: [8] Use of undefined constant Action - assumed 'Action' D:\wamp\www\gxlm\Home\Lib\Action\Home\CheckschoolAction.class.php 第 15 行.
SQL: SHOW COLUMNS FROM `school` [ RunTime:0.007409s ]
SQL: SELECT * FROM `school` WHERE ( schoolno=15 )  [ RunTime:0.001226s ]
NOTIC: [8] Use of undefined constant url - assumed 'url' D:\wamp\www\gxlm\Home\Lib\Action\Home\Urp_nocodeAction.class.php 第 17 行.
SQL: SHOW COLUMNS FROM `bysj_course` [ RunTime:0.008417s ]
SQL: SELECT * FROM `bysj_course` WHERE ( scount='2012010330' )  [ RunTime:0.034268s ]
NOTIC: [8] Undefined offset: 2 D:\wamp\www\gxlm\Home\Lib\Action\Home\Urp_nocodeAction.class.php 第 76 行.
INFO: [ view_template ] --START--
INFO: Run LocationTemplate Behavior [ RunTime:0.006326s ]
INFO: [ view_template ] --END-- [ RunTime:0.006968s ]
INFO: [ view_parse ] --START--
INFO: Run ParseTemplate Behavior [ RunTime:0.036560s ]
INFO: [ view_parse ] --END-- [ RunTime:0.037036s ]
INFO: [ view_filter ] --START--
INFO: Run ContentReplace Behavior [ RunTime:0.002026s ]
INFO: Run TokenBuild Behavior [ RunTime:0.002128s ]
INFO: Run WriteHtmlCache Behavior [ RunTime:0.001810s ]
INFO: Run ShowRuntime Behavior [ RunTime:0.002717s ]
INFO: [ view_filter ] --END-- [ RunTime:0.009611s ]
INFO: [ view_end ] --START--
INFO: Run ShowPageTrace Behavior [ RunTime:0.002683s ]
INFO: [ view_end ] --END-- [ RunTime:0.003005s ]

