[ 2014-05-05T18:47:44+08:00 ] 127.0.0.1 /gxlm/?m=Bifen&a=bifen
INFO: [ app_begin ] --START--
INFO: Run ReadHtmlCache Behavior [ RunTime:0.003182s ]
INFO: [ app_begin ] --END-- [ RunTime:0.003512s ]
SQL: SHOW COLUMNS FROM `bg0_course` [ RunTime:0.015573s ]
SQL: SELECT * FROM `bg0_course` WHERE ( `id` = 0 )  [ RunTime:0.008588s ]

[ 2014-05-05T19:57:43+08:00 ] 127.0.0.1 /gxlm/?m=Index&a=index
INFO: [ app_begin ] --START--
INFO: Run ReadHtmlCache Behavior [ RunTime:0.001681s ]
INFO: [ app_begin ] --END-- [ RunTime:0.001998s ]
SQL: SHOW COLUMNS FROM `studentinfo` [ RunTime:0.004298s ]
SQL: SELECT * FROM `studentinfo` WHERE ( wxcount='o-CsGuPRWmejitXUXzfUBzntg77E' ) LIMIT 1   [ RunTime:0.001079s ]
INFO: [ view_template ] --START--
INFO: Run LocationTemplate Behavior [ RunTime:0.004384s ]
INFO: [ view_template ] --END-- [ RunTime:0.004676s ]
INFO: [ view_parse ] --START--
INFO: Run ParseTemplate Behavior [ RunTime:0.024024s ]
INFO: [ view_parse ] --END-- [ RunTime:0.024393s ]
INFO: [ view_filter ] --START--
INFO: Run ContentReplace Behavior [ RunTime:0.002925s ]
INFO: Run TokenBuild Behavior [ RunTime:0.001086s ]
INFO: Run WriteHtmlCache Behavior [ RunTime:0.003233s ]
INFO: Run ShowRuntime Behavior [ RunTime:0.001361s ]
INFO: [ view_filter ] --END-- [ RunTime:0.009337s ]
INFO: [ view_end ] --START--
INFO: Run ShowPageTrace Behavior [ RunTime:0.003638s ]
INFO: [ view_end ] --END-- [ RunTime:0.003898s ]

[ 2014-05-05T19:57:53+08:00 ] 127.0.0.1 /gxlm/?m=Index&a=index
INFO: [ app_begin ] --START--
INFO: Run ReadHtmlCache Behavior [ RunTime:0.001939s ]
INFO: [ app_begin ] --END-- [ RunTime:0.002676s ]
SQL: SHOW COLUMNS FROM `studentinfo` [ RunTime:0.005168s ]
SQL: SELECT * FROM `studentinfo` WHERE ( wxcount='o-CsGuPRWmejitXUXzfUBzntg77E' ) LIMIT 1   [ RunTime:0.000840s ]
INFO: [ view_template ] --START--
INFO: Run LocationTemplate Behavior [ RunTime:0.004589s ]
INFO: [ view_template ] --END-- [ RunTime:0.004915s ]
INFO: [ view_parse ] --START--
INFO: Run ParseTemplate Behavior [ RunTime:0.023562s ]
INFO: [ view_parse ] --END-- [ RunTime:0.023846s ]
INFO: [ view_filter ] --START--
INFO: Run ContentReplace Behavior [ RunTime:0.003009s ]
INFO: Run TokenBuild Behavior [ RunTime:0.001302s ]
INFO: Run WriteHtmlCache Behavior [ RunTime:0.002664s ]
INFO: Run ShowRuntime Behavior [ RunTime:0.001574s ]
INFO: [ view_filter ] --END-- [ RunTime:0.009298s ]
INFO: [ view_end ] --START--
INFO: Run ShowPageTrace Behavior [ RunTime:0.004351s ]
INFO: [ view_end ] --END-- [ RunTime:0.004620s ]

[ 2014-05-05T19:59:07+08:00 ] 127.0.0.1 /gxlm/?m=Register&a=register&wxcount=o-CsGuPRWmejitXUXzfUBzntg77E
INFO: [ app_begin ] --START--
INFO: Run ReadHtmlCache Behavior [ RunTime:0.003575s ]
INFO: [ app_begin ] --END-- [ RunTime:0.003891s ]
SQL: SHOW COLUMNS FROM `schoolinfo` [ RunTime:0.018323s ]
SQL: SELECT * FROM `schoolinfo`  [ RunTime:0.000741s ]
INFO: [ view_template ] --START--
INFO: Run LocationTemplate Behavior [ RunTime:0.008492s ]
INFO: [ view_template ] --END-- [ RunTime:0.008778s ]
INFO: [ view_parse ] --START--
INFO: Run ParseTemplate Behavior [ RunTime:0.056701s ]
INFO: [ view_parse ] --END-- [ RunTime:0.057071s ]
INFO: [ view_filter ] --START--
INFO: Run ContentReplace Behavior [ RunTime:0.005387s ]
INFO: Run TokenBuild Behavior [ RunTime:0.002370s ]
INFO: Run WriteHtmlCache Behavior [ RunTime:0.003317s ]
INFO: Run ShowRuntime Behavior [ RunTime:0.002602s ]
INFO: [ view_filter ] --END-- [ RunTime:0.014425s ]
INFO: [ view_end ] --START--
INFO: Run ShowPageTrace Behavior [ RunTime:0.008314s ]
INFO: [ view_end ] --END-- [ RunTime:0.008566s ]

[ 2014-05-05T19:59:39+08:00 ] 127.0.0.1 /gxlm/?m=Register&a=registerprocess
INFO: [ app_begin ] --START--
INFO: Run ReadHtmlCache Behavior [ RunTime:0.003065s ]
INFO: [ app_begin ] --END-- [ RunTime:0.003447s ]
SQL: SHOW COLUMNS FROM `studentinfo` [ RunTime:0.020418s ]
SQL: SHOW COLUMNS FROM `schoolinfo` [ RunTime:0.005834s ]
SQL: SELECT * FROM `schoolinfo` WHERE ( schoolno=3 )  [ RunTime:0.000605s ]
NOTIC: [8] Use of undefined constant url - assumed 'url' D:\wamp\www\gxlm\Home\Lib\Action\BgAction.class.php 第 17 行.
NOTIC: [8] Undefined variable: cookies D:\wamp\www\gxlm\ThinkPHP\Extend\Library\ORG\My\Fetchurl.class.php 第 43 行.

[ 2014-05-05T19:59:39+08:00 ] 127.0.0.1 /gxlm/?m=Register&a=registerprocess
SQL: INSERT INTO `studentinfo` (`wxcount`,`scount`,`pwd`,`schoolno`,`nickname`) VALUES ('o-CsGuPRWmejitXUXzfUBzntg77E','12142121','19931112',3,'545454') [ RunTime:0.040907s ]
INFO: [ view_template ] --START--
INFO: Run LocationTemplate Behavior [ RunTime:0.014892s ]
INFO: [ view_template ] --END-- [ RunTime:0.015178s ]
INFO: [ view_parse ] --START--
INFO: Run ParseTemplate Behavior [ RunTime:0.030457s ]
INFO: [ view_parse ] --END-- [ RunTime:0.030747s ]
INFO: [ view_filter ] --START--
INFO: Run ContentReplace Behavior [ RunTime:0.002316s ]
INFO: Run TokenBuild Behavior [ RunTime:0.003006s ]
INFO: Run WriteHtmlCache Behavior [ RunTime:0.002531s ]
INFO: Run ShowRuntime Behavior [ RunTime:0.002878s ]
INFO: [ view_filter ] --END-- [ RunTime:0.011594s ]
INFO: [ view_end ] --START--
INFO: Run ShowPageTrace Behavior [ RunTime:0.003287s ]
INFO: [ view_end ] --END-- [ RunTime:0.003546s ]

[ 2014-05-05T19:59:51+08:00 ] 127.0.0.1 /gxlm/?m=Index&a=index
INFO: [ app_begin ] --START--
INFO: Run ReadHtmlCache Behavior [ RunTime:0.001524s ]
INFO: [ app_begin ] --END-- [ RunTime:0.001896s ]
SQL: SHOW COLUMNS FROM `studentinfo` [ RunTime:0.021552s ]
SQL: SELECT * FROM `studentinfo` WHERE ( wxcount='o-CsGuPRWmejitXUXzfUBzntg77E' ) LIMIT 1   [ RunTime:0.001128s ]
SQL: SHOW COLUMNS FROM `schoolinfo` [ RunTime:0.004132s ]
SQL: SELECT * FROM `schoolinfo` WHERE ( schoolno=3 )  [ RunTime:0.000750s ]
NOTIC: [8] Use of undefined constant url - assumed 'url' D:\wamp\www\gxlm\Home\Lib\Action\BgAction.class.php 第 17 行.
SQL: SHOW COLUMNS FROM `bg0_course` [ RunTime:0.004588s ]
SQL: SELECT * FROM `bg0_course` WHERE ( scount='12142121' )  [ RunTime:0.000949s ]
INFO: [ view_template ] --START--
INFO: Run LocationTemplate Behavior [ RunTime:0.002842s ]
INFO: [ view_template ] --END-- [ RunTime:0.003117s ]
INFO: [ view_parse ] --START--
INFO: Run ParseTemplate Behavior [ RunTime:0.023323s ]
INFO: [ view_parse ] --END-- [ RunTime:0.023653s ]
INFO: [ view_filter ] --START--
INFO: Run ContentReplace Behavior [ RunTime:0.001321s ]
INFO: Run TokenBuild Behavior [ RunTime:0.001390s ]
INFO: Run WriteHtmlCache Behavior [ RunTime:0.000888s ]
INFO: Run ShowRuntime Behavior [ RunTime:0.001254s ]
INFO: [ view_filter ] --END-- [ RunTime:0.005575s ]
INFO: [ view_end ] --START--
INFO: Run ShowPageTrace Behavior [ RunTime:0.001668s ]
INFO: [ view_end ] --END-- [ RunTime:0.001909s ]

[ 2014-05-05T20:01:29+08:00 ] 127.0.0.1 /gxlm/?m=Index&a=index
INFO: [ app_begin ] --START--
INFO: Run ReadHtmlCache Behavior [ RunTime:0.001630s ]
INFO: [ app_begin ] --END-- [ RunTime:0.001933s ]
SQL: SHOW COLUMNS FROM `studentinfo` [ RunTime:0.027097s ]
SQL: SELECT * FROM `studentinfo` WHERE ( wxcount='o-CsGuPRWmejitXUXzfUBzntg77E' ) LIMIT 1   [ RunTime:0.001010s ]
SQL: SHOW COLUMNS FROM `schoolinfo` [ RunTime:0.004481s ]
SQL: SELECT * FROM `schoolinfo` WHERE ( schoolno=3 )  [ RunTime:0.000987s ]
NOTIC: [8] Use of undefined constant url - assumed 'url' D:\wamp\www\gxlm\Home\Lib\Action\BgAction.class.php 第 17 行.
SQL: SHOW COLUMNS FROM `bg0_course` [ RunTime:0.005011s ]
SQL: SELECT * FROM `bg0_course` WHERE ( scount='12142121' )  [ RunTime:0.000624s ]
INFO: [ view_template ] --START--
INFO: Run LocationTemplate Behavior [ RunTime:0.002333s ]
INFO: [ view_template ] --END-- [ RunTime:0.002630s ]
INFO: [ view_parse ] --START--
INFO: Run ParseTemplate Behavior [ RunTime:0.021837s ]
INFO: [ view_parse ] --END-- [ RunTime:0.022119s ]
INFO: [ view_filter ] --START--
INFO: Run ContentReplace Behavior [ RunTime:0.001095s ]
INFO: Run TokenBuild Behavior [ RunTime:0.001262s ]
INFO: Run WriteHtmlCache Behavior [ RunTime:0.000906s ]
INFO: Run ShowRuntime Behavior [ RunTime:0.001299s ]
INFO: [ view_filter ] --END-- [ RunTime:0.005352s ]
INFO: [ view_end ] --START--
INFO: Run ShowPageTrace Behavior [ RunTime:0.001826s ]
INFO: [ view_end ] --END-- [ RunTime:0.002157s ]

