[ 2014-09-26T16:56:12+08:00 ] 0.0.0.0 /gxlm/?m=Register&a=register&wxcount=o-CsGuPRWmejitXUXzfUBzntg77E
INFO: [ app_begin ] --START--
INFO: Run ReadHtmlCache Behavior [ RunTime:0.008144s ]
INFO: [ app_begin ] --END-- [ RunTime:0.008589s ]
SQL: SHOW COLUMNS FROM `school` [ RunTime:0.030414s ]
SQL: SELECT * FROM `school`  [ RunTime:0.049725s ]
INFO: [ view_template ] --START--
INFO: Run LocationTemplate Behavior [ RunTime:0.174381s ]
INFO: [ view_template ] --END-- [ RunTime:0.174906s ]
INFO: [ view_parse ] --START--
INFO: Run ParseTemplate Behavior [ RunTime:0.113290s ]
INFO: [ view_parse ] --END-- [ RunTime:0.113963s ]
INFO: [ view_filter ] --START--
INFO: Run ContentReplace Behavior [ RunTime:0.013451s ]
INFO: Run TokenBuild Behavior [ RunTime:0.008631s ]
INFO: Run WriteHtmlCache Behavior [ RunTime:0.003691s ]
INFO: Run ShowRuntime Behavior [ RunTime:0.003108s ]
INFO: [ view_filter ] --END-- [ RunTime:0.030945s ]
INFO: [ view_end ] --START--
INFO: Run ShowPageTrace Behavior [ RunTime:0.004354s ]
INFO: [ view_end ] --END-- [ RunTime:0.004707s ]

[ 2014-09-26T16:56:20+08:00 ] 0.0.0.0 /gxlm/Register/check_iscode
INFO: [ route_check ] --START--
INFO: Run CheckRoute Behavior [ RunTime:0.025084s ]
INFO: [ route_check ] --END-- [ RunTime:0.025502s ]
INFO: [ app_begin ] --START--
INFO: Run ReadHtmlCache Behavior [ RunTime:0.003084s ]
INFO: [ app_begin ] --END-- [ RunTime:0.004104s ]
SQL: SHOW COLUMNS FROM `school` [ RunTime:0.036303s ]
SQL: SELECT * FROM `school` WHERE ( `schoolno` = 1 ) LIMIT 1   [ RunTime:0.002100s ]
SQL: SHOW COLUMNS FROM `jwsys` [ RunTime:0.027068s ]
SQL: SELECT * FROM `jwsys` WHERE ( sysno=2 ) LIMIT 1   [ RunTime:0.069089s ]

[ 2014-09-26T16:56:21+08:00 ] 0.0.0.0 /gxlm/Register/check_iscode
INFO: [ route_check ] --START--
INFO: Run CheckRoute Behavior [ RunTime:0.006273s ]
INFO: [ route_check ] --END-- [ RunTime:0.007849s ]
INFO: [ app_begin ] --START--
INFO: Run ReadHtmlCache Behavior [ RunTime:0.003561s ]
INFO: [ app_begin ] --END-- [ RunTime:0.004028s ]
SQL: SHOW COLUMNS FROM `school` [ RunTime:0.010267s ]
SQL: SELECT * FROM `school` WHERE ( `schoolno` = 1 ) LIMIT 1   [ RunTime:0.001425s ]
SQL: SHOW COLUMNS FROM `jwsys` [ RunTime:0.011301s ]
SQL: SELECT * FROM `jwsys` WHERE ( sysno=2 ) LIMIT 1   [ RunTime:0.001498s ]

[ 2014-09-26T16:56:25+08:00 ] 0.0.0.0 /gxlm/Register/check_iscode
INFO: [ route_check ] --START--
INFO: Run CheckRoute Behavior [ RunTime:0.005728s ]
INFO: [ route_check ] --END-- [ RunTime:0.006114s ]
INFO: [ app_begin ] --START--
INFO: Run ReadHtmlCache Behavior [ RunTime:0.009301s ]
INFO: [ app_begin ] --END-- [ RunTime:0.010379s ]
SQL: SHOW COLUMNS FROM `school` [ RunTime:0.011892s ]
SQL: SELECT * FROM `school` WHERE ( `schoolno` = 1 ) LIMIT 1   [ RunTime:0.001552s ]
SQL: SHOW COLUMNS FROM `jwsys` [ RunTime:0.011639s ]
SQL: SELECT * FROM `jwsys` WHERE ( sysno=2 ) LIMIT 1   [ RunTime:0.001288s ]

[ 2014-09-26T16:56:27+08:00 ] 0.0.0.0 /gxlm/Register/check_iscode
INFO: [ route_check ] --START--
INFO: Run CheckRoute Behavior [ RunTime:0.006747s ]
INFO: [ route_check ] --END-- [ RunTime:0.007335s ]
INFO: [ app_begin ] --START--
INFO: Run ReadHtmlCache Behavior [ RunTime:0.003446s ]
INFO: [ app_begin ] --END-- [ RunTime:0.003829s ]
SQL: SHOW COLUMNS FROM `school` [ RunTime:0.026543s ]
SQL: SELECT * FROM `school` WHERE ( `schoolno` = 1 ) LIMIT 1   [ RunTime:0.001603s ]
SQL: SHOW COLUMNS FROM `jwsys` [ RunTime:0.008762s ]
SQL: SELECT * FROM `jwsys` WHERE ( sysno=2 ) LIMIT 1   [ RunTime:0.001625s ]

[ 2014-09-26T16:56:30+08:00 ] 0.0.0.0 /gxlm/Register/check_iscode
INFO: [ route_check ] --START--
INFO: Run CheckRoute Behavior [ RunTime:0.006062s ]
INFO: [ route_check ] --END-- [ RunTime:0.006623s ]
INFO: [ app_begin ] --START--
INFO: Run ReadHtmlCache Behavior [ RunTime:0.003326s ]
INFO: [ app_begin ] --END-- [ RunTime:0.003770s ]
SQL: SHOW COLUMNS FROM `school` [ RunTime:0.010114s ]
SQL: SELECT * FROM `school` WHERE ( `schoolno` = 1 ) LIMIT 1   [ RunTime:0.001685s ]
SQL: SHOW COLUMNS FROM `jwsys` [ RunTime:0.010025s ]
SQL: SELECT * FROM `jwsys` WHERE ( sysno=2 ) LIMIT 1   [ RunTime:0.001216s ]

[ 2014-09-26T16:56:42+08:00 ] 0.0.0.0 /gxlm/Register/check_iscode
INFO: [ route_check ] --START--
INFO: Run CheckRoute Behavior [ RunTime:0.003504s ]
INFO: [ route_check ] --END-- [ RunTime:0.003933s ]
INFO: [ app_begin ] --START--
INFO: Run ReadHtmlCache Behavior [ RunTime:0.004192s ]
INFO: [ app_begin ] --END-- [ RunTime:0.004526s ]
SQL: SHOW COLUMNS FROM `school` [ RunTime:0.009613s ]
SQL: SELECT * FROM `school` WHERE ( `schoolno` = 1 ) LIMIT 1   [ RunTime:0.001275s ]
SQL: SHOW COLUMNS FROM `jwsys` [ RunTime:0.011212s ]
SQL: SELECT * FROM `jwsys` WHERE ( sysno=2 ) LIMIT 1   [ RunTime:0.001183s ]

[ 2014-09-26T16:57:20+08:00 ] 0.0.0.0 /gxlm/?m=Register&a=registerprocess
INFO: [ app_begin ] --START--
INFO: Run ReadHtmlCache Behavior [ RunTime:0.003183s ]
INFO: [ app_begin ] --END-- [ RunTime:0.003687s ]
NOTIC: [8] Undefined index: code D:\wamp\www\gxlm\Home\Lib\Action\Home\RegisterAction.class.php 第 18 行.
SQL: SHOW COLUMNS FROM `studentinfo` [ RunTime:0.016770s ]
SQL: SHOW COLUMNS FROM `school` [ RunTime:0.010130s ]
SQL: SELECT * FROM `school` WHERE ( schoolno=1 ) LIMIT 1   [ RunTime:0.001651s ]
SQL: SHOW COLUMNS FROM `jwsys` [ RunTime:0.012134s ]
SQL: SELECT * FROM `jwsys` WHERE ( sysno=2 ) LIMIT 1   [ RunTime:0.001475s ]
NOTIC: [8] Use of undefined constant Action - assumed 'Action' D:\wamp\www\gxlm\Home\Lib\Action\Home\RegisterAction.class.php 第 38 行.
SQL: SHOW COLUMNS FROM `school` [ RunTime:0.011608s ]
SQL: SELECT * FROM `school` WHERE ( schoolno=1 )  [ RunTime:0.001885s ]
NOTIC: [8] Use of undefined constant url - assumed 'url' D:\wamp\www\gxlm\Home\Lib\Action\Home\Urp_nocodeAction.class.php 第 17 行.
NOTIC: [8] Undefined variable: cookies D:\wamp\www\gxlm\ThinkPHP\Extend\Library\ORG\My\Fetchurl.class.php 第 44 行.

[ 2014-09-26T16:57:20+08:00 ] 0.0.0.0 /gxlm/?m=Register&a=registerprocess
INFO: [ view_template ] --START--
INFO: Run LocationTemplate Behavior [ RunTime:0.004574s ]
INFO: [ view_template ] --END-- [ RunTime:0.004974s ]
INFO: [ view_parse ] --START--
INFO: Run ParseTemplate Behavior [ RunTime:0.053229s ]
INFO: [ view_parse ] --END-- [ RunTime:0.056288s ]
INFO: [ view_filter ] --START--
INFO: Run ContentReplace Behavior [ RunTime:0.003166s ]
INFO: Run TokenBuild Behavior [ RunTime:0.002478s ]
INFO: Run WriteHtmlCache Behavior [ RunTime:0.003838s ]
INFO: Run ShowRuntime Behavior [ RunTime:0.003765s ]
INFO: [ view_filter ] --END-- [ RunTime:0.014373s ]
INFO: [ view_end ] --START--
INFO: Run ShowPageTrace Behavior [ RunTime:0.003040s ]
INFO: [ view_end ] --END-- [ RunTime:0.003357s ]

