[ 2014-10-03T17:43:16+08:00 ] 0.0.0.0 /gxlm/Index/index
INFO: [ route_check ] --START--
INFO: Run CheckRoute Behavior [ RunTime:0.019091s ]
INFO: [ route_check ] --END-- [ RunTime:0.043013s ]
INFO: [ app_begin ] --START--
INFO: Run ReadHtmlCache Behavior [ RunTime:0.003392s ]
INFO: [ app_begin ] --END-- [ RunTime:0.003824s ]
SQL: SHOW COLUMNS FROM `studentinfo` [ RunTime:0.123502s ]
SQL: SELECT * FROM `studentinfo` WHERE ( wxcount='o-CsGuPRWmejitXUXzfUBzntg77E' ) LIMIT 1   [ RunTime:0.017685s ]
SQL: SHOW COLUMNS FROM `school` [ RunTime:0.056625s ]
SQL: SELECT * FROM `school` WHERE ( schoolno=3 ) LIMIT 1   [ RunTime:0.002015s ]
SQL: SHOW COLUMNS FROM `jwsys` [ RunTime:0.046427s ]
SQL: SELECT * FROM `jwsys` WHERE ( sysno=1 ) LIMIT 1   [ RunTime:0.002039s ]
NOTIC: [8] Use of undefined constant Action - assumed 'Action' D:\wamp\www\gxlm\Home\Lib\Action\Home\CheckschoolAction.class.php 第 15 行.
SQL: SHOW COLUMNS FROM `school` [ RunTime:0.019747s ]
SQL: SELECT * FROM `school` WHERE ( schoolno=3 )  [ RunTime:0.001946s ]
NOTIC: [8] Use of undefined constant url - assumed 'url' D:\wamp\www\gxlm\Home\Lib\Action\Home\Zf1_codeAction.class.php 第 17 行.
SQL: SHOW COLUMNS FROM `bg_course` [ RunTime:0.060058s ]
SQL: SELECT * FROM `bg_course` WHERE ( scount=12142121 ) ORDER BY week asc  [ RunTime:0.029533s ]
NOTIC: [8] Undefined variable: nav D:\wamp\www\gxlm\Home\Lib\Action\Home\Zf1_codeAction.class.php 第 267 行.
INFO: [ view_template ] --START--
INFO: Run LocationTemplate Behavior [ RunTime:0.062614s ]
INFO: [ view_template ] --END-- [ RunTime:0.063280s ]
INFO: [ view_parse ] --START--
INFO: Run ParseTemplate Behavior [ RunTime:0.070112s ]
INFO: [ view_parse ] --END-- [ RunTime:0.070585s ]
INFO: [ view_filter ] --START--
INFO: Run ContentReplace Behavior [ RunTime:0.002618s ]
INFO: Run TokenBuild Behavior [ RunTime:0.002673s ]
INFO: Run WriteHtmlCache Behavior [ RunTime:0.002284s ]
INFO: Run ShowRuntime Behavior [ RunTime:0.002957s ]
INFO: [ view_filter ] --END-- [ RunTime:0.011492s ]
INFO: [ view_end ] --START--
INFO: Run ShowPageTrace Behavior [ RunTime:0.003227s ]
INFO: [ view_end ] --END-- [ RunTime:0.003597s ]

[ 2014-10-03T17:51:46+08:00 ] 0.0.0.0 /gxlm/Index/index
INFO: [ route_check ] --START--
INFO: Run CheckRoute Behavior [ RunTime:0.003385s ]
INFO: [ route_check ] --END-- [ RunTime:0.003753s ]
INFO: [ app_begin ] --START--
INFO: Run ReadHtmlCache Behavior [ RunTime:0.002424s ]
INFO: [ app_begin ] --END-- [ RunTime:0.002784s ]
SQL: SHOW COLUMNS FROM `studentinfo` [ RunTime:0.010937s ]
SQL: SELECT * FROM `studentinfo` WHERE ( wxcount='o-CsGuPRWmejitXUXzfUBzntg77E' ) LIMIT 1   [ RunTime:0.001451s ]
SQL: SHOW COLUMNS FROM `school` [ RunTime:0.010774s ]
SQL: SELECT * FROM `school` WHERE ( schoolno=3 ) LIMIT 1   [ RunTime:0.001459s ]
SQL: SHOW COLUMNS FROM `jwsys` [ RunTime:0.011507s ]
SQL: SELECT * FROM `jwsys` WHERE ( sysno=1 ) LIMIT 1   [ RunTime:0.001304s ]
NOTIC: [8] Use of undefined constant Action - assumed 'Action' D:\wamp\www\gxlm\Home\Lib\Action\Home\CheckschoolAction.class.php 第 15 行.
SQL: SHOW COLUMNS FROM `school` [ RunTime:0.010681s ]
SQL: SELECT * FROM `school` WHERE ( schoolno=3 )  [ RunTime:0.001250s ]
NOTIC: [8] Use of undefined constant url - assumed 'url' D:\wamp\www\gxlm\Home\Lib\Action\Home\Zf1_codeAction.class.php 第 17 行.
SQL: SHOW COLUMNS FROM `bg_course` [ RunTime:0.011508s ]
SQL: SELECT * FROM `bg_course` WHERE ( scount=12142121 ) ORDER BY week asc  [ RunTime:0.001690s ]
INFO: [ view_template ] --START--
INFO: Run LocationTemplate Behavior [ RunTime:0.003308s ]
INFO: [ view_template ] --END-- [ RunTime:0.003647s ]
INFO: [ view_parse ] --START--
INFO: Run ParseTemplate Behavior [ RunTime:0.024124s ]
INFO: [ view_parse ] --END-- [ RunTime:0.024476s ]
INFO: [ view_filter ] --START--
INFO: Run ContentReplace Behavior [ RunTime:0.001978s ]
INFO: Run TokenBuild Behavior [ RunTime:0.002868s ]
INFO: Run WriteHtmlCache Behavior [ RunTime:0.001787s ]
INFO: Run ShowRuntime Behavior [ RunTime:0.002439s ]
INFO: [ view_filter ] --END-- [ RunTime:0.009976s ]
INFO: [ view_end ] --START--
INFO: Run ShowPageTrace Behavior [ RunTime:0.002643s ]
INFO: [ view_end ] --END-- [ RunTime:0.002960s ]

[ 2014-10-03T17:52:24+08:00 ] ERR: (ThinkException) 无法加载模块:Bgclass
[ 2014-10-03T17:52:50+08:00 ] ERR: (ThinkException) 无法加载模块:Bgclass
[ 2014-10-03T17:52:57+08:00 ] 0.0.0.0 /gxlm/Index/index
INFO: [ route_check ] --START--
INFO: Run CheckRoute Behavior [ RunTime:0.002910s ]
INFO: [ route_check ] --END-- [ RunTime:0.003311s ]
INFO: [ app_begin ] --START--
INFO: Run ReadHtmlCache Behavior [ RunTime:0.002448s ]
INFO: [ app_begin ] --END-- [ RunTime:0.002838s ]
SQL: SHOW COLUMNS FROM `studentinfo` [ RunTime:0.011894s ]
SQL: SELECT * FROM `studentinfo` WHERE ( wxcount='o-CsGuPRWmejitXUXzfUBzntg77E' ) LIMIT 1   [ RunTime:0.001656s ]
SQL: SHOW COLUMNS FROM `school` [ RunTime:0.011584s ]
SQL: SELECT * FROM `school` WHERE ( schoolno=3 ) LIMIT 1   [ RunTime:0.001271s ]
SQL: SHOW COLUMNS FROM `jwsys` [ RunTime:0.010588s ]
SQL: SELECT * FROM `jwsys` WHERE ( sysno=1 ) LIMIT 1   [ RunTime:0.001962s ]
NOTIC: [8] Use of undefined constant Action - assumed 'Action' D:\wamp\www\gxlm\Home\Lib\Action\Home\CheckschoolAction.class.php 第 15 行.
SQL: SHOW COLUMNS FROM `school` [ RunTime:0.012323s ]
SQL: SELECT * FROM `school` WHERE ( schoolno=3 )  [ RunTime:0.001457s ]
NOTIC: [8] Use of undefined constant url - assumed 'url' D:\wamp\www\gxlm\Home\Lib\Action\Home\Zf1_codeAction.class.php 第 17 行.
SQL: SHOW COLUMNS FROM `bg_course` [ RunTime:0.012546s ]
SQL: SELECT * FROM `bg_course` WHERE ( scount=12142121 ) ORDER BY week asc  [ RunTime:0.001843s ]
INFO: [ view_template ] --START--
INFO: Run LocationTemplate Behavior [ RunTime:0.002060s ]
INFO: [ view_template ] --END-- [ RunTime:0.002384s ]
INFO: [ view_parse ] --START--
INFO: Run ParseTemplate Behavior [ RunTime:0.024911s ]
INFO: [ view_parse ] --END-- [ RunTime:0.025267s ]
INFO: [ view_filter ] --START--
INFO: Run ContentReplace Behavior [ RunTime:0.001744s ]
INFO: Run TokenBuild Behavior [ RunTime:0.001865s ]
INFO: Run WriteHtmlCache Behavior [ RunTime:0.001412s ]
INFO: Run ShowRuntime Behavior [ RunTime:0.002066s ]
INFO: [ view_filter ] --END-- [ RunTime:0.007996s ]
INFO: [ view_end ] --START--
INFO: Run ShowPageTrace Behavior [ RunTime:0.002329s ]
INFO: [ view_end ] --END-- [ RunTime:0.002700s ]

[ 2014-10-03T17:53:14+08:00 ] 0.0.0.0 /gxlm/Bgclasses/classes?scount=1214212
INFO: [ route_check ] --START--
INFO: Run CheckRoute Behavior [ RunTime:0.002629s ]
INFO: [ route_check ] --END-- [ RunTime:0.003008s ]
INFO: [ app_begin ] --START--
INFO: Run ReadHtmlCache Behavior [ RunTime:0.002114s ]
INFO: [ app_begin ] --END-- [ RunTime:0.002456s ]
SQL: SHOW COLUMNS FROM `bg_course` [ RunTime:0.011801s ]
SQL: SELECT * FROM `bg_course` WHERE ( scount=1214212 ) ORDER BY find_in_set(week,'一,二,三,四,五'),jieci  [ RunTime:0.097254s ]
NOTIC: [2] Invalid argument supplied for foreach() D:\wamp\www\gxlm\Home\Lib\Action\Home\BgclassesAction.class.php 第 8 行.
INFO: [ view_template ] --START--
INFO: Run LocationTemplate Behavior [ RunTime:0.002887s ]
INFO: [ view_template ] --END-- [ RunTime:0.003222s ]
INFO: [ view_parse ] --START--
NOTIC: [8] Undefined offset: 0 D:\wamp\www\gxlm\Home\Runtime\Cache\Home\8b1509097ae6b7e211f3a90d45ab5fe8.php 第 60 行.
NOTIC: [8] Undefined offset: 0 D:\wamp\www\gxlm\Home\Runtime\Cache\Home\8b1509097ae6b7e211f3a90d45ab5fe8.php 第 60 行.
NOTIC: [8] Undefined offset: 0 D:\wamp\www\gxlm\Home\Runtime\Cache\Home\8b1509097ae6b7e211f3a90d45ab5fe8.php 第 60 行.
NOTIC: [8] Undefined offset: 0 D:\wamp\www\gxlm\Home\Runtime\Cache\Home\8b1509097ae6b7e211f3a90d45ab5fe8.php 第 60 行.
NOTIC: [8] Undefined offset: 0 D:\wamp\www\gxlm\Home\Runtime\Cache\Home\8b1509097ae6b7e211f3a90d45ab5fe8.php 第 60 行.
NOTIC: [8] Undefined offset: 0 D:\wamp\www\gxlm\Home\Runtime\Cache\Home\8b1509097ae6b7e211f3a90d45ab5fe8.php 第 60 行.
NOTIC: [8] Undefined offset: 1 D:\wamp\www\gxlm\Home\Runtime\Cache\Home\8b1509097ae6b7e211f3a90d45ab5fe8.php 第 60 行.
NOTIC: [8] Undefined offset: 1 D:\wamp\www\gxlm\Home\Runtime\Cache\Home\8b1509097ae6b7e211f3a90d45ab5fe8.php 第 60 行.
NOTIC: [8] Undefined offset: 1 D:\wamp\www\gxlm\Home\Runtime\Cache\Home\8b1509097ae6b7e211f3a90d45ab5fe8.php 第 60 行.
NOTIC: [8] Undefined offset: 1 D:\wamp\www\gxlm\Home\Runtime\Cache\Home\8b1509097ae6b7e211f3a90d45ab5fe8.php 第 60 行.
NOTIC: [8] Undefined offset: 1 D:\wamp\www\gxlm\Home\Runtime\Cache\Home\8b1509097ae6b7e211f3a90d45ab5fe8.php 第 60 行.
NOTIC: [8] Undefined offset: 1 D:\wamp\www\gxlm\Home\Runtime\Cache\Home\8b1509097ae6b7e211f3a90d45ab5fe8.php 第 60 行.
NOTIC: [8] Undefined offset: 2 D:\wamp\www\gxlm\Home\Runtime\Cache\Home\8b1509097ae6b7e211f3a90d45ab5fe8.php 第 60 行.
NOTIC: [8] Undefined offset: 2 D:\wamp\www\gxlm\Home\Runtime\Cache\Home\8b1509097ae6b7e211f3a90d45ab5fe8.php 第 60 行.
NOTIC: [8] Undefined offset: 2 D:\wamp\www\gxlm\Home\Runtime\Cache\Home\8b1509097ae6b7e211f3a90d45ab5fe8.php 第 60 行.
NOTIC: [8] Undefined offset: 2 D:\wamp\www\gxlm\Home\Runtime\Cache\Home\8b1509097ae6b7e211f3a90d45ab5fe8.php 第 60 行.
NOTIC: [8] Undefined offset: 2 D:\wamp\www\gxlm\Home\Runtime\Cache\Home\8b1509097ae6b7e211f3a90d45ab5fe8.php 第 60 行.
NOTIC: [8] Undefined offset: 2 D:\wamp\www\gxlm\Home\Runtime\Cache\Home\8b1509097ae6b7e211f3a90d45ab5fe8.php 第 60 行.
NOTIC: [8] Undefined offset: 3 D:\wamp\www\gxlm\Home\Runtime\Cache\Home\8b1509097ae6b7e211f3a90d45ab5fe8.php 第 60 行.
NOTIC: [8] Undefined offset: 3 D:\wamp\www\gxlm\Home\Runtime\Cache\Home\8b1509097ae6b7e211f3a90d45ab5fe8.php 第 60 行.
NOTIC: [8] Undefined offset: 3 D:\wamp\www\gxlm\Home\Runtime\Cache\Home\8b1509097ae6b7e211f3a90d45ab5fe8.php 第 60 行.
NOTIC: [8] Undefined offset: 3 D:\wamp\www\gxlm\Home\Runtime\Cache\Home\8b1509097ae6b7e211f3a90d45ab5fe8.php 第 60 行.
NOTIC: [8] Undefined offset: 3 D:\wamp\www\gxlm\Home\Runtime\Cache\Home\8b1509097ae6b7e211f3a90d45ab5fe8.php 第 60 行.
NOTIC: [8] Undefined offset: 3 D:\wamp\www\gxlm\Home\Runtime\Cache\Home\8b1509097ae6b7e211f3a90d45ab5fe8.php 第 60 行.
NOTIC: [8] Undefined offset: 4 D:\wamp\www\gxlm\Home\Runtime\Cache\Home\8b1509097ae6b7e211f3a90d45ab5fe8.php 第 60 行.
NOTIC: [8] Undefined offset: 4 D:\wamp\www\gxlm\Home\Runtime\Cache\Home\8b1509097ae6b7e211f3a90d45ab5fe8.php 第 60 行.
NOTIC: [8] Undefined offset: 4 D:\wamp\www\gxlm\Home\Runtime\Cache\Home\8b1509097ae6b7e211f3a90d45ab5fe8.php 第 60 行.
NOTIC: [8] Undefined offset: 4 D:\wamp\www\gxlm\Home\Runtime\Cache\Home\8b1509097ae6b7e211f3a90d45ab5fe8.php 第 60 行.
NOTIC: [8] Undefined offset: 4 D:\wamp\www\gxlm\Home\Runtime\Cache\Home\8b1509097ae6b7e211f3a90d45ab5fe8.php 第 60 行.
NOTIC: [8] Undefined offset: 4 D:\wamp\www\gxlm\Home\Runtime\Cache\Home\8b1509097ae6b7e211f3a90d45ab5fe8.php 第 60 行.
NOTIC: [8] Undefined offset: 5 D:\wamp\www\gxlm\Home\Runtime\Cache\Home\8b1509097ae6b7e211f3a90d45ab5fe8.php 第 60 行.
NOTIC: [8] Undefined offset: 5 D:\wamp\www\gxlm\Home\Runtime\Cache\Home\8b1509097ae6b7e211f3a90d45ab5fe8.php 第 60 行.
NOTIC: [8] Undefined offset: 5 D:\wamp\www\gxlm\Home\Runtime\Cache\Home\8b1509097ae6b7e211f3a90d45ab5fe8.php 第 60 行.
NOTIC: [8] Undefined offset: 5 D:\wamp\www\gxlm\Home\Runtime\Cache\Home\8b1509097ae6b7e211f3a90d45ab5fe8.php 第 60 行.
NOTIC: [8] Undefined offset: 5 D:\wamp\www\gxlm\Home\Runtime\Cache\Home\8b1509097ae6b7e211f3a90d45ab5fe8.php 第 60 行.
NOTIC: [8] Undefined offset: 5 D:\wamp\www\gxlm\Home\Runtime\Cache\Home\8b1509097ae6b7e211f3a90d45ab5fe8.php 第 60 行.
NOTIC: [8] Undefined offset: 6 D:\wamp\www\gxlm\Home\Runtime\Cache\Home\8b1509097ae6b7e211f3a90d45ab5fe8.php 第 60 行.
NOTIC: [8] Undefined offset: 6 D:\wamp\www\gxlm\Home\Runtime\Cache\Home\8b1509097ae6b7e211f3a90d45ab5fe8.php 第 60 行.
NOTIC: [8] Undefined offset: 6 D:\wamp\www\gxlm\Home\Runtime\Cache\Home\8b1509097ae6b7e211f3a90d45ab5fe8.php 第 60 行.
NOTIC: [8] Undefined offset: 6 D:\wamp\www\gxlm\Home\Runtime\Cache\Home\8b1509097ae6b7e211f3a90d45ab5fe8.php 第 60 行.
NOTIC: [8] Undefined offset: 6 D:\wamp\www\gxlm\Home\Runtime\Cache\Home\8b1509097ae6b7e211f3a90d45ab5fe8.php 第 60 行.
NOTIC: [8] Undefined offset: 6 D:\wamp\www\gxlm\Home\Runtime\Cache\Home\8b1509097ae6b7e211f3a90d45ab5fe8.php 第 60 行.
INFO: Run ParseTemplate Behavior [ RunTime:0.091597s ]
INFO: [ view_parse ] --END-- [ RunTime:0.091891s ]
INFO: [ view_filter ] --START--
INFO: Run ContentReplace Behavior [ RunTime:0.002951s ]
INFO: Run TokenBuild Behavior [ RunTime:0.002114s ]
INFO: Run WriteHtmlCache Behavior [ RunTime:0.001416s ]
INFO: Run ShowRuntime Behavior [ RunTime:0.002107s ]
INFO: [ view_filter ] --END-- [ RunTime:0.009499s ]
INFO: [ view_end ] --START--
INFO: Run ShowPageTrace Behavior [ RunTime:0.002359s ]
INFO: [ view_end ] --END-- [ RunTime:0.002765s ]

[ 2014-10-03T17:53:14+08:00 ] ERR: (ThinkException) 非法操作:style
[ 2014-10-03T17:58:22+08:00 ] 0.0.0.0 /gxlm/Bgclasses/classes?scount=12142121
INFO: [ route_check ] --START--
INFO: Run CheckRoute Behavior [ RunTime:0.003312s ]
INFO: [ route_check ] --END-- [ RunTime:0.003717s ]
INFO: [ app_begin ] --START--
INFO: Run ReadHtmlCache Behavior [ RunTime:0.004258s ]
INFO: [ app_begin ] --END-- [ RunTime:0.004641s ]
SQL: SHOW COLUMNS FROM `bg_course` [ RunTime:0.011155s ]
SQL: SELECT * FROM `bg_course` WHERE ( scount=12142121 ) ORDER BY find_in_set(week,'一,二,三,四,五'),jieci  [ RunTime:0.001863s ]
NOTIC: [8] Undefined offset: 0 D:\wamp\www\gxlm\Home\Lib\Action\Home\BgclassesAction.class.php 第 37 行.
NOTIC: [8] Undefined offset: 0 D:\wamp\www\gxlm\Home\Lib\Action\Home\BgclassesAction.class.php 第 37 行.
NOTIC: [8] Undefined offset: 1 D:\wamp\www\gxlm\Home\Lib\Action\Home\BgclassesAction.class.php 第 34 行.
NOTIC: [8] Undefined offset: 1 D:\wamp\www\gxlm\Home\Lib\Action\Home\BgclassesAction.class.php 第 37 行.
NOTIC: [8] Undefined offset: 1 D:\wamp\www\gxlm\Home\Lib\Action\Home\BgclassesAction.class.php 第 34 行.
NOTIC: [8] Undefined offset: 1 D:\wamp\www\gxlm\Home\Lib\Action\Home\BgclassesAction.class.php 第 37 行.
NOTIC: [8] Undefined offset: 1 D:\wamp\www\gxlm\Home\Lib\Action\Home\BgclassesAction.class.php 第 37 行.
NOTIC: [8] Undefined offset: 1 D:\wamp\www\gxlm\Home\Lib\Action\Home\BgclassesAction.class.php 第 34 行.
NOTIC: [8] Undefined offset: 4 D:\wamp\www\gxlm\Home\Lib\Action\Home\BgclassesAction.class.php 第 37 行.
NOTIC: [8] Undefined offset: 5 D:\wamp\www\gxlm\Home\Lib\Action\Home\BgclassesAction.class.php 第 37 行.
NOTIC: [8] Undefined offset: 2 D:\wamp\www\gxlm\Home\Lib\Action\Home\BgclassesAction.class.php 第 37 行.
NOTIC: [8] Undefined offset: 0 D:\wamp\www\gxlm\Home\Lib\Action\Home\BgclassesAction.class.php 第 37 行.
NOTIC: [8] Undefined offset: 1 D:\wamp\www\gxlm\Home\Lib\Action\Home\BgclassesAction.class.php 第 34 行.
NOTIC: [8] Undefined offset: 1 D:\wamp\www\gxlm\Home\Lib\Action\Home\BgclassesAction.class.php 第 37 行.
NOTIC: [8] Undefined offset: 1 D:\wamp\www\gxlm\Home\Lib\Action\Home\BgclassesAction.class.php 第 34 行.
NOTIC: [8] Undefined offset: 2 D:\wamp\www\gxlm\Home\Lib\Action\Home\BgclassesAction.class.php 第 37 行.
NOTIC: [8] Undefined offset: 1 D:\wamp\www\gxlm\Home\Lib\Action\Home\BgclassesAction.class.php 第 34 行.
NOTIC: [8] Undefined offset: 1 D:\wamp\www\gxlm\Home\Lib\Action\Home\BgclassesAction.class.php 第 34 行.
NOTIC: [8] Undefined offset: 3 D:\wamp\www\gxlm\Home\Lib\Action\Home\BgclassesAction.class.php 第 37 行.
NOTIC: [8] Undefined offset: 1 D:\wamp\www\gxlm\Home\Lib\Action\Home\BgclassesAction.class.php 第 34 行.
NOTIC: [8] Undefined offset: 1 D:\wamp\www\gxlm\Home\Lib\Action\Home\BgclassesAction.class.php 第 34 行.
NOTIC: [8] Undefined offset: 4 D:\wamp\www\gxlm\Home\Lib\Action\Home\BgclassesAction.class.php 第 37 行.
NOTIC: [8] Undefined offset: 5 D:\wamp\www\gxlm\Home\Lib\Action\Home\BgclassesAction.class.php 第 37 行.
NOTIC: [8] Undefined offset: 3 D:\wamp\www\gxlm\Home\Lib\Action\Home\BgclassesAction.class.php 第 37 行.
NOTIC: [8] Undefined offset: 1 D:\wamp\www\gxlm\Home\Lib\Action\Home\BgclassesAction.class.php 第 37 行.
NOTIC: [8] Undefined offset: 1 D:\wamp\www\gxlm\Home\Lib\Action\Home\BgclassesAction.class.php 第 34 行.
NOTIC: [8] Undefined offset: 2 D:\wamp\www\gxlm\Home\Lib\Action\Home\BgclassesAction.class.php 第 37 行.
NOTIC: [8] Undefined offset: 1 D:\wamp\www\gxlm\Home\Lib\Action\Home\BgclassesAction.class.php 第 34 行.
NOTIC: [8] Undefined offset: 3 D:\wamp\www\gxlm\Home\Lib\Action\Home\BgclassesAction.class.php 第 37 行.
NOTIC: [8] Undefined offset: 1 D:\wamp\www\gxlm\Home\Lib\Action\Home\BgclassesAction.class.php 第 34 行.
NOTIC: [8] Undefined offset: 4 D:\wamp\www\gxlm\Home\Lib\Action\Home\BgclassesAction.class.php 第 37 行.
NOTIC: [8] Undefined offset: 1 D:\wamp\www\gxlm\Home\Lib\Action\Home\BgclassesAction.class.php 第 37 行.
NOTIC: [8] Undefined offset: 1 D:\wamp\www\gxlm\Home\Lib\Action\Home\BgclassesAction.class.php 第 34 行.
NOTIC: [8] Undefined offset: 3 D:\wamp\www\gxlm\Home\Lib\Action\Home\BgclassesAction.class.php 第 37 行.
NOTIC: [8] Undefined offset: 1 D:\wamp\www\gxlm\Home\Lib\Action\Home\BgclassesAction.class.php 第 34 行.
INFO: [ view_template ] --START--
INFO: Run LocationTemplate Behavior [ RunTime:0.003252s ]
INFO: [ view_template ] --END-- [ RunTime:0.003595s ]
INFO: [ view_parse ] --START--
NOTIC: [8] Undefined offset: 2 D:\wamp\www\gxlm\Home\Runtime\Cache\Home\8b1509097ae6b7e211f3a90d45ab5fe8.php 第 60 行.
NOTIC: [8] Undefined offset: 3 D:\wamp\www\gxlm\Home\Runtime\Cache\Home\8b1509097ae6b7e211f3a90d45ab5fe8.php 第 60 行.
NOTIC: [8] Undefined offset: 4 D:\wamp\www\gxlm\Home\Runtime\Cache\Home\8b1509097ae6b7e211f3a90d45ab5fe8.php 第 60 行.
NOTIC: [8] Undefined offset: 5 D:\wamp\www\gxlm\Home\Runtime\Cache\Home\8b1509097ae6b7e211f3a90d45ab5fe8.php 第 60 行.
NOTIC: [8] Undefined offset: 0 D:\wamp\www\gxlm\Home\Runtime\Cache\Home\8b1509097ae6b7e211f3a90d45ab5fe8.php 第 60 行.
NOTIC: [8] Undefined offset: 2 D:\wamp\www\gxlm\Home\Runtime\Cache\Home\8b1509097ae6b7e211f3a90d45ab5fe8.php 第 60 行.
NOTIC: [8] Undefined offset: 3 D:\wamp\www\gxlm\Home\Runtime\Cache\Home\8b1509097ae6b7e211f3a90d45ab5fe8.php 第 60 行.
NOTIC: [8] Undefined offset: 0 D:\wamp\www\gxlm\Home\Runtime\Cache\Home\8b1509097ae6b7e211f3a90d45ab5fe8.php 第 60 行.
NOTIC: [8] Undefined offset: 4 D:\wamp\www\gxlm\Home\Runtime\Cache\Home\8b1509097ae6b7e211f3a90d45ab5fe8.php 第 60 行.
NOTIC: [8] Undefined offset: 5 D:\wamp\www\gxlm\Home\Runtime\Cache\Home\8b1509097ae6b7e211f3a90d45ab5fe8.php 第 60 行.
NOTIC: [8] Undefined offset: 0 D:\wamp\www\gxlm\Home\Runtime\Cache\Home\8b1509097ae6b7e211f3a90d45ab5fe8.php 第 60 行.
NOTIC: [8] Undefined offset: 2 D:\wamp\www\gxlm\Home\Runtime\Cache\Home\8b1509097ae6b7e211f3a90d45ab5fe8.php 第 60 行.
NOTIC: [8] Undefined offset: 4 D:\wamp\www\gxlm\Home\Runtime\Cache\Home\8b1509097ae6b7e211f3a90d45ab5fe8.php 第 60 行.
NOTIC: [8] Undefined offset: 5 D:\wamp\www\gxlm\Home\Runtime\Cache\Home\8b1509097ae6b7e211f3a90d45ab5fe8.php 第 60 行.
NOTIC: [8] Undefined offset: 5 D:\wamp\www\gxlm\Home\Runtime\Cache\Home\8b1509097ae6b7e211f3a90d45ab5fe8.php 第 60 行.
NOTIC: [8] Undefined offset: 5 D:\wamp\www\gxlm\Home\Runtime\Cache\Home\8b1509097ae6b7e211f3a90d45ab5fe8.php 第 60 行.
NOTIC: [8] Undefined offset: 5 D:\wamp\www\gxlm\Home\Runtime\Cache\Home\8b1509097ae6b7e211f3a90d45ab5fe8.php 第 60 行.
NOTIC: [8] Undefined offset: 5 D:\wamp\www\gxlm\Home\Runtime\Cache\Home\8b1509097ae6b7e211f3a90d45ab5fe8.php 第 60 行.
NOTIC: [8] Undefined offset: 5 D:\wamp\www\gxlm\Home\Runtime\Cache\Home\8b1509097ae6b7e211f3a90d45ab5fe8.php 第 60 行.
NOTIC: [8] Undefined offset: 5 D:\wamp\www\gxlm\Home\Runtime\Cache\Home\8b1509097ae6b7e211f3a90d45ab5fe8.php 第 60 行.
NOTIC: [8] Undefined offset: 6 D:\wamp\www\gxlm\Home\Runtime\Cache\Home\8b1509097ae6b7e211f3a90d45ab5fe8.php 第 60 行.
NOTIC: [8] Undefined offset: 6 D:\wamp\www\gxlm\Home\Runtime\Cache\Home\8b1509097ae6b7e211f3a90d45ab5fe8.php 第 60 行.
NOTIC: [8] Undefined offset: 6 D:\wamp\www\gxlm\Home\Runtime\Cache\Home\8b1509097ae6b7e211f3a90d45ab5fe8.php 第 60 行.
NOTIC: [8] Undefined offset: 6 D:\wamp\www\gxlm\Home\Runtime\Cache\Home\8b1509097ae6b7e211f3a90d45ab5fe8.php 第 60 行.
NOTIC: [8] Undefined offset: 6 D:\wamp\www\gxlm\Home\Runtime\Cache\Home\8b1509097ae6b7e211f3a90d45ab5fe8.php 第 60 行.
NOTIC: [8] Undefined offset: 6 D:\wamp\www\gxlm\Home\Runtime\Cache\Home\8b1509097ae6b7e211f3a90d45ab5fe8.php 第 60 行.
INFO: Run ParseTemplate Behavior [ RunTime:0.031950s ]
INFO: [ view_parse ] --END-- [ RunTime:0.032243s ]
INFO: [ view_filter ] --START--
INFO: Run ContentReplace Behavior [ RunTime:0.002177s ]
INFO: Run TokenBuild Behavior [ RunTime:0.003421s ]
INFO: Run WriteHtmlCache Behavior [ RunTime:0.002040s ]
INFO: Run ShowRuntime Behavior [ RunTime:0.002664s ]
INFO: [ view_filter ] --END-- [ RunTime:0.011359s ]
INFO: [ view_end ] --START--
INFO: Run ShowPageTrace Behavior [ RunTime:0.002543s ]
INFO: [ view_end ] --END-- [ RunTime:0.002878s ]

[ 2014-10-03T17:58:22+08:00 ] ERR: (ThinkException) 非法操作:style
[ 2014-10-03T18:01:35+08:00 ] 172.30.103.2 /gxlm/Bgclasses/classes?scount=12142121
INFO: [ route_check ] --START--
INFO: Run CheckRoute Behavior [ RunTime:0.004690s ]
INFO: [ route_check ] --END-- [ RunTime:0.005061s ]
INFO: [ app_begin ] --START--
INFO: Run ReadHtmlCache Behavior [ RunTime:0.017495s ]
INFO: [ app_begin ] --END-- [ RunTime:0.017897s ]
SQL: SHOW COLUMNS FROM `bg_course` [ RunTime:0.011886s ]
SQL: SELECT * FROM `bg_course` WHERE ( scount=12142121 ) ORDER BY find_in_set(week,'一,二,三,四,五'),jieci  [ RunTime:0.001968s ]
NOTIC: [8] Undefined offset: 0 D:\wamp\www\gxlm\Home\Lib\Action\Home\BgclassesAction.class.php 第 37 行.
NOTIC: [8] Undefined offset: 0 D:\wamp\www\gxlm\Home\Lib\Action\Home\BgclassesAction.class.php 第 37 行.
NOTIC: [8] Undefined offset: 1 D:\wamp\www\gxlm\Home\Lib\Action\Home\BgclassesAction.class.php 第 34 行.
NOTIC: [8] Undefined offset: 1 D:\wamp\www\gxlm\Home\Lib\Action\Home\BgclassesAction.class.php 第 37 行.
NOTIC: [8] Undefined offset: 1 D:\wamp\www\gxlm\Home\Lib\Action\Home\BgclassesAction.class.php 第 34 行.
NOTIC: [8] Undefined offset: 1 D:\wamp\www\gxlm\Home\Lib\Action\Home\BgclassesAction.class.php 第 37 行.
NOTIC: [8] Undefined offset: 1 D:\wamp\www\gxlm\Home\Lib\Action\Home\BgclassesAction.class.php 第 37 行.
NOTIC: [8] Undefined offset: 1 D:\wamp\www\gxlm\Home\Lib\Action\Home\BgclassesAction.class.php 第 34 行.
NOTIC: [8] Undefined offset: 4 D:\wamp\www\gxlm\Home\Lib\Action\Home\BgclassesAction.class.php 第 37 行.
NOTIC: [8] Undefined offset: 5 D:\wamp\www\gxlm\Home\Lib\Action\Home\BgclassesAction.class.php 第 37 行.
NOTIC: [8] Undefined offset: 2 D:\wamp\www\gxlm\Home\Lib\Action\Home\BgclassesAction.class.php 第 37 行.
NOTIC: [8] Undefined offset: 0 D:\wamp\www\gxlm\Home\Lib\Action\Home\BgclassesAction.class.php 第 37 行.
NOTIC: [8] Undefined offset: 1 D:\wamp\www\gxlm\Home\Lib\Action\Home\BgclassesAction.class.php 第 34 行.
NOTIC: [8] Undefined offset: 1 D:\wamp\www\gxlm\Home\Lib\Action\Home\BgclassesAction.class.php 第 37 行.
NOTIC: [8] Undefined offset: 1 D:\wamp\www\gxlm\Home\Lib\Action\Home\BgclassesAction.class.php 第 34 行.
NOTIC: [8] Undefined offset: 2 D:\wamp\www\gxlm\Home\Lib\Action\Home\BgclassesAction.class.php 第 37 行.
NOTIC: [8] Undefined offset: 1 D:\wamp\www\gxlm\Home\Lib\Action\Home\BgclassesAction.class.php 第 34 行.
NOTIC: [8] Undefined offset: 1 D:\wamp\www\gxlm\Home\Lib\Action\Home\BgclassesAction.class.php 第 34 行.
NOTIC: [8] Undefined offset: 3 D:\wamp\www\gxlm\Home\Lib\Action\Home\BgclassesAction.class.php 第 37 行.
NOTIC: [8] Undefined offset: 1 D:\wamp\www\gxlm\Home\Lib\Action\Home\BgclassesAction.class.php 第 34 行.
NOTIC: [8] Undefined offset: 1 D:\wamp\www\gxlm\Home\Lib\Action\Home\BgclassesAction.class.php 第 34 行.
NOTIC: [8] Undefined offset: 4 D:\wamp\www\gxlm\Home\Lib\Action\Home\BgclassesAction.class.php 第 37 行.
NOTIC: [8] Undefined offset: 5 D:\wamp\www\gxlm\Home\Lib\Action\Home\BgclassesAction.class.php 第 37 行.
NOTIC: [8] Undefined offset: 3 D:\wamp\www\gxlm\Home\Lib\Action\Home\BgclassesAction.class.php 第 37 行.
NOTIC: [8] Undefined offset: 1 D:\wamp\www\gxlm\Home\Lib\Action\Home\BgclassesAction.class.php 第 37 行.
NOTIC: [8] Undefined offset: 1 D:\wamp\www\gxlm\Home\Lib\Action\Home\BgclassesAction.class.php 第 34 行.
NOTIC: [8] Undefined offset: 2 D:\wamp\www\gxlm\Home\Lib\Action\Home\BgclassesAction.class.php 第 37 行.
NOTIC: [8] Undefined offset: 1 D:\wamp\www\gxlm\Home\Lib\Action\Home\BgclassesAction.class.php 第 34 行.
NOTIC: [8] Undefined offset: 3 D:\wamp\www\gxlm\Home\Lib\Action\Home\BgclassesAction.class.php 第 37 行.
NOTIC: [8] Undefined offset: 1 D:\wamp\www\gxlm\Home\Lib\Action\Home\BgclassesAction.class.php 第 34 行.
NOTIC: [8] Undefined offset: 4 D:\wamp\www\gxlm\Home\Lib\Action\Home\BgclassesAction.class.php 第 37 行.
NOTIC: [8] Undefined offset: 1 D:\wamp\www\gxlm\Home\Lib\Action\Home\BgclassesAction.class.php 第 37 行.
NOTIC: [8] Undefined offset: 1 D:\wamp\www\gxlm\Home\Lib\Action\Home\BgclassesAction.class.php 第 34 行.
NOTIC: [8] Undefined offset: 3 D:\wamp\www\gxlm\Home\Lib\Action\Home\BgclassesAction.class.php 第 37 行.
NOTIC: [8] Undefined offset: 1 D:\wamp\www\gxlm\Home\Lib\Action\Home\BgclassesAction.class.php 第 34 行.
INFO: [ view_template ] --START--
INFO: Run LocationTemplate Behavior [ RunTime:0.173887s ]
INFO: [ view_template ] --END-- [ RunTime:0.175266s ]
INFO: [ view_parse ] --START--
NOTIC: [8] Undefined offset: 2 D:\wamp\www\gxlm\Home\Runtime\Cache\Home\8b1509097ae6b7e211f3a90d45ab5fe8.php 第 60 行.
NOTIC: [8] Undefined offset: 3 D:\wamp\www\gxlm\Home\Runtime\Cache\Home\8b1509097ae6b7e211f3a90d45ab5fe8.php 第 60 行.
NOTIC: [8] Undefined offset: 4 D:\wamp\www\gxlm\Home\Runtime\Cache\Home\8b1509097ae6b7e211f3a90d45ab5fe8.php 第 60 行.
NOTIC: [8] Undefined offset: 5 D:\wamp\www\gxlm\Home\Runtime\Cache\Home\8b1509097ae6b7e211f3a90d45ab5fe8.php 第 60 行.
NOTIC: [8] Undefined offset: 0 D:\wamp\www\gxlm\Home\Runtime\Cache\Home\8b1509097ae6b7e211f3a90d45ab5fe8.php 第 60 行.
NOTIC: [8] Undefined offset: 2 D:\wamp\www\gxlm\Home\Runtime\Cache\Home\8b1509097ae6b7e211f3a90d45ab5fe8.php 第 60 行.
NOTIC: [8] Undefined offset: 3 D:\wamp\www\gxlm\Home\Runtime\Cache\Home\8b1509097ae6b7e211f3a90d45ab5fe8.php 第 60 行.
NOTIC: [8] Undefined offset: 0 D:\wamp\www\gxlm\Home\Runtime\Cache\Home\8b1509097ae6b7e211f3a90d45ab5fe8.php 第 60 行.
NOTIC: [8] Undefined offset: 4 D:\wamp\www\gxlm\Home\Runtime\Cache\Home\8b1509097ae6b7e211f3a90d45ab5fe8.php 第 60 行.
NOTIC: [8] Undefined offset: 5 D:\wamp\www\gxlm\Home\Runtime\Cache\Home\8b1509097ae6b7e211f3a90d45ab5fe8.php 第 60 行.
NOTIC: [8] Undefined offset: 0 D:\wamp\www\gxlm\Home\Runtime\Cache\Home\8b1509097ae6b7e211f3a90d45ab5fe8.php 第 60 行.
NOTIC: [8] Undefined offset: 2 D:\wamp\www\gxlm\Home\Runtime\Cache\Home\8b1509097ae6b7e211f3a90d45ab5fe8.php 第 60 行.
NOTIC: [8] Undefined offset: 4 D:\wamp\www\gxlm\Home\Runtime\Cache\Home\8b1509097ae6b7e211f3a90d45ab5fe8.php 第 60 行.
NOTIC: [8] Undefined offset: 5 D:\wamp\www\gxlm\Home\Runtime\Cache\Home\8b1509097ae6b7e211f3a90d45ab5fe8.php 第 60 行.
NOTIC: [8] Undefined offset: 5 D:\wamp\www\gxlm\Home\Runtime\Cache\Home\8b1509097ae6b7e211f3a90d45ab5fe8.php 第 60 行.
NOTIC: [8] Undefined offset: 5 D:\wamp\www\gxlm\Home\Runtime\Cache\Home\8b1509097ae6b7e211f3a90d45ab5fe8.php 第 60 行.
NOTIC: [8] Undefined offset: 5 D:\wamp\www\gxlm\Home\Runtime\Cache\Home\8b1509097ae6b7e211f3a90d45ab5fe8.php 第 60 行.
NOTIC: [8] Undefined offset: 5 D:\wamp\www\gxlm\Home\Runtime\Cache\Home\8b1509097ae6b7e211f3a90d45ab5fe8.php 第 60 行.
NOTIC: [8] Undefined offset: 5 D:\wamp\www\gxlm\Home\Runtime\Cache\Home\8b1509097ae6b7e211f3a90d45ab5fe8.php 第 60 行.
NOTIC: [8] Undefined offset: 5 D:\wamp\www\gxlm\Home\Runtime\Cache\Home\8b1509097ae6b7e211f3a90d45ab5fe8.php 第 60 行.
NOTIC: [8] Undefined offset: 6 D:\wamp\www\gxlm\Home\Runtime\Cache\Home\8b1509097ae6b7e211f3a90d45ab5fe8.php 第 60 行.
NOTIC: [8] Undefined offset: 6 D:\wamp\www\gxlm\Home\Runtime\Cache\Home\8b1509097ae6b7e211f3a90d45ab5fe8.php 第 60 行.
NOTIC: [8] Undefined offset: 6 D:\wamp\www\gxlm\Home\Runtime\Cache\Home\8b1509097ae6b7e211f3a90d45ab5fe8.php 第 60 行.
NOTIC: [8] Undefined offset: 6 D:\wamp\www\gxlm\Home\Runtime\Cache\Home\8b1509097ae6b7e211f3a90d45ab5fe8.php 第 60 行.
NOTIC: [8] Undefined offset: 6 D:\wamp\www\gxlm\Home\Runtime\Cache\Home\8b1509097ae6b7e211f3a90d45ab5fe8.php 第 60 行.
NOTIC: [8] Undefined offset: 6 D:\wamp\www\gxlm\Home\Runtime\Cache\Home\8b1509097ae6b7e211f3a90d45ab5fe8.php 第 60 行.
INFO: Run ParseTemplate Behavior [ RunTime:0.219367s ]
INFO: [ view_parse ] --END-- [ RunTime:0.219689s ]
INFO: [ view_filter ] --START--
INFO: Run ContentReplace Behavior [ RunTime:0.011079s ]
INFO: Run TokenBuild Behavior [ RunTime:0.023442s ]
INFO: Run WriteHtmlCache Behavior [ RunTime:0.002366s ]
INFO: Run ShowRuntime Behavior [ RunTime:0.004105s ]
INFO: [ view_filter ] --END-- [ RunTime:0.041933s ]
INFO: [ view_end ] --START--
INFO: Run ShowPageTrace Behavior [ RunTime:0.003323s ]
INFO: [ view_end ] --END-- [ RunTime:0.003648s ]

[ 2014-10-03T18:01:35+08:00 ] ERR: (ThinkException) 非法操作:style
