[ 2016-02-22T10:24:08+08:00 ] 127.0.0.1 /
NOTIC: [8192] preg_replace(): The /e modifier is deprecated, use preg_replace_callback instead D:\xampp\htdocs\gxlm\ThinkPHP\Common\common.php 第 92 行.
INFO: [ app_begin ] --START--
INFO: Run ReadHtmlCache Behavior [ RunTime:0.007002s ]
INFO: [ app_begin ] --END-- [ RunTime:0.007002s ]
NOTIC: [8] Undefined index: HTTP_RAW_POST_DATA D:\xampp\htdocs\gxlm\Home\Lib\Action\Home\IndexAction.class.php 第 6 行.

[ 2016-02-22T10:24:08+08:00 ] ERR: (ThinkException) 无法加载模块:Favicon
[ 2016-02-22T10:24:14+08:00 ] ERR: (ThinkException) 模板不存在[./Home/Tpl/Home/Test/classes.html]
[ 2016-02-22T10:24:14+08:00 ] ERR: (ThinkException) 无法加载模块:Favicon
[ 2016-02-22T10:24:34+08:00 ] ERR: (ThinkException) 非法操作:login
[ 2016-02-22T10:24:34+08:00 ] ERR: (ThinkException) 无法加载模块:Favicon
[ 2016-02-22T10:24:47+08:00 ] ERR: (ThinkException) 非法操作:login
[ 2016-02-22T10:24:47+08:00 ] ERR: (ThinkException) 无法加载模块:Favicon
[ 2016-02-22T10:24:52+08:00 ] ERR: (ThinkException) 非法操作:login
[ 2016-02-22T10:24:52+08:00 ] ERR: (ThinkException) 无法加载模块:Favicon
[ 2016-02-22T10:26:21+08:00 ] ERR: (ThinkException) 模板不存在[./Home/Tpl/Home/Test/classes.html]
[ 2016-02-22T10:26:21+08:00 ] ERR: (ThinkException) 无法加载模块:Favicon
[ 2016-02-22T10:26:45+08:00 ] ERR: (ThinkException) 模板不存在[./Home/Tpl/Home/Test/classes.html]
[ 2016-02-22T10:26:45+08:00 ] ERR: (ThinkException) 无法加载模块:Favicon
[ 2016-02-22T10:26:45+08:00 ] ERR: (ThinkException) 模板不存在[./Home/Tpl/Home/Test/classes.html]
[ 2016-02-22T10:26:45+08:00 ] ERR: (ThinkException) 无法加载模块:Favicon
[ 2016-02-22T10:26:46+08:00 ] ERR: (ThinkException) 模板不存在[./Home/Tpl/Home/Test/classes.html]
[ 2016-02-22T10:26:46+08:00 ] ERR: (ThinkException) 无法加载模块:Favicon
[ 2016-02-22T10:26:58+08:00 ] ERR: (ThinkException) 模板不存在[./Home/Tpl/Home/Test/classes.html]
[ 2016-02-22T10:26:58+08:00 ] ERR: (ThinkException) 无法加载模块:Favicon
[ 2016-02-22T10:26:58+08:00 ] ERR: (ThinkException) 模板不存在[./Home/Tpl/Home/Test/classes.html]
[ 2016-02-22T10:26:58+08:00 ] ERR: (ThinkException) 无法加载模块:Favicon
[ 2016-02-22T10:26:58+08:00 ] ERR: (ThinkException) 模板不存在[./Home/Tpl/Home/Test/classes.html]
[ 2016-02-22T10:26:59+08:00 ] ERR: (ThinkException) 无法加载模块:Favicon
[ 2016-02-22T10:27:40+08:00 ] 127.0.0.1 /site/index
INFO: [ route_check ] --START--
INFO: Run CheckRoute Behavior [ RunTime:0.000999s ]
INFO: [ route_check ] --END-- [ RunTime:0.000999s ]
NOTIC: [8192] preg_replace(): The /e modifier is deprecated, use preg_replace_callback instead D:\xampp\htdocs\gxlm\ThinkPHP\Lib\Core\Dispatcher.class.php 第 120 行.
NOTIC: [8192] preg_replace(): The /e modifier is deprecated, use preg_replace_callback instead D:\xampp\htdocs\gxlm\ThinkPHP\Common\common.php 第 92 行.
INFO: [ app_begin ] --START--
INFO: Run ReadHtmlCache Behavior [ RunTime:0.000999s ]
INFO: [ app_begin ] --END-- [ RunTime:0.000999s ]

[ 2016-02-22T10:27:40+08:00 ] ERR: (ThinkException) 无法加载模块:Favicon
